[100, 44]
[100, 90]
[101, 111]
[101, 33]
[101, 44]
[102, 52]
[106, 109]
[106, 3, 105]
[106, 3, 14]
[106, 71]
[106, 73]
[107, 8, 52]
[107, 89]
[108, 35]
[10, 9]
[109, 25]
[109, 32]
[11, 12]
[112, 3]
[11, 51, 13]
[12, 3, 105]
[12, 3, 99]
[12, 41]
[12, 64]
[12, 70]
[17, 14, 15]
[17, 14, 69]
[18, 104, 105, 25]
[18, 104, 105, 32]
[18, 104, 28]
[18, 13, 44]
[18, 13, 51, 103]
[18, 13, 51, 105]
[18, 13, 88]
[18, 13, 89]
[18, 13, 9]
[18, 15, 103]
[18, 15, 14]
[18, 15, 16]
[18, 16, 33]
[18, 16, 39, 105]
[18, 16, 44]
[18, 16, 89]
[18, 29, 1]
[18, 29, 22]
[18, 29, 32, 33]
[18, 29, 35]
[18, 29, 36]
[18, 29, 45]
[18, 29, 90]
[18, 3, 103, 1]
[18, 3, 103, 51]
[18, 3, 103, 67]
[18, 3, 105, 25]
[18, 3, 105, 26]
[18, 3, 105, 27]
[18, 3, 105, 32]
[18, 3, 105, 51]
[18, 3, 14, 1]
[18, 3, 14, 26]
[18, 3, 23]
[18, 3, 28, 55]
[18, 33, 32, 52]
[18, 33, 53]
[18, 33, 71]
[18, 3, 37, 14]
[18, 3, 37, 25]
[18, 3, 52, 1]
[18, 3, 52, 26]
[18, 3, 52, 27]
[18, 3, 52, 32]
[18, 3, 52, 35, 55]
[18, 3, 52, 51, 22]
[18, 3, 52, 51, 55]
[18, 3, 52, 67]
[18, 36, 105]
[18, 36, 52]
[18, 38, 104]
[18, 38, 14]
[18, 3, 84]
[18, 38, 73]
[18, 3, 9, 1]
[18, 3, 9, 25]
[18, 3, 9, 26]
[18, 3, 9, 27]
[18, 3, 94]
[18, 3, 99]
[18, 44, 22]
[18, 44, 32]
[18, 44, 37, 25]
[18, 44, 45]
[18, 44, 67]
[18, 44, 71]
[18, 44, 81, 27]
[18, 44, 81, 28]
[18, 44, 84]
[18, 44, 99]
[18, 45, 51, 103]
[18, 53, 28]
[18, 5, 33]
[18, 53, 51]
[18, 5, 44, 28]
[18, 66, 104]
[18, 66, 85]
[18, 66, 88]
[18, 68, 52]
[18, 68, 88]
[18, 71, 103]
[18, 71, 55]
[18, 73, 55]
[18, 73, 67]
[18, 73, 81]
[18, 78, 26]
[18, 8, 22, 52]
[18, 83]
[18, 8, 39, 16]
[18, 8, 39, 38]
[18, 8, 39, 52]
[18, 85, 105]
[18, 86]
[18, 87, 32]
[18, 88, 28]
[18, 88, 37, 25]
[18, 88, 84]
[18, 8, 88, 71]
[18, 89, 26]
[18, 90, 9]
[19, 15]
[19, 1, 52]
[19, 30]
[19, 35, 52, 55]
[19, 44, 13]
[19, 44, 22]
[19, 44, 45]
[19, 51, 13]
[19, 51, 45]
[19, 51, 52, 22]
[19, 51, 52, 55]
[19, 51, 54, 55]
[19, 61]
[20, 1]
[20, 21]
[20, 22]
[20, 23]
[20, 24]
[20, 25]
[20, 26]
[20, 27]
[20, 28]
[21, 109]
[21, 44]
[21, 80]
[21, 95]
[2, 3, 1]
[2, 3, 4]
[24, 3, 106]
[24, 3, 52]
[24, 44, 60]
[24, 48]
[24, 60, 52]
[24, 70]
[30, 29]
[30, 59]
[30, 75]
[30, 80]
[31, 29, 93]
[31, 52, 26]
[31, 80]
[31, 85]
[34, 105, 85]
[34, 108]
[34, 29]
[34, 77]
[40, 104]
[40, 39]
[40, 5, 44]
[40, 9]
[4, 11]
[41, 39]
[41, 57]
[41, 9]
[4, 19, 52]
[42, 3, 1]
[42, 3, 26]
[42, 3, 32]
[42, 3, 43]
[42, 39]
[42, 44, 32]
[43, 3, 52]
[43, 3, 9]
[4, 3, 42]
[4, 3, 52]
[43, 57]
[43, 80]
[4, 3, 9]
[43, 91]
[4, 44, 19]
[4, 44, 42]
[46, 3, 1]
[46, 3, 23]
[46, 3, 74]
[46, 45]
[46, 53]
[47, 1]
[47, 26, 105]
[48, 38]
[48, 49]
[48, 50, 25]
[4, 86]
[49, 105, 16]
[49, 105, 26]
[49, 105, 36]
[49, 105, 51]
[49, 22, 51]
[49, 44, 16]
[49, 44, 22]
[49, 77, 16]
[49, 89, 16]
[49, 89, 26]
[50, 60, 52]
[50, 69, 25]
[50, 69, 52]
[54, 103, 51]
[54, 74]
[54, 90]
[56, 37]
[56, 71]
[57, 27]
[57, 53]
[58, 38]
[58, 52]
[58, 76]
[59, 38]
[60, 26, 105]
[60, 26, 14]
[60, 26, 52]
[60, 26, 9]
[60, 38, 14]
[60, 38, 73]
[60, 66]
[60, 71, 44]
[60, 72, 14]
[61, 102]
[61, 72]
[61, 77]
[61, 9]
[62, 105]
[62, 9]
[63, 72]
[63, 9]
[64, 44, 28]
[64, 65]
[64, 66]
[6, 5]
[6, 90]
[69, 25, 76]
[69, 27, 52]
[69, 55, 28]
[69, 55, 52]
[69, 55, 76, 71]
[69, 74]
[69, 85]
[72, 36]
[72, 74]
[7, 33, 5]
[7, 33, 52]
[7, 33, 53]
[74, 104]
[74, 77]
[7, 56]
[76, 67]
[76, 77, 16]
[76, 77, 25]
[76, 78]
[76, 8, 16]
[76, 8, 71]
[77, 107, 81]
[77, 68]
[77, 81, 28]
[77, 93]
[7, 8, 52]
[79, 51, 55]
[79, 80]
[80, 110]
[80, 111]
[80, 16]
[80, 27]
[80, 28]
[80, 32]
[80, 82]
[80, 84]
[82, 105]
[82, 44, 81]
[82, 44, 99]
[82, 95]
[92, 1]
[93, 90, 29]
[93, 96]
[93, 97]
[95, 23]
[97, 107]
[97, 28]
[98, 3]
