[102, 38]
[106, 5, 105, 107]
[106, 5, 105, 108]
[106, 5, 109, 108]
[106, 5, 193, 189]
[11, 10, 9, 7]
[11, 12, 13, 14]
[11, 12, 9, 7]
[111, 5, 108, 109]
[111, 5, 329, 210]
[112, 116, 115, 38]
[112, 2, 115, 38]
[112, 2, 5, 51, 38]
[112, 2, 5, 51, 97, 113]
[113, 114, 139]
[113, 114, 5, 51, 47, 49]
[113, 114, 5, 51, 97, 2]
[113, 202, 244, 139]
[113, 202, 244, 97, 2]
[115, 2, 4, 118]
[115, 2, 4, 38]
[117, 97, 2, 114, 51, 5]
[118, 325, 326]
[1, 2, 3, 4, 5]
[127, 126, 47, 49]
[127, 126, 9, 7]
[127, 355]
[132, 5, 49, 133, 47]
[132, 5, 97, 2, 131]
[133, 134, 47, 49]
[133, 134, 9, 7]
[133, 5, 9, 7]
[137, 81, 138]
[142, 52, 51, 141]
[142, 52, 51, 410, 371]
[14, 25, 27, 31]
[142, 55, 138, 60]
[142, 55, 138, 78]
[142, 55, 297, 60]
[142, 55, 371, 410, 51]
[148, 214, 147, 215]
[148, 2, 38, 144]
[148, 2, 38, 195]
[148, 2, 38, 5, 275, 57, 51]
[148, 296, 144, 38]
[148, 2, 97, 144]
[148, 2, 97, 147]
[148, 2, 97, 195]
[148, 2, 97, 5, 275, 57, 58, 51]
[148, 352, 38, 144]
[148, 352, 38, 195]
[148, 352, 38, 351]
[15, 10, 30]
[15, 10, 9, 7]
[15, 110, 107, 105]
[15, 110, 108, 105]
[15, 110, 108, 109]
[15, 110, 108, 97, 2]
[15, 110, 329, 210]
[15, 119, 58, 82]
[15, 121, 2, 4]
[15, 122, 123, 124]
[15, 126, 125, 47, 49]
[15, 126, 125, 9, 7]
[15, 130, 2, 131, 4, 57, 51, 38]
[15, 130, 2, 131, 4, 57, 51, 58]
[15, 134, 135, 97, 2]
[15, 134, 58, 47, 49]
[15, 134, 58, 7, 9]
[15, 134, 58, 97, 2]
[15, 139, 114, 60, 138]
[15, 139, 114, 60, 58]
[15, 139, 202, 58]
[15, 141, 444, 56, 58]
[15, 143, 144, 145]
[15, 144, 145, 146]
[15, 144, 2, 97, 146]
[15, 144, 391]
[15, 144, 47, 49]
[15, 144, 7, 9]
[15, 146, 426, 427]
[15, 147, 150, 149, 151]
[15, 147, 150, 97, 2]
[15, 149, 151, 235, 245]
[15, 150, 201, 97, 2]
[15, 151, 387, 245, 235]
[15, 151, 387, 389, 191]
[15, 154, 153]
[15, 154, 210, 166, 38]
[15, 154, 4, 120, 349]
[15, 154, 4, 120, 58]
[15, 154, 4, 120, 86]
[15, 154, 4, 2, 51, 57, 38, 166]
[15, 154, 4, 2, 51, 57, 38, 349]
[15, 154, 4, 2, 51, 57, 97, 58]
[15, 154, 4, 2, 86, 38]
[15, 154, 4, 2, 86, 97]
[15, 154, 47, 49, 58, 120]
[15, 154, 47, 49, 58, 51]
[15, 155, 156, 157]
[15, 155, 158, 159]
[15, 159, 2, 38]
[15, 16, 17]
[15, 162, 56, 163]
[15, 16, 27, 25]
[15, 163, 56, 60]
[15, 166, 38, 109, 4]
[15, 166, 38, 401, 57, 2, 51]
[15, 174, 175, 179, 180]
[15, 175, 176, 179, 180]
[15, 176, 177, 179, 180]
[15, 177, 178, 179, 180]
[15, 17, 9, 7]
[15, 180, 331, 108]
[15, 186, 58, 187, 55]
[15, 187, 58, 191, 190, 55]
[15, 188, 58, 189]
[15, 191, 58, 190, 60, 55]
[15, 191, 58, 190, 82]
[15, 19, 20]
[15, 19, 25, 27]
[15, 192, 97, 193, 2, 58]
[15, 196, 58, 197]
[15, 201, 97, 202, 2, 58]
[15, 202, 2, 38, 246]
[15, 202, 2, 97, 203, 58]
[15, 202, 2, 97, 245, 246]
[15, 204, 58, 203]
[15, 20, 9, 7]
[15, 211, 312, 359]
[15, 211, 55]
[15, 22, 23]
[15, 22, 25, 27]
[15, 226, 293]
[15, 226, 86]
[15, 235, 245, 441, 442]
[15, 235, 245, 97, 2]
[15, 235, 273, 285]
[15, 235, 273, 38]
[15, 235, 38, 2]
[15, 239, 240]
[15, 23, 9, 7]
[15, 248, 247]
[15, 248, 49, 47]
[15, 25, 2, 144, 38]
[15, 25, 2, 56]
[15, 25, 27, 144]
[15, 25, 27, 28]
[15, 25, 27, 30]
[15, 25, 27, 31]
[15, 25, 27, 338]
[15, 25, 27, 36, 56]
[15, 25, 27, 447]
[15, 25, 27, 65, 72]
[15, 25, 27, 76, 77]
[15, 259, 312, 138]
[15, 259, 312, 330]
[15, 267, 250]
[15, 267, 58, 368]
[15, 267, 58, 97, 2, 4]
[15, 271, 9, 273, 7]
[15, 276, 49, 277, 47]
[15, 277, 56, 49, 47]
[15, 28, 43]
[15, 287, 302, 350]
[15, 287, 302, 97, 2]
[152, 97, 2, 150]
[15, 300, 251]
[15, 310, 309]
[15, 310, 9, 7]
[15, 31, 39]
[15, 318, 320, 319]
[15, 318, 51, 87]
[15, 319, 49, 47]
[15, 323, 324, 38]
[15, 323, 51, 38]
[15, 323, 51, 87]
[15, 331, 114, 356]
[15, 331, 114, 60]
[15, 331, 332, 60]
[15, 332, 60, 58, 190]
[15, 333, 334]
[15, 333, 58]
[15, 334, 335]
[15, 338, 339]
[15, 339, 9, 7]
[15, 346, 347]
[15, 349, 120, 9, 7]
[15, 349, 452, 453]
[15, 349, 51, 57, 9, 7]
[15, 360, 361, 362]
[15, 363, 364, 365]
[15, 363, 366, 367]
[15, 36, 41]
[15, 368, 82, 370]
[15, 368, 82, 58]
[15, 370, 2, 82]
[15, 370, 2, 97]
[15, 371, 12, 13, 372]
[15, 371, 12, 13, 378]
[15, 371, 12, 56]
[15, 37, 12, 2, 4, 38]
[15, 37, 12, 9, 7]
[15, 371, 409]
[15, 371, 51, 56, 55]
[15, 372, 373]
[15, 373, 9, 7]
[15, 378, 380]
[15, 379, 380]
[15, 379, 9, 7]
[15, 394, 38, 86]
[15, 39, 9, 7]
[15, 403, 114]
[15, 403, 120]
[15, 409, 49, 47]
[15, 409, 7, 9]
[15, 41, 9, 42, 7]
[15, 42, 12, 13, 94]
[15, 42, 12, 9, 7]
[15, 423, 424, 425, 426]
[15, 424, 425, 426, 427]
[15, 430, 432, 431]
[15, 431, 432, 433]
[15, 436, 438]
[15, 436, 56, 58, 437]
[15, 438, 49, 47]
[15, 439, 51, 38]
[15, 439, 51, 440]
[15, 43, 9, 7]
[15, 443, 444]
[15, 443, 49, 189, 47]
[15, 447, 448]
[15, 448, 449, 12]
[15, 449, 9, 12, 7]
[15, 48, 49, 47]
[15, 48, 50]
[15, 48, 7, 9]
[15, 50, 51, 52]
[15, 5, 105, 107]
[15, 5, 105, 58, 108]
[15, 5, 109, 4, 108]
[15, 5, 109, 4, 38]
[15, 5, 120, 131, 4, 58]
[15, 5, 123, 51, 125]
[15, 5, 123, 51, 56, 183]
[15, 5, 136, 135]
[15, 5, 136, 138]
[15, 5, 136, 58]
[15, 5, 153, 87]
[15, 5, 189, 58, 193]
[15, 5, 189, 58, 203]
[15, 5, 210, 38]
[15, 5, 2, 13, 12, 4, 86, 82, 87]
[15, 5, 2, 13, 12, 89]
[15, 5, 2, 140, 4]
[15, 5, 2, 356, 114]
[15, 5, 2, 356, 179, 38]
[15, 5, 2, 38, 401, 57, 51]
[15, 5, 2, 38, 4, 57, 51, 131]
[15, 5, 2, 38, 4, 86, 131]
[15, 5, 2, 38, 4, 86, 82, 12, 13]
[15, 5, 247, 252]
[15, 5, 250, 251, 252]
[15, 52, 51, 125, 123]
[15, 52, 51, 125, 49, 47]
[15, 52, 51, 125, 7, 9]
[15, 52, 51, 131, 58, 57]
[15, 52, 51, 131, 89]
[15, 52, 51, 56, 123]
[15, 52, 51, 56, 371]
[15, 52, 51, 56, 58, 141]
[15, 52, 51, 56, 58, 49, 47]
[15, 52, 51, 56, 58, 7, 9, 57]
[15, 52, 51, 59]
[15, 52, 51, 64, 47, 49]
[15, 52, 51, 64, 9, 7]
[15, 52, 51, 74, 9, 7]
[15, 52, 51, 89, 9, 7]
[15, 5, 2, 82, 190, 58]
[15, 5, 2, 82, 4, 58]
[15, 5, 283, 284]
[15, 5, 285, 286]
[15, 52, 92, 56, 47, 49]
[15, 52, 92, 56, 9, 7]
[15, 5, 2, 97, 103, 104]
[15, 5, 2, 97, 104, 55, 56]
[15, 5, 2, 97, 104, 55, 89]
[15, 5, 2, 97, 108, 58, 4]
[15, 5, 2, 97, 12, 4, 86, 87]
[15, 5, 2, 97, 12, 56]
[15, 5, 2, 97, 12, 89]
[15, 5, 2, 97, 135]
[15, 5, 2, 97, 138, 114]
[15, 5, 2, 97, 138, 312]
[15, 5, 2, 97, 138, 401]
[15, 5, 2, 97, 138, 55]
[15, 5, 2, 97, 193, 58]
[15, 5, 2, 97, 203, 58]
[15, 5, 2, 97, 251, 55]
[15, 5, 2, 97, 51, 114, 402]
[15, 5, 2, 97, 51, 114, 58]
[15, 5, 2, 97, 51, 190, 58, 55]
[15, 5, 2, 97, 51, 57, 400, 402]
[15, 5, 2, 97, 51, 57, 401]
[15, 5, 2, 97, 51, 57, 58, 131, 183]
[15, 5, 2, 97, 51, 57, 58, 131, 4]
[15, 5, 2, 97, 51, 57, 58, 56, 183]
[15, 5, 2, 97, 51, 57, 58, 56, 55]
[15, 5, 2, 97, 51, 87, 131, 4]
[15, 5, 2, 97, 51, 89, 131]
[15, 5, 2, 97, 51, 89, 55]
[15, 5, 2, 97, 86, 131, 4, 87]
[15, 5, 309, 131, 183]
[15, 5, 324, 325]
[15, 5, 324, 38]
[15, 5, 329, 210]
[15, 5, 348, 131, 120, 4, 86, 87]
[15, 5, 390, 290]
[15, 5, 391, 392]
[15, 54, 58, 134]
[15, 54, 58, 136]
[15, 54, 58, 332, 190]
[15, 54, 58, 55, 190]
[15, 54, 58, 55, 56]
[15, 5, 47, 49, 125, 51]
[15, 5, 47, 49, 58, 120]
[15, 5, 47, 49, 58, 189]
[15, 5, 47, 49, 58, 51, 114]
[15, 5, 47, 49, 58, 51, 56]
[15, 5, 47, 49, 58, 82]
[15, 5, 47, 49, 65]
[15, 5, 59, 51]
[15, 5, 59, 60]
[15, 5, 60, 114, 138]
[15, 5, 60, 114, 58]
[15, 5, 60, 12, 13]
[15, 5, 60, 12, 56]
[15, 5, 60, 55, 138]
[15, 5, 60, 55, 58, 190]
[15, 5, 60, 55, 58, 56]
[15, 5, 65, 12, 87, 86]
[15, 5, 7, 9, 125, 51]
[15, 5, 7, 9, 12, 56]
[15, 5, 7, 9, 12, 82]
[15, 5, 7, 9, 12, 89]
[15, 5, 7, 9, 250]
[15, 5, 7, 9, 290]
[15, 5, 7, 9, 58, 120]
[15, 5, 7, 9, 58, 51, 56, 57]
[15, 5, 7, 9, 58, 82]
[15, 5, 7, 9, 65, 12]
[15, 5, 79, 80]
[15, 5, 7, 9, 89, 51]
[15, 64, 65, 47, 49]
[15, 64, 65, 9, 7]
[15, 66, 128, 129]
[15, 66, 259, 103]
[15, 66, 259, 138, 414, 415]
[15, 66, 259, 138, 78]
[15, 66, 290, 259, 78]
[15, 66, 38, 439]
[15, 66, 47, 49, 173, 174]
[15, 66, 47, 49, 173, 56]
[15, 66, 47, 49, 175, 174]
[15, 66, 47, 49, 175, 176]
[15, 66, 47, 49, 176, 177]
[15, 66, 47, 49, 177, 178]
[15, 69, 72, 71]
[15, 72, 122]
[15, 72, 131, 4, 348]
[15, 72, 131, 4, 58]
[15, 72, 88]
[15, 73, 77]
[15, 73, 9, 74, 7]
[15, 78, 138, 55]
[15, 78, 13, 88, 12]
[15, 78, 7, 9, 290]
[15, 78, 7, 9, 65, 12]
[15, 78, 7, 9, 65, 92]
[15, 78, 7, 9, 88, 12]
[15, 81, 136, 138]
[15, 81, 82, 47, 49]
[15, 81, 82, 9, 7]
[15, 88, 12, 89, 13]
[15, 88, 12, 89, 9, 7]
[15, 8, 9, 37, 7]
[15, 90, 89, 12, 13]
[15, 90, 91]
[15, 91, 92]
[15, 92, 65, 49, 47]
[15, 94, 49, 47]
[160, 168]
[160, 254, 5]
[160, 55, 170]
[160, 55, 51, 58, 57, 161]
[160, 55, 51, 58, 57, 5]
[161, 167, 38, 166]
[161, 51, 57, 38, 166]
[164, 163, 60, 165]
[164, 165, 38]
[164, 263, 265, 250, 267]
[164, 263, 265, 264]
[164, 273, 275, 38]
[164, 273, 7, 9, 279]
[164, 288, 289, 273]
[164, 298, 267]
[164, 298, 299]
[164, 298, 303]
[164, 299, 9, 7]
[164, 5, 250, 9, 7]
[164, 5, 301, 304, 305]
[164, 5, 301, 9, 7]
[164, 5, 38, 275]
[164, 5, 60]
[165, 66, 38, 439]
[167, 162]
[170, 38, 171, 172]
[172, 56, 173]
[181, 178, 179, 180]
[18, 12, 35, 13]
[18, 12, 9, 7]
[18, 17, 9, 7]
[182, 352, 144, 391]
[182, 97, 2, 144]
[182, 97, 2, 147]
[182, 97, 2, 192]
[184, 123, 5, 183]
[184, 2, 131, 183, 5]
[184, 2, 131, 4, 38, 185]
[184, 2, 131, 4, 38, 5]
[185, 122, 72]
[185, 131, 4, 72]
[194, 97, 2, 195]
[198, 97, 2, 199]
[198, 97, 2, 200]
[205, 97, 2, 206]
[205, 97, 2, 207]
[208, 209, 210, 5]
[209, 5, 203, 189]
[209, 5, 434, 243]
[21, 12, 33, 13]
[21, 12, 9, 7]
[21, 20, 9, 7]
[212, 213, 55, 211]
[212, 213, 55, 353]
[214, 216, 217, 218]
[214, 220, 219, 221]
[214, 220, 221, 222]
[214, 220, 222, 223]
[214, 220, 224, 223]
[214, 220, 224, 225]
[214, 236, 217, 216]
[214, 236, 217, 225]
[215, 232, 233, 234]
[219, 226, 86, 231]
[227, 226, 228, 86]
[227, 232, 234, 235]
[228, 226, 229, 86]
[229, 226, 230, 86]
[230, 226, 231, 86]
[232, 233, 234, 235]
[233, 307, 56]
[233, 97, 2, 193]
[233, 97, 2, 235]
[233, 97, 2, 56]
[237, 97, 2, 238]
[237, 97, 2, 244]
[24, 12, 34, 13]
[241, 240]
[24, 12, 9, 7]
[241, 49, 242, 47]
[24, 23, 9, 7]
[243, 97, 2, 244]
[243, 97, 2, 435]
[243, 97, 2, 5]
[249, 248, 49, 47]
[249, 97, 2, 253]
[253, 5, 251, 254]
[253, 5, 251, 97, 2]
[255, 261, 9, 7]
[255, 52, 256, 257]
[255, 52, 9, 7]
[258, 66, 259, 260]
[258, 97, 393, 2]
[26, 12, 2, 4, 37, 38]
[26, 12, 2, 56]
[26, 12, 419, 420]
[26, 12, 421, 56, 60]
[261, 9, 250, 7]
[26, 25, 2, 38]
[26, 25, 2, 56]
[26, 25, 27, 28]
[26, 25, 27, 419]
[26, 25, 27, 56]
[262, 81, 9, 7]
[264, 2, 166, 4]
[264, 265, 266]
[264, 2, 97, 110]
[264, 2, 97, 4]
[266, 47, 56, 49, 277]
[268, 114, 403, 396]
[268, 114, 97, 2, 402, 5, 404]
[268, 114, 97, 2, 402, 5, 51]
[268, 269, 97, 2, 51, 5]
[269, 97, 2, 51, 270, 5]
[272, 271]
[274, 273, 275, 235, 38]
[275, 2, 235, 38]
[275, 2, 235, 97]
[278, 283]
[278, 47, 49, 276]
[278, 97, 2, 267, 4]
[278, 97, 2, 302]
[278, 97, 306, 4]
[279, 235, 285, 273]
[279, 235, 97, 2]
[279, 297, 9, 7]
[280, 273, 281, 235]
[281, 282]
[288, 97, 2, 287]
[29, 12, 44, 13]
[291, 293]
[291, 49, 292, 47]
[29, 25, 27, 30]
[298, 97, 2, 267, 4]
[299, 144, 25, 27]
[299, 144, 47, 49]
[299, 144, 7, 9]
[301, 5, 97, 2]
[307, 38, 308, 166]
[308, 7, 9, 310]
[311, 97, 2, 5, 312, 138]
[311, 97, 2, 5, 51, 190]
[313, 58, 314, 51]
[315, 5, 51, 47, 49, 125]
[315, 5, 51, 97, 2]
[316, 58, 114, 139, 317]
[321, 49, 47, 319]
[321, 49, 47, 322]
[32, 25, 27, 19]
[32, 40, 12, 13]
[327, 328, 97, 2, 12, 5]
[327, 56, 2, 25]
[327, 56, 27, 25, 36]
[327, 56, 2, 97, 12, 5]
[33, 25, 27, 22]
[336, 58, 333]
[337, 338, 25, 27]
[340, 341]
[34, 16, 25, 27]
[341, 97, 104, 344, 2, 5]
[343, 12, 56]
[344, 104, 97, 56, 2, 5]
[344, 12, 345, 13]
[344, 12, 345, 9, 7]
[344, 12, 450, 56, 9, 7]
[344, 12, 5, 13, 2]
[344, 12, 5, 56, 9, 7]
[344, 12, 5, 56, 97, 2]
[345, 339, 9, 7]
[35, 36, 25, 27]
[354, 355]
[357, 358]
[357, 359]
[369, 97, 2, 370]
[374, 375, 56]
[374, 7, 9, 373]
[374, 7, 9, 56]
[375, 377, 56]
[375, 51, 52, 376]
[375, 51, 52, 56]
[377, 7, 9, 379]
[377, 7, 9, 56]
[381, 384, 382, 383]
[381, 56, 123]
[382, 384, 385, 383]
[386, 387, 388, 389, 151]
[386, 416, 97, 2]
[395, 38, 396, 166]
[396, 72, 399]
[397, 97, 2, 5, 400]
[397, 97, 2, 5, 56, 398]
[398, 97, 2, 5, 131, 399]
[399, 131, 72]
[404, 97, 2, 5, 138, 114]
[404, 97, 2, 5, 138, 401]
[405, 56, 406]
[407, 12, 56]
[40, 7, 9, 12]
[40, 7, 9, 39]
[408, 409, 47, 49]
[408, 409, 9, 7]
[408, 56, 49, 47]
[408, 56, 55]
[408, 56, 7, 9]
[411, 97, 2, 412]
[412, 2, 25, 38]
[413, 114, 331, 356]
[416, 2, 38, 159]
[417, 60, 12, 13]
[417, 60, 190, 191]
[417, 82, 12, 13]
[417, 82, 190, 191]
[418, 419, 25, 27]
[418, 49, 421, 47]
[421, 56, 49, 47]
[422, 66, 259, 103]
[428, 97, 2, 429]
[428, 97, 2, 435]
[434, 47, 49, 438]
[434, 47, 49, 5]
[445, 12, 56, 371]
[446, 25, 27, 447]
[44, 7, 9, 12]
[44, 7, 9, 43]
[450, 7, 9, 449, 12]
[451, 103]
[45, 46]
[45, 56, 54, 55]
[46, 48, 47, 49]
[46, 48, 9, 7]
[53, 142, 342, 55]
[53, 142, 51, 52]
[53, 142, 51, 55]
[53, 50, 51, 52]
[61, 51, 52, 49, 47]
[61, 51, 52, 59]
[61, 51, 52, 7, 9]
[61, 62, 47, 49]
[61, 62, 9, 7]
[62, 279, 9, 7]
[62, 279, 97, 2]
[62, 300]
[62, 301, 9, 7]
[62, 301, 97, 2]
[63, 51, 52, 56]
[63, 51, 52, 64]
[67, 66, 56, 70]
[67, 66, 68]
[68, 69]
[6, 8, 9, 7]
[70, 169, 51, 52]
[70, 56, 7, 9, 168]
[70, 56, 7, 9, 51, 52]
[75, 51, 55]
[75, 51, 74, 52]
[75, 78, 55]
[83, 12, 56]
[83, 12, 84, 85]
[83, 93, 56, 52]
[84, 12, 13, 407]
[84, 12, 337, 343]
[84, 12, 445, 446]
[85, 340]
[85, 65, 12, 5, 86, 87]
[93, 56, 342, 55]
[93, 56, 343, 342]
[93, 56, 371, 445]
[93, 56, 371, 52]
[93, 56, 371, 55]
[93, 56, 407, 55]
[95, 49, 94, 47]
[95, 96, 97, 2]
[96, 97, 2, 98]
[98, 97, 2, 56, 99, 5]
[99, 100, 101, 38]
[99, 2, 38, 5]
[99, 294, 295]
