[1004, 1005, 1067, 1069, 1105]
[1005, 1067, 1069, 1070, 1105]
[10, 110, 117, 119, 124]
[10, 16, 24, 30, 34]
[10, 16, 24, 34, 108]
[10, 24, 110, 119, 124]
[10, 24, 34, 70, 108]
[105, 116, 128, 201, 206]
[105, 116, 128, 201, 274]
[105, 116, 128, 206, 439]
[105, 116, 128, 274, 439]
[105, 116, 198, 204, 205]
[105, 116, 204, 205, 210]
[105, 116, 204, 205, 274]
[105, 116, 204, 205, 390]
[105, 116, 204, 205, 446]
[105, 116, 204, 210, 214]
[105, 116, 204, 210, 274]
[105, 116, 204, 210, 446]
[105, 116, 204, 214, 274]
[105, 116, 204, 274, 390]
[105, 116, 204, 274, 446]
[105, 116, 204, 390, 446]
[105, 116, 205, 210, 274]
[105, 116, 205, 210, 446]
[105, 116, 205, 274, 390]
[105, 116, 205, 274, 446]
[105, 116, 205, 390, 446]
[105, 116, 206, 210, 214]
[105, 116, 206, 210, 439]
[105, 116, 206, 210, 446]
[105, 116, 210, 214, 274]
[105, 116, 210, 274, 439]
[105, 116, 210, 274, 446]
[105, 116, 274, 390, 446]
[105, 128, 196, 201, 274]
[105, 128, 196, 274, 439]
[105, 129, 200, 641, 643]
[105, 196, 201, 218, 274]
[105, 196, 204, 210, 214]
[105, 196, 204, 210, 274]
[105, 196, 204, 210, 361]
[105, 196, 204, 210, 446]
[105, 196, 204, 214, 274]
[105, 196, 204, 214, 361]
[105, 196, 204, 218, 274]
[105, 196, 204, 274, 390]
[105, 196, 204, 274, 446]
[105, 196, 204, 390, 446]
[105, 196, 210, 214, 274]
[105, 196, 210, 214, 361]
[105, 196, 210, 274, 439]
[105, 196, 210, 274, 446]
[105, 196, 218, 274, 439]
[105, 196, 274, 390, 446]
[105, 200, 333, 545, 641]
[105, 200, 641, 642, 643]
[105, 200, 641, 643, 645]
[105, 204, 205, 210, 274]
[105, 204, 205, 210, 446]
[105, 204, 205, 216, 390]
[105, 204, 205, 274, 390]
[105, 204, 205, 274, 446]
[105, 204, 205, 291, 446]
[105, 204, 205, 390, 446]
[105, 204, 210, 214, 274]
[105, 204, 210, 214, 361]
[105, 204, 210, 274, 446]
[105, 204, 274, 390, 446]
[105, 205, 210, 274, 446]
[105, 205, 274, 390, 446]
[105, 206, 210, 214, 361]
[105, 206, 210, 361, 400]
[105, 251, 331, 333, 420]
[105, 251, 333, 335, 420]
[106, 452, 588, 654, 656]
[106, 467, 588, 654, 660]
[110, 117, 119, 124, 569]
[1, 10, 16, 24, 30]
[1, 11, 18, 19, 27]
[1, 11, 18, 22, 27]
[1, 13, 14, 16, 24]
[116, 204, 205, 210, 274]
[116, 204, 205, 210, 446]
[116, 204, 205, 274, 390]
[116, 204, 205, 274, 446]
[116, 204, 205, 390, 446]
[116, 204, 210, 214, 274]
[116, 204, 210, 274, 446]
[116, 204, 274, 390, 446]
[116, 205, 210, 274, 446]
[116, 205, 274, 390, 446]
[1, 18, 21, 23, 25]
[1, 2, 10, 16, 24]
[1, 2, 11, 18, 19]
[1, 2, 11, 18, 22]
[1, 2, 11, 19, 20]
[1, 2, 11, 20, 22]
[1, 2, 13, 16, 24]
[1, 2, 13, 18, 22]
[12, 140, 142, 143, 146]
[12, 140, 142, 143, 147]
[12, 140, 142, 146, 147]
[12, 140, 142, 146, 148]
[12, 140, 142, 146, 150]
[12, 140, 142, 146, 152]
[12, 140, 142, 147, 150]
[12, 140, 142, 147, 152]
[12, 140, 142, 148, 152]
[12, 140, 142, 150, 152]
[12, 140, 143, 146, 147]
[12, 140, 145, 146, 150]
[12, 140, 145, 146, 152]
[12, 140, 145, 150, 152]
[12, 140, 146, 147, 150]
[12, 140, 146, 147, 152]
[12, 140, 146, 148, 152]
[12, 140, 146, 149, 150]
[12, 140, 146, 149, 152]
[12, 140, 146, 150, 152]
[12, 140, 147, 150, 152]
[12, 140, 149, 150, 152]
[12, 141, 142, 146, 152]
[12, 142, 143, 146, 147]
[12, 142, 146, 147, 150]
[12, 142, 146, 147, 152]
[12, 142, 146, 148, 152]
[12, 142, 146, 150, 152]
[12, 142, 147, 150, 152]
[12, 145, 146, 150, 152]
[12, 146, 147, 150, 152]
[12, 146, 149, 150, 152]
[1, 2, 3, 11, 18]
[1, 2, 3, 11, 19]
[1, 2, 3, 11, 20]
[1, 2, 3, 11, 22]
[1, 2, 3, 13, 16]
[1, 2, 3, 13, 18]
[1, 2, 3, 13, 22]
[1, 2, 3, 18, 19]
[1, 2, 3, 18, 22]
[1, 2, 3, 19, 20]
[1, 2, 3, 20, 22]
[1, 2, 3, 4, 11]
[1, 2, 3, 4, 22]
[1, 2, 3, 6, 13]
[1, 2, 3, 6, 16]
[1, 2, 3, 6, 18]
[1, 2, 3, 6, 22]
[1, 2, 3, 6, 7]
[1, 2, 3, 6, 8]
[1, 2, 3, 7, 13]
[1, 2, 3, 7, 16]
[1, 2, 3, 7, 19]
[1, 2, 3, 7, 22]
[1, 2, 3, 7, 9]
[1, 2, 3, 8, 22]
[1, 2, 3, 9, 13]
[1, 2, 3, 9, 16]
[1, 2, 3, 9, 22]
[1, 2, 4, 11, 22]
[1, 2, 6, 13, 16]
[1, 2, 6, 13, 18]
[1, 2, 6, 13, 22]
[1, 2, 6, 18, 22]
[1, 2, 6, 7, 13]
[1, 2, 6, 7, 16]
[1, 2, 6, 7, 22]
[1, 2, 6, 8, 22]
[1, 2, 7, 10, 16]
[1, 2, 7, 13, 16]
[1, 2, 7, 13, 22]
[127, 274, 446, 594, 695]
[1, 2, 7, 9, 10]
[1, 2, 7, 9, 13]
[1, 2, 7, 9, 16]
[1, 2, 7, 9, 22]
[12, 84, 140, 143, 146]
[12, 84, 140, 146, 150]
[12, 84, 140, 146, 152]
[12, 84, 140, 150, 152]
[12, 84, 141, 146, 152]
[12, 84, 146, 150, 152]
[1, 2, 9, 10, 16]
[1, 2, 9, 10, 24]
[1, 2, 9, 13, 16]
[1, 2, 9, 13, 22]
[1, 2, 9, 13, 24]
[1, 2, 9, 16, 24]
[1, 3, 11, 18, 19]
[1, 3, 11, 18, 22]
[1, 3, 11, 18, 27]
[1, 3, 11, 19, 20]
[1, 3, 11, 19, 27]
[1, 3, 11, 20, 22]
[1, 3, 11, 22, 27]
[1, 3, 13, 18, 22]
[1, 3, 18, 19, 27]
[1, 3, 18, 21, 23]
[1, 3, 18, 22, 27]
[1, 3, 4, 11, 22]
[134, 481, 663, 691, 706]
[134, 585, 663, 691, 706]
[1, 3, 6, 13, 16]
[1, 3, 6, 13, 18]
[1, 3, 6, 13, 22]
[1, 3, 6, 13, 28]
[1, 3, 6, 18, 22]
[1, 3, 6, 18, 27]
[1, 3, 6, 22, 27]
[1, 3, 6, 7, 13]
[1, 3, 6, 7, 16]
[1, 3, 6, 7, 22]
[1, 3, 6, 7, 28]
[1, 3, 6, 8, 22]
[1, 3, 6, 8, 28]
[1, 3, 7, 13, 16]
[1, 3, 7, 13, 22]
[1, 3, 7, 13, 28]
[1, 3, 7, 9, 13]
[1, 3, 7, 9, 16]
[1, 3, 7, 9, 22]
[1, 3, 9, 13, 16]
[1, 3, 9, 13, 22]
[140, 142, 143, 146, 147]
[140, 142, 143, 146, 332]
[140, 142, 143, 332, 504]
[140, 142, 146, 147, 150]
[140, 142, 146, 147, 152]
[140, 142, 146, 147, 354]
[140, 142, 146, 148, 152]
[140, 142, 146, 150, 152]
[140, 142, 146, 150, 354]
[140, 142, 147, 150, 152]
[140, 142, 147, 150, 354]
[140, 143, 299, 332, 396]
[140, 143, 299, 332, 504]
[140, 143, 299, 396, 504]
[140, 143, 332, 396, 504]
[140, 145, 146, 150, 152]
[140, 145, 146, 150, 354]
[140, 145, 146, 150, 573]
[140, 145, 146, 152, 573]
[140, 145, 146, 354, 573]
[140, 145, 150, 152, 573]
[140, 145, 150, 354, 573]
[140, 145, 152, 267, 573]
[140, 146, 147, 150, 152]
[140, 146, 147, 150, 354]
[140, 146, 147, 150, 573]
[140, 146, 147, 152, 573]
[140, 146, 147, 354, 573]
[140, 146, 148, 152, 573]
[140, 146, 149, 150, 152]
[140, 146, 149, 150, 573]
[140, 146, 149, 152, 573]
[140, 146, 149, 505, 573]
[140, 146, 150, 152, 573]
[140, 146, 150, 354, 573]
[140, 146, 354, 505, 573]
[140, 147, 150, 152, 573]
[140, 147, 150, 354, 573]
[140, 149, 150, 152, 573]
[140, 149, 152, 267, 573]
[140, 152, 267, 300, 573]
[140, 299, 332, 396, 504]
[14, 16, 24, 33, 34]
[142, 146, 147, 150, 152]
[142, 146, 147, 150, 354]
[143, 299, 332, 396, 504]
[143, 299, 332, 504, 730]
[143, 299, 725, 726, 729]
[143, 332, 381, 504, 730]
[145, 146, 150, 152, 573]
[145, 146, 150, 354, 573]
[145, 146, 152, 185, 371]
[145, 146, 152, 185, 573]
[145, 146, 185, 354, 371]
[145, 146, 185, 354, 573]
[145, 152, 185, 267, 573]
[146, 147, 150, 152, 573]
[146, 147, 150, 354, 573]
[146, 149, 150, 152, 573]
[146, 149, 152, 185, 371]
[146, 149, 152, 185, 573]
[149, 152, 185, 267, 573]
[152, 185, 267, 300, 573]
[153, 356, 590, 591, 744]
[153, 744, 745, 746, 748]
[15, 76, 183, 185, 190]
[16, 105, 196, 201, 218]
[16, 105, 196, 204, 210]
[16, 105, 196, 204, 214]
[16, 105, 196, 204, 218]
[16, 105, 196, 210, 214]
[16, 105, 198, 204, 205]
[16, 105, 204, 205, 210]
[16, 105, 204, 205, 216]
[16, 105, 204, 205, 217]
[16, 105, 204, 210, 214]
[16, 105, 204, 216, 218]
[16, 105, 206, 210, 214]
[1, 6, 13, 18, 22]
[1, 6, 18, 22, 27]
[16, 193, 212, 215, 219]
[16, 193, 212, 215, 222]
[16, 193, 212, 219, 222]
[16, 193, 215, 219, 222]
[16, 194, 196, 204, 210]
[16, 196, 204, 210, 214]
[16, 198, 204, 205, 207]
[16, 198, 205, 207, 212]
[16, 198, 205, 212, 215]
[16, 198, 205, 212, 219]
[16, 198, 205, 212, 222]
[16, 198, 205, 215, 219]
[16, 198, 205, 215, 222]
[16, 198, 205, 219, 222]
[16, 198, 206, 215, 222]
[16, 198, 212, 215, 219]
[16, 198, 212, 215, 222]
[16, 198, 212, 219, 222]
[16, 198, 215, 219, 222]
[16, 199, 215, 216, 218]
[16, 199, 215, 216, 221]
[16, 204, 205, 207, 216]
[16, 205, 207, 212, 216]
[16, 205, 208, 212, 219]
[16, 205, 211, 212, 215]
[16, 205, 211, 212, 219]
[16, 205, 211, 215, 219]
[16, 205, 212, 215, 216]
[16, 205, 212, 215, 219]
[16, 205, 212, 215, 222]
[16, 205, 212, 216, 219]
[16, 205, 212, 219, 222]
[16, 205, 215, 216, 219]
[16, 205, 215, 219, 222]
[16, 211, 212, 215, 219]
[16, 212, 215, 216, 219]
[16, 212, 215, 219, 222]
[162, 176, 196, 197, 327]
[162, 176, 198, 327, 584]
[162, 198, 327, 401, 584]
[16, 30, 196, 201, 218]
[16, 56, 105, 196, 201]
[16, 56, 105, 196, 210]
[16, 56, 105, 196, 214]
[16, 56, 105, 201, 202]
[16, 56, 105, 202, 214]
[16, 56, 105, 210, 214]
[16, 56, 194, 196, 210]
[16, 56, 196, 207, 212]
[16, 56, 196, 210, 214]
[16, 56, 207, 212, 213]
[1, 6, 7, 13, 16]
[1, 6, 7, 13, 22]
[1, 6, 7, 13, 28]
[176, 196, 197, 220, 390]
[176, 196, 197, 327, 390]
[1, 7, 9, 10, 16]
[1, 7, 9, 13, 16]
[1, 7, 9, 13, 22]
[18, 21, 23, 25, 39]
[18, 23, 25, 39, 227]
[188, 455, 588, 654, 660]
[188, 467, 588, 654, 660]
[188, 467, 588, 654, 769]
[188, 467, 588, 654, 770]
[188, 467, 588, 660, 769]
[188, 467, 588, 769, 770]
[188, 467, 654, 660, 769]
[188, 467, 654, 769, 770]
[188, 562, 588, 654, 660]
[188, 562, 588, 654, 769]
[188, 562, 588, 660, 769]
[188, 562, 654, 660, 769]
[188, 588, 654, 660, 769]
[188, 588, 654, 660, 772]
[188, 588, 654, 769, 770]
[1, 9, 10, 16, 24]
[1, 9, 10, 16, 30]
[1, 9, 10, 24, 30]
[1, 9, 13, 16, 24]
[19, 137, 230, 233, 239]
[1, 9, 16, 24, 30]
[193, 212, 215, 219, 222]
[193, 212, 215, 219, 401]
[193, 215, 219, 222, 592]
[193, 215, 222, 592, 594]
[193, 215, 518, 592, 594]
[193, 518, 594, 599, 601]
[194, 196, 204, 210, 361]
[196, 197, 289, 327, 780]
[196, 204, 210, 214, 274]
[196, 204, 210, 214, 361]
[196, 204, 210, 274, 446]
[196, 204, 274, 390, 446]
[198, 205, 207, 212, 698]
[198, 205, 212, 215, 219]
[198, 205, 212, 215, 222]
[198, 205, 212, 215, 401]
[198, 205, 212, 215, 698]
[198, 205, 212, 219, 222]
[198, 205, 212, 219, 401]
[198, 205, 212, 219, 698]
[198, 205, 212, 401, 698]
[198, 205, 215, 219, 222]
[198, 205, 215, 219, 401]
[198, 205, 215, 219, 698]
[198, 205, 215, 222, 594]
[198, 205, 215, 401, 698]
[198, 205, 219, 401, 698]
[198, 212, 215, 219, 222]
[198, 212, 215, 219, 401]
[198, 212, 215, 219, 698]
[198, 212, 215, 401, 698]
[198, 212, 219, 401, 698]
[198, 212, 401, 441, 698]
[198, 215, 219, 401, 698]
[199, 215, 216, 218, 780]
[199, 215, 216, 221, 289]
[199, 215, 216, 221, 780]
[199, 215, 216, 221, 786]
[199, 215, 216, 289, 780]
[199, 215, 216, 289, 786]
[199, 215, 216, 780, 786]
[199, 215, 221, 289, 780]
[199, 215, 221, 289, 786]
[199, 215, 221, 363, 786]
[199, 215, 221, 780, 786]
[199, 215, 289, 780, 786]
[199, 216, 221, 289, 780]
[199, 216, 221, 289, 786]
[199, 216, 221, 780, 786]
[199, 216, 289, 780, 786]
[199, 221, 289, 780, 786]
[204, 205, 207, 216, 390]
[204, 205, 210, 274, 446]
[204, 205, 274, 390, 446]
[204, 205, 274, 446, 594]
[20, 50, 81, 228, 241]
[205, 208, 212, 219, 792]
[205, 211, 212, 215, 219]
[205, 211, 212, 215, 401]
[205, 211, 212, 215, 698]
[205, 211, 212, 219, 401]
[205, 211, 212, 219, 698]
[205, 211, 212, 219, 792]
[205, 211, 212, 401, 698]
[205, 211, 215, 219, 289]
[205, 211, 215, 219, 401]
[205, 211, 215, 219, 698]
[205, 211, 215, 289, 401]
[205, 211, 215, 401, 698]
[205, 211, 219, 289, 401]
[205, 211, 219, 401, 698]
[205, 212, 215, 216, 219]
[205, 212, 215, 219, 222]
[205, 212, 215, 219, 401]
[205, 212, 215, 219, 698]
[205, 212, 215, 401, 698]
[205, 212, 219, 401, 698]
[205, 215, 216, 219, 289]
[205, 215, 219, 289, 401]
[205, 215, 219, 401, 698]
[2, 10, 16, 24, 34]
[21, 105, 206, 210, 214]
[211, 212, 215, 219, 401]
[211, 212, 215, 219, 698]
[211, 212, 215, 401, 698]
[211, 212, 219, 401, 698]
[211, 215, 219, 289, 401]
[211, 215, 219, 401, 698]
[212, 215, 219, 401, 698]
[21, 23, 39, 46, 246]
[21, 39, 245, 246, 250]
[21, 39, 41, 245, 246]
[21, 39, 41, 245, 250]
[21, 39, 41, 246, 250]
[21, 39, 41, 46, 246]
[21, 39, 41, 50, 245]
[21, 41, 245, 246, 250]
[215, 216, 221, 289, 780]
[215, 216, 221, 289, 786]
[215, 216, 221, 780, 786]
[215, 216, 289, 780, 786]
[215, 221, 289, 780, 786]
[216, 221, 289, 780, 786]
[216, 221, 599, 780, 786]
[2, 16, 24, 33, 34]
[2, 3, 11, 18, 19]
[2, 3, 11, 18, 22]
[2, 3, 11, 19, 20]
[2, 3, 11, 20, 22]
[2, 3, 13, 18, 22]
[23, 39, 42, 45, 50]
[2, 3, 4, 11, 22]
[2, 3, 6, 13, 16]
[2, 3, 6, 13, 18]
[2, 3, 6, 13, 22]
[2, 3, 6, 16, 34]
[2, 3, 6, 18, 22]
[2, 3, 6, 7, 13]
[2, 3, 6, 7, 16]
[2, 3, 6, 7, 22]
[2, 3, 6, 8, 22]
[2, 3, 7, 13, 16]
[2, 3, 7, 13, 22]
[2, 3, 7, 9, 13]
[2, 3, 7, 9, 16]
[2, 3, 7, 9, 22]
[2, 3, 9, 13, 16]
[2, 3, 9, 13, 22]
[248, 443, 775, 809, 834]
[248, 512, 775, 809, 833]
[248, 512, 775, 809, 834]
[248, 512, 775, 833, 834]
[248, 512, 809, 833, 834]
[248, 555, 775, 833, 834]
[248, 775, 809, 833, 834]
[2, 6, 13, 18, 22]
[2, 6, 7, 13, 16]
[2, 6, 7, 13, 22]
[268, 316, 354, 368, 415]
[278, 554, 564, 824, 868]
[278, 554, 564, 868, 869]
[2, 7, 9, 10, 16]
[2, 7, 9, 13, 16]
[2, 7, 9, 13, 22]
[290, 355, 495, 668, 694]
[2, 9, 10, 16, 24]
[2, 9, 13, 16, 24]
[299, 332, 386, 504, 730]
[299, 332, 389, 396, 434]
[299, 332, 393, 504, 730]
[299, 332, 396, 434, 504]
[299, 389, 396, 410, 434]
[299, 389, 396, 410, 542]
[299, 389, 396, 434, 542]
[299, 389, 396, 434, 552]
[299, 389, 396, 434, 571]
[299, 389, 396, 434, 756]
[299, 389, 396, 542, 552]
[299, 389, 396, 542, 756]
[299, 389, 396, 552, 571]
[299, 389, 396, 552, 756]
[299, 389, 396, 571, 756]
[299, 389, 410, 434, 542]
[299, 389, 410, 434, 726]
[299, 389, 410, 434, 788]
[299, 389, 410, 542, 726]
[299, 389, 410, 726, 788]
[299, 389, 434, 542, 552]
[299, 389, 434, 542, 726]
[299, 389, 434, 542, 729]
[299, 389, 434, 542, 756]
[299, 389, 434, 542, 886]
[299, 389, 434, 542, 888]
[299, 389, 434, 552, 571]
[299, 389, 434, 552, 726]
[299, 389, 434, 552, 729]
[299, 389, 434, 552, 756]
[299, 389, 434, 552, 788]
[299, 389, 434, 552, 884]
[299, 389, 434, 552, 885]
[299, 389, 434, 552, 886]
[299, 389, 434, 552, 887]
[299, 389, 434, 552, 888]
[299, 389, 434, 571, 726]
[299, 389, 434, 571, 756]
[299, 389, 434, 571, 788]
[299, 389, 434, 571, 885]
[299, 389, 434, 571, 886]
[299, 389, 434, 571, 887]
[299, 389, 434, 571, 888]
[299, 389, 434, 726, 729]
[299, 389, 434, 726, 756]
[299, 389, 434, 726, 788]
[299, 389, 434, 726, 885]
[299, 389, 434, 726, 886]
[299, 389, 434, 726, 887]
[299, 389, 434, 726, 888]
[299, 389, 434, 756, 788]
[299, 389, 434, 756, 885]
[299, 389, 434, 756, 886]
[299, 389, 434, 756, 887]
[299, 389, 434, 756, 888]
[299, 389, 434, 788, 885]
[299, 389, 434, 788, 886]
[299, 389, 434, 788, 887]
[299, 389, 434, 788, 888]
[299, 389, 434, 885, 886]
[299, 389, 434, 885, 887]
[299, 389, 434, 885, 888]
[299, 389, 434, 886, 887]
[299, 389, 434, 886, 888]
[299, 389, 434, 887, 888]
[299, 389, 542, 552, 726]
[299, 389, 542, 552, 729]
[299, 389, 542, 552, 756]
[299, 389, 542, 552, 886]
[299, 389, 542, 552, 888]
[299, 389, 542, 726, 729]
[299, 389, 542, 726, 756]
[299, 389, 542, 726, 886]
[299, 389, 542, 726, 888]
[299, 389, 542, 756, 886]
[299, 389, 542, 756, 888]
[299, 389, 542, 886, 888]
[299, 389, 552, 571, 726]
[299, 389, 552, 571, 756]
[299, 389, 552, 571, 788]
[299, 389, 552, 571, 885]
[299, 389, 552, 571, 886]
[299, 389, 552, 571, 887]
[299, 389, 552, 571, 888]
[299, 389, 552, 726, 729]
[299, 389, 552, 726, 756]
[299, 389, 552, 726, 788]
[299, 389, 552, 726, 885]
[299, 389, 552, 726, 886]
[299, 389, 552, 726, 887]
[299, 389, 552, 726, 888]
[299, 389, 552, 756, 788]
[299, 389, 552, 756, 885]
[299, 389, 552, 756, 886]
[299, 389, 552, 756, 887]
[299, 389, 552, 756, 888]
[299, 389, 552, 788, 885]
[299, 389, 552, 788, 886]
[299, 389, 552, 788, 887]
[299, 389, 552, 788, 888]
[299, 389, 552, 885, 886]
[299, 389, 552, 885, 887]
[299, 389, 552, 885, 888]
[299, 389, 552, 886, 887]
[299, 389, 552, 886, 888]
[299, 389, 552, 887, 888]
[299, 389, 571, 726, 756]
[299, 389, 571, 726, 788]
[299, 389, 571, 726, 885]
[299, 389, 571, 726, 886]
[299, 389, 571, 726, 887]
[299, 389, 571, 726, 888]
[299, 389, 571, 756, 788]
[299, 389, 571, 756, 885]
[299, 389, 571, 756, 886]
[299, 389, 571, 756, 887]
[299, 389, 571, 756, 888]
[299, 389, 571, 788, 885]
[299, 389, 571, 788, 886]
[299, 389, 571, 788, 887]
[299, 389, 571, 788, 888]
[299, 389, 571, 885, 886]
[299, 389, 571, 885, 887]
[299, 389, 571, 885, 888]
[299, 389, 571, 886, 887]
[299, 389, 571, 886, 888]
[299, 389, 571, 887, 888]
[299, 389, 726, 756, 788]
[299, 389, 726, 756, 885]
[299, 389, 726, 756, 886]
[299, 389, 726, 756, 887]
[299, 389, 726, 756, 888]
[299, 389, 726, 788, 885]
[299, 389, 726, 788, 886]
[299, 389, 726, 788, 887]
[299, 389, 726, 788, 888]
[299, 389, 726, 885, 886]
[299, 389, 726, 885, 887]
[299, 389, 726, 885, 888]
[299, 389, 726, 886, 887]
[299, 389, 726, 886, 888]
[299, 389, 726, 887, 888]
[299, 389, 756, 788, 885]
[299, 389, 756, 788, 886]
[299, 389, 756, 788, 887]
[299, 389, 756, 788, 888]
[299, 389, 756, 885, 886]
[299, 389, 756, 885, 887]
[299, 389, 756, 885, 888]
[299, 389, 756, 886, 887]
[299, 389, 756, 886, 888]
[299, 389, 756, 887, 888]
[299, 389, 788, 885, 886]
[299, 389, 788, 885, 887]
[299, 389, 788, 885, 888]
[299, 389, 788, 886, 887]
[299, 389, 788, 886, 888]
[299, 389, 788, 887, 888]
[299, 389, 885, 886, 887]
[299, 389, 885, 886, 888]
[299, 389, 885, 887, 888]
[299, 389, 886, 887, 888]
[299, 396, 410, 434, 542]
[299, 396, 434, 504, 552]
[299, 396, 434, 542, 552]
[299, 396, 434, 542, 756]
[299, 396, 434, 552, 571]
[299, 396, 434, 552, 756]
[299, 396, 434, 571, 756]
[299, 396, 542, 552, 756]
[299, 396, 552, 571, 756]
[299, 409, 410, 434, 726]
[299, 409, 434, 726, 729]
[299, 410, 434, 542, 726]
[299, 410, 434, 726, 788]
[299, 434, 504, 552, 726]
[299, 434, 542, 552, 726]
[299, 434, 542, 552, 729]
[299, 434, 542, 552, 756]
[299, 434, 542, 552, 886]
[299, 434, 542, 552, 888]
[299, 434, 542, 726, 729]
[299, 434, 542, 726, 756]
[299, 434, 542, 726, 886]
[299, 434, 542, 726, 888]
[299, 434, 542, 756, 886]
[299, 434, 542, 756, 888]
[299, 434, 542, 886, 888]
[299, 434, 552, 571, 726]
[299, 434, 552, 571, 756]
[299, 434, 552, 571, 788]
[299, 434, 552, 571, 885]
[299, 434, 552, 571, 886]
[299, 434, 552, 571, 887]
[299, 434, 552, 571, 888]
[299, 434, 552, 726, 729]
[299, 434, 552, 726, 756]
[299, 434, 552, 726, 788]
[299, 434, 552, 726, 885]
[299, 434, 552, 726, 886]
[299, 434, 552, 726, 887]
[299, 434, 552, 726, 888]
[299, 434, 552, 756, 788]
[299, 434, 552, 756, 885]
[299, 434, 552, 756, 886]
[299, 434, 552, 756, 887]
[299, 434, 552, 756, 888]
[299, 434, 552, 788, 885]
[299, 434, 552, 788, 886]
[299, 434, 552, 788, 887]
[299, 434, 552, 788, 888]
[299, 434, 552, 885, 886]
[299, 434, 552, 885, 887]
[299, 434, 552, 885, 888]
[299, 434, 552, 886, 887]
[299, 434, 552, 886, 888]
[299, 434, 552, 887, 888]
[299, 434, 571, 726, 756]
[299, 434, 571, 726, 788]
[299, 434, 571, 726, 885]
[299, 434, 571, 726, 886]
[299, 434, 571, 726, 887]
[299, 434, 571, 726, 888]
[299, 434, 571, 756, 788]
[299, 434, 571, 756, 885]
[299, 434, 571, 756, 886]
[299, 434, 571, 756, 887]
[299, 434, 571, 756, 888]
[299, 434, 571, 788, 885]
[299, 434, 571, 788, 886]
[299, 434, 571, 788, 887]
[299, 434, 571, 788, 888]
[299, 434, 571, 885, 886]
[299, 434, 571, 885, 887]
[299, 434, 571, 885, 888]
[299, 434, 571, 886, 887]
[299, 434, 571, 886, 888]
[299, 434, 571, 887, 888]
[299, 434, 726, 756, 788]
[299, 434, 726, 756, 885]
[299, 434, 726, 756, 886]
[299, 434, 726, 756, 887]
[299, 434, 726, 756, 888]
[299, 434, 726, 788, 885]
[299, 434, 726, 788, 886]
[299, 434, 726, 788, 887]
[299, 434, 726, 788, 888]
[299, 434, 726, 885, 886]
[299, 434, 726, 885, 887]
[299, 434, 726, 885, 888]
[299, 434, 726, 886, 887]
[299, 434, 726, 886, 888]
[299, 434, 726, 887, 888]
[299, 434, 756, 788, 885]
[299, 434, 756, 788, 886]
[299, 434, 756, 788, 887]
[299, 434, 756, 788, 888]
[299, 434, 756, 885, 886]
[299, 434, 756, 885, 887]
[299, 434, 756, 885, 888]
[299, 434, 756, 886, 887]
[299, 434, 756, 886, 888]
[299, 434, 756, 887, 888]
[299, 434, 788, 885, 886]
[299, 434, 788, 885, 887]
[299, 434, 788, 885, 888]
[299, 434, 788, 886, 887]
[299, 434, 788, 886, 888]
[299, 434, 788, 887, 888]
[299, 434, 885, 886, 887]
[299, 434, 885, 886, 888]
[299, 434, 885, 887, 888]
[299, 434, 886, 887, 888]
[299, 542, 552, 725, 726]
[299, 542, 552, 725, 729]
[299, 542, 552, 726, 729]
[299, 542, 552, 726, 756]
[299, 542, 552, 726, 886]
[299, 542, 552, 726, 888]
[299, 542, 552, 756, 886]
[299, 542, 552, 756, 888]
[299, 542, 552, 886, 888]
[299, 542, 725, 726, 729]
[299, 542, 726, 756, 886]
[299, 542, 726, 756, 888]
[299, 542, 726, 886, 888]
[299, 542, 756, 886, 888]
[299, 552, 571, 726, 756]
[299, 552, 571, 726, 788]
[299, 552, 571, 726, 885]
[299, 552, 571, 726, 886]
[299, 552, 571, 726, 887]
[299, 552, 571, 726, 888]
[299, 552, 571, 756, 788]
[299, 552, 571, 756, 885]
[299, 552, 571, 756, 886]
[299, 552, 571, 756, 887]
[299, 552, 571, 756, 888]
[299, 552, 571, 788, 885]
[299, 552, 571, 788, 886]
[299, 552, 571, 788, 887]
[299, 552, 571, 788, 888]
[299, 552, 571, 885, 886]
[299, 552, 571, 885, 887]
[299, 552, 571, 885, 888]
[299, 552, 571, 886, 887]
[299, 552, 571, 886, 888]
[299, 552, 571, 887, 888]
[299, 552, 590, 730, 756]
[299, 552, 725, 726, 729]
[299, 552, 726, 756, 788]
[299, 552, 726, 756, 885]
[299, 552, 726, 756, 886]
[299, 552, 726, 756, 887]
[299, 552, 726, 756, 888]
[299, 552, 726, 788, 885]
[299, 552, 726, 788, 886]
[299, 552, 726, 788, 887]
[299, 552, 726, 788, 888]
[299, 552, 726, 885, 886]
[299, 552, 726, 885, 887]
[299, 552, 726, 885, 888]
[299, 552, 726, 886, 887]
[299, 552, 726, 886, 888]
[299, 552, 726, 887, 888]
[299, 552, 756, 788, 885]
[299, 552, 756, 788, 886]
[299, 552, 756, 788, 887]
[299, 552, 756, 788, 888]
[299, 552, 756, 885, 886]
[299, 552, 756, 885, 887]
[299, 552, 756, 885, 888]
[299, 552, 756, 886, 887]
[299, 552, 756, 886, 888]
[299, 552, 756, 887, 888]
[299, 552, 788, 885, 886]
[299, 552, 788, 885, 887]
[299, 552, 788, 885, 888]
[299, 552, 788, 886, 887]
[299, 552, 788, 886, 888]
[299, 552, 788, 887, 888]
[299, 552, 885, 886, 887]
[299, 552, 885, 886, 888]
[299, 552, 885, 887, 888]
[299, 552, 886, 887, 888]
[299, 571, 726, 756, 788]
[299, 571, 726, 756, 885]
[299, 571, 726, 756, 886]
[299, 571, 726, 756, 887]
[299, 571, 726, 756, 888]
[299, 571, 726, 788, 885]
[299, 571, 726, 788, 886]
[299, 571, 726, 788, 887]
[299, 571, 726, 788, 888]
[299, 571, 726, 885, 886]
[299, 571, 726, 885, 887]
[299, 571, 726, 885, 888]
[299, 571, 726, 886, 887]
[299, 571, 726, 886, 888]
[299, 571, 726, 887, 888]
[299, 571, 756, 788, 885]
[299, 571, 756, 788, 886]
[299, 571, 756, 788, 887]
[299, 571, 756, 788, 888]
[299, 571, 756, 885, 886]
[299, 571, 756, 885, 887]
[299, 571, 756, 885, 888]
[299, 571, 756, 886, 887]
[299, 571, 756, 886, 888]
[299, 571, 756, 887, 888]
[299, 571, 788, 885, 886]
[299, 571, 788, 885, 887]
[299, 571, 788, 885, 888]
[299, 571, 788, 886, 887]
[299, 571, 788, 886, 888]
[299, 571, 788, 887, 888]
[299, 571, 885, 886, 887]
[299, 571, 885, 886, 888]
[299, 571, 885, 887, 888]
[299, 571, 886, 887, 888]
[299, 726, 756, 788, 885]
[299, 726, 756, 788, 886]
[299, 726, 756, 788, 887]
[299, 726, 756, 788, 888]
[299, 726, 756, 885, 886]
[299, 726, 756, 885, 887]
[299, 726, 756, 885, 888]
[299, 726, 756, 886, 887]
[299, 726, 756, 886, 888]
[299, 726, 756, 887, 888]
[299, 726, 788, 885, 886]
[299, 726, 788, 885, 887]
[299, 726, 788, 885, 888]
[299, 726, 788, 886, 887]
[299, 726, 788, 886, 888]
[299, 726, 788, 887, 888]
[299, 726, 885, 886, 887]
[299, 726, 885, 886, 888]
[299, 726, 885, 887, 888]
[299, 726, 886, 887, 888]
[299, 756, 788, 885, 886]
[299, 756, 788, 885, 887]
[299, 756, 788, 885, 888]
[299, 756, 788, 886, 887]
[299, 756, 788, 886, 888]
[299, 756, 788, 887, 888]
[299, 756, 885, 886, 887]
[299, 756, 885, 886, 888]
[299, 756, 885, 887, 888]
[299, 756, 886, 887, 888]
[299, 788, 885, 886, 887]
[299, 788, 885, 886, 888]
[299, 788, 885, 887, 888]
[299, 788, 886, 887, 888]
[299, 885, 886, 887, 888]
[303, 341, 380, 382, 385]
[303, 341, 382, 384, 385]
[303, 341, 382, 385, 890]
[303, 341, 384, 385, 393]
[303, 341, 384, 385, 896]
[303, 341, 384, 393, 892]
[303, 341, 384, 891, 896]
[303, 341, 889, 891, 896]
[303, 380, 381, 382, 385]
[303, 380, 381, 382, 387]
[303, 380, 381, 385, 387]
[303, 380, 382, 385, 387]
[303, 381, 382, 383, 384]
[303, 381, 382, 383, 386]
[303, 381, 382, 383, 387]
[303, 381, 382, 384, 385]
[303, 381, 382, 384, 386]
[303, 381, 382, 384, 387]
[303, 381, 382, 385, 386]
[303, 381, 382, 385, 387]
[303, 381, 382, 385, 890]
[303, 381, 382, 386, 387]
[303, 381, 383, 384, 386]
[303, 381, 383, 384, 387]
[303, 381, 383, 386, 387]
[303, 381, 384, 385, 386]
[303, 381, 384, 385, 387]
[303, 381, 384, 385, 393]
[303, 381, 384, 386, 387]
[303, 381, 384, 393, 892]
[303, 381, 385, 386, 387]
[303, 382, 383, 384, 386]
[303, 382, 383, 384, 387]
[303, 382, 383, 386, 387]
[303, 382, 384, 385, 386]
[303, 382, 384, 385, 387]
[303, 382, 384, 386, 387]
[303, 382, 385, 386, 387]
[303, 383, 384, 386, 387]
[303, 384, 385, 386, 387]
[30, 49, 317, 321, 322]
[30, 49, 321, 322, 325]
[3, 11, 18, 19, 27]
[3, 11, 18, 22, 27]
[314, 527, 558, 902, 912]
[31, 54, 329, 331, 333]
[3, 18, 21, 23, 39]
[3, 21, 23, 39, 46]
[3, 21, 23, 39, 50]
[3, 21, 39, 41, 46]
[3, 21, 39, 41, 50]
[3, 23, 39, 42, 45]
[3, 23, 39, 42, 50]
[3, 23, 39, 43, 46]
[3, 23, 39, 45, 50]
[3, 23, 42, 45, 50]
[329, 331, 333, 384, 543]
[329, 331, 333, 420, 543]
[329, 333, 335, 420, 543]
[332, 381, 383, 386, 504]
[332, 381, 386, 504, 730]
[332, 381, 393, 504, 730]
[332, 389, 396, 434, 724]
[332, 393, 504, 895, 920]
[332, 396, 434, 504, 724]
[3, 39, 42, 45, 50]
[3, 40, 49, 55, 56]
[341, 357, 889, 891, 896]
[352, 455, 588, 654, 660]
[352, 467, 588, 654, 660]
[352, 467, 588, 654, 769]
[352, 467, 588, 660, 769]
[352, 467, 654, 660, 769]
[352, 562, 588, 654, 660]
[352, 562, 588, 654, 769]
[352, 562, 588, 660, 769]
[352, 562, 654, 660, 769]
[352, 588, 654, 656, 769]
[352, 588, 654, 660, 769]
[352, 588, 656, 769, 953]
[356, 590, 591, 724, 744]
[356, 590, 591, 724, 945]
[356, 590, 591, 744, 945]
[356, 590, 724, 744, 945]
[356, 591, 724, 744, 945]
[3, 6, 13, 18, 22]
[3, 6, 18, 22, 27]
[3, 6, 7, 13, 16]
[3, 6, 7, 13, 22]
[3, 6, 7, 13, 28]
[3, 7, 9, 13, 16]
[3, 7, 9, 13, 22]
[380, 381, 382, 385, 387]
[380, 381, 382, 385, 784]
[381, 382, 383, 384, 386]
[381, 382, 383, 384, 387]
[381, 382, 383, 386, 387]
[381, 382, 384, 385, 386]
[381, 382, 384, 385, 387]
[381, 382, 384, 385, 784]
[381, 382, 384, 386, 387]
[381, 382, 385, 386, 387]
[381, 382, 385, 784, 890]
[381, 383, 384, 386, 387]
[381, 384, 385, 386, 387]
[382, 383, 384, 386, 387]
[382, 384, 385, 386, 387]
[389, 396, 410, 434, 542]
[389, 396, 434, 542, 552]
[389, 396, 434, 542, 756]
[389, 396, 434, 552, 571]
[389, 396, 434, 552, 756]
[389, 396, 434, 571, 756]
[389, 396, 542, 552, 756]
[389, 396, 552, 571, 756]
[389, 410, 434, 542, 726]
[389, 410, 434, 726, 788]
[389, 434, 542, 552, 726]
[389, 434, 542, 552, 729]
[389, 434, 542, 552, 756]
[389, 434, 542, 552, 886]
[389, 434, 542, 552, 888]
[389, 434, 542, 726, 729]
[389, 434, 542, 726, 756]
[389, 434, 542, 726, 886]
[389, 434, 542, 726, 888]
[389, 434, 542, 756, 886]
[389, 434, 542, 756, 888]
[389, 434, 542, 886, 888]
[389, 434, 552, 571, 726]
[389, 434, 552, 571, 756]
[389, 434, 552, 571, 788]
[389, 434, 552, 571, 885]
[389, 434, 552, 571, 886]
[389, 434, 552, 571, 887]
[389, 434, 552, 571, 888]
[389, 434, 552, 726, 729]
[389, 434, 552, 726, 756]
[389, 434, 552, 726, 788]
[389, 434, 552, 726, 885]
[389, 434, 552, 726, 886]
[389, 434, 552, 726, 887]
[389, 434, 552, 726, 888]
[389, 434, 552, 756, 788]
[389, 434, 552, 756, 885]
[389, 434, 552, 756, 886]
[389, 434, 552, 756, 887]
[389, 434, 552, 756, 888]
[389, 434, 552, 788, 885]
[389, 434, 552, 788, 886]
[389, 434, 552, 788, 887]
[389, 434, 552, 788, 888]
[389, 434, 552, 885, 886]
[389, 434, 552, 885, 887]
[389, 434, 552, 885, 888]
[389, 434, 552, 886, 887]
[389, 434, 552, 886, 888]
[389, 434, 552, 887, 888]
[389, 434, 571, 726, 756]
[389, 434, 571, 726, 788]
[389, 434, 571, 726, 885]
[389, 434, 571, 726, 886]
[389, 434, 571, 726, 887]
[389, 434, 571, 726, 888]
[389, 434, 571, 756, 788]
[389, 434, 571, 756, 885]
[389, 434, 571, 756, 886]
[389, 434, 571, 756, 887]
[389, 434, 571, 756, 888]
[389, 434, 571, 788, 885]
[389, 434, 571, 788, 886]
[389, 434, 571, 788, 887]
[389, 434, 571, 788, 888]
[389, 434, 571, 885, 886]
[389, 434, 571, 885, 887]
[389, 434, 571, 885, 888]
[389, 434, 571, 886, 887]
[389, 434, 571, 886, 888]
[389, 434, 571, 887, 888]
[389, 434, 726, 756, 788]
[389, 434, 726, 756, 885]
[389, 434, 726, 756, 886]
[389, 434, 726, 756, 887]
[389, 434, 726, 756, 888]
[389, 434, 726, 788, 885]
[389, 434, 726, 788, 886]
[389, 434, 726, 788, 887]
[389, 434, 726, 788, 888]
[389, 434, 726, 885, 886]
[389, 434, 726, 885, 887]
[389, 434, 726, 885, 888]
[389, 434, 726, 886, 887]
[389, 434, 726, 886, 888]
[389, 434, 726, 887, 888]
[389, 434, 756, 788, 885]
[389, 434, 756, 788, 886]
[389, 434, 756, 788, 887]
[389, 434, 756, 788, 888]
[389, 434, 756, 885, 886]
[389, 434, 756, 885, 887]
[389, 434, 756, 885, 888]
[389, 434, 756, 886, 887]
[389, 434, 756, 886, 888]
[389, 434, 756, 887, 888]
[389, 434, 788, 885, 886]
[389, 434, 788, 885, 887]
[389, 434, 788, 885, 888]
[389, 434, 788, 886, 887]
[389, 434, 788, 886, 888]
[389, 434, 788, 887, 888]
[389, 434, 885, 886, 887]
[389, 434, 885, 886, 888]
[389, 434, 885, 887, 888]
[389, 434, 886, 887, 888]
[389, 542, 552, 726, 729]
[389, 542, 552, 726, 756]
[389, 542, 552, 726, 886]
[389, 542, 552, 726, 888]
[389, 542, 552, 756, 886]
[389, 542, 552, 756, 888]
[389, 542, 552, 886, 888]
[389, 542, 726, 756, 886]
[389, 542, 726, 756, 888]
[389, 542, 726, 886, 888]
[389, 542, 756, 886, 888]
[389, 552, 571, 726, 756]
[389, 552, 571, 726, 788]
[389, 552, 571, 726, 885]
[389, 552, 571, 726, 886]
[389, 552, 571, 726, 887]
[389, 552, 571, 726, 888]
[389, 552, 571, 756, 788]
[389, 552, 571, 756, 885]
[389, 552, 571, 756, 886]
[389, 552, 571, 756, 887]
[389, 552, 571, 756, 888]
[389, 552, 571, 788, 885]
[389, 552, 571, 788, 886]
[389, 552, 571, 788, 887]
[389, 552, 571, 788, 888]
[389, 552, 571, 885, 886]
[389, 552, 571, 885, 887]
[389, 552, 571, 885, 888]
[389, 552, 571, 886, 887]
[389, 552, 571, 886, 888]
[389, 552, 571, 887, 888]
[389, 552, 726, 756, 788]
[389, 552, 726, 756, 885]
[389, 552, 726, 756, 886]
[389, 552, 726, 756, 887]
[389, 552, 726, 756, 888]
[389, 552, 726, 788, 885]
[389, 552, 726, 788, 886]
[389, 552, 726, 788, 887]
[389, 552, 726, 788, 888]
[389, 552, 726, 885, 886]
[389, 552, 726, 885, 887]
[389, 552, 726, 885, 888]
[389, 552, 726, 886, 887]
[389, 552, 726, 886, 888]
[389, 552, 726, 887, 888]
[389, 552, 756, 788, 885]
[389, 552, 756, 788, 886]
[389, 552, 756, 788, 887]
[389, 552, 756, 788, 888]
[389, 552, 756, 885, 886]
[389, 552, 756, 885, 887]
[389, 552, 756, 885, 888]
[389, 552, 756, 886, 887]
[389, 552, 756, 886, 888]
[389, 552, 756, 887, 888]
[389, 552, 788, 885, 886]
[389, 552, 788, 885, 887]
[389, 552, 788, 885, 888]
[389, 552, 788, 886, 887]
[389, 552, 788, 886, 888]
[389, 552, 788, 887, 888]
[389, 552, 885, 886, 887]
[389, 552, 885, 886, 888]
[389, 552, 885, 887, 888]
[389, 552, 886, 887, 888]
[389, 571, 726, 756, 788]
[389, 571, 726, 756, 885]
[389, 571, 726, 756, 886]
[389, 571, 726, 756, 887]
[389, 571, 726, 756, 888]
[389, 571, 726, 788, 885]
[389, 571, 726, 788, 886]
[389, 571, 726, 788, 887]
[389, 571, 726, 788, 888]
[389, 571, 726, 885, 886]
[389, 571, 726, 885, 887]
[389, 571, 726, 885, 888]
[389, 571, 726, 886, 887]
[389, 571, 726, 886, 888]
[389, 571, 726, 887, 888]
[389, 571, 756, 788, 885]
[389, 571, 756, 788, 886]
[389, 571, 756, 788, 887]
[389, 571, 756, 788, 888]
[389, 571, 756, 885, 886]
[389, 571, 756, 885, 887]
[389, 571, 756, 885, 888]
[389, 571, 756, 886, 887]
[389, 571, 756, 886, 888]
[389, 571, 756, 887, 888]
[389, 571, 788, 885, 886]
[389, 571, 788, 885, 887]
[389, 571, 788, 885, 888]
[389, 571, 788, 886, 887]
[389, 571, 788, 886, 888]
[389, 571, 788, 887, 888]
[389, 571, 885, 886, 887]
[389, 571, 885, 886, 888]
[389, 571, 885, 887, 888]
[389, 571, 886, 887, 888]
[389, 726, 756, 788, 885]
[389, 726, 756, 788, 886]
[389, 726, 756, 788, 887]
[389, 726, 756, 788, 888]
[389, 726, 756, 885, 886]
[389, 726, 756, 885, 887]
[389, 726, 756, 885, 888]
[389, 726, 756, 886, 887]
[389, 726, 756, 886, 888]
[389, 726, 756, 887, 888]
[389, 726, 788, 885, 886]
[389, 726, 788, 885, 887]
[389, 726, 788, 885, 888]
[389, 726, 788, 886, 887]
[389, 726, 788, 886, 888]
[389, 726, 788, 887, 888]
[389, 726, 885, 886, 887]
[389, 726, 885, 886, 888]
[389, 726, 885, 887, 888]
[389, 726, 886, 887, 888]
[389, 756, 788, 885, 886]
[389, 756, 788, 885, 887]
[389, 756, 788, 885, 888]
[389, 756, 788, 886, 887]
[389, 756, 788, 886, 888]
[389, 756, 788, 887, 888]
[389, 756, 885, 886, 887]
[389, 756, 885, 886, 888]
[389, 756, 885, 887, 888]
[389, 756, 886, 887, 888]
[389, 788, 885, 886, 887]
[389, 788, 885, 886, 888]
[389, 788, 885, 887, 888]
[389, 788, 886, 887, 888]
[389, 885, 886, 887, 888]
[393, 504, 895, 920, 981]
[393, 894, 895, 920, 981]
[393, 894, 895, 920, 983]
[393, 894, 895, 976, 981]
[393, 894, 895, 976, 983]
[393, 894, 895, 981, 983]
[393, 894, 920, 981, 983]
[393, 894, 976, 981, 983]
[393, 895, 920, 981, 983]
[393, 895, 976, 981, 983]
[39, 41, 245, 246, 250]
[39, 41, 50, 245, 354]
[39, 42, 50, 245, 354]
[396, 434, 542, 552, 756]
[396, 434, 552, 571, 756]
[40, 49, 55, 56, 105]
[419, 460, 486, 513, 848]
[419, 460, 513, 564, 848]
[419, 513, 564, 808, 848]
[42, 271, 355, 356, 392]
[42, 303, 380, 381, 382]
[42, 303, 380, 381, 385]
[42, 303, 380, 381, 387]
[42, 303, 380, 382, 385]
[42, 303, 380, 382, 387]
[42, 303, 380, 385, 387]
[42, 303, 381, 382, 383]
[42, 303, 381, 382, 384]
[42, 303, 381, 382, 385]
[42, 303, 381, 382, 386]
[42, 303, 381, 382, 387]
[42, 303, 381, 383, 384]
[42, 303, 381, 383, 386]
[42, 303, 381, 383, 387]
[42, 303, 381, 384, 385]
[42, 303, 381, 384, 386]
[42, 303, 381, 384, 387]
[42, 303, 381, 384, 393]
[42, 303, 381, 385, 386]
[42, 303, 381, 385, 387]
[42, 303, 381, 385, 393]
[42, 303, 381, 386, 387]
[42, 303, 382, 383, 384]
[42, 303, 382, 383, 386]
[42, 303, 382, 383, 387]
[42, 303, 382, 384, 385]
[42, 303, 382, 384, 386]
[42, 303, 382, 384, 387]
[42, 303, 382, 385, 386]
[42, 303, 382, 385, 387]
[42, 303, 382, 386, 387]
[42, 303, 383, 384, 386]
[42, 303, 383, 384, 387]
[42, 303, 383, 386, 387]
[42, 303, 384, 385, 386]
[42, 303, 384, 385, 387]
[42, 303, 384, 385, 393]
[42, 303, 384, 386, 387]
[42, 303, 385, 386, 387]
[42, 332, 381, 383, 386]
[42, 380, 381, 382, 385]
[42, 380, 381, 382, 387]
[42, 380, 381, 385, 387]
[42, 380, 382, 385, 387]
[42, 381, 382, 383, 384]
[42, 381, 382, 383, 386]
[42, 381, 382, 383, 387]
[42, 381, 382, 384, 385]
[42, 381, 382, 384, 386]
[42, 381, 382, 384, 387]
[42, 381, 382, 385, 386]
[42, 381, 382, 385, 387]
[42, 381, 382, 386, 387]
[42, 381, 383, 384, 386]
[42, 381, 383, 384, 387]
[42, 381, 383, 386, 387]
[42, 381, 384, 385, 386]
[42, 381, 384, 385, 387]
[42, 381, 384, 385, 393]
[42, 381, 384, 386, 387]
[42, 381, 385, 386, 387]
[42, 382, 383, 384, 386]
[42, 382, 383, 384, 387]
[42, 382, 383, 386, 387]
[42, 382, 384, 385, 386]
[42, 382, 384, 385, 387]
[42, 382, 384, 386, 387]
[42, 382, 385, 386, 387]
[42, 383, 384, 386, 387]
[42, 384, 385, 386, 387]
[42, 44, 332, 383, 386]
[434, 542, 552, 726, 729]
[434, 542, 552, 726, 756]
[434, 542, 552, 726, 886]
[434, 542, 552, 726, 888]
[434, 542, 552, 756, 886]
[434, 542, 552, 756, 888]
[434, 542, 552, 886, 888]
[434, 542, 726, 756, 886]
[434, 542, 726, 756, 888]
[434, 542, 726, 886, 888]
[434, 542, 756, 886, 888]
[434, 552, 571, 726, 756]
[434, 552, 571, 726, 788]
[434, 552, 571, 726, 885]
[434, 552, 571, 726, 886]
[434, 552, 571, 726, 887]
[434, 552, 571, 726, 888]
[434, 552, 571, 756, 788]
[434, 552, 571, 756, 885]
[434, 552, 571, 756, 886]
[434, 552, 571, 756, 887]
[434, 552, 571, 756, 888]
[434, 552, 571, 788, 885]
[434, 552, 571, 788, 886]
[434, 552, 571, 788, 887]
[434, 552, 571, 788, 888]
[434, 552, 571, 885, 886]
[434, 552, 571, 885, 887]
[434, 552, 571, 885, 888]
[434, 552, 571, 886, 887]
[434, 552, 571, 886, 888]
[434, 552, 571, 887, 888]
[434, 552, 726, 756, 788]
[434, 552, 726, 756, 885]
[434, 552, 726, 756, 886]
[434, 552, 726, 756, 887]
[434, 552, 726, 756, 888]
[434, 552, 726, 788, 885]
[434, 552, 726, 788, 886]
[434, 552, 726, 788, 887]
[434, 552, 726, 788, 888]
[434, 552, 726, 885, 886]
[434, 552, 726, 885, 887]
[434, 552, 726, 885, 888]
[434, 552, 726, 886, 887]
[434, 552, 726, 886, 888]
[434, 552, 726, 887, 888]
[434, 552, 756, 788, 885]
[434, 552, 756, 788, 886]
[434, 552, 756, 788, 887]
[434, 552, 756, 788, 888]
[434, 552, 756, 885, 886]
[434, 552, 756, 885, 887]
[434, 552, 756, 885, 888]
[434, 552, 756, 886, 887]
[434, 552, 756, 886, 888]
[434, 552, 756, 887, 888]
[434, 552, 788, 885, 886]
[434, 552, 788, 885, 887]
[434, 552, 788, 885, 888]
[434, 552, 788, 886, 887]
[434, 552, 788, 886, 888]
[434, 552, 788, 887, 888]
[434, 552, 885, 886, 887]
[434, 552, 885, 886, 888]
[434, 552, 885, 887, 888]
[434, 552, 886, 887, 888]
[434, 571, 726, 756, 788]
[434, 571, 726, 756, 885]
[434, 571, 726, 756, 886]
[434, 571, 726, 756, 887]
[434, 571, 726, 756, 888]
[434, 571, 726, 788, 885]
[434, 571, 726, 788, 886]
[434, 571, 726, 788, 887]
[434, 571, 726, 788, 888]
[434, 571, 726, 885, 886]
[434, 571, 726, 885, 887]
[434, 571, 726, 885, 888]
[434, 571, 726, 886, 887]
[434, 571, 726, 886, 888]
[434, 571, 726, 887, 888]
[434, 571, 756, 788, 885]
[434, 571, 756, 788, 886]
[434, 571, 756, 788, 887]
[434, 571, 756, 788, 888]
[434, 571, 756, 885, 886]
[434, 571, 756, 885, 887]
[434, 571, 756, 885, 888]
[434, 571, 756, 886, 887]
[434, 571, 756, 886, 888]
[434, 571, 756, 887, 888]
[434, 571, 788, 885, 886]
[434, 571, 788, 885, 887]
[434, 571, 788, 885, 888]
[434, 571, 788, 886, 887]
[434, 571, 788, 886, 888]
[434, 571, 788, 887, 888]
[434, 571, 885, 886, 887]
[434, 571, 885, 886, 888]
[434, 571, 885, 887, 888]
[434, 571, 886, 887, 888]
[434, 726, 756, 788, 885]
[434, 726, 756, 788, 886]
[434, 726, 756, 788, 887]
[434, 726, 756, 788, 888]
[434, 726, 756, 885, 886]
[434, 726, 756, 885, 887]
[434, 726, 756, 885, 888]
[434, 726, 756, 886, 887]
[434, 726, 756, 886, 888]
[434, 726, 756, 887, 888]
[434, 726, 788, 885, 886]
[434, 726, 788, 885, 887]
[434, 726, 788, 885, 888]
[434, 726, 788, 886, 887]
[434, 726, 788, 886, 888]
[434, 726, 788, 887, 888]
[434, 726, 885, 886, 887]
[434, 726, 885, 886, 888]
[434, 726, 885, 887, 888]
[434, 726, 886, 887, 888]
[434, 756, 788, 885, 886]
[434, 756, 788, 885, 887]
[434, 756, 788, 885, 888]
[434, 756, 788, 886, 887]
[434, 756, 788, 886, 888]
[434, 756, 788, 887, 888]
[434, 756, 885, 886, 887]
[434, 756, 885, 886, 888]
[434, 756, 885, 887, 888]
[434, 756, 886, 887, 888]
[434, 788, 885, 886, 887]
[434, 788, 885, 886, 888]
[434, 788, 885, 887, 888]
[434, 788, 886, 887, 888]
[434, 885, 886, 887, 888]
[4, 46, 57, 58, 59]
[4, 46, 57, 58, 62]
[4, 46, 57, 58, 64]
[4, 46, 57, 58, 66]
[4, 46, 57, 58, 69]
[4, 46, 57, 58, 72]
[4, 46, 57, 59, 62]
[4, 46, 57, 59, 64]
[4, 46, 57, 59, 66]
[4, 46, 57, 59, 69]
[4, 46, 57, 59, 72]
[4, 46, 57, 62, 64]
[4, 46, 57, 62, 66]
[4, 46, 57, 62, 72]
[4, 46, 57, 64, 69]
[4, 46, 57, 64, 72]
[4, 46, 57, 66, 69]
[4, 46, 57, 66, 72]
[4, 46, 57, 69, 72]
[4, 46, 58, 59, 62]
[4, 46, 58, 59, 64]
[4, 46, 58, 59, 66]
[4, 46, 58, 59, 69]
[4, 46, 58, 59, 72]
[4, 46, 58, 62, 64]
[4, 46, 58, 62, 66]
[4, 46, 58, 62, 72]
[4, 46, 58, 64, 69]
[4, 46, 58, 64, 72]
[4, 46, 58, 66, 69]
[4, 46, 58, 66, 72]
[4, 46, 58, 69, 72]
[4, 46, 59, 62, 64]
[4, 46, 59, 62, 66]
[4, 46, 59, 62, 71]
[4, 46, 59, 62, 72]
[4, 46, 59, 64, 69]
[4, 46, 59, 64, 72]
[4, 46, 59, 66, 69]
[4, 46, 59, 66, 71]
[4, 46, 59, 66, 72]
[4, 46, 59, 69, 72]
[4, 46, 62, 64, 72]
[4, 46, 62, 66, 71]
[4, 46, 62, 66, 72]
[4, 46, 64, 68, 69]
[4, 46, 64, 69, 72]
[4, 46, 66, 69, 72]
[4, 57, 58, 59, 62]
[4, 57, 58, 59, 64]
[4, 57, 58, 59, 66]
[4, 57, 58, 59, 69]
[4, 57, 58, 59, 72]
[4, 57, 58, 62, 64]
[4, 57, 58, 62, 66]
[4, 57, 58, 62, 72]
[4, 57, 58, 64, 69]
[4, 57, 58, 64, 72]
[4, 57, 58, 66, 69]
[4, 57, 58, 66, 72]
[4, 57, 58, 69, 72]
[4, 57, 59, 62, 64]
[4, 57, 59, 62, 66]
[4, 57, 59, 62, 72]
[4, 57, 59, 64, 69]
[4, 57, 59, 64, 72]
[4, 57, 59, 66, 69]
[4, 57, 59, 66, 72]
[4, 57, 59, 69, 72]
[4, 57, 62, 64, 72]
[4, 57, 62, 66, 72]
[4, 57, 64, 69, 72]
[4, 57, 66, 69, 72]
[4, 58, 59, 62, 64]
[4, 58, 59, 62, 66]
[4, 58, 59, 62, 72]
[4, 58, 59, 64, 69]
[4, 58, 59, 64, 72]
[4, 58, 59, 66, 69]
[4, 58, 59, 66, 72]
[4, 58, 59, 69, 72]
[4, 58, 62, 64, 72]
[4, 58, 62, 66, 72]
[4, 58, 64, 69, 72]
[4, 58, 66, 69, 72]
[4, 59, 62, 64, 72]
[4, 59, 62, 66, 71]
[4, 59, 62, 66, 72]
[4, 59, 64, 69, 72]
[4, 59, 66, 69, 72]
[460, 471, 513, 757, 848]
[460, 486, 513, 757, 848]
[46, 57, 58, 282, 426]
[46, 57, 58, 59, 282]
[46, 57, 58, 59, 426]
[46, 57, 58, 59, 62]
[46, 57, 58, 59, 64]
[46, 57, 58, 59, 66]
[46, 57, 58, 59, 69]
[46, 57, 58, 59, 72]
[46, 57, 58, 62, 373]
[46, 57, 58, 62, 64]
[46, 57, 58, 62, 66]
[46, 57, 58, 62, 72]
[46, 57, 58, 64, 282]
[46, 57, 58, 64, 69]
[46, 57, 58, 64, 72]
[46, 57, 58, 66, 282]
[46, 57, 58, 66, 426]
[46, 57, 58, 66, 69]
[46, 57, 58, 66, 72]
[46, 57, 58, 69, 426]
[46, 57, 58, 69, 72]
[46, 57, 58, 72, 282]
[46, 57, 58, 72, 373]
[46, 57, 58, 72, 426]
[46, 57, 59, 282, 426]
[46, 57, 59, 62, 64]
[46, 57, 59, 62, 66]
[46, 57, 59, 62, 72]
[46, 57, 59, 64, 282]
[46, 57, 59, 64, 69]
[46, 57, 59, 64, 72]
[46, 57, 59, 66, 282]
[46, 57, 59, 66, 426]
[46, 57, 59, 66, 69]
[46, 57, 59, 66, 72]
[46, 57, 59, 69, 426]
[46, 57, 59, 69, 72]
[46, 57, 59, 72, 282]
[46, 57, 59, 72, 426]
[46, 57, 62, 64, 72]
[46, 57, 62, 66, 72]
[46, 57, 62, 72, 373]
[46, 57, 64, 69, 72]
[46, 57, 64, 72, 282]
[46, 57, 66, 282, 426]
[46, 57, 66, 69, 426]
[46, 57, 66, 69, 72]
[46, 57, 66, 72, 282]
[46, 57, 66, 72, 426]
[46, 57, 69, 72, 426]
[46, 57, 72, 282, 426]
[46, 58, 59, 282, 426]
[46, 58, 59, 62, 64]
[46, 58, 59, 62, 66]
[46, 58, 59, 62, 72]
[46, 58, 59, 64, 282]
[46, 58, 59, 64, 69]
[46, 58, 59, 64, 72]
[46, 58, 59, 66, 282]
[46, 58, 59, 66, 426]
[46, 58, 59, 66, 69]
[46, 58, 59, 66, 72]
[46, 58, 59, 69, 426]
[46, 58, 59, 69, 72]
[46, 58, 59, 72, 282]
[46, 58, 59, 72, 426]
[46, 58, 62, 64, 72]
[46, 58, 62, 66, 72]
[46, 58, 62, 72, 373]
[46, 58, 64, 69, 72]
[46, 58, 64, 72, 282]
[46, 58, 66, 282, 426]
[46, 58, 66, 69, 426]
[46, 58, 66, 69, 72]
[46, 58, 66, 72, 282]
[46, 58, 66, 72, 426]
[46, 58, 69, 72, 426]
[46, 58, 72, 282, 426]
[46, 59, 62, 64, 72]
[46, 59, 62, 66, 71]
[46, 59, 62, 66, 72]
[46, 59, 64, 69, 72]
[46, 59, 64, 72, 282]
[46, 59, 66, 282, 426]
[46, 59, 66, 69, 426]
[46, 59, 66, 69, 72]
[46, 59, 66, 72, 282]
[46, 59, 66, 72, 426]
[46, 59, 69, 72, 426]
[46, 59, 72, 282, 426]
[46, 66, 69, 72, 426]
[46, 66, 72, 282, 426]
[467, 588, 654, 660, 769]
[467, 588, 654, 769, 770]
[471, 513, 757, 808, 848]
[471, 513, 808, 848, 1034]
[483, 491, 497, 607, 1041]
[49, 105, 116, 128, 201]
[49, 105, 116, 128, 206]
[49, 105, 116, 128, 274]
[49, 105, 116, 128, 439]
[49, 105, 116, 201, 206]
[49, 105, 116, 201, 274]
[49, 105, 116, 206, 213]
[49, 105, 116, 206, 439]
[49, 105, 116, 274, 390]
[49, 105, 116, 274, 439]
[49, 105, 128, 201, 206]
[49, 105, 128, 201, 274]
[49, 105, 128, 206, 439]
[49, 105, 128, 274, 439]
[49, 105, 201, 206, 361]
[49, 105, 274, 437, 439]
[49, 116, 128, 201, 206]
[49, 116, 128, 201, 274]
[49, 116, 128, 206, 439]
[49, 116, 128, 274, 439]
[49, 55, 105, 128, 201]
[49, 55, 56, 105, 128]
[49, 55, 56, 105, 201]
[49, 55, 56, 128, 201]
[49, 56, 105, 128, 201]
[49, 56, 105, 201, 202]
[49, 56, 105, 213, 437]
[49, 56, 128, 201, 293]
[49, 79, 105, 128, 201]
[50, 52, 81, 228, 241]
[512, 775, 809, 833, 834]
[54, 189, 191, 454, 464]
[542, 552, 725, 726, 729]
[542, 552, 726, 756, 886]
[542, 552, 726, 756, 888]
[542, 552, 726, 886, 888]
[542, 552, 756, 886, 888]
[542, 726, 756, 886, 888]
[552, 571, 726, 756, 788]
[552, 571, 726, 756, 885]
[552, 571, 726, 756, 886]
[552, 571, 726, 756, 887]
[552, 571, 726, 756, 888]
[552, 571, 726, 788, 885]
[552, 571, 726, 788, 886]
[552, 571, 726, 788, 887]
[552, 571, 726, 788, 888]
[552, 571, 726, 885, 886]
[552, 571, 726, 885, 887]
[552, 571, 726, 885, 888]
[552, 571, 726, 886, 887]
[552, 571, 726, 886, 888]
[552, 571, 726, 887, 888]
[552, 571, 756, 788, 885]
[552, 571, 756, 788, 886]
[552, 571, 756, 788, 887]
[552, 571, 756, 788, 888]
[552, 571, 756, 885, 886]
[552, 571, 756, 885, 887]
[552, 571, 756, 885, 888]
[552, 571, 756, 886, 887]
[552, 571, 756, 886, 888]
[552, 571, 756, 887, 888]
[552, 571, 788, 885, 886]
[552, 571, 788, 885, 887]
[552, 571, 788, 885, 888]
[552, 571, 788, 886, 887]
[552, 571, 788, 886, 888]
[552, 571, 788, 887, 888]
[552, 571, 885, 886, 887]
[552, 571, 885, 886, 888]
[552, 571, 885, 887, 888]
[552, 571, 886, 887, 888]
[552, 726, 756, 788, 885]
[552, 726, 756, 788, 886]
[552, 726, 756, 788, 887]
[552, 726, 756, 788, 888]
[552, 726, 756, 885, 886]
[552, 726, 756, 885, 887]
[552, 726, 756, 885, 888]
[552, 726, 756, 886, 887]
[552, 726, 756, 886, 888]
[552, 726, 756, 887, 888]
[552, 726, 788, 885, 886]
[552, 726, 788, 885, 887]
[552, 726, 788, 885, 888]
[552, 726, 788, 886, 887]
[552, 726, 788, 886, 888]
[552, 726, 788, 887, 888]
[552, 726, 885, 886, 887]
[552, 726, 885, 886, 888]
[552, 726, 885, 887, 888]
[552, 726, 886, 887, 888]
[552, 756, 788, 885, 886]
[552, 756, 788, 885, 887]
[552, 756, 788, 885, 888]
[552, 756, 788, 886, 887]
[552, 756, 788, 886, 888]
[552, 756, 788, 887, 888]
[552, 756, 885, 886, 887]
[552, 756, 885, 886, 888]
[552, 756, 885, 887, 888]
[552, 756, 886, 887, 888]
[552, 788, 885, 886, 887]
[552, 788, 885, 886, 888]
[552, 788, 885, 887, 888]
[552, 788, 886, 887, 888]
[552, 885, 886, 887, 888]
[55, 56, 105, 128, 201]
[56, 105, 128, 196, 201]
[56, 105, 196, 210, 214]
[56, 105, 201, 202, 335]
[56, 105, 202, 251, 335]
[56, 196, 207, 212, 327]
[56, 196, 207, 327, 390]
[562, 588, 654, 660, 769]
[571, 726, 756, 788, 885]
[571, 726, 756, 788, 886]
[571, 726, 756, 788, 887]
[571, 726, 756, 788, 888]
[571, 726, 756, 885, 886]
[571, 726, 756, 885, 887]
[571, 726, 756, 885, 888]
[571, 726, 756, 886, 887]
[571, 726, 756, 886, 888]
[571, 726, 756, 887, 888]
[571, 726, 788, 885, 886]
[571, 726, 788, 885, 887]
[571, 726, 788, 885, 888]
[571, 726, 788, 886, 887]
[571, 726, 788, 886, 888]
[571, 726, 788, 887, 888]
[571, 726, 885, 886, 887]
[571, 726, 885, 886, 888]
[571, 726, 885, 887, 888]
[571, 726, 886, 887, 888]
[571, 756, 788, 885, 886]
[571, 756, 788, 885, 887]
[571, 756, 788, 885, 888]
[571, 756, 788, 886, 887]
[571, 756, 788, 886, 888]
[571, 756, 788, 887, 888]
[571, 756, 885, 886, 887]
[571, 756, 885, 886, 888]
[571, 756, 885, 887, 888]
[571, 756, 886, 887, 888]
[571, 788, 885, 886, 887]
[571, 788, 885, 886, 888]
[571, 788, 885, 887, 888]
[571, 788, 886, 887, 888]
[571, 885, 886, 887, 888]
[57, 58, 59, 282, 426]
[57, 58, 59, 62, 64]
[57, 58, 59, 62, 66]
[57, 58, 59, 62, 72]
[57, 58, 59, 64, 282]
[57, 58, 59, 64, 69]
[57, 58, 59, 64, 72]
[57, 58, 59, 66, 282]
[57, 58, 59, 66, 426]
[57, 58, 59, 66, 69]
[57, 58, 59, 66, 72]
[57, 58, 59, 69, 426]
[57, 58, 59, 69, 72]
[57, 58, 59, 72, 282]
[57, 58, 59, 72, 426]
[57, 58, 62, 64, 72]
[57, 58, 62, 66, 72]
[57, 58, 62, 72, 373]
[57, 58, 64, 69, 72]
[57, 58, 64, 72, 282]
[57, 58, 66, 282, 426]
[57, 58, 66, 69, 426]
[57, 58, 66, 69, 72]
[57, 58, 66, 72, 282]
[57, 58, 66, 72, 426]
[57, 58, 69, 72, 426]
[57, 58, 72, 282, 426]
[57, 59, 62, 64, 72]
[57, 59, 62, 66, 72]
[57, 59, 64, 69, 72]
[57, 59, 64, 72, 282]
[57, 59, 66, 282, 426]
[57, 59, 66, 69, 426]
[57, 59, 66, 69, 72]
[57, 59, 66, 72, 282]
[57, 59, 66, 72, 426]
[57, 59, 69, 72, 426]
[57, 59, 72, 282, 426]
[57, 64, 65, 282, 485]
[57, 66, 69, 72, 426]
[57, 66, 72, 282, 426]
[58, 59, 62, 64, 72]
[58, 59, 62, 66, 72]
[58, 59, 64, 69, 72]
[58, 59, 64, 72, 282]
[58, 59, 66, 282, 426]
[58, 59, 66, 69, 426]
[58, 59, 66, 69, 72]
[58, 59, 66, 72, 282]
[58, 59, 66, 72, 426]
[58, 59, 69, 72, 426]
[58, 59, 72, 282, 426]
[58, 66, 69, 72, 426]
[58, 66, 72, 282, 426]
[590, 591, 724, 744, 945]
[591, 724, 744, 746, 945]
[59, 66, 69, 72, 426]
[59, 66, 72, 282, 426]
[61, 132, 244, 470, 501]
[64, 65, 282, 485, 510]
[64, 65, 68, 282, 485]
[64, 65, 68, 282, 510]
[64, 65, 68, 485, 510]
[64, 65, 68, 90, 282]
[64, 65, 68, 90, 485]
[64, 65, 68, 90, 510]
[64, 65, 90, 282, 485]
[64, 65, 90, 282, 510]
[64, 65, 90, 485, 510]
[64, 68, 282, 485, 510]
[64, 68, 90, 282, 485]
[64, 68, 90, 282, 510]
[64, 68, 90, 485, 510]
[64, 90, 282, 485, 510]
[65, 282, 430, 485, 510]
[65, 68, 282, 430, 485]
[65, 68, 282, 430, 510]
[65, 68, 282, 485, 510]
[65, 68, 430, 485, 510]
[65, 68, 90, 282, 430]
[65, 68, 90, 282, 485]
[65, 68, 90, 282, 510]
[65, 68, 90, 430, 485]
[65, 68, 90, 430, 510]
[65, 68, 90, 485, 510]
[65, 90, 282, 430, 485]
[65, 90, 282, 430, 510]
[65, 90, 282, 485, 510]
[65, 90, 430, 485, 510]
[68, 282, 430, 485, 510]
[68, 90, 282, 430, 485]
[68, 90, 282, 430, 510]
[68, 90, 282, 485, 510]
[68, 90, 430, 485, 510]
[706, 847, 1039, 1043, 1098]
[726, 756, 788, 885, 886]
[726, 756, 788, 885, 887]
[726, 756, 788, 885, 888]
[726, 756, 788, 886, 887]
[726, 756, 788, 886, 888]
[726, 756, 788, 887, 888]
[726, 756, 885, 886, 887]
[726, 756, 885, 886, 888]
[726, 756, 885, 887, 888]
[726, 756, 886, 887, 888]
[726, 788, 885, 886, 887]
[726, 788, 885, 886, 888]
[726, 788, 885, 887, 888]
[726, 788, 886, 887, 888]
[726, 885, 886, 887, 888]
[756, 788, 885, 886, 887]
[756, 788, 885, 886, 888]
[756, 788, 885, 887, 888]
[756, 788, 886, 887, 888]
[756, 885, 886, 887, 888]
[76, 117, 119, 124, 569]
[76, 183, 190, 566, 567]
[78, 113, 120, 176, 181]
[788, 885, 886, 887, 888]
[793, 1005, 1067, 1069, 1105]
[81, 241, 243, 452, 588]
[84, 140, 143, 146, 332]
[84, 140, 146, 150, 152]
[84, 140, 146, 150, 354]
[84, 140, 146, 150, 573]
[84, 140, 146, 152, 573]
[84, 140, 146, 354, 573]
[84, 140, 150, 152, 573]
[84, 140, 150, 354, 573]
[84, 146, 150, 152, 573]
[84, 146, 150, 354, 573]
[847, 1035, 1039, 1043, 1098]
[85, 193, 212, 215, 219]
[85, 193, 212, 215, 222]
[85, 193, 212, 215, 401]
[85, 193, 212, 219, 222]
[85, 193, 212, 219, 401]
[85, 193, 215, 219, 222]
[85, 193, 215, 219, 401]
[85, 193, 215, 219, 592]
[85, 193, 215, 222, 592]
[85, 193, 215, 222, 594]
[85, 193, 215, 518, 592]
[85, 193, 215, 518, 594]
[85, 193, 215, 592, 594]
[85, 193, 219, 222, 592]
[85, 193, 222, 592, 594]
[85, 193, 518, 592, 594]
[85, 198, 205, 212, 215]
[85, 198, 205, 212, 219]
[85, 198, 205, 212, 222]
[85, 198, 205, 212, 401]
[85, 198, 205, 215, 219]
[85, 198, 205, 215, 222]
[85, 198, 205, 215, 401]
[85, 198, 205, 215, 594]
[85, 198, 205, 219, 222]
[85, 198, 205, 219, 401]
[85, 198, 205, 222, 594]
[85, 198, 212, 215, 219]
[85, 198, 212, 215, 222]
[85, 198, 212, 215, 401]
[85, 198, 212, 219, 222]
[85, 198, 212, 219, 401]
[85, 198, 212, 327, 401]
[85, 198, 215, 219, 222]
[85, 198, 215, 219, 401]
[85, 198, 215, 222, 594]
[85, 205, 212, 215, 219]
[85, 205, 212, 215, 222]
[85, 205, 212, 215, 401]
[85, 205, 212, 219, 222]
[85, 205, 212, 219, 401]
[85, 205, 215, 219, 222]
[85, 205, 215, 219, 401]
[85, 205, 215, 222, 594]
[85, 212, 215, 219, 222]
[85, 212, 215, 219, 401]
[85, 215, 219, 222, 592]
[85, 215, 222, 592, 594]
[85, 215, 518, 592, 594]
[88, 193, 518, 594, 599]
[88, 193, 518, 594, 600]
[88, 193, 518, 594, 601]
[88, 193, 518, 599, 601]
[88, 193, 594, 599, 601]
[88, 518, 594, 599, 601]
[894, 895, 920, 981, 983]
[894, 895, 976, 981, 983]
[90, 282, 430, 485, 510]
[907, 1004, 1005, 1067, 1069]
[910, 1005, 1067, 1069, 1105]
[9, 10, 16, 24, 30]
[93, 189, 191, 454, 622]
[93, 189, 454, 622, 623]
[93, 189, 602, 622, 623]
