[10001, 1]
[10001, 10]
[10001, 102]
[10001, 103]
[10001, 106]
[10001, 107]
[10001, 109]
[10001, 110]
[10001, 114]
[10001, 115]
[10001, 116]
[10001, 117]
[10001, 119]
[10001, 120]
[10001, 122]
[10001, 125]
[10001, 126]
[10001, 13]
[10001, 131]
[10001, 135]
[10001, 136]
[10001, 17]
[10001, 2]
[10001, 21]
[10001, 24]
[10001, 25]
[10001, 26]
[10001, 27]
[10001, 28]
[10001, 3]
[10001, 30]
[10001, 31]
[10001, 34]
[10001, 35]
[10001, 4]
[10001, 41]
[10001, 45]
[10001, 46]
[10001, 53]
[10001, 55]
[10001, 59]
[10001, 62]
[10001, 64]
[10001, 65]
[10001, 7]
[10001, 70]
[10001, 71]
[10001, 73]
[10001, 76]
[10001, 8]
[10001, 80]
[10001, 82]
[10001, 84]
[10001, 86]
[10001, 91]
[10001, 92]
[10001, 93]
[10001, 94]
[10001, 96]
[10002, 1]
[10002, 106]
[10002, 126]
[10002, 2]
[10002, 31]
[10003, 126]
[10003, 136]
[10003, 2]
[10003, 31]
[10003, 4]
[10003, 41]
[10003, 55]
[10003, 8]
[10003, 84]
[10004, 106]
[10004, 125]
[10004, 126]
[10005, 10]
[10005, 27]
[10005, 45]
[100, 10004]
[101, 10003]
[104, 10004]
[105, 10002]
[105, 10003]
[108, 10004]
[11, 10004]
[111, 10004]
[112, 10005]
[113, 10004]
[118, 10003]
[12, 10004]
[121, 10004]
[123, 10005]
[124, 10002]
[127, 10004]
[128, 10004]
[129, 10004]
[129, 10005]
[130, 10003]
[132, 10004]
[133, 10004]
[134, 10002]
[14, 10003]
[15, 10003]
[16, 10004]
[18, 10004]
[19, 10004]
[20, 10004]
[22, 10004]
[23, 10004]
[29, 10004]
[32, 10005]
[33, 10004]
[36, 10002]
[37, 10002]
[38, 10004]
[38, 10005]
[39, 10003]
[40, 10002]
[42, 10004]
[43, 10002]
[44, 10004]
[47, 10004]
[48, 10005]
[49, 10004]
[50, 10002]
[5, 10004]
[51, 10004]
[52, 10004]
[54, 10004]
[56, 10003]
[57, 10004]
[58, 10002]
[60, 10003]
[6, 10005]
[61, 10004]
[63, 10004]
[66, 10004]
[67, 10004]
[68, 10004]
[69, 10004]
[72, 10004]
[74, 10002]
[75, 10004]
[77, 10003]
[78, 10004]
[79, 10004]
[81, 10004]
[83, 10004]
[85, 10004]
[87, 10004]
[88, 10004]
[89, 10002]
[89, 10003]
[90, 10004]
[9, 10004]
[95, 10004]
[97, 10004]
[98, 10002]
[99, 10003]
