[10, 14, 33]
[10, 14, 42, 58]
[11, 1, 48, 43]
[11, 30]
[12, 52]
[13, 34]
[14, 55, 42, 58]
[15, 1, 41]
[15, 25]
[15, 34, 38, 17]
[15, 34, 38, 35]
[15, 34, 38, 41]
[15, 34, 38, 44]
[15, 34, 39, 17]
[15, 34, 39, 44]
[15, 34, 51, 17]
[15, 4]
[15, 53, 39]
[15, 53, 41]
[16, 1, 41]
[16, 46, 25, 19]
[16, 46, 60]
[16, 56]
[18, 23]
[18, 26, 28]
[18, 32]
[19, 21]
[19, 46, 52, 30, 22]
[19, 46, 52, 30, 25]
[21, 37]
[21, 39, 17]
[21, 39, 45]
[21, 48, 29]
[21, 51, 17]
[2, 18, 28]
[22, 34, 38]
[22, 46, 38]
[2, 27, 28]
[2, 29]
[2, 37]
[24, 37]
[24, 52, 46]
[2, 55, 20]
[2, 55, 42]
[26, 27, 28]
[29, 48, 31]
[30, 36]
[30, 44]
[30, 53]
[3, 11, 43]
[31, 43, 48]
[33, 61]
[3, 45]
[3, 62]
[37, 38, 41]
[37, 40]
[37, 60]
[40, 58]
[43, 51]
[45, 35]
[46, 51, 52]
[47, 44]
[47, 50]
[49, 58]
[50, 35]
[52, 56]
[54, 44]
[54, 62]
[5, 52]
[59, 39]
[6, 10, 58, 14]
[62, 38]
[6, 57]
[7, 14, 58, 10, 18]
[7, 14, 58, 55]
[7, 57]
[8, 20, 31]
[8, 20, 55]
[8, 28]
[8, 41]
[9, 29, 21]
[9, 4, 60]
[9, 46, 38]
[9, 46, 60]
