[100100, 21]
[100100, 60]
[100100, 61]
[100100, 62]
[100100, 63]
[100100, 64]
[100100, 80]
[100100, 81]
[100100, 82]
[100100, 83]
[100100, 84]
[100100, 85]
[100100, 86]
[100101, 21]
[100101, 60]
[100101, 61]
[100101, 62]
[100101, 63]
[100101, 64]
[100101, 73]
[100101, 80]
[100101, 81]
[100101, 82]
[100101, 83]
[100101, 84]
[100101, 85]
[100101, 86]
[100102, 21]
[100102, 60]
[100102, 61]
[100102, 62]
[100102, 63]
[100102, 64]
[100102, 80]
[100102, 81]
[100102, 82]
[100102, 83]
[100102, 84]
[100102, 85]
[100102, 86]
[100103, 21]
[100103, 80]
[100103, 81]
[100103, 82]
[100103, 83]
[100103, 84]
[100103, 85]
[100103, 86]
[100103, 87]
[100103, 88]
[100104, 60]
[100104, 61]
[100104, 62]
[100104, 63]
[100104, 76]
[100104, 77]
[100104, 78]
[100104, 80]
[100104, 81]
[100104, 82]
[100105, 60]
[100105, 61]
[100105, 62]
[100105, 63]
[100105, 76]
[100105, 77]
[100105, 78]
[100105, 80]
[100105, 81]
[100105, 82]
[100106, 100]
[100106, 101]
[100106, 102]
[100106, 103]
[100106, 104]
[100106, 105]
[100106, 21]
[100106, 22]
[100106, 23]
[100106, 28]
[100106, 30]
[100106, 31]
[100106, 32]
[100106, 37]
[100106, 39]
[100106, 40]
[100106, 41]
[100106, 42]
[100106, 43]
[100106, 44]
[100106, 47]
[100106, 51]
[100106, 52]
[100106, 53]
[100106, 55]
[100106, 84]
[100106, 85]
[100106, 88]
[100106, 90]
[100106, 92]
[100106, 93]
[100106, 96]
[100106, 97]
[100106, 99]
[100107, 100]
[100107, 101]
[100107, 102]
[100107, 103]
[100107, 104]
[100107, 105]
[100107, 21]
[100107, 22]
[100107, 23]
[100107, 28]
[100107, 30]
[100107, 31]
[100107, 32]
[100107, 37]
[100107, 39]
[100107, 40]
[100107, 42]
[100107, 43]
[100107, 51]
[100107, 52]
[100107, 53]
[100107, 55]
[100107, 71]
[100107, 72]
[100107, 77]
[100107, 78]
[100107, 84]
[100107, 85]
[100107, 88]
[100107, 90]
[100107, 92]
[100107, 95]
[100107, 96]
[100107, 97]
[100107, 98]
[100107, 99]
[100108, 100]
[100108, 101]
[100108, 102]
[100108, 103]
[100108, 104]
[100108, 105]
[100108, 21]
[100108, 28]
[100108, 30]
[100108, 31]
[100108, 32]
[100108, 37]
[100108, 40]
[100108, 41]
[100108, 42]
[100108, 43]
[100108, 47]
[100108, 51]
[100108, 52]
[100108, 53]
[100108, 55]
[100108, 84]
[100108, 85]
[100108, 90]
[100108, 92]
[100108, 93]
[100108, 95]
[100108, 96]
[100108, 97]
[100108, 99]
[100109, 100]
[100109, 101]
[100109, 103]
[100109, 104]
[100109, 105]
[100109, 21]
[100109, 28]
[100109, 30]
[100109, 31]
[100109, 32]
[100109, 37]
[100109, 40]
[100109, 41]
[100109, 42]
[100109, 43]
[100109, 47]
[100109, 51]
[100109, 52]
[100109, 53]
[100109, 55]
[100109, 84]
[100109, 85]
[100109, 90]
[100109, 92]
[100109, 93]
[100109, 95]
[100109, 96]
[100109, 97]
[100109, 98]
[100109, 99]
[100110, 100]
[100110, 101]
[100110, 102]
[100110, 103]
[100110, 104]
[100110, 105]
[100110, 21]
[100110, 28]
[100110, 29]
[100110, 30]
[100110, 31]
[100110, 32]
[100110, 37]
[100110, 38]
[100110, 39]
[100110, 40]
[100110, 42]
[100110, 43]
[100110, 49]
[100110, 51]
[100110, 52]
[100110, 53]
[100110, 55]
[100110, 72]
[100110, 73]
[100110, 76]
[100110, 77]
[100110, 78]
[100110, 79]
[100110, 84]
[100110, 85]
[100110, 88]
[100110, 90]
[100110, 92]
[100110, 93]
[100110, 94]
[100110, 95]
[100110, 96]
[100110, 97]
[100110, 98]
[100110, 99]
[100111, 100]
[100111, 101]
[100111, 102]
[100111, 103]
[100111, 104]
[100111, 105]
[100111, 21]
[100111, 30]
[100111, 39]
[100111, 42]
[100111, 55]
[100111, 72]
[100111, 73]
[100111, 76]
[100111, 77]
[100111, 78]
[100111, 79]
[100111, 84]
[100111, 85]
[100111, 88]
[100111, 90]
[100111, 92]
[100111, 95]
[100111, 96]
[100111, 97]
[100111, 98]
[100111, 99]
[100112, 100]
[100112, 101]
[100112, 102]
[100112, 103]
[100112, 104]
[100112, 105]
[100112, 21]
[100112, 22]
[100112, 23]
[100112, 39]
[100112, 55]
[100112, 72]
[100112, 73]
[100112, 74]
[100112, 76]
[100112, 77]
[100112, 78]
[100112, 79]
[100112, 84]
[100112, 85]
[100112, 87]
[100112, 88]
[100112, 90]
[100112, 92]
[100112, 95]
[100112, 96]
[100112, 97]
[100112, 98]
[100112, 99]
[100113, 100]
[100113, 101]
[100113, 102]
[100113, 103]
[100113, 104]
[100113, 105]
[100113, 21]
[100113, 22]
[100113, 23]
[100113, 30]
[100113, 39]
[100113, 42]
[100113, 55]
[100113, 72]
[100113, 73]
[100113, 76]
[100113, 77]
[100113, 78]
[100113, 79]
[100113, 84]
[100113, 85]
[100113, 88]
[100113, 90]
[100113, 92]
[100113, 95]
[100113, 96]
[100113, 97]
[100113, 98]
[100113, 99]
[100114, 104]
[100114, 21]
[100114, 23]
[100114, 72]
[100114, 73]
[100114, 74]
[100114, 75]
[100114, 76]
[100114, 77]
[100114, 78]
[100114, 84]
[100114, 85]
[100114, 87]
[100114, 88]
[100114, 96]
[100114, 97]
[100115, 101]
[100115, 104]
[100115, 21]
[100115, 23]
[100115, 39]
[100115, 72]
[100115, 73]
[100115, 74]
[100115, 75]
[100115, 76]
[100115, 77]
[100115, 78]
[100115, 84]
[100115, 85]
[100115, 87]
[100115, 88]
[100115, 96]
[100115, 97]
[100116, 100]
[100116, 101]
[100116, 102]
[100116, 103]
[100116, 104]
[100116, 105]
[100116, 21]
[100116, 23]
[100116, 28]
[100116, 30]
[100116, 31]
[100116, 32]
[100116, 37]
[100116, 39]
[100116, 40]
[100116, 41]
[100116, 42]
[100116, 43]
[100116, 44]
[100116, 47]
[100116, 51]
[100116, 52]
[100116, 53]
[100116, 55]
[100116, 72]
[100116, 73]
[100116, 76]
[100116, 77]
[100116, 78]
[100116, 84]
[100116, 85]
[100116, 88]
[100116, 90]
[100116, 92]
[100116, 93]
[100116, 96]
[100116, 97]
[100116, 99]
[100117, 108]
[100117, 109]
[100117, 110]
[100117, 111]
[100117, 112]
[100117, 113]
[100117, 114]
[100117, 115]
[100117, 118]
[100117, 119]
[100117, 120]
[100117, 25]
[100117, 26]
[100117, 28]
[100117, 29]
[100117, 30]
[100117, 31]
[100117, 32]
[100117, 35]
[100117, 36]
[100117, 37]
[100117, 38]
[100117, 39]
[100117, 40]
[100117, 41]
[100117, 42]
[100117, 43]
[100117, 44]
[100117, 45]
[100117, 46]
[100117, 47]
[100117, 49]
[100117, 50]
[100117, 51]
[100117, 52]
[100117, 53]
[100117, 55]
[100117, 93]
[100117, 94]
[100118, 100]
[100118, 101]
[100118, 102]
[100118, 103]
[100118, 104]
[100118, 105]
[100118, 21]
[100118, 22]
[100118, 23]
[100118, 39]
[100118, 55]
[100118, 72]
[100118, 73]
[100118, 74]
[100118, 75]
[100118, 76]
[100118, 77]
[100118, 78]
[100118, 79]
[100118, 84]
[100118, 85]
[100118, 87]
[100118, 88]
[100118, 90]
[100118, 92]
[100118, 96]
[100118, 97]
[100118, 99]
[100119, 100]
[100119, 101]
[100119, 102]
[100119, 103]
[100119, 104]
[100119, 105]
[100119, 21]
[100119, 22]
[100119, 23]
[100119, 39]
[100119, 55]
[100119, 72]
[100119, 73]
[100119, 74]
[100119, 75]
[100119, 76]
[100119, 77]
[100119, 78]
[100119, 79]
[100119, 84]
[100119, 85]
[100119, 87]
[100119, 88]
[100119, 89]
[100119, 90]
[100119, 92]
[100119, 96]
[100119, 97]
[100119, 99]
[100120, 100]
[100120, 101]
[100120, 102]
[100120, 103]
[100120, 104]
[100120, 105]
[100120, 21]
[100120, 22]
[100120, 23]
[100120, 39]
[100120, 55]
[100120, 72]
[100120, 73]
[100120, 74]
[100120, 75]
[100120, 76]
[100120, 77]
[100120, 78]
[100120, 79]
[100120, 84]
[100120, 85]
[100120, 87]
[100120, 88]
[100120, 90]
[100120, 92]
[100120, 96]
[100120, 97]
[100120, 99]
[100121, 100]
[100121, 101]
[100121, 102]
[100121, 103]
[100121, 104]
[100121, 105]
[100121, 21]
[100121, 23]
[100121, 39]
[100121, 55]
[100121, 84]
[100121, 85]
[100121, 88]
[100121, 90]
[100121, 92]
[100121, 95]
[100121, 96]
[100121, 97]
[100121, 98]
[100121, 99]
[100122, 110]
[100122, 111]
[100122, 123]
[100122, 124]
[100122, 21]
[100122, 22]
[100122, 23]
[100122, 26]
[100122, 28]
[100122, 29]
[100122, 30]
[100122, 31]
[100122, 32]
[100122, 33]
[100122, 35]
[100122, 36]
[100122, 37]
[100122, 38]
[100122, 39]
[100122, 40]
[100122, 41]
[100122, 42]
[100122, 43]
[100122, 44]
[100122, 45]
[100122, 46]
[100122, 47]
[100122, 49]
[100122, 50]
[100122, 51]
[100122, 52]
[100122, 53]
[100122, 55]
[100122, 84]
[100122, 85]
[100122, 87]
[100122, 88]
[100122, 93]
[100122, 94]
[100123, 104]
[100123, 21]
[100123, 22]
[100123, 23]
[100123, 68]
[100123, 70]
[100123, 71]
[100123, 72]
[100123, 73]
[100123, 74]
[100123, 75]
[100123, 76]
[100123, 77]
[100123, 78]
[100123, 84]
[100123, 85]
[100123, 87]
[100123, 88]
[100123, 96]
[100123, 97]
[100125, 21]
[100125, 22]
[100125, 23]
[100125, 68]
[100125, 70]
[100125, 71]
[100125, 72]
[100125, 73]
[100125, 76]
[100125, 77]
[100125, 78]
[100125, 84]
[100125, 85]
[100125, 87]
[100125, 88]
[100126, 100]
[100126, 101]
[100126, 103]
[100126, 104]
[100126, 105]
[100126, 21]
[100126, 28]
[100126, 29]
[100126, 30]
[100126, 31]
[100126, 32]
[100126, 33]
[100126, 35]
[100126, 37]
[100126, 38]
[100126, 39]
[100126, 40]
[100126, 41]
[100126, 42]
[100126, 43]
[100126, 44]
[100126, 46]
[100126, 47]
[100126, 49]
[100126, 50]
[100126, 51]
[100126, 52]
[100126, 53]
[100126, 54]
[100126, 55]
[100126, 72]
[100126, 84]
[100126, 85]
[100126, 90]
[100126, 92]
[100126, 93]
[100126, 96]
[100126, 97]
[100126, 99]
[100127, 21]
[100127, 68]
[100127, 71]
[100127, 72]
[100127, 73]
[100127, 76]
[100127, 77]
[100127, 78]
[100127, 79]
[100127, 81]
[100127, 82]
[100127, 83]
[100127, 84]
[100127, 85]
[100127, 88]
[100128, 104]
[100128, 105]
[100128, 17]
[100128, 18]
[100128, 21]
[100128, 22]
[100128, 23]
[100128, 30]
[100128, 39]
[100128, 49]
[100128, 51]
[100128, 55]
[100128, 65]
[100128, 66]
[100128, 67]
[100128, 69]
[100128, 70]
[100128, 71]
[100128, 72]
[100128, 73]
[100128, 74]
[100128, 75]
[100128, 76]
[100128, 77]
[100128, 78]
[100128, 79]
[100128, 80]
[100128, 81]
[100128, 82]
[100128, 83]
[100128, 85]
[100128, 87]
[100128, 88]
[100128, 89]
[100128, 93]
[100128, 94]
[10016, 18]
[10016, 60]
[10016, 61]
[10016, 62]
[10016, 63]
[10016, 64]
[10017, 22]
[10017, 72]
[10017, 73]
[10017, 74]
[10017, 75]
[10017, 81]
[10017, 88]
[10018, 100]
[10018, 101]
[10018, 102]
[10018, 103]
[10018, 104]
[10018, 105]
[10018, 106]
[10018, 107]
[10018, 108]
[10018, 109]
[10018, 110]
[10018, 111]
[10018, 112]
[10018, 113]
[10018, 114]
[10018, 115]
[10018, 116]
[10018, 117]
[10018, 118]
[10018, 119]
[10018, 120]
[10018, 121]
[10018, 122]
[10018, 123]
[10018, 124]
[10018, 125]
[10018, 126]
[10018, 127]
[10018, 16]
[10018, 24]
[10018, 25]
[10018, 26]
[10018, 27]
[10018, 28]
[10018, 29]
[10018, 31]
[10018, 32]
[10018, 33]
[10018, 34]
[10018, 35]
[10018, 36]
[10018, 37]
[10018, 38]
[10018, 39]
[10018, 40]
[10018, 41]
[10018, 42]
[10018, 43]
[10018, 44]
[10018, 45]
[10018, 46]
[10018, 47]
[10018, 48]
[10018, 49]
[10018, 50]
[10018, 51]
[10018, 52]
[10018, 53]
[10018, 54]
[10018, 55]
[10018, 56]
[10018, 58]
[10018, 59]
[10018, 60]
[10018, 61]
[10018, 62]
[10018, 63]
[10018, 64]
[10018, 68]
[10018, 84]
[10018, 86]
[10018, 90]
[10018, 91]
[10018, 92]
[10018, 95]
[10018, 96]
[10018, 97]
[10018, 98]
[10018, 99]
[10020, 17]
[10020, 21]
[10020, 22]
[10020, 23]
[10020, 24]
[10020, 25]
[10020, 26]
[10020, 27]
[10020, 28]
[10020, 29]
[10020, 30]
[10020, 31]
[10020, 32]
[10020, 33]
[10020, 34]
[10020, 35]
[10020, 36]
[10020, 37]
[10020, 38]
[10020, 39]
[10020, 40]
[10020, 41]
[10020, 42]
[10020, 43]
[10020, 44]
[10020, 45]
[10020, 46]
[10020, 47]
[10020, 48]
[10020, 49]
[10020, 50]
[10020, 51]
[10020, 52]
[10020, 53]
[10020, 54]
[10020, 55]
[10021, 128]
[10021, 60]
[10021, 61]
[10021, 62]
[10021, 63]
[10021, 64]
[10021, 67]
[10021, 79]
[10021, 80]
[10022, 67]
[10022, 71]
[10022, 73]
[10022, 79]
[10022, 80]
[10022, 81]
[10022, 82]
[10022, 83]
[10023, 128]
[10023, 72]
[10023, 84]
[10023, 85]
[10023, 87]
[10023, 88]
[10024, 103]
[10024, 17]
[10024, 21]
[10024, 22]
[10024, 23]
[10024, 29]
[10024, 30]
[10024, 39]
[10024, 40]
[10024, 42]
[10024, 49]
[10024, 55]
[10024, 72]
[10024, 73]
[10024, 74]
[10024, 75]
[10024, 85]
[10024, 87]
[10024, 88]
[10024, 89]
[10024, 90]
[10024, 91]
[10024, 92]
[10024, 93]
[10024, 94]
[10024, 95]
[10024, 96]
[10024, 97]
[10025, 21]
[10025, 22]
[10025, 23]
[10025, 72]
[10025, 73]
[10025, 74]
[10025, 75]
[10025, 76]
[10025, 77]
[10025, 78]
[10025, 79]
[10025, 80]
[10025, 85]
[10025, 87]
[10025, 88]
[10025, 89]
[10026, 100]
[10026, 101]
[10026, 102]
[10026, 17]
[10026, 22]
[10026, 23]
[10026, 29]
[10026, 37]
[10026, 39]
[10026, 40]
[10026, 41]
[10026, 42]
[10026, 43]
[10026, 47]
[10026, 49]
[10026, 51]
[10026, 52]
[10026, 54]
[10026, 55]
[10026, 87]
[10026, 88]
[10026, 89]
[10026, 90]
[10026, 91]
[10026, 92]
[10026, 95]
[10026, 96]
[10026, 97]
[10026, 99]
[10027, 103]
[10027, 104]
[10027, 105]
[10027, 21]
[10027, 22]
[10027, 23]
[10027, 30]
[10027, 72]
[10027, 73]
[10027, 74]
[10027, 75]
[10027, 76]
[10027, 77]
[10027, 78]
[10027, 79]
[10027, 80]
[10027, 83]
[10027, 84]
[10027, 85]
[10027, 86]
[10027, 87]
[10027, 88]
[10027, 93]
[10027, 94]
[10028, 103]
[10028, 104]
[10028, 105]
[10028, 21]
[10028, 23]
[10028, 30]
[10028, 51]
[10028, 55]
[10028, 84]
[10028, 85]
[10028, 86]
[10028, 87]
[10028, 88]
[10028, 89]
[10028, 92]
[10028, 93]
[10028, 96]
[10029, 128]
[10029, 17]
[10029, 21]
[10029, 22]
[10029, 23]
[10029, 30]
[10029, 71]
[10029, 72]
[10029, 73]
[10029, 74]
[10029, 75]
[10029, 76]
[10029, 77]
[10029, 78]
[10029, 79]
[10029, 80]
[10029, 84]
[10029, 85]
[10029, 87]
[10029, 88]
[10029, 89]
[10029, 94]
[10030, 103]
[10030, 104]
[10030, 105]
[10030, 21]
[10030, 23]
[10030, 84]
[10030, 85]
[10030, 86]
[10030, 87]
[10030, 88]
[10030, 89]
[10030, 93]
[10030, 96]
[10031, 16]
[10031, 60]
[10031, 61]
[10031, 62]
[10031, 63]
[10031, 64]
[10032, 16]
[10032, 31]
[10032, 54]
[10032, 60]
[10032, 61]
[10032, 62]
[10032, 63]
[10032, 64]
[10032, 81]
[10032, 82]
[10032, 84]
[10032, 85]
[10032, 90]
[10032, 91]
[10032, 92]
[10032, 95]
[10032, 96]
[10032, 97]
[10032, 99]
[10033, 104]
[10033, 105]
[10033, 16]
[10033, 21]
[10033, 23]
[10033, 55]
[10033, 80]
[10033, 81]
[10033, 82]
[10033, 83]
[10033, 84]
[10033, 85]
[10033, 86]
[10033, 87]
[10033, 88]
[10033, 89]
[10033, 90]
[10033, 91]
[10033, 92]
[10034, 100]
[10034, 101]
[10034, 102]
[10034, 103]
[10034, 104]
[10034, 105]
[10034, 17]
[10034, 21]
[10034, 22]
[10034, 23]
[10034, 30]
[10034, 39]
[10034, 40]
[10034, 42]
[10034, 49]
[10034, 51]
[10034, 55]
[10034, 84]
[10034, 85]
[10034, 87]
[10034, 88]
[10034, 89]
[10034, 90]
[10034, 92]
[10034, 93]
[10034, 94]
[10034, 96]
[10034, 97]
[10034, 98]
[10034, 99]
[10035, 21]
[10035, 31]
[10035, 32]
[10035, 39]
[10035, 42]
[10035, 54]
[10035, 60]
[10035, 61]
[10035, 62]
[10035, 63]
[10035, 84]
[10035, 85]
[10035, 90]
[10035, 91]
[10035, 92]
[10035, 96]
[10035, 97]
[10035, 99]
[10036, 103]
[10036, 104]
[10036, 105]
[10036, 21]
[10036, 23]
[10036, 39]
[10036, 42]
[10036, 55]
[10036, 60]
[10036, 61]
[10036, 62]
[10036, 63]
[10036, 72]
[10036, 73]
[10036, 75]
[10036, 76]
[10036, 77]
[10036, 78]
[10036, 79]
[10036, 80]
[10036, 83]
[10036, 84]
[10036, 85]
[10036, 87]
[10036, 88]
[10036, 89]
[10036, 90]
[10036, 91]
[10036, 92]
[10036, 93]
[10036, 96]
[10036, 97]
[10036, 99]
[10037, 100]
[10037, 101]
[10037, 102]
[10037, 104]
[10037, 105]
[10037, 21]
[10037, 30]
[10037, 39]
[10037, 42]
[10037, 55]
[10037, 83]
[10037, 84]
[10037, 85]
[10037, 86]
[10037, 90]
[10037, 91]
[10037, 92]
[10037, 95]
[10037, 96]
[10037, 97]
[10037, 98]
[10038, 100]
[10038, 101]
[10038, 102]
[10038, 104]
[10038, 105]
[10038, 21]
[10038, 30]
[10038, 39]
[10038, 42]
[10038, 55]
[10038, 84]
[10038, 85]
[10038, 86]
[10038, 90]
[10038, 91]
[10038, 92]
[10038, 95]
[10038, 96]
[10038, 97]
[10038, 98]
[10039, 21]
[10039, 60]
[10039, 61]
[10039, 62]
[10039, 63]
[10039, 68]
[10039, 70]
[10039, 72]
[10039, 73]
[10039, 74]
[10039, 75]
[10039, 76]
[10039, 77]
[10039, 78]
[10039, 79]
[10039, 80]
[10039, 81]
[10039, 82]
[10039, 83]
[10039, 84]
[10039, 85]
[10039, 86]
[10040, 21]
[10040, 39]
[10040, 49]
[10040, 60]
[10040, 61]
[10040, 62]
[10040, 63]
[10040, 67]
[10040, 72]
[10040, 73]
[10040, 74]
[10040, 75]
[10040, 76]
[10040, 77]
[10040, 78]
[10040, 79]
[10040, 80]
[10040, 81]
[10040, 82]
[10040, 83]
[10040, 84]
[10040, 85]
[10040, 86]
[10040, 88]
[10040, 98]
[10041, 21]
[10041, 68]
[10041, 72]
[10041, 73]
[10041, 74]
[10041, 75]
[10041, 76]
[10041, 77]
[10041, 78]
[10041, 80]
[10041, 81]
[10041, 82]
[10041, 83]
[10041, 84]
[10041, 85]
[10041, 88]
[10042, 21]
[10042, 68]
[10042, 70]
[10042, 72]
[10042, 73]
[10042, 74]
[10042, 75]
[10042, 76]
[10042, 77]
[10042, 78]
[10042, 79]
[10042, 80]
[10042, 81]
[10042, 82]
[10042, 83]
[10042, 84]
[10042, 85]
[10042, 87]
[10042, 88]
[10043, 100]
[10043, 101]
[10043, 102]
[10043, 103]
[10043, 104]
[10043, 105]
[10043, 21]
[10043, 22]
[10043, 39]
[10043, 49]
[10043, 52]
[10043, 55]
[10043, 60]
[10043, 61]
[10043, 62]
[10043, 63]
[10043, 67]
[10043, 72]
[10043, 76]
[10043, 77]
[10043, 78]
[10043, 79]
[10043, 80]
[10043, 81]
[10043, 82]
[10043, 83]
[10043, 84]
[10043, 85]
[10043, 86]
[10043, 88]
[10043, 92]
[10043, 96]
[10043, 97]
[10043, 98]
[10044, 104]
[10044, 105]
[10044, 21]
[10044, 28]
[10044, 30]
[10044, 39]
[10044, 55]
[10044, 60]
[10044, 61]
[10044, 62]
[10044, 63]
[10044, 81]
[10044, 82]
[10044, 84]
[10044, 85]
[10044, 86]
[10044, 90]
[10044, 91]
[10044, 92]
[10044, 95]
[10044, 96]
[10044, 97]
[10045, 104]
[10045, 105]
[10045, 21]
[10045, 29]
[10045, 30]
[10045, 39]
[10045, 52]
[10045, 55]
[10045, 72]
[10045, 73]
[10045, 74]
[10045, 75]
[10045, 80]
[10045, 81]
[10045, 82]
[10045, 83]
[10045, 84]
[10045, 85]
[10045, 86]
[10045, 92]
[10045, 94]
[10045, 95]
[10045, 96]
[10045, 97]
[10046, 17]
[10046, 21]
[10046, 22]
[10046, 23]
[10046, 69]
[10046, 70]
[10046, 79]
[10046, 80]
[10046, 81]
[10046, 82]
[10046, 83]
[10046, 84]
[10046, 85]
[10046, 86]
[10046, 87]
[10046, 88]
[10046, 89]
[10047, 67]
[10047, 68]
[10047, 69]
[10047, 71]
[10047, 72]
[10047, 76]
[10047, 77]
[10047, 78]
[10047, 79]
[10048, 31]
[10048, 32]
[10048, 53]
[10048, 54]
[10048, 90]
[10048, 91]
[10048, 92]
[10048, 96]
[10048, 97]
[10048, 99]
[10049, 128]
[10049, 65]
[10049, 66]
[10049, 67]
[10049, 79]
[10049, 80]
[10049, 81]
[10049, 82]
[10049, 83]
[10050, 103]
[10050, 104]
[10050, 105]
[10050, 26]
[10050, 27]
[10050, 31]
[10050, 32]
[10050, 37]
[10050, 39]
[10050, 42]
[10050, 43]
[10050, 44]
[10050, 47]
[10050, 49]
[10050, 52]
[10050, 53]
[10050, 54]
[10050, 55]
[10050, 90]
[10050, 91]
[10050, 92]
[10050, 95]
[10050, 96]
[10050, 97]
[10050, 98]
[10050, 99]
[10051, 103]
[10051, 104]
[10051, 105]
[10051, 16]
[10051, 21]
[10051, 30]
[10051, 55]
[10051, 60]
[10051, 61]
[10051, 62]
[10051, 63]
[10051, 64]
[10051, 67]
[10051, 76]
[10051, 77]
[10051, 78]
[10051, 79]
[10051, 80]
[10051, 81]
[10051, 82]
[10051, 83]
[10051, 84]
[10051, 85]
[10051, 86]
[10051, 88]
[10051, 94]
[10052, 23]
[10052, 68]
[10052, 69]
[10052, 70]
[10052, 71]
[10052, 72]
[10052, 73]
[10052, 74]
[10052, 75]
[10052, 76]
[10052, 77]
[10052, 78]
[10052, 87]
[10052, 88]
[10052, 89]
[10053, 17]
[10053, 22]
[10053, 23]
[10053, 71]
[10053, 72]
[10053, 73]
[10053, 74]
[10053, 75]
[10053, 76]
[10053, 77]
[10053, 78]
[10053, 79]
[10053, 80]
[10053, 81]
[10053, 82]
[10053, 84]
[10053, 85]
[10053, 87]
[10053, 88]
[10053, 89]
[10054, 16]
[10054, 21]
[10054, 31]
[10054, 32]
[10054, 42]
[10054, 47]
[10054, 52]
[10054, 53]
[10054, 60]
[10054, 61]
[10054, 62]
[10054, 63]
[10054, 84]
[10054, 85]
[10054, 90]
[10054, 91]
[10054, 92]
[10054, 96]
[10054, 97]
[10054, 99]
[10055, 103]
[10055, 21]
[10055, 30]
[10055, 39]
[10055, 51]
[10055, 67]
[10055, 68]
[10055, 71]
[10055, 72]
[10055, 73]
[10055, 74]
[10055, 75]
[10055, 76]
[10055, 77]
[10055, 78]
[10055, 79]
[10055, 80]
[10055, 81]
[10055, 82]
[10055, 83]
[10055, 84]
[10055, 85]
[10055, 88]
[10055, 94]
[10055, 96]
[10057, 100]
[10057, 101]
[10057, 102]
[10057, 103]
[10057, 104]
[10057, 105]
[10057, 106]
[10057, 107]
[10057, 108]
[10057, 109]
[10057, 110]
[10057, 111]
[10057, 112]
[10057, 113]
[10057, 114]
[10057, 115]
[10057, 116]
[10057, 117]
[10057, 118]
[10057, 119]
[10057, 120]
[10057, 121]
[10057, 122]
[10057, 123]
[10057, 124]
[10057, 125]
[10057, 126]
[10057, 127]
[10057, 128]
[10057, 16]
[10057, 17]
[10057, 18]
[10057, 21]
[10057, 22]
[10057, 23]
[10057, 24]
[10057, 25]
[10057, 26]
[10057, 27]
[10057, 28]
[10057, 29]
[10057, 30]
[10057, 31]
[10057, 32]
[10057, 33]
[10057, 34]
[10057, 35]
[10057, 36]
[10057, 37]
[10057, 38]
[10057, 39]
[10057, 40]
[10057, 41]
[10057, 42]
[10057, 43]
[10057, 44]
[10057, 45]
[10057, 46]
[10057, 47]
[10057, 48]
[10057, 49]
[10057, 50]
[10057, 51]
[10057, 52]
[10057, 53]
[10057, 54]
[10057, 55]
[10057, 56]
[10057, 58]
[10057, 59]
[10057, 60]
[10057, 61]
[10057, 62]
[10057, 63]
[10057, 64]
[10057, 65]
[10057, 66]
[10057, 67]
[10057, 68]
[10057, 69]
[10057, 70]
[10057, 71]
[10057, 72]
[10057, 73]
[10057, 74]
[10057, 75]
[10057, 76]
[10057, 77]
[10057, 78]
[10057, 79]
[10057, 80]
[10057, 81]
[10057, 82]
[10057, 83]
[10057, 84]
[10057, 85]
[10057, 86]
[10057, 87]
[10057, 88]
[10057, 89]
[10057, 90]
[10057, 91]
[10057, 92]
[10057, 93]
[10057, 94]
[10057, 95]
[10057, 96]
[10057, 97]
[10057, 98]
[10057, 99]
[10058, 18]
[10058, 56]
[10059, 18]
[10059, 56]
[10059, 58]
[10060, 18]
[10060, 56]
[10060, 58]
[10060, 59]
[10061, 18]
[10061, 56]
[10061, 58]
[10061, 59]
[10062, 18]
[10062, 56]
[10062, 58]
[10062, 59]
[10063, 18]
[10063, 56]
[10063, 58]
[10064, 18]
[10064, 56]
[10064, 58]
[10064, 59]
[10065, 128]
[10066, 128]
[10066, 65]
[10067, 128]
[10067, 65]
[10067, 66]
[10068, 18]
[10068, 56]
[10068, 58]
[10068, 59]
[10069, 60]
[10069, 61]
[10069, 62]
[10069, 63]
[10069, 64]
[10070, 103]
[10070, 104]
[10070, 105]
[10070, 16]
[10070, 60]
[10070, 61]
[10070, 62]
[10070, 63]
[10070, 64]
[10070, 80]
[10070, 81]
[10070, 82]
[10070, 83]
[10070, 84]
[10070, 85]
[10070, 86]
[10070, 95]
[10070, 96]
[10071, 128]
[10071, 60]
[10071, 61]
[10071, 62]
[10071, 63]
[10071, 64]
[10071, 67]
[10071, 68]
[10071, 70]
[10071, 72]
[10071, 73]
[10071, 80]
[10071, 81]
[10071, 82]
[10071, 83]
[10072, 18]
[10072, 56]
[10072, 58]
[10072, 59]
[10073, 128]
[10073, 65]
[10073, 66]
[10073, 67]
[10075, 29]
[10075, 51]
[10075, 72]
[10075, 73]
[10075, 99]
[10076, 128]
[10076, 65]
[10076, 66]
[10077, 128]
[10077, 65]
[10077, 66]
[10077, 67]
[10077, 71]
[10077, 72]
[10077, 76]
[10077, 78]
[10077, 79]
[10077, 80]
[10077, 81]
[10077, 82]
[10077, 83]
[10078, 18]
[10078, 58]
[10078, 59]
[10078, 64]
[10078, 65]
[10078, 66]
[10079, 128]
[10079, 65]
[10079, 66]
[10079, 67]
[10080, 128]
[10080, 65]
[10080, 66]
[10081, 128]
[10081, 65]
[10081, 66]
[10082, 128]
[10085, 128]
[10085, 67]
[10085, 72]
[10085, 73]
[10085, 76]
[10085, 77]
[10085, 81]
[10085, 82]
[10085, 84]
[10085, 88]
[10087, 128]
[10087, 67]
[10088, 128]
[10088, 72]
[10088, 76]
[10088, 77]
[10088, 78]
[10088, 80]
[10088, 81]
[10088, 82]
[10089, 128]
[10089, 72]
[10089, 84]
[10089, 85]
[10089, 87]
[10089, 88]
[10090, 16]
[10090, 21]
[10090, 60]
[10090, 61]
[10090, 62]
[10090, 63]
[10090, 64]
[10090, 68]
[10090, 72]
[10090, 73]
[10090, 74]
[10090, 75]
[10090, 79]
[10090, 80]
[10090, 81]
[10090, 82]
[10090, 83]
[10090, 84]
[10090, 85]
[10090, 86]
[10091, 16]
[10091, 21]
[10091, 60]
[10091, 61]
[10091, 62]
[10091, 63]
[10091, 64]
[10091, 67]
[10091, 72]
[10091, 73]
[10091, 74]
[10091, 75]
[10091, 79]
[10091, 80]
[10091, 81]
[10091, 82]
[10091, 83]
[10091, 84]
[10091, 85]
[10091, 86]
[10092, 16]
[10092, 21]
[10092, 60]
[10092, 61]
[10092, 62]
[10092, 63]
[10092, 64]
[10092, 81]
[10092, 82]
[10092, 83]
[10092, 84]
[10092, 85]
[10092, 86]
[10093, 104]
[10093, 105]
[10093, 21]
[10093, 23]
[10093, 28]
[10093, 42]
[10093, 52]
[10093, 55]
[10093, 76]
[10093, 77]
[10093, 78]
[10093, 81]
[10093, 82]
[10093, 84]
[10093, 85]
[10093, 87]
[10093, 88]
[10093, 89]
[10093, 92]
[10093, 96]
[10093, 97]
[10094, 103]
[10094, 104]
[10094, 105]
[10094, 21]
[10094, 23]
[10094, 84]
[10094, 85]
[10094, 86]
[10094, 87]
[10094, 88]
[10094, 89]
[10094, 93]
[10094, 96]
[10095, 16]
[10095, 60]
[10095, 61]
[10095, 62]
[10095, 63]
[10095, 64]
[10095, 72]
[10095, 73]
[10095, 79]
[10095, 80]
[10095, 81]
[10095, 82]
[10095, 83]
[10095, 84]
[10095, 85]
[10095, 86]
[10096, 16]
[10096, 21]
[10096, 60]
[10096, 61]
[10096, 62]
[10096, 63]
[10096, 64]
[10096, 72]
[10096, 73]
[10096, 74]
[10096, 76]
[10096, 77]
[10096, 78]
[10096, 79]
[10096, 80]
[10096, 81]
[10096, 82]
[10096, 84]
[10096, 85]
[10096, 86]
[10096, 87]
[10096, 88]
[10097, 16]
[10097, 60]
[10097, 61]
[10097, 62]
[10097, 63]
[10097, 64]
[10097, 72]
[10097, 73]
[10097, 78]
[10097, 79]
[10097, 80]
[10097, 81]
[10097, 82]
[10097, 83]
[10097, 84]
[10097, 85]
[10097, 86]
[10097, 87]
[10097, 88]
[10099, 16]
[10099, 21]
[10099, 60]
[10099, 61]
[10099, 62]
[10099, 63]
[10099, 64]
[10099, 81]
[10099, 82]
[10099, 83]
[10099, 84]
[10099, 85]
[10099, 86]
[10, 100114]
[10, 100115]
[10, 100124]
[10, 100127]
[10, 100128]
[10, 10018]
[10, 10019]
[10, 10020]
[10, 10021]
[10, 10031]
[10, 10042]
[10, 10055]
[10, 10082]
[10, 10083]
[10, 10085]
[10, 10088]
[1, 10010]
[1, 10011]
[1, 10012]
[1, 10013]
[1, 10014]
[1, 10015]
[1, 10016]
[1, 10017]
[1, 10018]
[1, 10019]
[1, 1002]
[1, 1003]
[1, 1004]
[1, 1005]
[1, 1006]
[1, 1007]
[1, 1008]
[1, 1009]
[11, 100114]
[11, 100115]
[11, 100127]
[11, 100128]
[11, 10018]
[11, 10019]
[11, 10020]
[11, 10021]
[11, 10031]
[11, 10042]
[11, 10055]
[11, 10082]
[11, 10083]
[11, 10085]
[11, 10088]
[12, 100114]
[12, 100115]
[12, 100127]
[12, 100128]
[12, 10018]
[12, 10019]
[12, 10020]
[12, 10021]
[12, 10031]
[12, 10042]
[12, 10055]
[12, 10082]
[12, 10083]
[12, 10085]
[12, 10088]
[13, 100128]
[14, 100128]
[14, 10018]
[14, 10019]
[14, 10020]
[14, 10042]
[14, 10047]
[14, 10049]
[14, 10055]
[14, 10098]
[15, 100114]
[15, 100115]
[15, 100124]
[15, 100127]
[15, 100128]
[15, 10018]
[15, 10019]
[15, 10021]
[15, 10031]
[15, 10041]
[15, 10042]
[15, 10047]
[15, 10049]
[15, 10055]
[15, 10071]
[15, 10074]
[15, 10082]
[15, 10083]
[15, 10084]
[15, 10085]
[15, 10086]
[15, 10088]
[15, 10098]
[19, 10056]
[2, 10019]
[2, 10058]
[2, 10059]
[2, 10060]
[2, 10061]
[2, 10062]
[2, 10063]
[2, 10064]
[2, 10068]
[2, 10071]
[2, 10072]
[2, 10078]
[2, 10095]
[2, 10097]
[2, 10098]
[3, 10019]
[3, 10021]
[3, 10042]
[3, 10047]
[3, 10049]
[3, 10058]
[3, 10059]
[3, 10060]
[3, 10061]
[3, 10062]
[3, 10063]
[3, 10064]
[3, 10068]
[3, 10071]
[3, 10072]
[3, 10073]
[3, 10076]
[3, 10078]
[3, 10079]
[3, 10080]
[3, 10081]
[3, 10087]
[3, 10098]
[4, 10019]
[4, 10042]
[4, 10047]
[4, 10049]
[4, 10060]
[4, 10061]
[4, 10062]
[4, 10064]
[4, 10071]
[4, 10098]
[5, 10019]
[5, 10058]
[5, 10059]
[5, 10060]
[5, 10061]
[5, 10062]
[5, 10063]
[5, 10064]
[5, 10068]
[5, 10069]
[5, 10072]
[5, 10078]
[6, 10019]
[6, 10021]
[6, 10059]
[6, 10060]
[6, 10061]
[6, 10062]
[6, 10064]
[6, 10068]
[6, 10069]
[6, 10072]
[6, 10078]
[6, 10095]
[6, 10097]
[6, 10098]
[7, 10016]
[7, 10019]
[7, 10059]
[7, 10060]
[7, 10061]
[7, 10062]
[7, 10064]
[7, 10068]
[7, 10072]
[7, 10078]
[7, 10095]
[7, 10097]
[7, 10098]
[8, 10019]
[8, 10059]
[8, 10060]
[8, 10061]
[8, 10062]
[8, 10064]
[8, 10068]
[8, 10071]
[8, 10072]
[8, 10078]
[8, 10095]
[8, 10097]
[8, 10098]
[9, 100128]
[9, 10021]
[9, 10055]
[9, 10065]
[9, 10066]
[9, 10067]
[9, 10071]
[9, 10073]
[9, 10076]
[9, 10077]
[9, 10079]
[9, 10080]
[9, 10081]
[9, 10082]
[9, 10084]
[9, 10087]
[9, 10098]
