[10, 18, 114]
[10, 18, 115]
[10, 18, 124]
[10, 18, 127]
[10, 18, 128, 55]
[10, 18, 31]
[10, 18, 42]
[10, 20, 21, 42]
[10, 20, 21, 55]
[10, 20, 31]
[10, 21, 114]
[10, 21, 115]
[10, 21, 127]
[10, 21, 128, 55]
[10, 82, 85, 88, 127]
[10, 82, 85, 88, 128, 55]
[10, 82, 85, 88, 42]
[10, 83, 127]
[10, 83, 128, 55]
[10, 83, 42]
[10, 88, 85, 114]
[10, 88, 85, 115]
[11, 18, 114]
[11, 18, 115]
[11, 18, 127]
[11, 18, 128, 55]
[11, 18, 31]
[11, 18, 42]
[11, 20, 21, 42]
[11, 20, 21, 55]
[11, 20, 31]
[11, 21, 114]
[11, 21, 115]
[11, 21, 127]
[11, 21, 128, 55]
[1, 13]
[1, 16, 18]
[1, 16, 7]
[1, 17]
[1, 18, 10]
[1, 18, 11]
[1, 18, 12]
[1, 18, 14]
[1, 18, 15]
[11, 83, 127]
[11, 83, 128, 55]
[11, 83, 42]
[11, 88, 85, 114]
[11, 88, 85, 115]
[11, 88, 85, 82, 127]
[11, 88, 85, 82, 128, 55]
[11, 88, 85, 82, 42]
[1, 19, 10]
[1, 19, 11]
[1, 19, 12]
[1, 19, 14]
[1, 19, 15]
[1, 19, 2]
[1, 19, 3]
[1, 19, 4]
[1, 19, 5]
[1, 19, 6]
[1, 19, 7]
[1, 19, 8]
[12, 18, 114]
[12, 18, 115]
[12, 18, 127]
[12, 18, 128, 55]
[12, 18, 31]
[12, 18, 42]
[12, 20, 21, 42]
[12, 20, 21, 55]
[12, 20, 31]
[12, 21, 114]
[12, 21, 115]
[12, 21, 127]
[12, 21, 128, 55]
[12, 83, 127]
[12, 83, 128, 55]
[12, 83, 42]
[12, 88, 85, 114]
[12, 88, 85, 115]
[12, 88, 85, 82, 127]
[12, 88, 85, 82, 128, 55]
[12, 88, 85, 82, 42]
[13, 128]
[14, 18, 128, 49]
[14, 18, 128, 55]
[14, 18, 42]
[14, 18, 47]
[14, 18, 98]
[14, 20, 42]
[14, 20, 47]
[14, 20, 49]
[14, 20, 55]
[15, 18, 124]
[15, 18, 128, 49]
[15, 18, 128, 55]
[15, 18, 31]
[15, 18, 47]
[15, 18, 84, 114]
[15, 18, 84, 115]
[15, 18, 84, 127]
[15, 18, 84, 41]
[15, 18, 84, 42]
[15, 18, 84, 55]
[15, 18, 86]
[15, 18, 98]
[15, 21, 114]
[15, 21, 115]
[15, 21, 127]
[15, 21, 128, 55]
[15, 21, 41]
[15, 21, 42]
[15, 71, 127, 82]
[15, 71, 127, 83]
[15, 71, 128, 55, 82]
[15, 71, 128, 55, 83]
[15, 71, 47]
[15, 74, 114]
[15, 74, 115]
[15, 74, 128, 55]
[15, 74, 41]
[15, 74, 42]
[15, 82, 49, 128]
[15, 82, 85, 88, 127]
[15, 82, 85, 88, 128, 55]
[15, 82, 85, 88, 41]
[15, 82, 85, 88, 42]
[15, 83, 41]
[15, 83, 42]
[15, 83, 49, 128]
[15, 85, 84, 114]
[15, 85, 84, 115]
[15, 85, 84, 127]
[15, 85, 84, 41]
[15, 85, 84, 42]
[15, 85, 84, 55]
[15, 85, 88, 114]
[15, 85, 88, 115]
[1, 9]
[19, 56]
[20, 17, 22, 29, 24]
[20, 17, 22, 29, 26]
[20, 17, 22, 34]
[20, 17, 22, 46]
[20, 17, 22, 53]
[20, 21, 25]
[20, 21, 27, 30]
[20, 21, 29, 30, 24]
[20, 21, 29, 30, 45]
[20, 21, 35, 39]
[20, 21, 35, 42, 54]
[20, 21, 40, 39, 24]
[20, 21, 40, 39, 34]
[20, 21, 41]
[20, 21, 42, 24]
[20, 21, 42, 34]
[20, 21, 42, 36]
[20, 21, 42, 37]
[20, 21, 42, 38]
[20, 21, 46]
[20, 21, 55, 28, 44, 30]
[20, 21, 55, 30, 24]
[20, 21, 55, 30, 37]
[20, 21, 55, 30, 38]
[20, 21, 55, 30, 45]
[20, 21, 55, 33]
[20, 21, 55, 39, 24]
[20, 21, 55, 39, 34]
[20, 21, 55, 39, 36]
[20, 21, 55, 39, 37]
[20, 21, 55, 39, 38]
[20, 21, 55, 39, 43]
[20, 21, 55, 39, 44]
[20, 21, 55, 39, 45]
[20, 21, 55, 51, 30, 28]
[20, 21, 55, 51, 30, 34]
[20, 22, 25]
[20, 22, 27]
[20, 22, 43, 26]
[20, 23, 25]
[20, 23, 26, 29]
[20, 23, 30, 24, 29]
[20, 23, 30, 27]
[20, 23, 30, 28]
[20, 23, 30, 34]
[20, 23, 33]
[20, 23, 36]
[20, 23, 46]
[20, 23, 53]
[20, 26, 40, 39]
[20, 26, 41]
[20, 26, 51, 55]
[20, 32, 54, 31, 35]
[20, 32, 54, 31, 48]
[20, 32, 54, 31, 50]
[20, 47, 54, 26, 50]
[20, 48, 53, 54]
[20, 49, 40, 24]
[20, 49, 40, 26]
[20, 49, 40, 34]
[20, 49, 50, 26, 43]
[20, 50, 26, 37, 42]
[20, 50, 26, 37, 55, 39]
[20, 50, 26, 43, 52]
[20, 50, 26, 43, 55, 39]
[20, 50, 26, 52, 54]
[20, 50, 26, 54, 42]
[20, 50, 27]
[20, 50, 44, 55, 39]
[20, 50, 53, 54]
[20, 52, 23, 26]
[20, 52, 45]
[2, 58, 59, 60]
[2, 58, 59, 61]
[2, 58, 59, 62]
[2, 58, 59, 64, 78]
[2, 58, 59, 68]
[2, 58, 59, 72]
[2, 58, 63]
[2, 71, 60]
[2, 71, 61]
[2, 71, 62]
[2, 71, 63]
[2, 71, 64]
[2, 71, 68]
[2, 71, 72]
[2, 95, 60]
[2, 95, 61]
[2, 95, 62]
[2, 95, 63]
[2, 95, 64]
[2, 95, 72]
[2, 97, 60]
[2, 97, 61]
[2, 97, 62]
[2, 97, 63]
[2, 97, 64, 78]
[2, 97, 72]
[2, 98]
[3, 21, 60]
[3, 21, 61]
[3, 21, 62]
[3, 21, 63]
[3, 21, 64]
[3, 42, 21, 79]
[3, 42, 21, 80]
[3, 42, 68]
[3, 42, 72]
[3, 42, 73]
[3, 42, 76]
[3, 42, 78]
[3, 42, 81]
[3, 42, 87]
[3, 49, 80]
[3, 49, 81]
[3, 58, 59, 60]
[3, 58, 59, 61]
[3, 58, 59, 62]
[3, 58, 59, 68]
[3, 58, 59, 72]
[3, 58, 63]
[3, 71, 47, 68]
[3, 71, 47, 72]
[3, 71, 60]
[3, 71, 61]
[3, 71, 62]
[3, 71, 63]
[3, 71, 64]
[3, 71, 73]
[3, 71, 80]
[3, 71, 81]
[3, 76, 47]
[3, 78, 47]
[3, 78, 64, 58, 59]
[3, 79, 47]
[3, 79, 49]
[3, 98]
[4, 42]
[4, 49]
[4, 71, 47]
[4, 71, 60]
[4, 71, 61]
[4, 71, 62]
[4, 71, 64]
[4, 98]
[5, 58, 59, 60]
[5, 58, 59, 61]
[5, 58, 59, 62]
[5, 58, 59, 64, 78]
[5, 58, 59, 68]
[5, 58, 59, 72]
[5, 58, 63]
[5, 69, 60]
[5, 69, 61]
[5, 69, 62]
[5, 69, 63]
[5, 69, 64]
[57, 17, 22, 26, 29]
[57, 17, 22, 34]
[57, 17, 22, 46, 81]
[57, 17, 22, 73, 29, 128]
[57, 17, 22, 73, 29, 24]
[57, 17, 22, 73, 53]
[57, 17, 22, 81, 128]
[57, 17, 22, 81, 53]
[57, 17, 72, 75, 29, 128]
[57, 17, 72, 75, 29, 24]
[57, 17, 72, 75, 53]
[57, 17, 72, 88, 29, 128]
[57, 17, 72, 88, 29, 24]
[57, 17, 72, 88, 53]
[57, 17, 74, 29, 128]
[57, 17, 74, 29, 24]
[57, 17, 74, 53]
[57, 17, 75, 73, 29, 128]
[57, 17, 75, 73, 29, 24]
[57, 17, 75, 73, 53]
[57, 17, 88, 26, 29]
[57, 17, 88, 34]
[57, 17, 88, 81, 128]
[57, 17, 88, 81, 46]
[57, 17, 88, 81, 53]
[57, 18, 104, 106, 28, 44]
[57, 18, 104, 106, 28, 51]
[57, 18, 104, 106, 43]
[57, 18, 104, 108, 43]
[57, 18, 104, 108, 51, 28]
[57, 18, 104, 109, 43]
[57, 18, 104, 109, 51, 28]
[57, 18, 104, 121]
[57, 18, 104, 126, 51]
[57, 18, 104, 28, 51, 107]
[57, 18, 104, 28, 51, 116]
[57, 18, 104, 33, 126]
[57, 18, 104, 34, 51]
[57, 18, 104, 37, 106]
[57, 18, 104, 37, 107]
[57, 18, 104, 37, 108]
[57, 18, 104, 37, 109]
[57, 18, 104, 37, 110]
[57, 18, 104, 37, 116]
[57, 18, 104, 38]
[57, 18, 104, 44, 116, 28]
[57, 18, 104, 45]
[57, 18, 105, 106, 28, 44]
[57, 18, 105, 106, 28, 51]
[57, 18, 105, 106, 43]
[57, 18, 105, 108, 43]
[57, 18, 105, 108, 51, 28]
[57, 18, 105, 109, 43]
[57, 18, 105, 109, 51, 28]
[57, 18, 105, 121]
[57, 18, 105, 28, 51, 107]
[57, 18, 105, 28, 51, 116]
[57, 18, 105, 33]
[57, 18, 105, 34, 51]
[57, 18, 105, 37, 106]
[57, 18, 105, 37, 107]
[57, 18, 105, 37, 108]
[57, 18, 105, 37, 109]
[57, 18, 105, 37, 110]
[57, 18, 105, 37, 116]
[57, 18, 105, 38]
[57, 18, 105, 44, 116, 28]
[57, 18, 105, 45]
[57, 18, 117, 114]
[57, 18, 117, 115, 39]
[57, 18, 117, 29, 110]
[57, 18, 117, 29, 45]
[57, 18, 117, 32, 110]
[57, 18, 117, 35, 39]
[57, 18, 117, 35, 42]
[57, 18, 117, 40, 108]
[57, 18, 117, 40, 109]
[57, 18, 117, 40, 39, 110]
[57, 18, 117, 42, 111]
[57, 18, 117, 42, 113]
[57, 18, 117, 42, 37, 108]
[57, 18, 117, 42, 37, 109]
[57, 18, 117, 42, 37, 110]
[57, 18, 117, 42, 38]
[57, 18, 117, 46]
[57, 18, 117, 53, 108]
[57, 18, 117, 53, 109]
[57, 18, 117, 53, 110]
[57, 18, 117, 55, 108, 37]
[57, 18, 117, 55, 108, 43]
[57, 18, 117, 55, 108, 51, 28]
[57, 18, 117, 55, 109, 37]
[57, 18, 117, 55, 109, 43]
[57, 18, 117, 55, 109, 51, 28]
[57, 18, 117, 55, 28, 44]
[57, 18, 117, 55, 39, 110, 37]
[57, 18, 117, 55, 39, 110, 43]
[57, 18, 117, 55, 39, 111]
[57, 18, 117, 55, 39, 112]
[57, 18, 117, 55, 39, 113]
[57, 18, 117, 55, 39, 118]
[57, 18, 117, 55, 39, 119]
[57, 18, 117, 55, 39, 120]
[57, 18, 117, 55, 39, 38]
[57, 18, 117, 55, 39, 45]
[57, 18, 117, 55, 51, 110]
[57, 18, 124, 122]
[57, 18, 128, 49]
[57, 18, 128, 72, 25]
[57, 18, 128, 72, 29]
[57, 18, 128, 72, 55, 39]
[57, 18, 128, 78, 25]
[57, 18, 128, 78, 29]
[57, 18, 128, 78, 39, 55]
[57, 18, 128, 78, 51, 104]
[57, 18, 128, 78, 51, 105]
[57, 18, 128, 78, 51, 55]
[57, 18, 16, 33, 90]
[57, 18, 16, 33, 91]
[57, 18, 16, 33, 92]
[57, 18, 16, 60, 31]
[57, 18, 16, 60, 51]
[57, 18, 16, 60, 90]
[57, 18, 16, 60, 91]
[57, 18, 16, 60, 92]
[57, 18, 16, 60, 95]
[57, 18, 16, 60, 96]
[57, 18, 16, 60, 97]
[57, 18, 16, 60, 99]
[57, 18, 16, 61, 31]
[57, 18, 16, 61, 51]
[57, 18, 16, 61, 90]
[57, 18, 16, 61, 91]
[57, 18, 16, 61, 92]
[57, 18, 16, 61, 95]
[57, 18, 16, 61, 96]
[57, 18, 16, 61, 97]
[57, 18, 16, 61, 99]
[57, 18, 16, 62, 31]
[57, 18, 16, 62, 51]
[57, 18, 16, 62, 90]
[57, 18, 16, 62, 91]
[57, 18, 16, 62, 92]
[57, 18, 16, 62, 95]
[57, 18, 16, 62, 96]
[57, 18, 16, 62, 97]
[57, 18, 16, 62, 99]
[57, 18, 16, 63, 31]
[57, 18, 16, 63, 51]
[57, 18, 16, 63, 90]
[57, 18, 16, 63, 91]
[57, 18, 16, 63, 92]
[57, 18, 16, 63, 95]
[57, 18, 16, 63, 96]
[57, 18, 16, 63, 97]
[57, 18, 16, 63, 99]
[57, 18, 16, 64, 31]
[57, 18, 16, 64, 51]
[57, 18, 16, 64, 90]
[57, 18, 16, 64, 91]
[57, 18, 16, 64, 92]
[57, 18, 16, 64, 95]
[57, 18, 16, 64, 96]
[57, 18, 16, 64, 97]
[57, 18, 16, 64, 99]
[57, 18, 24, 103, 55]
[57, 18, 24, 49, 40]
[57, 18, 24, 72, 29]
[57, 18, 24, 72, 39, 40]
[57, 18, 24, 72, 39, 55]
[57, 18, 24, 72, 42]
[57, 18, 24, 72, 90]
[57, 18, 24, 72, 91]
[57, 18, 24, 72, 95]
[57, 18, 24, 72, 96, 55]
[57, 18, 24, 72, 97]
[57, 18, 24, 92]
[57, 18, 25, 117]
[57, 18, 26, 100, 37]
[57, 18, 26, 100, 43]
[57, 18, 26, 101, 37]
[57, 18, 26, 101, 43]
[57, 18, 26, 102, 37]
[57, 18, 26, 102, 43]
[57, 18, 26, 29, 117]
[57, 18, 26, 29, 122]
[57, 18, 26, 40, 39, 117]
[57, 18, 26, 40, 39, 122]
[57, 18, 26, 40, 49, 117]
[57, 18, 26, 40, 49, 122]
[57, 18, 26, 41]
[57, 18, 26, 50, 37, 42, 117]
[57, 18, 26, 50, 37, 42, 122]
[57, 18, 26, 50, 37, 55, 39, 117]
[57, 18, 26, 50, 37, 55, 39, 122]
[57, 18, 26, 50, 37, 55, 96]
[57, 18, 26, 50, 37, 90]
[57, 18, 26, 50, 37, 91]
[57, 18, 26, 50, 37, 92]
[57, 18, 26, 50, 37, 95]
[57, 18, 26, 50, 37, 97]
[57, 18, 26, 50, 43, 117, 49]
[57, 18, 26, 50, 43, 117, 52]
[57, 18, 26, 50, 43, 117, 55, 39]
[57, 18, 26, 50, 43, 122, 49]
[57, 18, 26, 50, 43, 122, 52]
[57, 18, 26, 50, 43, 122, 55, 39]
[57, 18, 26, 50, 43, 92]
[57, 18, 26, 50, 43, 96, 55]
[57, 18, 26, 50, 43, 97]
[57, 18, 26, 50, 47, 117]
[57, 18, 26, 50, 47, 122, 54]
[57, 18, 26, 50, 52, 54, 122]
[57, 18, 26, 50, 54, 42, 122]
[57, 18, 26, 50, 54, 90]
[57, 18, 26, 50, 54, 91]
[57, 18, 26, 50, 54, 92]
[57, 18, 26, 50, 54, 96]
[57, 18, 26, 50, 54, 97]
[57, 18, 26, 50, 99, 54]
[57, 18, 26, 51, 55, 117]
[57, 18, 26, 51, 55, 122]
[57, 18, 31, 32, 106]
[57, 18, 31, 32, 107]
[57, 18, 31, 32, 109, 117]
[57, 18, 31, 32, 116]
[57, 18, 31, 32, 117, 108]
[57, 18, 31, 32, 117, 35]
[57, 18, 31, 32, 117, 50]
[57, 18, 31, 32, 54, 108]
[57, 18, 31, 32, 54, 122, 35]
[57, 18, 31, 32, 54, 122, 50]
[57, 18, 31, 32, 54, 48]
[57, 18, 31, 60, 35, 54]
[57, 18, 31, 61, 35, 54]
[57, 18, 31, 62, 35, 54]
[57, 18, 31, 63, 35, 54]
[57, 18, 47, 106]
[57, 18, 47, 107, 78]
[57, 18, 47, 108, 117]
[57, 18, 47, 108, 54]
[57, 18, 47, 109, 117]
[57, 18, 47, 50, 126, 54]
[57, 18, 47, 68]
[57, 18, 47, 72, 107]
[57, 18, 47, 72, 116]
[57, 18, 47, 72, 126]
[57, 18, 47, 78, 116]
[57, 18, 48, 54, 32, 90]
[57, 18, 48, 54, 32, 91]
[57, 18, 48, 54, 32, 92]
[57, 18, 48, 54, 32, 96]
[57, 18, 48, 54, 32, 97]
[57, 18, 48, 54, 32, 99]
[57, 18, 48, 54, 53]
[57, 18, 49, 126, 40]
[57, 18, 49, 126, 50, 43]
[57, 18, 49, 34, 40]
[57, 18, 50, 105, 37]
[57, 18, 50, 105, 43]
[57, 18, 50, 105, 44]
[57, 18, 50, 117, 44, 55, 39]
[57, 18, 50, 117, 53]
[57, 18, 50, 122, 44, 55, 39]
[57, 18, 50, 122, 53, 54]
[57, 18, 50, 126, 103, 43, 55]
[57, 18, 50, 126, 104, 43]
[57, 18, 50, 126, 104, 44]
[57, 18, 50, 126, 37, 104]
[57, 18, 50, 126, 37, 42]
[57, 18, 50, 126, 37, 55, 39]
[57, 18, 50, 126, 37, 55, 96]
[57, 18, 50, 126, 37, 90]
[57, 18, 50, 126, 37, 92]
[57, 18, 50, 126, 37, 97]
[57, 18, 50, 126, 39, 55, 43]
[57, 18, 50, 126, 39, 55, 44]
[57, 18, 50, 126, 43, 52]
[57, 18, 50, 126, 43, 92]
[57, 18, 50, 126, 43, 96, 55]
[57, 18, 50, 126, 43, 97]
[57, 18, 50, 126, 44, 90]
[57, 18, 50, 126, 44, 92]
[57, 18, 50, 126, 44, 96, 55]
[57, 18, 50, 126, 44, 97]
[57, 18, 50, 126, 54, 32, 90]
[57, 18, 50, 126, 54, 32, 92]
[57, 18, 50, 126, 54, 32, 96]
[57, 18, 50, 126, 54, 32, 97]
[57, 18, 50, 126, 54, 32, 99]
[57, 18, 50, 126, 54, 42]
[57, 18, 50, 126, 54, 52]
[57, 18, 50, 126, 54, 53]
[57, 18, 50, 27, 103]
[57, 18, 50, 27, 104]
[57, 18, 50, 27, 105]
[57, 18, 50, 91, 32, 54]
[57, 18, 50, 91, 44]
[57, 18, 50, 95, 32]
[57, 18, 50, 95, 44]
[57, 18, 50, 98, 37]
[57, 18, 50, 98, 43]
[57, 18, 52, 43, 106]
[57, 18, 52, 43, 108, 117]
[57, 18, 52, 43, 109, 117]
[57, 18, 52, 43, 117, 110]
[57, 18, 52, 43, 122, 110]
[57, 18, 52, 43, 72, 107]
[57, 18, 52, 43, 72, 110]
[57, 18, 52, 43, 72, 116]
[57, 18, 52, 43, 72, 126]
[57, 18, 52, 43, 78, 107]
[57, 18, 52, 43, 78, 110]
[57, 18, 52, 43, 78, 116]
[57, 18, 52, 45, 117]
[57, 18, 52, 45, 122]
[57, 18, 52, 45, 72]
[57, 18, 52, 54, 108]
[57, 18, 52, 54, 110, 122]
[57, 18, 52, 68]
[57, 18, 56, 58, 59, 60]
[57, 18, 56, 58, 59, 61]
[57, 18, 56, 58, 59, 62]
[57, 18, 56, 58, 59, 64]
[57, 18, 56, 58, 59, 68]
[57, 18, 56, 58, 59, 72]
[57, 18, 56, 58, 63]
[57, 18, 58, 78, 64, 59]
[57, 18, 60, 100, 43]
[57, 18, 60, 101, 43]
[57, 18, 60, 102, 43]
[57, 18, 60, 35, 39]
[57, 18, 60, 35, 54, 90]
[57, 18, 60, 35, 54, 91]
[57, 18, 60, 35, 54, 92]
[57, 18, 60, 35, 54, 96]
[57, 18, 60, 35, 54, 97]
[57, 18, 60, 35, 54, 99]
[57, 18, 60, 36, 104]
[57, 18, 60, 36, 105]
[57, 18, 60, 36, 39]
[57, 18, 60, 36, 90]
[57, 18, 60, 36, 91]
[57, 18, 60, 36, 92]
[57, 18, 60, 36, 96]
[57, 18, 60, 36, 97]
[57, 18, 60, 36, 99]
[57, 18, 60, 40, 39]
[57, 18, 60, 43, 104]
[57, 18, 60, 43, 105]
[57, 18, 60, 43, 39]
[57, 18, 60, 43, 92]
[57, 18, 60, 43, 96]
[57, 18, 60, 43, 97]
[57, 18, 60, 44, 104]
[57, 18, 60, 44, 105]
[57, 18, 60, 44, 39]
[57, 18, 60, 44, 90]
[57, 18, 60, 44, 91]
[57, 18, 60, 44, 92]
[57, 18, 60, 44, 95]
[57, 18, 60, 44, 96]
[57, 18, 60, 44, 97]
[57, 18, 60, 51, 104]
[57, 18, 60, 51, 105]
[57, 18, 61, 100, 43]
[57, 18, 61, 101, 43]
[57, 18, 61, 102, 43]
[57, 18, 61, 35, 39]
[57, 18, 61, 35, 54, 90]
[57, 18, 61, 35, 54, 91]
[57, 18, 61, 35, 54, 92]
[57, 18, 61, 35, 54, 96]
[57, 18, 61, 35, 54, 97]
[57, 18, 61, 35, 54, 99]
[57, 18, 61, 36, 104]
[57, 18, 61, 36, 105]
[57, 18, 61, 36, 39]
[57, 18, 61, 36, 90]
[57, 18, 61, 36, 91]
[57, 18, 61, 36, 92]
[57, 18, 61, 36, 96]
[57, 18, 61, 36, 97]
[57, 18, 61, 36, 99]
[57, 18, 61, 40, 39]
[57, 18, 61, 43, 104]
[57, 18, 61, 43, 105]
[57, 18, 61, 43, 39]
[57, 18, 61, 43, 92]
[57, 18, 61, 43, 96]
[57, 18, 61, 43, 97]
[57, 18, 61, 44, 104]
[57, 18, 61, 44, 105]
[57, 18, 61, 44, 39]
[57, 18, 61, 44, 90]
[57, 18, 61, 44, 91]
[57, 18, 61, 44, 92]
[57, 18, 61, 44, 95]
[57, 18, 61, 44, 96]
[57, 18, 61, 44, 97]
[57, 18, 61, 51, 104]
[57, 18, 61, 51, 105]
[57, 18, 62, 100, 43]
[57, 18, 62, 101, 43]
[57, 18, 62, 102, 43]
[57, 18, 62, 35, 39]
[57, 18, 62, 35, 54, 90]
[57, 18, 62, 35, 54, 91]
[57, 18, 62, 35, 54, 92]
[57, 18, 62, 35, 54, 96]
[57, 18, 62, 35, 54, 97]
[57, 18, 62, 35, 54, 99]
[57, 18, 62, 36, 104]
[57, 18, 62, 36, 105]
[57, 18, 62, 36, 39]
[57, 18, 62, 36, 90]
[57, 18, 62, 36, 91]
[57, 18, 62, 36, 92]
[57, 18, 62, 36, 96]
[57, 18, 62, 36, 97]
[57, 18, 62, 36, 99]
[57, 18, 62, 40, 39]
[57, 18, 62, 43, 104]
[57, 18, 62, 43, 105]
[57, 18, 62, 43, 39]
[57, 18, 62, 43, 92]
[57, 18, 62, 43, 96]
[57, 18, 62, 43, 97]
[57, 18, 62, 44, 104]
[57, 18, 62, 44, 105]
[57, 18, 62, 44, 39]
[57, 18, 62, 44, 90]
[57, 18, 62, 44, 91]
[57, 18, 62, 44, 92]
[57, 18, 62, 44, 95]
[57, 18, 62, 44, 96]
[57, 18, 62, 44, 97]
[57, 18, 62, 51, 104]
[57, 18, 62, 51, 105]
[57, 18, 63, 100, 43]
[57, 18, 63, 101, 43]
[57, 18, 63, 102, 43]
[57, 18, 63, 35, 39]
[57, 18, 63, 35, 54, 90]
[57, 18, 63, 35, 54, 91]
[57, 18, 63, 35, 54, 92]
[57, 18, 63, 35, 54, 96]
[57, 18, 63, 35, 54, 97]
[57, 18, 63, 35, 54, 99]
[57, 18, 63, 36, 104]
[57, 18, 63, 36, 105]
[57, 18, 63, 36, 39]
[57, 18, 63, 36, 90]
[57, 18, 63, 36, 91]
[57, 18, 63, 36, 92]
[57, 18, 63, 36, 96]
[57, 18, 63, 36, 97]
[57, 18, 63, 36, 99]
[57, 18, 63, 40, 39]
[57, 18, 63, 43, 104]
[57, 18, 63, 43, 105]
[57, 18, 63, 43, 39]
[57, 18, 63, 43, 92]
[57, 18, 63, 43, 96]
[57, 18, 63, 43, 97]
[57, 18, 63, 44, 104]
[57, 18, 63, 44, 105]
[57, 18, 63, 44, 39]
[57, 18, 63, 44, 90]
[57, 18, 63, 44, 91]
[57, 18, 63, 44, 92]
[57, 18, 63, 44, 95]
[57, 18, 63, 44, 96]
[57, 18, 63, 44, 97]
[57, 18, 63, 51, 104]
[57, 18, 63, 51, 105]
[57, 18, 64, 100]
[57, 18, 64, 101]
[57, 18, 64, 102]
[57, 18, 64, 78, 51]
[57, 18, 64, 78, 96]
[57, 18, 64, 78, 97]
[57, 18, 68, 125]
[57, 18, 68, 127]
[57, 18, 68, 39, 123]
[57, 18, 68, 39, 55]
[57, 18, 68, 41]
[57, 18, 68, 42]
[57, 18, 68, 90]
[57, 18, 72, 125]
[57, 18, 72, 127]
[57, 18, 72, 27]
[57, 18, 72, 29, 110]
[57, 18, 72, 29, 126]
[57, 18, 72, 29, 45]
[57, 18, 72, 39, 115]
[57, 18, 72, 39, 123]
[57, 18, 72, 39, 40, 107]
[57, 18, 72, 39, 40, 110]
[57, 18, 72, 39, 40, 116]
[57, 18, 72, 39, 40, 126]
[57, 18, 72, 39, 55, 111]
[57, 18, 72, 39, 55, 112]
[57, 18, 72, 39, 55, 113]
[57, 18, 72, 39, 55, 118]
[57, 18, 72, 39, 55, 119]
[57, 18, 72, 39, 55, 120]
[57, 18, 72, 39, 55, 36]
[57, 18, 72, 39, 55, 43, 107]
[57, 18, 72, 39, 55, 43, 110]
[57, 18, 72, 39, 55, 43, 116]
[57, 18, 72, 39, 55, 43, 126]
[57, 18, 72, 39, 55, 45]
[57, 18, 72, 41]
[57, 18, 72, 42, 107]
[57, 18, 72, 42, 110]
[57, 18, 72, 42, 111]
[57, 18, 72, 42, 113]
[57, 18, 72, 42, 116]
[57, 18, 72, 42, 126]
[57, 18, 72, 42, 36]
[57, 18, 72, 53, 107]
[57, 18, 72, 53, 110]
[57, 18, 72, 53, 116]
[57, 18, 72, 53, 126]
[57, 18, 72, 90, 107]
[57, 18, 72, 90, 110]
[57, 18, 72, 90, 111]
[57, 18, 72, 90, 112]
[57, 18, 72, 90, 113]
[57, 18, 72, 90, 116]
[57, 18, 72, 90, 118]
[57, 18, 72, 90, 119]
[57, 18, 72, 90, 120]
[57, 18, 72, 90, 126]
[57, 18, 72, 90, 36]
[57, 18, 72, 91, 36]
[57, 18, 72, 95, 111]
[57, 18, 72, 95, 45]
[57, 18, 72, 96, 114]
[57, 18, 72, 96, 115]
[57, 18, 72, 96, 123]
[57, 18, 72, 96, 55, 111]
[57, 18, 72, 96, 55, 112]
[57, 18, 72, 96, 55, 113]
[57, 18, 72, 96, 55, 118]
[57, 18, 72, 96, 55, 119]
[57, 18, 72, 96, 55, 120]
[57, 18, 72, 96, 55, 36]
[57, 18, 72, 96, 55, 43, 107]
[57, 18, 72, 96, 55, 43, 110]
[57, 18, 72, 96, 55, 43, 116]
[57, 18, 72, 96, 55, 43, 126]
[57, 18, 72, 96, 55, 45]
[57, 18, 72, 97, 111]
[57, 18, 72, 97, 112]
[57, 18, 72, 97, 113]
[57, 18, 72, 97, 114]
[57, 18, 72, 97, 115]
[57, 18, 72, 97, 118]
[57, 18, 72, 97, 119]
[57, 18, 72, 97, 120]
[57, 18, 72, 97, 123]
[57, 18, 72, 97, 36]
[57, 18, 72, 97, 43, 107]
[57, 18, 72, 97, 43, 110]
[57, 18, 72, 97, 43, 116]
[57, 18, 72, 97, 43, 126]
[57, 18, 72, 97, 45]
[57, 18, 78, 104, 111]
[57, 18, 78, 104, 112]
[57, 18, 78, 104, 113]
[57, 18, 78, 104, 114]
[57, 18, 78, 104, 115]
[57, 18, 78, 104, 118]
[57, 18, 78, 104, 119]
[57, 18, 78, 104, 120]
[57, 18, 78, 104, 123]
[57, 18, 78, 104, 27]
[57, 18, 78, 104, 36]
[57, 18, 78, 104, 43, 107]
[57, 18, 78, 104, 43, 110]
[57, 18, 78, 104, 43, 116]
[57, 18, 78, 104, 51, 107]
[57, 18, 78, 104, 51, 110]
[57, 18, 78, 104, 51, 116]
[57, 18, 78, 105, 111]
[57, 18, 78, 105, 112]
[57, 18, 78, 105, 113]
[57, 18, 78, 105, 118]
[57, 18, 78, 105, 119]
[57, 18, 78, 105, 120]
[57, 18, 78, 105, 27]
[57, 18, 78, 105, 36]
[57, 18, 78, 105, 43, 107]
[57, 18, 78, 105, 43, 110]
[57, 18, 78, 105, 43, 116]
[57, 18, 78, 105, 51, 107]
[57, 18, 78, 105, 51, 110]
[57, 18, 78, 105, 51, 116]
[57, 18, 78, 125]
[57, 18, 78, 127]
[57, 18, 78, 29, 110]
[57, 18, 78, 39, 115]
[57, 18, 78, 39, 123]
[57, 18, 78, 39, 40, 107]
[57, 18, 78, 39, 40, 110]
[57, 18, 78, 39, 40, 116]
[57, 18, 78, 39, 55, 111]
[57, 18, 78, 39, 55, 112]
[57, 18, 78, 39, 55, 113]
[57, 18, 78, 39, 55, 118]
[57, 18, 78, 39, 55, 119]
[57, 18, 78, 39, 55, 120]
[57, 18, 78, 39, 55, 36]
[57, 18, 78, 39, 55, 43, 107]
[57, 18, 78, 39, 55, 43, 110]
[57, 18, 78, 39, 55, 43, 116]
[57, 18, 78, 41]
[57, 18, 78, 42, 107]
[57, 18, 78, 42, 110]
[57, 18, 78, 42, 111]
[57, 18, 78, 42, 113]
[57, 18, 78, 42, 116]
[57, 18, 78, 42, 36]
[57, 18, 78, 53, 107]
[57, 18, 78, 53, 110]
[57, 18, 78, 53, 116]
[57, 18, 78, 55, 51, 107]
[57, 18, 78, 55, 51, 110]
[57, 18, 78, 55, 51, 116]
[57, 18, 78, 96, 114]
[57, 18, 78, 96, 115]
[57, 18, 78, 96, 123]
[57, 18, 78, 96, 55, 111]
[57, 18, 78, 96, 55, 112]
[57, 18, 78, 96, 55, 113]
[57, 18, 78, 96, 55, 118]
[57, 18, 78, 96, 55, 119]
[57, 18, 78, 96, 55, 120]
[57, 18, 78, 96, 55, 36]
[57, 18, 78, 96, 55, 43, 107]
[57, 18, 78, 96, 55, 43, 110]
[57, 18, 78, 96, 55, 43, 116]
[57, 18, 78, 97, 111]
[57, 18, 78, 97, 112]
[57, 18, 78, 97, 113]
[57, 18, 78, 97, 114]
[57, 18, 78, 97, 115]
[57, 18, 78, 97, 118]
[57, 18, 78, 97, 119]
[57, 18, 78, 97, 120]
[57, 18, 78, 97, 123]
[57, 18, 78, 97, 36]
[57, 18, 78, 97, 43, 107]
[57, 18, 78, 97, 43, 110]
[57, 18, 78, 97, 43, 116]
[57, 18, 84, 100, 111]
[57, 18, 84, 100, 112]
[57, 18, 84, 100, 113]
[57, 18, 84, 100, 118]
[57, 18, 84, 100, 119]
[57, 18, 84, 100, 120]
[57, 18, 84, 100, 121]
[57, 18, 84, 100, 34]
[57, 18, 84, 100, 37, 106]
[57, 18, 84, 100, 37, 107]
[57, 18, 84, 100, 37, 108]
[57, 18, 84, 100, 37, 109]
[57, 18, 84, 100, 37, 110]
[57, 18, 84, 100, 37, 116]
[57, 18, 84, 100, 37, 126]
[57, 18, 84, 100, 38]
[57, 18, 84, 100, 43, 106]
[57, 18, 84, 100, 43, 107]
[57, 18, 84, 100, 43, 108]
[57, 18, 84, 100, 43, 109]
[57, 18, 84, 100, 43, 110]
[57, 18, 84, 100, 43, 116]
[57, 18, 84, 100, 43, 126]
[57, 18, 84, 101, 111]
[57, 18, 84, 101, 112]
[57, 18, 84, 101, 113]
[57, 18, 84, 101, 115]
[57, 18, 84, 101, 118]
[57, 18, 84, 101, 119]
[57, 18, 84, 101, 120]
[57, 18, 84, 101, 121]
[57, 18, 84, 101, 34]
[57, 18, 84, 101, 37, 106]
[57, 18, 84, 101, 37, 107]
[57, 18, 84, 101, 37, 108]
[57, 18, 84, 101, 37, 109]
[57, 18, 84, 101, 37, 110]
[57, 18, 84, 101, 37, 116]
[57, 18, 84, 101, 37, 126]
[57, 18, 84, 101, 38]
[57, 18, 84, 101, 43, 106]
[57, 18, 84, 101, 43, 107]
[57, 18, 84, 101, 43, 108]
[57, 18, 84, 101, 43, 109]
[57, 18, 84, 101, 43, 110]
[57, 18, 84, 101, 43, 116]
[57, 18, 84, 101, 43, 126]
[57, 18, 84, 102, 111]
[57, 18, 84, 102, 112]
[57, 18, 84, 102, 113]
[57, 18, 84, 102, 118]
[57, 18, 84, 102, 119]
[57, 18, 84, 102, 120]
[57, 18, 84, 102, 121]
[57, 18, 84, 102, 34]
[57, 18, 84, 102, 37, 106]
[57, 18, 84, 102, 37, 107]
[57, 18, 84, 102, 37, 109]
[57, 18, 84, 102, 37, 116]
[57, 18, 84, 102, 38]
[57, 18, 84, 102, 43, 106]
[57, 18, 84, 102, 43, 107]
[57, 18, 84, 102, 43, 109]
[57, 18, 84, 102, 43, 116]
[57, 18, 84, 103, 55, 111]
[57, 18, 84, 103, 55, 112]
[57, 18, 84, 103, 55, 113]
[57, 18, 84, 103, 55, 118]
[57, 18, 84, 103, 55, 119]
[57, 18, 84, 103, 55, 120]
[57, 18, 84, 103, 55, 121]
[57, 18, 84, 103, 55, 36]
[57, 18, 84, 103, 55, 43, 106]
[57, 18, 84, 103, 55, 43, 107]
[57, 18, 84, 103, 55, 43, 108]
[57, 18, 84, 103, 55, 43, 109]
[57, 18, 84, 103, 55, 43, 110]
[57, 18, 84, 103, 55, 43, 116]
[57, 18, 84, 103, 55, 43, 126]
[57, 18, 84, 122, 28, 44, 55]
[57, 18, 84, 122, 32, 54, 110]
[57, 18, 84, 122, 32, 54, 35]
[57, 18, 84, 125]
[57, 18, 84, 127]
[57, 18, 84, 27, 103]
[57, 18, 84, 29, 122, 110]
[57, 18, 84, 29, 122, 45]
[57, 18, 84, 29, 126]
[57, 18, 84, 33, 122, 55]
[57, 18, 84, 33, 126, 55]
[57, 18, 84, 33, 126, 90]
[57, 18, 84, 33, 126, 92]
[57, 18, 84, 33, 91]
[57, 18, 84, 39, 115]
[57, 18, 84, 39, 123, 122]
[57, 18, 84, 39, 35, 122]
[57, 18, 84, 39, 35, 126]
[57, 18, 84, 39, 40, 106]
[57, 18, 84, 39, 40, 107]
[57, 18, 84, 39, 40, 110, 122]
[57, 18, 84, 39, 40, 116]
[57, 18, 84, 39, 40, 126]
[57, 18, 84, 39, 40, 34]
[57, 18, 84, 39, 55, 106, 37]
[57, 18, 84, 39, 55, 106, 43]
[57, 18, 84, 39, 55, 106, 44]
[57, 18, 84, 39, 55, 107, 37]
[57, 18, 84, 39, 55, 107, 43]
[57, 18, 84, 39, 55, 112]
[57, 18, 84, 39, 55, 113]
[57, 18, 84, 39, 55, 116, 37]
[57, 18, 84, 39, 55, 116, 43]
[57, 18, 84, 39, 55, 116, 44]
[57, 18, 84, 39, 55, 118]
[57, 18, 84, 39, 55, 119]
[57, 18, 84, 39, 55, 120]
[57, 18, 84, 39, 55, 121]
[57, 18, 84, 39, 55, 122, 110, 37]
[57, 18, 84, 39, 55, 122, 110, 43]
[57, 18, 84, 39, 55, 122, 111]
[57, 18, 84, 39, 55, 122, 36]
[57, 18, 84, 39, 55, 122, 38]
[57, 18, 84, 39, 55, 122, 44]
[57, 18, 84, 39, 55, 122, 45]
[57, 18, 84, 39, 55, 126, 37]
[57, 18, 84, 39, 55, 126, 43]
[57, 18, 84, 39, 55, 126, 44]
[57, 18, 84, 39, 55, 34]
[57, 18, 84, 40, 108]
[57, 18, 84, 40, 109]
[57, 18, 84, 41]
[57, 18, 84, 42, 111, 122]
[57, 18, 84, 42, 113]
[57, 18, 84, 42, 34]
[57, 18, 84, 42, 35, 54, 122]
[57, 18, 84, 42, 35, 54, 126]
[57, 18, 84, 42, 36, 122]
[57, 18, 84, 42, 37, 106]
[57, 18, 84, 42, 37, 107]
[57, 18, 84, 42, 37, 108]
[57, 18, 84, 42, 37, 109]
[57, 18, 84, 42, 37, 110, 122]
[57, 18, 84, 42, 37, 116]
[57, 18, 84, 42, 37, 126]
[57, 18, 84, 42, 38, 122]
[57, 18, 84, 42, 54, 108]
[57, 18, 84, 42, 54, 110, 122]
[57, 18, 84, 46, 122]
[57, 18, 84, 46, 126]
[57, 18, 84, 51, 55, 103, 110]
[57, 18, 84, 51, 55, 103, 126]
[57, 18, 84, 51, 55, 103, 28, 106]
[57, 18, 84, 51, 55, 103, 28, 107]
[57, 18, 84, 51, 55, 103, 28, 108]
[57, 18, 84, 51, 55, 103, 28, 109]
[57, 18, 84, 51, 55, 103, 28, 116]
[57, 18, 84, 51, 55, 103, 34]
[57, 18, 84, 51, 55, 122, 110]
[57, 18, 84, 51, 55, 122, 28]
[57, 18, 84, 53, 106]
[57, 18, 84, 53, 107]
[57, 18, 84, 53, 109]
[57, 18, 84, 53, 116]
[57, 18, 84, 53, 54, 108]
[57, 18, 84, 53, 54, 122, 110]
[57, 18, 84, 53, 54, 126]
[57, 18, 84, 90, 111]
[57, 18, 84, 90, 112]
[57, 18, 84, 90, 113]
[57, 18, 84, 90, 118]
[57, 18, 84, 90, 119]
[57, 18, 84, 90, 120]
[57, 18, 84, 90, 121]
[57, 18, 84, 90, 32, 106]
[57, 18, 84, 90, 32, 107]
[57, 18, 84, 90, 32, 109]
[57, 18, 84, 90, 32, 116]
[57, 18, 84, 90, 32, 54, 108]
[57, 18, 84, 90, 32, 54, 110]
[57, 18, 84, 90, 32, 54, 126, 35]
[57, 18, 84, 90, 34]
[57, 18, 84, 90, 36]
[57, 18, 84, 90, 37, 106]
[57, 18, 84, 90, 37, 107]
[57, 18, 84, 90, 37, 108]
[57, 18, 84, 90, 37, 109]
[57, 18, 84, 90, 37, 110]
[57, 18, 84, 90, 37, 116]
[57, 18, 84, 90, 37, 126]
[57, 18, 84, 90, 38]
[57, 18, 84, 90, 44, 106]
[57, 18, 84, 90, 44, 116]
[57, 18, 84, 90, 44, 126]
[57, 18, 84, 91, 32, 35, 54]
[57, 18, 84, 91, 36]
[57, 18, 84, 91, 37]
[57, 18, 84, 91, 38]
[57, 18, 84, 91, 44]
[57, 18, 84, 92, 111]
[57, 18, 84, 92, 112]
[57, 18, 84, 92, 113]
[57, 18, 84, 92, 118]
[57, 18, 84, 92, 119]
[57, 18, 84, 92, 120]
[57, 18, 84, 92, 121]
[57, 18, 84, 92, 28, 107]
[57, 18, 84, 92, 28, 108]
[57, 18, 84, 92, 28, 109]
[57, 18, 84, 92, 32, 106]
[57, 18, 84, 92, 32, 107]
[57, 18, 84, 92, 32, 109]
[57, 18, 84, 92, 32, 116]
[57, 18, 84, 92, 32, 54, 108]
[57, 18, 84, 92, 32, 54, 110]
[57, 18, 84, 92, 32, 54, 126, 35]
[57, 18, 84, 92, 34]
[57, 18, 84, 92, 36]
[57, 18, 84, 92, 37, 106]
[57, 18, 84, 92, 37, 107]
[57, 18, 84, 92, 37, 108]
[57, 18, 84, 92, 37, 109]
[57, 18, 84, 92, 37, 110]
[57, 18, 84, 92, 37, 116]
[57, 18, 84, 92, 37, 126]
[57, 18, 84, 92, 38]
[57, 18, 84, 92, 43, 106]
[57, 18, 84, 92, 43, 107]
[57, 18, 84, 92, 43, 108]
[57, 18, 84, 92, 43, 109]
[57, 18, 84, 92, 43, 110]
[57, 18, 84, 92, 43, 116]
[57, 18, 84, 92, 43, 126]
[57, 18, 84, 92, 44, 126]
[57, 18, 84, 92, 44, 28, 106]
[57, 18, 84, 92, 44, 28, 116]
[57, 18, 84, 92, 45]
[57, 18, 84, 95, 111]
[57, 18, 84, 95, 32]
[57, 18, 84, 95, 37]
[57, 18, 84, 95, 38]
[57, 18, 84, 95, 44]
[57, 18, 84, 95, 45]
[57, 18, 84, 96, 114]
[57, 18, 84, 96, 115]
[57, 18, 84, 96, 123]
[57, 18, 84, 96, 32, 106]
[57, 18, 84, 96, 32, 107]
[57, 18, 84, 96, 32, 109]
[57, 18, 84, 96, 32, 116]
[57, 18, 84, 96, 32, 54, 108]
[57, 18, 84, 96, 32, 54, 110]
[57, 18, 84, 96, 32, 54, 126, 35]
[57, 18, 84, 96, 55, 111]
[57, 18, 84, 96, 55, 112]
[57, 18, 84, 96, 55, 113]
[57, 18, 84, 96, 55, 118]
[57, 18, 84, 96, 55, 119]
[57, 18, 84, 96, 55, 120]
[57, 18, 84, 96, 55, 121]
[57, 18, 84, 96, 55, 28, 107]
[57, 18, 84, 96, 55, 28, 108]
[57, 18, 84, 96, 55, 28, 109]
[57, 18, 84, 96, 55, 34]
[57, 18, 84, 96, 55, 36]
[57, 18, 84, 96, 55, 37, 106]
[57, 18, 84, 96, 55, 37, 107]
[57, 18, 84, 96, 55, 37, 108]
[57, 18, 84, 96, 55, 37, 109]
[57, 18, 84, 96, 55, 37, 110]
[57, 18, 84, 96, 55, 37, 116]
[57, 18, 84, 96, 55, 37, 126]
[57, 18, 84, 96, 55, 38]
[57, 18, 84, 96, 55, 43, 106]
[57, 18, 84, 96, 55, 43, 107]
[57, 18, 84, 96, 55, 43, 108]
[57, 18, 84, 96, 55, 43, 109]
[57, 18, 84, 96, 55, 43, 110]
[57, 18, 84, 96, 55, 43, 116]
[57, 18, 84, 96, 55, 43, 126]
[57, 18, 84, 96, 55, 44, 126]
[57, 18, 84, 96, 55, 44, 28, 106]
[57, 18, 84, 96, 55, 44, 28, 116]
[57, 18, 84, 96, 55, 45]
[57, 18, 84, 97, 111]
[57, 18, 84, 97, 112]
[57, 18, 84, 97, 113]
[57, 18, 84, 97, 114]
[57, 18, 84, 97, 115]
[57, 18, 84, 97, 118]
[57, 18, 84, 97, 119]
[57, 18, 84, 97, 120]
[57, 18, 84, 97, 121]
[57, 18, 84, 97, 123]
[57, 18, 84, 97, 32, 106]
[57, 18, 84, 97, 32, 107]
[57, 18, 84, 97, 32, 109]
[57, 18, 84, 97, 32, 116]
[57, 18, 84, 97, 32, 54, 108]
[57, 18, 84, 97, 32, 54, 110]
[57, 18, 84, 97, 32, 54, 126, 35]
[57, 18, 84, 97, 34]
[57, 18, 84, 97, 36]
[57, 18, 84, 97, 37, 106]
[57, 18, 84, 97, 37, 107]
[57, 18, 84, 97, 37, 108]
[57, 18, 84, 97, 37, 109]
[57, 18, 84, 97, 37, 110]
[57, 18, 84, 97, 37, 116]
[57, 18, 84, 97, 37, 126]
[57, 18, 84, 97, 38]
[57, 18, 84, 97, 43, 106]
[57, 18, 84, 97, 43, 107]
[57, 18, 84, 97, 43, 108]
[57, 18, 84, 97, 43, 109]
[57, 18, 84, 97, 43, 110]
[57, 18, 84, 97, 43, 116]
[57, 18, 84, 97, 43, 126]
[57, 18, 84, 97, 44, 106]
[57, 18, 84, 97, 44, 116]
[57, 18, 84, 97, 44, 126]
[57, 18, 84, 97, 45]
[57, 18, 84, 99, 111]
[57, 18, 84, 99, 112]
[57, 18, 84, 99, 113]
[57, 18, 84, 99, 118]
[57, 18, 84, 99, 119]
[57, 18, 84, 99, 120]
[57, 18, 84, 99, 121]
[57, 18, 84, 99, 32, 106]
[57, 18, 84, 99, 32, 107]
[57, 18, 84, 99, 32, 109]
[57, 18, 84, 99, 32, 116]
[57, 18, 84, 99, 32, 54, 108]
[57, 18, 84, 99, 32, 54, 110]
[57, 18, 84, 99, 32, 54, 126, 35]
[57, 18, 84, 99, 34]
[57, 18, 84, 99, 36]
[57, 18, 86, 103, 27]
[57, 18, 86, 103, 28, 51]
[57, 18, 86, 103, 43]
[57, 18, 86, 33, 90]
[57, 18, 86, 33, 91]
[57, 18, 86, 33, 92]
[57, 18, 86, 37, 100]
[57, 18, 86, 37, 101]
[57, 18, 86, 37, 102]
[57, 18, 86, 37, 39]
[57, 18, 86, 37, 90]
[57, 18, 86, 37, 91]
[57, 18, 86, 37, 92]
[57, 18, 86, 37, 95]
[57, 18, 86, 37, 96]
[57, 18, 86, 37, 97]
[57, 18, 86, 38, 100]
[57, 18, 86, 38, 101]
[57, 18, 86, 38, 102]
[57, 18, 86, 38, 39]
[57, 18, 86, 38, 90]
[57, 18, 86, 38, 91]
[57, 18, 86, 38, 92]
[57, 18, 86, 38, 95]
[57, 18, 86, 38, 96]
[57, 18, 86, 38, 97]
[57, 18, 86, 40, 39]
[57, 18, 86, 43, 100]
[57, 18, 86, 43, 101]
[57, 18, 86, 43, 102]
[57, 18, 86, 43, 39]
[57, 18, 86, 43, 92]
[57, 18, 86, 43, 96]
[57, 18, 86, 43, 97]
[57, 18, 86, 44, 28, 92]
[57, 18, 86, 44, 28, 96]
[57, 18, 86, 44, 39]
[57, 18, 86, 44, 90]
[57, 18, 86, 44, 91]
[57, 18, 86, 44, 95]
[57, 18, 86, 44, 97]
[57, 18, 86, 45, 39]
[57, 18, 86, 45, 92]
[57, 18, 86, 45, 95]
[57, 18, 86, 45, 96]
[57, 18, 86, 45, 97]
[57, 18, 86, 46]
[57, 18, 86, 99]
[57, 18, 98, 107, 37]
[57, 18, 98, 107, 40]
[57, 18, 98, 107, 43]
[57, 18, 98, 111]
[57, 18, 98, 112]
[57, 18, 98, 113]
[57, 18, 98, 121]
[57, 18, 98, 34, 40]
[57, 18, 98, 38]
[57, 21, 100, 111]
[57, 21, 100, 112]
[57, 21, 100, 113]
[57, 21, 100, 118]
[57, 21, 100, 119]
[57, 21, 100, 120]
[57, 21, 100, 121]
[57, 21, 100, 34]
[57, 21, 100, 37, 106]
[57, 21, 100, 37, 107]
[57, 21, 100, 37, 108]
[57, 21, 100, 37, 109]
[57, 21, 100, 37, 110]
[57, 21, 100, 37, 116]
[57, 21, 100, 37, 126]
[57, 21, 100, 38]
[57, 21, 100, 43, 106]
[57, 21, 100, 43, 107]
[57, 21, 100, 43, 108]
[57, 21, 100, 43, 109]
[57, 21, 100, 43, 110]
[57, 21, 100, 43, 116]
[57, 21, 100, 43, 126]
[57, 21, 100, 43, 60]
[57, 21, 100, 43, 61]
[57, 21, 100, 43, 62]
[57, 21, 100, 43, 63]
[57, 21, 100, 43, 80]
[57, 21, 100, 64]
[57, 21, 101, 111]
[57, 21, 101, 112]
[57, 21, 101, 113]
[57, 21, 101, 115]
[57, 21, 101, 118]
[57, 21, 101, 119]
[57, 21, 101, 120]
[57, 21, 101, 121]
[57, 21, 101, 34]
[57, 21, 101, 37, 106]
[57, 21, 101, 37, 107]
[57, 21, 101, 37, 108]
[57, 21, 101, 37, 109]
[57, 21, 101, 37, 110]
[57, 21, 101, 37, 116]
[57, 21, 101, 37, 126]
[57, 21, 101, 38]
[57, 21, 101, 43, 106]
[57, 21, 101, 43, 107]
[57, 21, 101, 43, 108]
[57, 21, 101, 43, 109]
[57, 21, 101, 43, 110]
[57, 21, 101, 43, 116]
[57, 21, 101, 43, 126]
[57, 21, 101, 43, 60]
[57, 21, 101, 43, 61]
[57, 21, 101, 43, 62]
[57, 21, 101, 43, 63]
[57, 21, 101, 43, 80]
[57, 21, 101, 64]
[57, 21, 102, 111]
[57, 21, 102, 112]
[57, 21, 102, 113]
[57, 21, 102, 118]
[57, 21, 102, 119]
[57, 21, 102, 120]
[57, 21, 102, 121]
[57, 21, 102, 34]
[57, 21, 102, 37, 106]
[57, 21, 102, 37, 107]
[57, 21, 102, 37, 109]
[57, 21, 102, 37, 116]
[57, 21, 102, 38]
[57, 21, 102, 43, 106]
[57, 21, 102, 43, 107]
[57, 21, 102, 43, 109]
[57, 21, 102, 43, 116]
[57, 21, 102, 43, 60]
[57, 21, 102, 43, 61]
[57, 21, 102, 43, 62]
[57, 21, 102, 43, 63]
[57, 21, 102, 43, 80]
[57, 21, 102, 64]
[57, 21, 103, 55, 111, 30]
[57, 21, 103, 55, 112]
[57, 21, 103, 55, 113, 30]
[57, 21, 103, 55, 118]
[57, 21, 103, 55, 119]
[57, 21, 103, 55, 120]
[57, 21, 103, 55, 121]
[57, 21, 103, 55, 24, 30]
[57, 21, 103, 55, 24, 94]
[57, 21, 103, 55, 36, 80]
[57, 21, 103, 55, 43, 106]
[57, 21, 103, 55, 43, 107]
[57, 21, 103, 55, 43, 108]
[57, 21, 103, 55, 43, 109]
[57, 21, 103, 55, 43, 110]
[57, 21, 103, 55, 43, 116]
[57, 21, 103, 55, 43, 126]
[57, 21, 103, 55, 43, 80]
[57, 21, 122, 55, 28, 30, 44]
[57, 21, 122, 55, 28, 30, 93]
[57, 21, 122, 55, 30, 111]
[57, 21, 122, 55, 30, 37]
[57, 21, 122, 55, 30, 38]
[57, 21, 122, 55, 30, 45]
[57, 21, 122, 55, 93, 110]
[57, 21, 122, 55, 93, 36]
[57, 21, 122, 55, 94, 45]
[57, 21, 122, 55, 94, 93]
[57, 21, 125]
[57, 21, 127, 79]
[57, 21, 128, 25, 79]
[57, 21, 128, 25, 80]
[57, 21, 128, 29, 30]
[57, 21, 128, 29, 79]
[57, 21, 128, 29, 80]
[57, 21, 128, 29, 94]
[57, 21, 128, 55, 39, 79]
[57, 21, 128, 55, 39, 80]
[57, 21, 128, 55, 51, 30]
[57, 21, 128, 55, 51, 67, 79]
[57, 21, 128, 55, 51, 80]
[57, 21, 128, 55, 51, 94]
[57, 21, 128, 55, 93, 30]
[57, 21, 128, 55, 93, 94]
[57, 21, 27, 103, 30]
[57, 21, 27, 103, 80]
[57, 21, 27, 103, 94]
[57, 21, 27, 79]
[57, 21, 27, 93, 30]
[57, 21, 27, 93, 94]
[57, 21, 29, 110, 122]
[57, 21, 29, 110, 79]
[57, 21, 29, 126, 30]
[57, 21, 29, 24, 30]
[57, 21, 29, 24, 94]
[57, 21, 29, 45, 122, 30]
[57, 21, 29, 45, 122, 94]
[57, 21, 29, 45, 80]
[57, 21, 33, 122, 55]
[57, 21, 33, 126, 55]
[57, 21, 33, 126, 90]
[57, 21, 33, 80, 55]
[57, 21, 33, 80, 90]
[57, 21, 33, 80, 91]
[57, 21, 33, 92, 126]
[57, 21, 39, 115]
[57, 21, 39, 123, 122]
[57, 21, 39, 35, 122]
[57, 21, 39, 35, 126]
[57, 21, 39, 35, 60]
[57, 21, 39, 35, 61]
[57, 21, 39, 35, 62]
[57, 21, 39, 35, 63]
[57, 21, 39, 40, 106]
[57, 21, 39, 40, 107]
[57, 21, 39, 40, 110, 122]
[57, 21, 39, 40, 110, 79]
[57, 21, 39, 40, 116]
[57, 21, 39, 40, 126]
[57, 21, 39, 40, 24]
[57, 21, 39, 40, 34]
[57, 21, 39, 40, 60]
[57, 21, 39, 40, 61]
[57, 21, 39, 40, 62]
[57, 21, 39, 40, 63]
[57, 21, 39, 40, 80]
[57, 21, 39, 55, 106, 43]
[57, 21, 39, 55, 106, 44]
[57, 21, 39, 55, 107, 43]
[57, 21, 39, 55, 116, 43]
[57, 21, 39, 55, 121]
[57, 21, 39, 55, 122, 111]
[57, 21, 39, 55, 122, 36]
[57, 21, 39, 55, 122, 43, 110]
[57, 21, 39, 55, 126, 43]
[57, 21, 39, 55, 24]
[57, 21, 39, 55, 34]
[57, 21, 39, 55, 37, 106]
[57, 21, 39, 55, 37, 107]
[57, 21, 39, 55, 37, 110, 122]
[57, 21, 39, 55, 37, 116]
[57, 21, 39, 55, 37, 126]
[57, 21, 39, 55, 38, 122]
[57, 21, 39, 55, 44, 116]
[57, 21, 39, 55, 44, 122]
[57, 21, 39, 55, 44, 126]
[57, 21, 39, 55, 45, 122]
[57, 21, 39, 55, 45, 80]
[57, 21, 39, 55, 79, 111]
[57, 21, 39, 55, 79, 112]
[57, 21, 39, 55, 79, 113]
[57, 21, 39, 55, 79, 118]
[57, 21, 39, 55, 79, 119]
[57, 21, 39, 55, 79, 120]
[57, 21, 39, 55, 79, 36]
[57, 21, 39, 55, 79, 43, 110]
[57, 21, 39, 55, 80, 36]
[57, 21, 39, 55, 80, 43]
[57, 21, 39, 60, 36]
[57, 21, 39, 60, 43]
[57, 21, 39, 60, 44]
[57, 21, 39, 61, 36]
[57, 21, 39, 61, 43]
[57, 21, 39, 61, 44]
[57, 21, 39, 62, 36]
[57, 21, 39, 62, 43]
[57, 21, 39, 62, 44]
[57, 21, 39, 63, 36]
[57, 21, 39, 63, 43]
[57, 21, 39, 63, 44]
[57, 21, 40, 108]
[57, 21, 40, 109]
[57, 21, 40, 67, 79]
[57, 21, 41, 80]
[57, 21, 42, 111, 122]
[57, 21, 42, 35, 54, 122]
[57, 21, 42, 35, 54, 126]
[57, 21, 42, 37, 106]
[57, 21, 42, 37, 107]
[57, 21, 42, 37, 108]
[57, 21, 42, 37, 109]
[57, 21, 42, 37, 110, 122]
[57, 21, 42, 37, 116]
[57, 21, 42, 37, 126]
[57, 21, 42, 38, 122]
[57, 21, 42, 54, 108]
[57, 21, 42, 54, 110, 122]
[57, 21, 42, 79, 110]
[57, 21, 42, 79, 111]
[57, 21, 42, 79, 113]
[57, 21, 42, 79, 36]
[57, 21, 42, 80, 36]
[57, 21, 42, 93, 106]
[57, 21, 42, 93, 108]
[57, 21, 42, 93, 109]
[57, 21, 42, 93, 116]
[57, 21, 42, 93, 122, 110]
[57, 21, 42, 93, 122, 36]
[57, 21, 42, 93, 126]
[57, 21, 42, 93, 24]
[57, 21, 42, 93, 34]
[57, 21, 46, 122]
[57, 21, 46, 126]
[57, 21, 46, 79]
[57, 21, 46, 80]
[57, 21, 51, 55, 103, 110]
[57, 21, 51, 55, 103, 30, 126]
[57, 21, 51, 55, 103, 30, 28, 106]
[57, 21, 51, 55, 103, 30, 28, 107]
[57, 21, 51, 55, 103, 30, 28, 108]
[57, 21, 51, 55, 103, 30, 28, 109]
[57, 21, 51, 55, 103, 30, 28, 116]
[57, 21, 51, 55, 103, 30, 34]
[57, 21, 51, 55, 103, 80]
[57, 21, 51, 55, 103, 94, 34]
[57, 21, 51, 55, 122, 110]
[57, 21, 51, 55, 122, 28, 30]
[57, 21, 51, 55, 122, 94]
[57, 21, 51, 55, 79, 110]
[57, 21, 51, 60]
[57, 21, 51, 61]
[57, 21, 51, 62]
[57, 21, 51, 63]
[57, 21, 51, 64]
[57, 21, 67, 79, 43, 55]
[57, 21, 67, 79, 91]
[57, 21, 90, 121]
[57, 21, 90, 24]
[57, 21, 90, 34]
[57, 21, 90, 36, 60]
[57, 21, 90, 36, 61]
[57, 21, 90, 36, 62]
[57, 21, 90, 36, 63]
[57, 21, 90, 36, 79]
[57, 21, 90, 36, 80]
[57, 21, 90, 37, 106]
[57, 21, 90, 37, 107]
[57, 21, 90, 37, 108]
[57, 21, 90, 37, 109]
[57, 21, 90, 37, 110]
[57, 21, 90, 37, 116]
[57, 21, 90, 37, 126]
[57, 21, 90, 38]
[57, 21, 90, 44, 106]
[57, 21, 90, 44, 116]
[57, 21, 90, 44, 126]
[57, 21, 90, 44, 60]
[57, 21, 90, 44, 61]
[57, 21, 90, 44, 62]
[57, 21, 90, 44, 63]
[57, 21, 90, 54, 108]
[57, 21, 90, 54, 110]
[57, 21, 90, 54, 35, 126]
[57, 21, 90, 54, 35, 60]
[57, 21, 90, 54, 35, 61]
[57, 21, 90, 54, 35, 62]
[57, 21, 90, 54, 35, 63]
[57, 21, 90, 64]
[57, 21, 90, 79, 110]
[57, 21, 90, 79, 111]
[57, 21, 90, 79, 112]
[57, 21, 90, 79, 113]
[57, 21, 90, 79, 118]
[57, 21, 90, 79, 119]
[57, 21, 90, 79, 120]
[57, 21, 91, 24]
[57, 21, 91, 35, 54, 60]
[57, 21, 91, 35, 54, 61]
[57, 21, 91, 35, 54, 62]
[57, 21, 91, 35, 54, 63]
[57, 21, 91, 36, 60]
[57, 21, 91, 36, 61]
[57, 21, 91, 36, 62]
[57, 21, 91, 36, 63]
[57, 21, 91, 36, 79]
[57, 21, 91, 36, 80]
[57, 21, 91, 37]
[57, 21, 91, 38]
[57, 21, 91, 44, 60]
[57, 21, 91, 44, 61]
[57, 21, 91, 44, 62]
[57, 21, 91, 44, 63]
[57, 21, 91, 64]
[57, 21, 92, 111]
[57, 21, 92, 112]
[57, 21, 92, 113]
[57, 21, 92, 118]
[57, 21, 92, 119]
[57, 21, 92, 120]
[57, 21, 92, 121]
[57, 21, 92, 24, 93]
[57, 21, 92, 28, 107]
[57, 21, 92, 28, 44, 106]
[57, 21, 92, 28, 44, 116]
[57, 21, 92, 28, 93, 106]
[57, 21, 92, 28, 93, 108]
[57, 21, 92, 28, 93, 109]
[57, 21, 92, 28, 93, 116]
[57, 21, 92, 34, 93]
[57, 21, 92, 35, 54, 126]
[57, 21, 92, 35, 54, 60]
[57, 21, 92, 35, 54, 61]
[57, 21, 92, 35, 54, 62]
[57, 21, 92, 35, 54, 63]
[57, 21, 92, 36, 60]
[57, 21, 92, 36, 61]
[57, 21, 92, 36, 62]
[57, 21, 92, 36, 63]
[57, 21, 92, 36, 93]
[57, 21, 92, 37, 106]
[57, 21, 92, 37, 107]
[57, 21, 92, 37, 108]
[57, 21, 92, 37, 109]
[57, 21, 92, 37, 110]
[57, 21, 92, 37, 116]
[57, 21, 92, 37, 126]
[57, 21, 92, 38]
[57, 21, 92, 43, 106]
[57, 21, 92, 43, 107]
[57, 21, 92, 43, 108]
[57, 21, 92, 43, 109]
[57, 21, 92, 43, 110]
[57, 21, 92, 43, 116]
[57, 21, 92, 43, 126]
[57, 21, 92, 43, 60]
[57, 21, 92, 43, 61]
[57, 21, 92, 43, 62]
[57, 21, 92, 43, 63]
[57, 21, 92, 44, 126]
[57, 21, 92, 44, 60]
[57, 21, 92, 44, 61]
[57, 21, 92, 44, 62]
[57, 21, 92, 44, 63]
[57, 21, 92, 45]
[57, 21, 92, 54, 108]
[57, 21, 92, 54, 110]
[57, 21, 92, 64]
[57, 21, 92, 93, 110]
[57, 21, 92, 93, 126]
[57, 21, 96, 114]
[57, 21, 96, 115]
[57, 21, 96, 123]
[57, 21, 96, 35, 54, 126]
[57, 21, 96, 35, 54, 60]
[57, 21, 96, 35, 54, 61]
[57, 21, 96, 35, 54, 62]
[57, 21, 96, 35, 54, 63]
[57, 21, 96, 54, 108]
[57, 21, 96, 54, 110]
[57, 21, 96, 55, 110, 37]
[57, 21, 96, 55, 110, 93]
[57, 21, 96, 55, 121]
[57, 21, 96, 55, 30, 107, 28]
[57, 21, 96, 55, 30, 111]
[57, 21, 96, 55, 30, 113]
[57, 21, 96, 55, 30, 37, 106]
[57, 21, 96, 55, 30, 37, 107]
[57, 21, 96, 55, 30, 37, 108]
[57, 21, 96, 55, 30, 37, 109]
[57, 21, 96, 55, 30, 37, 116]
[57, 21, 96, 55, 30, 37, 126]
[57, 21, 96, 55, 30, 38]
[57, 21, 96, 55, 30, 44, 126]
[57, 21, 96, 55, 30, 44, 28, 106]
[57, 21, 96, 55, 30, 44, 28, 116]
[57, 21, 96, 55, 30, 45]
[57, 21, 96, 55, 30, 93, 126]
[57, 21, 96, 55, 30, 93, 24]
[57, 21, 96, 55, 30, 93, 28, 106]
[57, 21, 96, 55, 30, 93, 28, 108]
[57, 21, 96, 55, 30, 93, 28, 109]
[57, 21, 96, 55, 30, 93, 28, 116]
[57, 21, 96, 55, 30, 93, 34]
[57, 21, 96, 55, 36, 79]
[57, 21, 96, 55, 36, 80]
[57, 21, 96, 55, 36, 93]
[57, 21, 96, 55, 43, 106]
[57, 21, 96, 55, 43, 107]
[57, 21, 96, 55, 43, 108]
[57, 21, 96, 55, 43, 109]
[57, 21, 96, 55, 43, 110, 79]
[57, 21, 96, 55, 43, 116]
[57, 21, 96, 55, 43, 126]
[57, 21, 96, 55, 43, 80]
[57, 21, 96, 55, 79, 111]
[57, 21, 96, 55, 79, 112]
[57, 21, 96, 55, 79, 113]
[57, 21, 96, 55, 79, 118]
[57, 21, 96, 55, 79, 119]
[57, 21, 96, 55, 79, 120]
[57, 21, 96, 55, 80, 45]
[57, 21, 96, 55, 94, 45]
[57, 21, 96, 55, 94, 93, 24]
[57, 21, 96, 55, 94, 93, 34]
[57, 21, 96, 60, 36]
[57, 21, 96, 60, 43]
[57, 21, 96, 60, 44]
[57, 21, 96, 61, 36]
[57, 21, 96, 61, 43]
[57, 21, 96, 61, 44]
[57, 21, 96, 62, 36]
[57, 21, 96, 62, 43]
[57, 21, 96, 62, 44]
[57, 21, 96, 63, 36]
[57, 21, 96, 63, 43]
[57, 21, 96, 63, 44]
[57, 21, 96, 64]
[57, 21, 99, 106]
[57, 21, 99, 107]
[57, 21, 99, 109]
[57, 21, 99, 111]
[57, 21, 99, 112]
[57, 21, 99, 113]
[57, 21, 99, 116]
[57, 21, 99, 118]
[57, 21, 99, 119]
[57, 21, 99, 120]
[57, 21, 99, 121]
[57, 21, 99, 34]
[57, 21, 99, 36, 60]
[57, 21, 99, 36, 61]
[57, 21, 99, 36, 62]
[57, 21, 99, 36, 63]
[57, 21, 99, 54, 108]
[57, 21, 99, 54, 110]
[57, 21, 99, 54, 35, 126]
[57, 21, 99, 54, 35, 60]
[57, 21, 99, 54, 35, 61]
[57, 21, 99, 54, 35, 62]
[57, 21, 99, 54, 35, 63]
[57, 21, 99, 64]
[57, 22, 106, 43]
[57, 22, 106, 53]
[57, 22, 107, 53, 71]
[57, 22, 122, 123]
[57, 22, 122, 26, 29]
[57, 22, 122, 26, 43]
[57, 22, 122, 46]
[57, 22, 122, 53]
[57, 22, 43, 107]
[57, 22, 43, 67, 79]
[57, 22, 43, 80]
[57, 22, 43, 81]
[57, 22, 43, 82]
[57, 22, 43, 83]
[57, 22, 46, 79]
[57, 22, 46, 80]
[57, 22, 46, 82]
[57, 22, 46, 83]
[57, 22, 73, 112]
[57, 22, 73, 113]
[57, 22, 73, 118]
[57, 22, 73, 119]
[57, 22, 73, 120]
[57, 22, 73, 25, 128]
[57, 22, 73, 27]
[57, 22, 73, 71, 123]
[57, 22, 73, 71, 125]
[57, 22, 73, 71, 128, 29]
[57, 22, 73, 71, 128, 67]
[57, 22, 73, 71, 53]
[57, 22, 79, 112]
[57, 22, 79, 113]
[57, 22, 79, 118]
[57, 22, 79, 119]
[57, 22, 79, 120]
[57, 22, 79, 128, 25]
[57, 22, 79, 128, 29]
[57, 22, 79, 128, 67]
[57, 22, 79, 27]
[57, 22, 79, 53]
[57, 22, 80, 128, 25]
[57, 22, 80, 128, 29, 71]
[57, 22, 80, 27]
[57, 22, 80, 53, 71]
[57, 22, 81, 71, 128]
[57, 22, 81, 71, 53]
[57, 22, 82, 71, 128]
[57, 22, 82, 71, 53]
[57, 22, 83, 128, 71]
[57, 22, 83, 27]
[57, 23, 84, 85, 112]
[57, 23, 84, 85, 114]
[57, 23, 84, 85, 115]
[57, 23, 84, 85, 118]
[57, 23, 84, 85, 119]
[57, 23, 84, 85, 120]
[57, 23, 84, 85, 121]
[57, 23, 84, 85, 123, 122]
[57, 23, 84, 85, 125]
[57, 23, 84, 85, 30, 107, 28]
[57, 23, 84, 85, 30, 113]
[57, 23, 84, 85, 30, 29, 122]
[57, 23, 84, 85, 30, 93, 27]
[57, 23, 84, 85, 30, 93, 28, 106]
[57, 23, 84, 85, 30, 93, 28, 116]
[57, 23, 84, 85, 30, 93, 28, 122]
[57, 23, 84, 85, 30, 93, 34]
[57, 23, 84, 85, 33, 122]
[57, 23, 84, 85, 36, 122, 93]
[57, 23, 84, 85, 46, 122]
[57, 23, 84, 85, 53, 106]
[57, 23, 84, 85, 53, 107]
[57, 23, 84, 85, 53, 116]
[57, 23, 84, 85, 53, 122]
[57, 23, 84, 85, 94, 29, 122]
[57, 23, 84, 85, 94, 93, 122]
[57, 23, 84, 85, 94, 93, 27]
[57, 23, 84, 85, 94, 93, 34]
[57, 23, 87, 112]
[57, 23, 87, 114]
[57, 23, 87, 115]
[57, 23, 87, 118]
[57, 23, 87, 119]
[57, 23, 87, 120]
[57, 23, 87, 122, 123]
[57, 23, 87, 122, 26, 52]
[57, 23, 87, 122, 29, 26]
[57, 23, 87, 122, 29, 30]
[57, 23, 87, 122, 29, 94]
[57, 23, 87, 122, 33]
[57, 23, 87, 122, 46]
[57, 23, 87, 122, 53]
[57, 23, 87, 122, 93, 30, 28]
[57, 23, 87, 122, 93, 36]
[57, 23, 87, 122, 93, 52]
[57, 23, 87, 122, 93, 94]
[57, 23, 87, 125]
[57, 23, 87, 128, 25]
[57, 23, 87, 128, 29, 30]
[57, 23, 87, 128, 29, 94]
[57, 23, 87, 128, 93, 30]
[57, 23, 87, 128, 93, 94]
[57, 23, 87, 24, 30, 29]
[57, 23, 87, 24, 30, 93]
[57, 23, 87, 24, 94, 29]
[57, 23, 87, 24, 94, 93]
[57, 23, 87, 27, 93, 30]
[57, 23, 87, 27, 93, 94]
[57, 23, 87, 34, 93, 30]
[57, 23, 87, 34, 93, 94]
[57, 23, 88, 26, 122, 29]
[57, 23, 88, 26, 122, 52]
[57, 23, 88, 52, 72, 107]
[57, 23, 88, 52, 72, 116]
[57, 23, 88, 52, 93, 106]
[57, 23, 88, 52, 93, 116]
[57, 23, 88, 52, 93, 122]
[57, 23, 88, 85, 106, 53]
[57, 23, 88, 85, 106, 93, 28, 30]
[57, 23, 88, 85, 121]
[57, 23, 88, 85, 122, 123]
[57, 23, 88, 85, 122, 29, 30]
[57, 23, 88, 85, 122, 53]
[57, 23, 88, 85, 122, 93, 28, 30]
[57, 23, 88, 85, 122, 93, 36]
[57, 23, 88, 85, 28, 30, 107]
[57, 23, 88, 85, 28, 30, 116, 93]
[57, 23, 88, 85, 30, 113]
[57, 23, 88, 85, 30, 29, 128]
[57, 23, 88, 85, 30, 29, 24]
[57, 23, 88, 85, 33, 122]
[57, 23, 88, 85, 34, 93, 30]
[57, 23, 88, 85, 34, 93, 94]
[57, 23, 88, 85, 46, 122]
[57, 23, 88, 85, 72, 107, 53]
[57, 23, 88, 85, 72, 112]
[57, 23, 88, 85, 72, 113]
[57, 23, 88, 85, 72, 114]
[57, 23, 88, 85, 72, 115]
[57, 23, 88, 85, 72, 116, 53]
[57, 23, 88, 85, 72, 118]
[57, 23, 88, 85, 72, 119]
[57, 23, 88, 85, 72, 120]
[57, 23, 88, 85, 72, 123]
[57, 23, 88, 85, 72, 125]
[57, 23, 88, 85, 72, 128, 25]
[57, 23, 88, 85, 72, 128, 29]
[57, 23, 88, 85, 72, 24, 29]
[57, 23, 88, 85, 72, 27]
[57, 23, 88, 85, 72, 36]
[57, 23, 88, 85, 93, 30, 128]
[57, 23, 88, 85, 93, 30, 24]
[57, 23, 88, 85, 93, 30, 27]
[57, 23, 88, 85, 94, 29, 122]
[57, 23, 88, 85, 94, 29, 128]
[57, 23, 88, 85, 94, 29, 24]
[57, 23, 88, 85, 94, 93, 122]
[57, 23, 88, 85, 94, 93, 128]
[57, 23, 88, 85, 94, 93, 24]
[57, 23, 88, 85, 94, 93, 27]
[57, 30, 104, 111]
[57, 30, 104, 113]
[57, 30, 104, 27, 93]
[57, 30, 104, 37, 106]
[57, 30, 104, 37, 107]
[57, 30, 104, 37, 108]
[57, 30, 104, 37, 109]
[57, 30, 104, 37, 116]
[57, 30, 104, 37, 126]
[57, 30, 104, 38]
[57, 30, 104, 44, 126]
[57, 30, 104, 44, 28, 106]
[57, 30, 104, 44, 28, 116]
[57, 30, 104, 45]
[57, 30, 104, 51, 126]
[57, 30, 104, 51, 128]
[57, 30, 104, 51, 28, 106]
[57, 30, 104, 51, 28, 107]
[57, 30, 104, 51, 28, 108]
[57, 30, 104, 51, 28, 109]
[57, 30, 104, 51, 28, 116]
[57, 30, 104, 51, 34]
[57, 30, 104, 93, 126]
[57, 30, 104, 93, 128]
[57, 30, 104, 93, 28, 106]
[57, 30, 104, 93, 28, 108]
[57, 30, 104, 93, 28, 109]
[57, 30, 104, 93, 28, 116]
[57, 30, 104, 93, 34]
[57, 30, 105, 111]
[57, 30, 105, 113]
[57, 30, 105, 27, 93]
[57, 30, 105, 37, 106]
[57, 30, 105, 37, 107]
[57, 30, 105, 37, 108]
[57, 30, 105, 37, 109]
[57, 30, 105, 37, 116]
[57, 30, 105, 38]
[57, 30, 105, 44, 28, 106]
[57, 30, 105, 44, 28, 116]
[57, 30, 105, 45]
[57, 30, 105, 51, 128]
[57, 30, 105, 51, 28, 106]
[57, 30, 105, 51, 28, 107]
[57, 30, 105, 51, 28, 108]
[57, 30, 105, 51, 28, 109]
[57, 30, 105, 51, 28, 116]
[57, 30, 105, 51, 34]
[57, 30, 105, 93, 128]
[57, 30, 105, 93, 28, 106]
[57, 30, 105, 93, 28, 108]
[57, 30, 105, 93, 28, 109]
[57, 30, 105, 93, 28, 116]
[57, 30, 105, 93, 34]
[57, 30, 117, 29, 45]
[57, 30, 117, 55, 111]
[57, 30, 117, 55, 113]
[57, 30, 117, 55, 28, 108, 51]
[57, 30, 117, 55, 28, 108, 93]
[57, 30, 117, 55, 28, 109, 51]
[57, 30, 117, 55, 28, 109, 93]
[57, 30, 117, 55, 28, 44]
[57, 30, 117, 55, 37, 108]
[57, 30, 117, 55, 37, 109]
[57, 30, 117, 55, 38]
[57, 30, 117, 55, 45]
[57, 30, 85, 27, 103, 84]
[57, 30, 85, 27, 103, 88]
[57, 30, 85, 29, 126, 84]
[57, 30, 85, 29, 45, 122, 84]
[57, 30, 85, 55, 128, 88, 51]
[57, 30, 85, 55, 128, 88, 93]
[57, 30, 85, 55, 24, 88, 103]
[57, 30, 85, 55, 24, 88, 96, 93]
[57, 30, 85, 55, 84, 103, 111]
[57, 30, 85, 55, 84, 103, 113]
[57, 30, 85, 55, 84, 122, 111]
[57, 30, 85, 55, 84, 122, 28, 44]
[57, 30, 85, 55, 84, 122, 28, 51]
[57, 30, 85, 55, 84, 122, 28, 93]
[57, 30, 85, 55, 84, 122, 37]
[57, 30, 85, 55, 84, 122, 38]
[57, 30, 85, 55, 84, 122, 45]
[57, 30, 85, 55, 84, 51, 103, 126]
[57, 30, 85, 55, 84, 51, 103, 28, 106]
[57, 30, 85, 55, 84, 51, 103, 28, 107]
[57, 30, 85, 55, 84, 51, 103, 28, 108]
[57, 30, 85, 55, 84, 51, 103, 28, 109]
[57, 30, 85, 55, 84, 51, 103, 28, 116]
[57, 30, 85, 55, 84, 51, 103, 34]
[57, 30, 85, 55, 84, 96, 111]
[57, 30, 85, 55, 84, 96, 113]
[57, 30, 85, 55, 84, 96, 126, 44]
[57, 30, 85, 55, 84, 96, 126, 93]
[57, 30, 85, 55, 84, 96, 28, 107]
[57, 30, 85, 55, 84, 96, 28, 44, 106]
[57, 30, 85, 55, 84, 96, 28, 44, 116]
[57, 30, 85, 55, 84, 96, 28, 93, 106]
[57, 30, 85, 55, 84, 96, 28, 93, 108]
[57, 30, 85, 55, 84, 96, 28, 93, 109]
[57, 30, 85, 55, 84, 96, 28, 93, 116]
[57, 30, 85, 55, 84, 96, 34, 93]
[57, 30, 85, 55, 84, 96, 37, 106]
[57, 30, 85, 55, 84, 96, 37, 107]
[57, 30, 85, 55, 84, 96, 37, 108]
[57, 30, 85, 55, 84, 96, 37, 109]
[57, 30, 85, 55, 84, 96, 37, 116]
[57, 30, 85, 55, 84, 96, 37, 126]
[57, 30, 85, 55, 84, 96, 38]
[57, 30, 85, 55, 84, 96, 45]
[57, 30, 85, 55, 88, 103, 111]
[57, 30, 85, 55, 88, 103, 113]
[57, 30, 85, 55, 88, 122, 111]
[57, 30, 85, 55, 88, 122, 28, 51]
[57, 30, 85, 55, 88, 122, 28, 93]
[57, 30, 85, 55, 88, 51, 103, 28, 106]
[57, 30, 85, 55, 88, 51, 103, 28, 107]
[57, 30, 85, 55, 88, 51, 103, 28, 116]
[57, 30, 85, 55, 88, 51, 103, 34]
[57, 30, 85, 55, 88, 96, 111]
[57, 30, 85, 55, 88, 96, 113]
[57, 30, 85, 55, 88, 96, 28, 107]
[57, 30, 85, 55, 88, 96, 28, 93, 106]
[57, 30, 85, 55, 88, 96, 28, 93, 116]
[57, 30, 85, 55, 88, 96, 34, 93]
[57, 30, 85, 89, 29, 84]
[57, 30, 85, 89, 29, 88, 128]
[57, 30, 85, 89, 29, 88, 24]
[57, 30, 85, 89, 93, 84, 28]
[57, 30, 85, 89, 93, 84, 34]
[57, 30, 85, 89, 93, 88, 128]
[57, 30, 85, 89, 93, 88, 24]
[57, 30, 85, 89, 93, 88, 28]
[57, 30, 85, 89, 93, 88, 34]
[57, 30, 86, 27, 103]
[57, 30, 86, 51, 28, 103]
[57, 30, 86, 96, 37]
[57, 30, 86, 96, 38]
[57, 30, 86, 96, 44, 28]
[57, 30, 86, 96, 45]
[57, 30, 87, 103, 24]
[57, 30, 87, 103, 27]
[57, 30, 87, 103, 28]
[57, 30, 87, 103, 34]
[57, 30, 87, 29, 89, 128]
[57, 30, 87, 29, 89, 24]
[57, 30, 87, 93, 89, 128]
[57, 30, 87, 93, 89, 24]
[57, 30, 87, 93, 89, 28]
[57, 30, 87, 93, 89, 34]
[57, 30, 87, 93, 96, 24]
[57, 30, 87, 93, 96, 28]
[57, 30, 87, 93, 96, 34]
[57, 65, 128, 66, 49, 67, 79]
[57, 65, 128, 66, 49, 80]
[57, 65, 128, 66, 49, 81]
[57, 65, 128, 66, 73, 67]
[57, 65, 128, 66, 77, 67, 79]
[57, 65, 128, 66, 77, 76]
[57, 65, 128, 66, 77, 78]
[57, 65, 128, 66, 77, 80]
[57, 65, 128, 66, 77, 81]
[57, 67, 128, 55, 73, 71]
[57, 67, 128, 55, 73, 85]
[57, 67, 128, 55, 77, 51, 79]
[57, 67, 128, 55, 77, 51, 85]
[57, 67, 128, 55, 77, 71]
[57, 67, 128, 87]
[57, 67, 40, 49, 79]
[57, 67, 40, 73, 85]
[57, 67, 40, 77, 79]
[57, 67, 40, 77, 85]
[57, 67, 43, 49, 79]
[57, 67, 43, 77, 55, 79]
[57, 67, 43, 77, 55, 85]
[57, 67, 47, 77, 71]
[57, 67, 47, 77, 79]
[57, 67, 91, 73, 85]
[57, 69, 128]
[57, 69, 46]
[57, 69, 47]
[57, 69, 52]
[57, 69, 60]
[57, 69, 61]
[57, 69, 62]
[57, 69, 63]
[57, 69, 64]
[57, 70, 103, 80]
[57, 70, 103, 83]
[57, 70, 103, 85, 81]
[57, 70, 103, 85, 82]
[57, 70, 103, 85, 84]
[57, 70, 103, 86]
[57, 70, 105, 128, 80]
[57, 70, 105, 128, 81]
[57, 70, 105, 128, 82]
[57, 70, 105, 60]
[57, 70, 105, 61]
[57, 70, 105, 62]
[57, 70, 105, 63]
[57, 70, 125, 84, 85]
[57, 70, 16, 95, 60]
[57, 70, 16, 95, 61]
[57, 70, 16, 95, 62]
[57, 70, 16, 95, 63]
[57, 70, 39, 128, 80]
[57, 70, 39, 128, 83]
[57, 70, 39, 128, 85, 81]
[57, 70, 39, 128, 85, 82]
[57, 70, 39, 60]
[57, 70, 39, 61]
[57, 70, 39, 62]
[57, 70, 39, 63]
[57, 70, 39, 84, 123, 85]
[57, 70, 39, 86]
[57, 70, 42, 80]
[57, 70, 42, 83]
[57, 70, 42, 85, 81]
[57, 70, 42, 85, 82]
[57, 70, 42, 85, 84]
[57, 70, 46, 80]
[57, 70, 46, 83]
[57, 70, 46, 85, 81]
[57, 70, 46, 85, 82]
[57, 70, 46, 85, 84]
[57, 70, 46, 86]
[57, 70, 64, 16, 95]
[57, 70, 64, 16, 96]
[57, 70, 64, 71]
[57, 70, 71, 123]
[57, 70, 71, 125]
[57, 70, 71, 128, 80]
[57, 70, 71, 128, 81]
[57, 70, 71, 128, 82]
[57, 70, 71, 128, 83]
[57, 70, 71, 52]
[57, 70, 71, 60]
[57, 70, 71, 61]
[57, 70, 71, 62]
[57, 70, 71, 63]
[57, 70, 95, 80]
[57, 70, 95, 81, 85]
[57, 70, 95, 82, 85]
[57, 70, 95, 83]
[57, 70, 95, 84, 85]
[57, 70, 95, 86]
[57, 70, 96, 16, 60]
[57, 70, 96, 16, 61]
[57, 70, 96, 16, 62]
[57, 70, 96, 16, 63]
[57, 70, 96, 80]
[57, 70, 96, 81, 85]
[57, 70, 96, 82, 85]
[57, 70, 96, 84, 123, 85]
[57, 70, 96, 86]
[57, 71, 68, 123]
[57, 71, 68, 125]
[57, 71, 68, 127]
[57, 71, 68, 47]
[57, 71, 68, 52]
[57, 71, 68, 55]
[57, 71, 73, 127]
[57, 71, 73, 52]
[57, 71, 77, 72, 107, 47]
[57, 71, 77, 72, 107, 52]
[57, 71, 77, 72, 107, 53]
[57, 71, 77, 72, 107, 55]
[57, 71, 77, 72, 123]
[57, 71, 77, 72, 125]
[57, 71, 77, 72, 127]
[57, 71, 77, 72, 128, 29]
[57, 71, 77, 72, 128, 55]
[57, 71, 77, 80, 128, 29]
[57, 71, 77, 80, 128, 55]
[57, 71, 77, 80, 53]
[57, 71, 77, 81, 127]
[57, 71, 77, 81, 128, 55]
[57, 71, 77, 81, 53]
[57, 71, 77, 82, 127]
[57, 71, 77, 82, 128, 55]
[57, 71, 77, 82, 53]
[57, 71, 77, 83, 127]
[57, 71, 77, 83, 128, 55]
[57, 73, 52, 110]
[57, 73, 52, 116]
[57, 73, 75, 114]
[57, 73, 75, 25, 128]
[57, 73, 75, 27]
[57, 73, 75, 29, 45]
[57, 73, 75, 39, 115]
[57, 73, 75, 39, 123]
[57, 73, 75, 39, 40, 24]
[57, 73, 75, 39, 55, 118]
[57, 73, 75, 39, 55, 119]
[57, 73, 75, 39, 55, 120]
[57, 73, 75, 39, 55, 128]
[57, 73, 75, 39, 55, 24]
[57, 73, 75, 39, 55, 36]
[57, 73, 75, 39, 55, 45]
[57, 73, 75, 41]
[57, 73, 75, 42, 24]
[57, 73, 75, 42, 36]
[57, 73, 75, 52, 45]
[57, 73, 75, 90, 118]
[57, 73, 75, 90, 119]
[57, 73, 75, 90, 120]
[57, 73, 75, 90, 24]
[57, 73, 75, 90, 36]
[57, 73, 75, 91, 24]
[57, 73, 75, 91, 36]
[57, 73, 85, 101, 110]
[57, 73, 85, 101, 111]
[57, 73, 85, 101, 112]
[57, 73, 85, 101, 113]
[57, 73, 85, 101, 115]
[57, 73, 85, 101, 116]
[57, 73, 85, 101, 118]
[57, 73, 85, 101, 119]
[57, 73, 85, 101, 120]
[57, 73, 85, 125]
[57, 73, 85, 127]
[57, 73, 85, 25, 128]
[57, 73, 85, 27]
[57, 73, 85, 29, 110]
[57, 73, 85, 29, 128]
[57, 73, 85, 29, 24]
[57, 73, 85, 29, 45]
[57, 73, 85, 39, 115]
[57, 73, 85, 39, 123]
[57, 73, 85, 39, 40, 110]
[57, 73, 85, 39, 40, 116]
[57, 73, 85, 39, 40, 24]
[57, 73, 85, 39, 55, 110]
[57, 73, 85, 39, 55, 111]
[57, 73, 85, 39, 55, 112]
[57, 73, 85, 39, 55, 113]
[57, 73, 85, 39, 55, 116]
[57, 73, 85, 39, 55, 118]
[57, 73, 85, 39, 55, 119]
[57, 73, 85, 39, 55, 120]
[57, 73, 85, 39, 55, 128]
[57, 73, 85, 39, 55, 24]
[57, 73, 85, 39, 55, 36]
[57, 73, 85, 39, 55, 45]
[57, 73, 85, 41]
[57, 73, 85, 42, 110]
[57, 73, 85, 42, 111]
[57, 73, 85, 42, 113]
[57, 73, 85, 42, 116]
[57, 73, 85, 42, 24]
[57, 73, 85, 42, 36]
[57, 73, 85, 53, 110]
[57, 73, 85, 53, 116]
[57, 73, 85, 90, 110]
[57, 73, 85, 90, 111]
[57, 73, 85, 90, 112]
[57, 73, 85, 90, 113]
[57, 73, 85, 90, 116]
[57, 73, 85, 90, 118]
[57, 73, 85, 90, 119]
[57, 73, 85, 90, 120]
[57, 73, 85, 90, 24]
[57, 73, 85, 90, 36]
[57, 73, 85, 91, 24]
[57, 73, 85, 91, 36]
[57, 73, 85, 95, 111]
[57, 73, 85, 95, 24]
[57, 73, 85, 95, 45]
[57, 73, 85, 96, 114]
[57, 73, 85, 96, 115]
[57, 73, 85, 96, 123]
[57, 73, 85, 96, 55, 110]
[57, 73, 85, 96, 55, 111]
[57, 73, 85, 96, 55, 112]
[57, 73, 85, 96, 55, 113]
[57, 73, 85, 96, 55, 116]
[57, 73, 85, 96, 55, 118]
[57, 73, 85, 96, 55, 119]
[57, 73, 85, 96, 55, 120]
[57, 73, 85, 96, 55, 24]
[57, 73, 85, 96, 55, 36]
[57, 73, 85, 96, 55, 45]
[57, 73, 85, 97, 110]
[57, 73, 85, 97, 111]
[57, 73, 85, 97, 112]
[57, 73, 85, 97, 113]
[57, 73, 85, 97, 114]
[57, 73, 85, 97, 115]
[57, 73, 85, 97, 116]
[57, 73, 85, 97, 118]
[57, 73, 85, 97, 119]
[57, 73, 85, 97, 120]
[57, 73, 85, 97, 123]
[57, 73, 85, 97, 24]
[57, 73, 85, 97, 36]
[57, 73, 85, 97, 45]
[57, 74, 25, 128]
[57, 74, 27]
[57, 74, 29, 45]
[57, 74, 39, 115]
[57, 74, 39, 123]
[57, 74, 39, 40, 24]
[57, 74, 39, 55, 112]
[57, 74, 39, 55, 118]
[57, 74, 39, 55, 119]
[57, 74, 39, 55, 120]
[57, 74, 39, 55, 128]
[57, 74, 39, 55, 24]
[57, 74, 39, 55, 45]
[57, 74, 41]
[57, 74, 42, 24]
[57, 74, 52, 45]
[57, 74, 90, 112]
[57, 74, 90, 118]
[57, 74, 90, 119]
[57, 74, 90, 120]
[57, 74, 90, 24]
[57, 74, 91, 24]
[57, 74, 96, 114]
[57, 74, 96, 115]
[57, 74, 96, 123]
[57, 74, 96, 55, 112]
[57, 74, 96, 55, 118]
[57, 74, 96, 55, 119]
[57, 74, 96, 55, 120]
[57, 74, 96, 55, 24]
[57, 74, 96, 55, 45]
[57, 75, 51, 128, 55]
[57, 75, 72, 114]
[57, 75, 72, 25, 128]
[57, 75, 72, 27]
[57, 75, 72, 29, 45]
[57, 75, 72, 39, 115]
[57, 75, 72, 39, 123]
[57, 75, 72, 39, 40, 24]
[57, 75, 72, 39, 55, 118]
[57, 75, 72, 39, 55, 119]
[57, 75, 72, 39, 55, 120]
[57, 75, 72, 39, 55, 128]
[57, 75, 72, 39, 55, 24]
[57, 75, 72, 39, 55, 36]
[57, 75, 72, 39, 55, 45]
[57, 75, 72, 41]
[57, 75, 72, 42, 24]
[57, 75, 72, 42, 36]
[57, 75, 72, 52, 45]
[57, 75, 72, 90, 118]
[57, 75, 72, 90, 119]
[57, 75, 72, 90, 120]
[57, 75, 72, 90, 24]
[57, 75, 72, 90, 36]
[57, 75, 72, 91, 24]
[57, 75, 72, 91, 36]
[57, 75, 99, 118]
[57, 75, 99, 119]
[57, 75, 99, 120]
[57, 75, 99, 36]
[57, 76, 77, 104, 111]
[57, 76, 77, 104, 112]
[57, 76, 77, 104, 113]
[57, 76, 77, 104, 114]
[57, 76, 77, 104, 115]
[57, 76, 77, 104, 118]
[57, 76, 77, 104, 119]
[57, 76, 77, 104, 120]
[57, 76, 77, 104, 123]
[57, 76, 77, 104, 43, 110]
[57, 76, 77, 104, 43, 116]
[57, 76, 77, 104, 51, 110]
[57, 76, 77, 104, 51, 116]
[57, 76, 77, 104, 51, 128]
[57, 76, 77, 104, 93, 110]
[57, 76, 77, 104, 93, 116]
[57, 76, 77, 104, 93, 128]
[57, 76, 77, 104, 93, 27]
[57, 76, 77, 104, 93, 36]
[57, 76, 77, 105, 111]
[57, 76, 77, 105, 112]
[57, 76, 77, 105, 113]
[57, 76, 77, 105, 118]
[57, 76, 77, 105, 119]
[57, 76, 77, 105, 120]
[57, 76, 77, 105, 43, 110]
[57, 76, 77, 105, 43, 116]
[57, 76, 77, 105, 51, 110]
[57, 76, 77, 105, 51, 116]
[57, 76, 77, 105, 51, 128]
[57, 76, 77, 105, 93, 110]
[57, 76, 77, 105, 93, 116]
[57, 76, 77, 105, 93, 128]
[57, 76, 77, 105, 93, 27]
[57, 76, 77, 105, 93, 36]
[57, 76, 77, 47, 116]
[57, 76, 77, 52, 88, 43, 110]
[57, 76, 77, 52, 88, 43, 116]
[57, 76, 77, 52, 88, 93, 110]
[57, 76, 77, 52, 88, 93, 116]
[57, 76, 77, 85, 39, 115]
[57, 76, 77, 85, 39, 123]
[57, 76, 77, 85, 39, 40, 110]
[57, 76, 77, 85, 39, 40, 116]
[57, 76, 77, 85, 39, 55, 111]
[57, 76, 77, 85, 39, 55, 112]
[57, 76, 77, 85, 39, 55, 113]
[57, 76, 77, 85, 39, 55, 118]
[57, 76, 77, 85, 39, 55, 119]
[57, 76, 77, 85, 39, 55, 120]
[57, 76, 77, 85, 39, 55, 128]
[57, 76, 77, 85, 39, 55, 36]
[57, 76, 77, 85, 39, 55, 43, 110]
[57, 76, 77, 85, 39, 55, 43, 116]
[57, 76, 77, 85, 88, 125]
[57, 76, 77, 85, 88, 127]
[57, 76, 77, 85, 88, 128, 25]
[57, 76, 77, 85, 88, 128, 29]
[57, 76, 77, 85, 88, 128, 55, 51]
[57, 76, 77, 85, 88, 128, 55, 93]
[57, 76, 77, 85, 88, 27, 93]
[57, 76, 77, 85, 88, 29, 110]
[57, 76, 77, 85, 88, 40, 110]
[57, 76, 77, 85, 88, 40, 116]
[57, 76, 77, 85, 88, 41]
[57, 76, 77, 85, 88, 42, 111]
[57, 76, 77, 85, 88, 42, 113]
[57, 76, 77, 85, 88, 42, 93, 110]
[57, 76, 77, 85, 88, 42, 93, 116]
[57, 76, 77, 85, 88, 42, 93, 36]
[57, 76, 77, 85, 88, 51, 55, 110]
[57, 76, 77, 85, 88, 51, 55, 116]
[57, 76, 77, 85, 88, 53, 110]
[57, 76, 77, 85, 88, 53, 116]
[57, 76, 77, 85, 88, 96, 114]
[57, 76, 77, 85, 88, 96, 115]
[57, 76, 77, 85, 88, 96, 123]
[57, 76, 77, 85, 88, 96, 55, 111]
[57, 76, 77, 85, 88, 96, 55, 112]
[57, 76, 77, 85, 88, 96, 55, 113]
[57, 76, 77, 85, 88, 96, 55, 118]
[57, 76, 77, 85, 88, 96, 55, 119]
[57, 76, 77, 85, 88, 96, 55, 120]
[57, 76, 77, 85, 88, 96, 55, 43, 110]
[57, 76, 77, 85, 88, 96, 55, 43, 116]
[57, 76, 77, 85, 88, 96, 55, 93, 110]
[57, 76, 77, 85, 88, 96, 55, 93, 116]
[57, 76, 77, 85, 88, 96, 55, 93, 36]
[57, 77, 104, 78, 107, 43]
[57, 77, 104, 78, 107, 51]
[57, 77, 104, 78, 111]
[57, 77, 104, 78, 112]
[57, 77, 104, 78, 113]
[57, 77, 104, 78, 114]
[57, 77, 104, 78, 115]
[57, 77, 104, 78, 118]
[57, 77, 104, 78, 119]
[57, 77, 104, 78, 120]
[57, 77, 104, 78, 123]
[57, 77, 104, 78, 43, 110]
[57, 77, 104, 78, 43, 116]
[57, 77, 104, 78, 51, 110]
[57, 77, 104, 78, 51, 116]
[57, 77, 104, 78, 51, 128]
[57, 77, 104, 78, 93, 110]
[57, 77, 104, 78, 93, 116]
[57, 77, 104, 78, 93, 128]
[57, 77, 104, 78, 93, 27]
[57, 77, 104, 78, 93, 36]
[57, 77, 104, 80, 128, 51]
[57, 77, 104, 80, 27]
[57, 77, 104, 80, 36]
[57, 77, 104, 80, 43]
[57, 77, 104, 81, 128, 51]
[57, 77, 104, 81, 128, 93]
[57, 77, 104, 81, 43]
[57, 77, 104, 82, 128, 51]
[57, 77, 104, 82, 128, 93]
[57, 77, 104, 82, 43]
[57, 77, 105, 78, 107, 43]
[57, 77, 105, 78, 107, 51]
[57, 77, 105, 78, 111]
[57, 77, 105, 78, 112]
[57, 77, 105, 78, 113]
[57, 77, 105, 78, 118]
[57, 77, 105, 78, 119]
[57, 77, 105, 78, 120]
[57, 77, 105, 78, 43, 110]
[57, 77, 105, 78, 43, 116]
[57, 77, 105, 78, 51, 110]
[57, 77, 105, 78, 51, 116]
[57, 77, 105, 78, 51, 128]
[57, 77, 105, 78, 93, 110]
[57, 77, 105, 78, 93, 116]
[57, 77, 105, 78, 93, 128]
[57, 77, 105, 78, 93, 27]
[57, 77, 105, 78, 93, 36]
[57, 77, 105, 80, 128, 51]
[57, 77, 105, 80, 27]
[57, 77, 105, 80, 36]
[57, 77, 105, 80, 43]
[57, 77, 105, 81, 128, 51]
[57, 77, 105, 81, 128, 93]
[57, 77, 105, 81, 43]
[57, 77, 105, 82, 128, 51]
[57, 77, 105, 82, 128, 93]
[57, 77, 105, 82, 43]
[57, 77, 39, 115, 72, 85]
[57, 77, 39, 115, 78]
[57, 77, 39, 123, 72, 85]
[57, 77, 39, 123, 78]
[57, 77, 39, 40, 78, 107]
[57, 77, 39, 40, 78, 110]
[57, 77, 39, 40, 78, 116]
[57, 77, 39, 40, 79, 110]
[57, 77, 39, 40, 80]
[57, 77, 39, 40, 83]
[57, 77, 39, 40, 85, 72, 107]
[57, 77, 39, 40, 85, 72, 110]
[57, 77, 39, 40, 85, 72, 116]
[57, 77, 39, 40, 85, 81]
[57, 77, 39, 40, 85, 82]
[57, 77, 39, 55, 78, 111]
[57, 77, 39, 55, 78, 112]
[57, 77, 39, 55, 78, 113]
[57, 77, 39, 55, 78, 118]
[57, 77, 39, 55, 78, 119]
[57, 77, 39, 55, 78, 120]
[57, 77, 39, 55, 78, 128]
[57, 77, 39, 55, 78, 36]
[57, 77, 39, 55, 78, 43, 107]
[57, 77, 39, 55, 78, 43, 110]
[57, 77, 39, 55, 78, 43, 116]
[57, 77, 39, 55, 79, 111]
[57, 77, 39, 55, 79, 112]
[57, 77, 39, 55, 79, 113]
[57, 77, 39, 55, 79, 118]
[57, 77, 39, 55, 79, 119]
[57, 77, 39, 55, 79, 120]
[57, 77, 39, 55, 79, 128]
[57, 77, 39, 55, 79, 36]
[57, 77, 39, 55, 79, 43, 110]
[57, 77, 39, 55, 80, 128]
[57, 77, 39, 55, 80, 36]
[57, 77, 39, 55, 80, 43]
[57, 77, 39, 55, 83, 128]
[57, 77, 39, 55, 83, 36]
[57, 77, 39, 55, 83, 43]
[57, 77, 39, 55, 85, 72, 111]
[57, 77, 39, 55, 85, 72, 112]
[57, 77, 39, 55, 85, 72, 113]
[57, 77, 39, 55, 85, 72, 118]
[57, 77, 39, 55, 85, 72, 119]
[57, 77, 39, 55, 85, 72, 120]
[57, 77, 39, 55, 85, 72, 128]
[57, 77, 39, 55, 85, 72, 36]
[57, 77, 39, 55, 85, 72, 43, 107]
[57, 77, 39, 55, 85, 72, 43, 110]
[57, 77, 39, 55, 85, 72, 43, 116]
[57, 77, 39, 55, 85, 81, 128]
[57, 77, 39, 55, 85, 81, 43]
[57, 77, 39, 55, 85, 82, 128]
[57, 77, 39, 55, 85, 82, 43]
[57, 77, 47, 116, 72]
[57, 77, 47, 116, 78]
[57, 77, 47, 78, 107]
[57, 77, 79, 127]
[57, 77, 79, 25, 128]
[57, 77, 79, 27]
[57, 77, 79, 29, 110]
[57, 77, 79, 29, 128]
[57, 77, 79, 42, 110]
[57, 77, 79, 42, 111]
[57, 77, 79, 42, 113]
[57, 77, 79, 42, 36]
[57, 77, 79, 51, 110, 55]
[57, 77, 79, 53, 110]
[57, 77, 79, 96, 55, 111]
[57, 77, 79, 96, 55, 112]
[57, 77, 79, 96, 55, 113]
[57, 77, 79, 96, 55, 118]
[57, 77, 79, 96, 55, 119]
[57, 77, 79, 96, 55, 120]
[57, 77, 79, 96, 55, 36]
[57, 77, 79, 96, 55, 43, 110]
[57, 77, 83, 27]
[57, 77, 83, 41]
[57, 77, 83, 42, 36]
[57, 77, 83, 51, 128, 55]
[57, 77, 88, 52, 43, 72, 107]
[57, 77, 88, 52, 43, 72, 110]
[57, 77, 88, 52, 43, 72, 116]
[57, 77, 88, 52, 43, 78, 107]
[57, 77, 88, 52, 43, 78, 110]
[57, 77, 88, 52, 43, 78, 116]
[57, 77, 88, 52, 93, 78, 110]
[57, 77, 88, 52, 93, 78, 116]
[57, 77, 88, 78, 125]
[57, 77, 88, 78, 127]
[57, 77, 88, 78, 128, 25]
[57, 77, 88, 78, 128, 29]
[57, 77, 88, 78, 128, 55, 51]
[57, 77, 88, 78, 128, 55, 93]
[57, 77, 88, 78, 27, 93]
[57, 77, 88, 78, 29, 110]
[57, 77, 88, 78, 40, 107]
[57, 77, 88, 78, 40, 110]
[57, 77, 88, 78, 40, 116]
[57, 77, 88, 78, 41]
[57, 77, 88, 78, 42, 107]
[57, 77, 88, 78, 42, 111]
[57, 77, 88, 78, 42, 113]
[57, 77, 88, 78, 42, 93, 110]
[57, 77, 88, 78, 42, 93, 116]
[57, 77, 88, 78, 42, 93, 36]
[57, 77, 88, 78, 51, 55, 107]
[57, 77, 88, 78, 51, 55, 110]
[57, 77, 88, 78, 51, 55, 116]
[57, 77, 88, 78, 53, 107]
[57, 77, 88, 78, 53, 110]
[57, 77, 88, 78, 53, 116]
[57, 77, 88, 78, 96, 114]
[57, 77, 88, 78, 96, 115]
[57, 77, 88, 78, 96, 123]
[57, 77, 88, 78, 96, 55, 111]
[57, 77, 88, 78, 96, 55, 112]
[57, 77, 88, 78, 96, 55, 113]
[57, 77, 88, 78, 96, 55, 118]
[57, 77, 88, 78, 96, 55, 119]
[57, 77, 88, 78, 96, 55, 120]
[57, 77, 88, 78, 96, 55, 36, 93]
[57, 77, 88, 78, 96, 55, 43, 107]
[57, 77, 88, 78, 96, 55, 43, 110]
[57, 77, 88, 78, 96, 55, 43, 116]
[57, 77, 88, 78, 96, 55, 93, 110]
[57, 77, 88, 78, 96, 55, 93, 116]
[57, 77, 88, 80, 25, 128]
[57, 77, 88, 80, 27]
[57, 77, 88, 80, 29, 128]
[57, 77, 88, 80, 40]
[57, 77, 88, 80, 41]
[57, 77, 88, 80, 42, 36]
[57, 77, 88, 80, 53]
[57, 77, 88, 80, 55, 128, 51]
[57, 77, 88, 80, 55, 96, 36]
[57, 77, 88, 80, 55, 96, 43]
[57, 77, 88, 85, 107, 51, 55]
[57, 77, 88, 85, 72, 125]
[57, 77, 88, 85, 72, 127]
[57, 77, 88, 85, 72, 128, 25]
[57, 77, 88, 85, 72, 128, 29]
[57, 77, 88, 85, 72, 128, 55]
[57, 77, 88, 85, 72, 27]
[57, 77, 88, 85, 72, 29, 110]
[57, 77, 88, 85, 72, 40, 107]
[57, 77, 88, 85, 72, 40, 110]
[57, 77, 88, 85, 72, 40, 116]
[57, 77, 88, 85, 72, 41]
[57, 77, 88, 85, 72, 42, 107]
[57, 77, 88, 85, 72, 42, 110]
[57, 77, 88, 85, 72, 42, 111]
[57, 77, 88, 85, 72, 42, 113]
[57, 77, 88, 85, 72, 42, 116]
[57, 77, 88, 85, 72, 42, 36]
[57, 77, 88, 85, 72, 53, 107]
[57, 77, 88, 85, 72, 53, 110]
[57, 77, 88, 85, 72, 53, 116]
[57, 77, 88, 85, 72, 96, 114]
[57, 77, 88, 85, 72, 96, 115]
[57, 77, 88, 85, 72, 96, 123]
[57, 77, 88, 85, 72, 96, 55, 111]
[57, 77, 88, 85, 72, 96, 55, 112]
[57, 77, 88, 85, 72, 96, 55, 113]
[57, 77, 88, 85, 72, 96, 55, 118]
[57, 77, 88, 85, 72, 96, 55, 119]
[57, 77, 88, 85, 72, 96, 55, 120]
[57, 77, 88, 85, 72, 96, 55, 36]
[57, 77, 88, 85, 72, 96, 55, 43, 107]
[57, 77, 88, 85, 72, 96, 55, 43, 110]
[57, 77, 88, 85, 72, 96, 55, 43, 116]
[57, 77, 88, 85, 81, 127]
[57, 77, 88, 85, 81, 40]
[57, 77, 88, 85, 81, 41]
[57, 77, 88, 85, 81, 42, 93]
[57, 77, 88, 85, 81, 53]
[57, 77, 88, 85, 81, 55, 128, 51]
[57, 77, 88, 85, 81, 55, 128, 93]
[57, 77, 88, 85, 81, 55, 43, 96]
[57, 77, 88, 85, 81, 55, 96, 93]
[57, 77, 88, 85, 82, 127]
[57, 77, 88, 85, 82, 40]
[57, 77, 88, 85, 82, 41]
[57, 77, 88, 85, 82, 42, 93]
[57, 77, 88, 85, 82, 53]
[57, 77, 88, 85, 82, 55, 128, 51]
[57, 77, 88, 85, 82, 55, 128, 93]
[57, 77, 88, 85, 82, 55, 43, 96]
[57, 77, 88, 85, 82, 55, 96, 93]
[57, 79, 95, 111]
[57, 79, 97, 111]
[57, 79, 97, 112]
[57, 79, 97, 113]
[57, 79, 97, 118]
[57, 79, 97, 119]
[57, 79, 97, 120]
[57, 79, 97, 36]
[57, 79, 97, 43, 110]
[57, 80, 104, 33]
[57, 80, 104, 45]
[57, 80, 105, 33]
[57, 80, 105, 45]
[57, 80, 49, 40]
[57, 80, 49, 43]
[57, 80, 88, 103, 27]
[57, 80, 88, 103, 55, 36]
[57, 80, 88, 103, 55, 43]
[57, 80, 88, 103, 55, 51]
[57, 80, 88, 33, 55]
[57, 80, 88, 46]
[57, 80, 95, 45]
[57, 80, 97, 45]
[57, 80, 97, 88, 36]
[57, 80, 97, 88, 43]
[57, 81, 104, 33]
[57, 81, 104, 44]
[57, 81, 104, 45]
[57, 81, 105, 33]
[57, 81, 105, 44]
[57, 81, 105, 45]
[57, 81, 32, 90]
[57, 81, 32, 91]
[57, 81, 32, 92]
[57, 81, 32, 95]
[57, 81, 32, 96]
[57, 81, 32, 97]
[57, 81, 32, 99]
[57, 81, 49, 40]
[57, 81, 49, 43]
[57, 81, 85, 100, 43]
[57, 81, 85, 101, 43]
[57, 81, 85, 102, 43]
[57, 81, 85, 39, 44, 55]
[57, 81, 85, 39, 45, 55]
[57, 81, 85, 44, 90]
[57, 81, 85, 44, 91]
[57, 81, 85, 44, 92]
[57, 81, 85, 44, 95]
[57, 81, 85, 44, 96, 55]
[57, 81, 85, 44, 97]
[57, 81, 85, 45, 92]
[57, 81, 85, 45, 95]
[57, 81, 85, 45, 96, 55]
[57, 81, 85, 45, 97]
[57, 81, 85, 88, 103, 55, 43]
[57, 81, 85, 88, 103, 55, 51]
[57, 81, 85, 88, 33, 55]
[57, 81, 85, 88, 46]
[57, 81, 85, 88, 97, 43]
[57, 81, 85, 88, 97, 93]
[57, 81, 85, 90, 33]
[57, 81, 85, 91, 33]
[57, 81, 85, 92, 33]
[57, 81, 85, 92, 43]
[57, 81, 85, 92, 93]
[57, 81, 85, 99]
[57, 82, 104, 33]
[57, 82, 104, 44]
[57, 82, 104, 45]
[57, 82, 105, 33]
[57, 82, 105, 44]
[57, 82, 105, 45]
[57, 82, 32, 90]
[57, 82, 32, 91]
[57, 82, 32, 92]
[57, 82, 32, 95]
[57, 82, 32, 96]
[57, 82, 32, 97]
[57, 82, 32, 99]
[57, 82, 49, 128]
[57, 82, 49, 40]
[57, 82, 49, 43]
[57, 82, 85, 100, 43]
[57, 82, 85, 101, 43]
[57, 82, 85, 102, 43]
[57, 82, 85, 39, 44, 55]
[57, 82, 85, 39, 45, 55]
[57, 82, 85, 44, 90]
[57, 82, 85, 44, 91]
[57, 82, 85, 44, 92]
[57, 82, 85, 44, 95]
[57, 82, 85, 44, 96, 55]
[57, 82, 85, 44, 97]
[57, 82, 85, 45, 92]
[57, 82, 85, 45, 95]
[57, 82, 85, 45, 96, 55]
[57, 82, 85, 45, 97]
[57, 82, 85, 88, 103, 55, 43]
[57, 82, 85, 88, 103, 55, 51]
[57, 82, 85, 88, 33, 55]
[57, 82, 85, 88, 46]
[57, 82, 85, 88, 97, 43]
[57, 82, 85, 88, 97, 93]
[57, 82, 85, 90, 33]
[57, 82, 85, 91, 33]
[57, 82, 85, 92, 33]
[57, 82, 85, 92, 43]
[57, 82, 85, 92, 93]
[57, 82, 85, 99]
[57, 83, 103, 27]
[57, 83, 103, 55, 43]
[57, 83, 103, 55, 51]
[57, 83, 128, 49]
[57, 83, 33, 55]
[57, 83, 33, 90]
[57, 83, 33, 91]
[57, 83, 33, 92]
[57, 83, 36, 103, 55]
[57, 83, 36, 90]
[57, 83, 36, 91]
[57, 83, 36, 92]
[57, 83, 36, 97]
[57, 83, 37, 100]
[57, 83, 37, 101]
[57, 83, 37, 102]
[57, 83, 37, 39, 55]
[57, 83, 37, 42]
[57, 83, 37, 90]
[57, 83, 37, 91]
[57, 83, 37, 92]
[57, 83, 37, 95]
[57, 83, 37, 97]
[57, 83, 40, 49]
[57, 83, 43, 100]
[57, 83, 43, 101]
[57, 83, 43, 102]
[57, 83, 43, 49]
[57, 83, 43, 92]
[57, 83, 43, 97]
[57, 83, 45, 39, 55]
[57, 83, 45, 92]
[57, 83, 45, 95]
[57, 83, 45, 97]
[57, 83, 99, 36]
[57, 85, 128, 89, 88, 72, 25]
[57, 85, 128, 89, 88, 72, 29]
[57, 85, 128, 89, 88, 93, 94]
[57, 85, 128, 89, 88, 94, 29]
[57, 85, 128, 94, 88, 51, 55]
[57, 85, 128, 94, 88, 55, 93]
[57, 85, 24, 92, 93]
[57, 85, 24, 93, 88, 42]
[57, 85, 24, 93, 88, 94, 89]
[57, 85, 24, 93, 88, 94, 96, 55]
[57, 85, 24, 93, 88, 97]
[57, 85, 24, 94, 88, 103, 55]
[57, 85, 24, 94, 88, 29, 89]
[57, 85, 72, 126, 29]
[57, 85, 72, 126, 42]
[57, 85, 72, 126, 53]
[57, 85, 72, 126, 96, 43, 55]
[57, 85, 72, 126, 97, 43]
[57, 85, 72, 39, 126, 40]
[57, 85, 72, 39, 126, 43, 55]
[57, 85, 72, 39, 24, 40]
[57, 85, 72, 39, 24, 55]
[57, 85, 72, 39, 45, 55]
[57, 85, 72, 45, 29]
[57, 85, 72, 45, 95]
[57, 85, 72, 45, 96, 55]
[57, 85, 72, 45, 97]
[57, 85, 72, 88, 24, 40]
[57, 85, 72, 88, 24, 42]
[57, 85, 72, 88, 24, 89, 29]
[57, 85, 72, 88, 24, 96, 55]
[57, 85, 72, 88, 24, 97]
[57, 85, 72, 88, 89, 119]
[57, 85, 72, 88, 89, 36]
[57, 85, 72, 88, 89, 53]
[57, 85, 72, 88, 97, 111]
[57, 85, 72, 88, 97, 112]
[57, 85, 72, 88, 97, 113]
[57, 85, 72, 88, 97, 114]
[57, 85, 72, 88, 97, 115]
[57, 85, 72, 88, 97, 118]
[57, 85, 72, 88, 97, 119]
[57, 85, 72, 88, 97, 120]
[57, 85, 72, 88, 97, 123]
[57, 85, 72, 88, 97, 36]
[57, 85, 72, 88, 97, 43, 107]
[57, 85, 72, 88, 97, 43, 110]
[57, 85, 72, 88, 97, 43, 116]
[57, 85, 72, 90, 107]
[57, 85, 72, 90, 110]
[57, 85, 72, 90, 111]
[57, 85, 72, 90, 112]
[57, 85, 72, 90, 113]
[57, 85, 72, 90, 116]
[57, 85, 72, 90, 118]
[57, 85, 72, 90, 119]
[57, 85, 72, 90, 120]
[57, 85, 72, 90, 126]
[57, 85, 72, 90, 24]
[57, 85, 72, 90, 36]
[57, 85, 72, 91, 24]
[57, 85, 72, 91, 36]
[57, 85, 72, 95, 111]
[57, 85, 72, 95, 24]
[57, 85, 84, 100, 111]
[57, 85, 84, 100, 112]
[57, 85, 84, 100, 113]
[57, 85, 84, 100, 118]
[57, 85, 84, 100, 119]
[57, 85, 84, 100, 120]
[57, 85, 84, 100, 121]
[57, 85, 84, 100, 34]
[57, 85, 84, 100, 37, 106]
[57, 85, 84, 100, 37, 107]
[57, 85, 84, 100, 37, 108]
[57, 85, 84, 100, 37, 109]
[57, 85, 84, 100, 37, 110]
[57, 85, 84, 100, 37, 116]
[57, 85, 84, 100, 37, 126]
[57, 85, 84, 100, 38]
[57, 85, 84, 100, 43, 106]
[57, 85, 84, 100, 43, 107]
[57, 85, 84, 100, 43, 108]
[57, 85, 84, 100, 43, 109]
[57, 85, 84, 100, 43, 110]
[57, 85, 84, 100, 43, 116]
[57, 85, 84, 100, 43, 126]
[57, 85, 84, 101, 111]
[57, 85, 84, 101, 112]
[57, 85, 84, 101, 113]
[57, 85, 84, 101, 115]
[57, 85, 84, 101, 118]
[57, 85, 84, 101, 119]
[57, 85, 84, 101, 120]
[57, 85, 84, 101, 121]
[57, 85, 84, 101, 34]
[57, 85, 84, 101, 37, 106]
[57, 85, 84, 101, 37, 107]
[57, 85, 84, 101, 37, 108]
[57, 85, 84, 101, 37, 109]
[57, 85, 84, 101, 37, 110]
[57, 85, 84, 101, 37, 116]
[57, 85, 84, 101, 37, 126]
[57, 85, 84, 101, 38]
[57, 85, 84, 101, 43, 106]
[57, 85, 84, 101, 43, 107]
[57, 85, 84, 101, 43, 108]
[57, 85, 84, 101, 43, 109]
[57, 85, 84, 101, 43, 110]
[57, 85, 84, 101, 43, 116]
[57, 85, 84, 101, 43, 126]
[57, 85, 84, 102, 111]
[57, 85, 84, 102, 112]
[57, 85, 84, 102, 113]
[57, 85, 84, 102, 118]
[57, 85, 84, 102, 119]
[57, 85, 84, 102, 120]
[57, 85, 84, 102, 121]
[57, 85, 84, 102, 34]
[57, 85, 84, 102, 37, 106]
[57, 85, 84, 102, 37, 107]
[57, 85, 84, 102, 37, 109]
[57, 85, 84, 102, 37, 116]
[57, 85, 84, 102, 38]
[57, 85, 84, 102, 43, 106]
[57, 85, 84, 102, 43, 107]
[57, 85, 84, 102, 43, 109]
[57, 85, 84, 102, 43, 116]
[57, 85, 84, 114, 96]
[57, 85, 84, 115, 39]
[57, 85, 84, 115, 96]
[57, 85, 84, 123, 122, 39]
[57, 85, 84, 127]
[57, 85, 84, 27, 103, 94]
[57, 85, 84, 29, 110, 122]
[57, 85, 84, 29, 94, 122, 45]
[57, 85, 84, 29, 94, 89]
[57, 85, 84, 35, 39, 122]
[57, 85, 84, 35, 39, 126]
[57, 85, 84, 35, 54, 122, 42]
[57, 85, 84, 35, 54, 126, 42]
[57, 85, 84, 35, 54, 126, 90]
[57, 85, 84, 35, 54, 126, 92]
[57, 85, 84, 35, 54, 126, 96]
[57, 85, 84, 35, 54, 126, 97]
[57, 85, 84, 35, 54, 126, 99]
[57, 85, 84, 35, 54, 91]
[57, 85, 84, 40, 108]
[57, 85, 84, 40, 109]
[57, 85, 84, 40, 39, 106]
[57, 85, 84, 40, 39, 107]
[57, 85, 84, 40, 39, 110, 122]
[57, 85, 84, 40, 39, 116]
[57, 85, 84, 40, 39, 126]
[57, 85, 84, 40, 39, 34]
[57, 85, 84, 41]
[57, 85, 84, 42, 111, 122]
[57, 85, 84, 42, 113]
[57, 85, 84, 42, 37, 106]
[57, 85, 84, 42, 37, 107]
[57, 85, 84, 42, 37, 108]
[57, 85, 84, 42, 37, 109]
[57, 85, 84, 42, 37, 110, 122]
[57, 85, 84, 42, 37, 116]
[57, 85, 84, 42, 37, 126]
[57, 85, 84, 42, 38, 122]
[57, 85, 84, 42, 54, 108]
[57, 85, 84, 42, 54, 110, 122]
[57, 85, 84, 42, 93, 106]
[57, 85, 84, 42, 93, 108]
[57, 85, 84, 42, 93, 109]
[57, 85, 84, 42, 93, 116]
[57, 85, 84, 42, 93, 122, 110]
[57, 85, 84, 42, 93, 122, 36]
[57, 85, 84, 42, 93, 126]
[57, 85, 84, 42, 93, 34]
[57, 85, 84, 46, 126]
[57, 85, 84, 46, 89]
[57, 85, 84, 53, 109]
[57, 85, 84, 53, 54, 108]
[57, 85, 84, 53, 54, 122, 110]
[57, 85, 84, 53, 54, 126]
[57, 85, 84, 53, 89]
[57, 85, 84, 54, 108, 90]
[57, 85, 84, 54, 108, 92]
[57, 85, 84, 54, 108, 96]
[57, 85, 84, 54, 108, 97]
[57, 85, 84, 54, 108, 99]
[57, 85, 84, 54, 110, 90]
[57, 85, 84, 54, 110, 92]
[57, 85, 84, 54, 110, 96]
[57, 85, 84, 54, 110, 97]
[57, 85, 84, 54, 110, 99]
[57, 85, 84, 55, 103, 110, 51]
[57, 85, 84, 55, 103, 112]
[57, 85, 84, 55, 103, 118]
[57, 85, 84, 55, 103, 119]
[57, 85, 84, 55, 103, 120]
[57, 85, 84, 55, 103, 121]
[57, 85, 84, 55, 103, 36]
[57, 85, 84, 55, 103, 43, 106]
[57, 85, 84, 55, 103, 43, 107]
[57, 85, 84, 55, 103, 43, 108]
[57, 85, 84, 55, 103, 43, 109]
[57, 85, 84, 55, 103, 43, 110]
[57, 85, 84, 55, 103, 43, 116]
[57, 85, 84, 55, 103, 43, 126]
[57, 85, 84, 55, 103, 94, 34, 51]
[57, 85, 84, 55, 122, 93, 110]
[57, 85, 84, 55, 122, 93, 36]
[57, 85, 84, 55, 122, 93, 94]
[57, 85, 84, 55, 122, 94, 45]
[57, 85, 84, 55, 33, 122]
[57, 85, 84, 55, 33, 126]
[57, 85, 84, 55, 39, 106, 37]
[57, 85, 84, 55, 39, 106, 43]
[57, 85, 84, 55, 39, 106, 44]
[57, 85, 84, 55, 39, 107, 37]
[57, 85, 84, 55, 39, 107, 43]
[57, 85, 84, 55, 39, 112]
[57, 85, 84, 55, 39, 113]
[57, 85, 84, 55, 39, 116, 37]
[57, 85, 84, 55, 39, 116, 43]
[57, 85, 84, 55, 39, 116, 44]
[57, 85, 84, 55, 39, 118]
[57, 85, 84, 55, 39, 119]
[57, 85, 84, 55, 39, 120]
[57, 85, 84, 55, 39, 121]
[57, 85, 84, 55, 39, 122, 110, 37]
[57, 85, 84, 55, 39, 122, 110, 43]
[57, 85, 84, 55, 39, 122, 111]
[57, 85, 84, 55, 39, 122, 36]
[57, 85, 84, 55, 39, 122, 38]
[57, 85, 84, 55, 39, 122, 44]
[57, 85, 84, 55, 39, 122, 45]
[57, 85, 84, 55, 39, 126, 37]
[57, 85, 84, 55, 39, 126, 43]
[57, 85, 84, 55, 39, 126, 44]
[57, 85, 84, 55, 39, 34]
[57, 85, 84, 55, 51, 122, 110]
[57, 85, 84, 55, 51, 122, 94]
[57, 85, 84, 55, 96, 110, 37]
[57, 85, 84, 55, 96, 110, 93]
[57, 85, 84, 55, 96, 112]
[57, 85, 84, 55, 96, 118]
[57, 85, 84, 55, 96, 119]
[57, 85, 84, 55, 96, 120]
[57, 85, 84, 55, 96, 121]
[57, 85, 84, 55, 96, 36, 93]
[57, 85, 84, 55, 96, 43, 106]
[57, 85, 84, 55, 96, 43, 107]
[57, 85, 84, 55, 96, 43, 108]
[57, 85, 84, 55, 96, 43, 109]
[57, 85, 84, 55, 96, 43, 110]
[57, 85, 84, 55, 96, 43, 116]
[57, 85, 84, 55, 96, 43, 126]
[57, 85, 84, 55, 96, 94, 34, 93]
[57, 85, 84, 55, 96, 94, 45]
[57, 85, 84, 89, 119]
[57, 85, 84, 89, 33]
[57, 85, 84, 89, 93, 36]
[57, 85, 84, 89, 93, 94, 34]
[57, 85, 84, 90, 111]
[57, 85, 84, 90, 112]
[57, 85, 84, 90, 113]
[57, 85, 84, 90, 118]
[57, 85, 84, 90, 119]
[57, 85, 84, 90, 120]
[57, 85, 84, 90, 121]
[57, 85, 84, 90, 33, 126]
[57, 85, 84, 90, 34]
[57, 85, 84, 90, 36]
[57, 85, 84, 90, 37, 106]
[57, 85, 84, 90, 37, 107]
[57, 85, 84, 90, 37, 108]
[57, 85, 84, 90, 37, 109]
[57, 85, 84, 90, 37, 110]
[57, 85, 84, 90, 37, 116]
[57, 85, 84, 90, 37, 126]
[57, 85, 84, 90, 38]
[57, 85, 84, 90, 44, 106]
[57, 85, 84, 90, 44, 116]
[57, 85, 84, 90, 44, 126]
[57, 85, 84, 91, 33]
[57, 85, 84, 91, 36]
[57, 85, 84, 91, 37]
[57, 85, 84, 91, 38]
[57, 85, 84, 91, 44]
[57, 85, 84, 92, 107, 28]
[57, 85, 84, 92, 111]
[57, 85, 84, 92, 112]
[57, 85, 84, 92, 113]
[57, 85, 84, 92, 118]
[57, 85, 84, 92, 119]
[57, 85, 84, 92, 120]
[57, 85, 84, 92, 121]
[57, 85, 84, 92, 33, 126]
[57, 85, 84, 92, 37, 106]
[57, 85, 84, 92, 37, 107]
[57, 85, 84, 92, 37, 108]
[57, 85, 84, 92, 37, 109]
[57, 85, 84, 92, 37, 110]
[57, 85, 84, 92, 37, 116]
[57, 85, 84, 92, 37, 126]
[57, 85, 84, 92, 38]
[57, 85, 84, 92, 43, 106]
[57, 85, 84, 92, 43, 107]
[57, 85, 84, 92, 43, 108]
[57, 85, 84, 92, 43, 109]
[57, 85, 84, 92, 43, 110]
[57, 85, 84, 92, 43, 116]
[57, 85, 84, 92, 43, 126]
[57, 85, 84, 92, 44, 126]
[57, 85, 84, 92, 44, 28, 106]
[57, 85, 84, 92, 44, 28, 116]
[57, 85, 84, 92, 45]
[57, 85, 84, 92, 93, 110]
[57, 85, 84, 92, 93, 126]
[57, 85, 84, 92, 93, 28, 106]
[57, 85, 84, 92, 93, 28, 108]
[57, 85, 84, 92, 93, 28, 109]
[57, 85, 84, 92, 93, 28, 116]
[57, 85, 84, 92, 93, 34]
[57, 85, 84, 92, 93, 36]
[57, 85, 84, 95, 111]
[57, 85, 84, 95, 37]
[57, 85, 84, 95, 38]
[57, 85, 84, 95, 44]
[57, 85, 84, 95, 45]
[57, 85, 84, 97, 111]
[57, 85, 84, 97, 112]
[57, 85, 84, 97, 113]
[57, 85, 84, 97, 114]
[57, 85, 84, 97, 115]
[57, 85, 84, 97, 118]
[57, 85, 84, 97, 119]
[57, 85, 84, 97, 120]
[57, 85, 84, 97, 121]
[57, 85, 84, 97, 123]
[57, 85, 84, 97, 37, 106]
[57, 85, 84, 97, 37, 107]
[57, 85, 84, 97, 37, 108]
[57, 85, 84, 97, 37, 109]
[57, 85, 84, 97, 37, 110]
[57, 85, 84, 97, 37, 116]
[57, 85, 84, 97, 37, 126]
[57, 85, 84, 97, 38]
[57, 85, 84, 97, 43, 106]
[57, 85, 84, 97, 43, 107]
[57, 85, 84, 97, 43, 108]
[57, 85, 84, 97, 43, 109]
[57, 85, 84, 97, 43, 110]
[57, 85, 84, 97, 43, 116]
[57, 85, 84, 97, 43, 126]
[57, 85, 84, 97, 44, 106]
[57, 85, 84, 97, 44, 116]
[57, 85, 84, 97, 44, 126]
[57, 85, 84, 97, 45]
[57, 85, 84, 97, 93, 106]
[57, 85, 84, 97, 93, 108]
[57, 85, 84, 97, 93, 109]
[57, 85, 84, 97, 93, 110]
[57, 85, 84, 97, 93, 116]
[57, 85, 84, 97, 93, 126]
[57, 85, 84, 97, 93, 34]
[57, 85, 84, 97, 93, 36]
[57, 85, 84, 99, 106]
[57, 85, 84, 99, 107]
[57, 85, 84, 99, 109]
[57, 85, 84, 99, 111]
[57, 85, 84, 99, 112]
[57, 85, 84, 99, 113]
[57, 85, 84, 99, 116]
[57, 85, 84, 99, 118]
[57, 85, 84, 99, 119]
[57, 85, 84, 99, 120]
[57, 85, 84, 99, 121]
[57, 85, 84, 99, 34]
[57, 85, 84, 99, 36]
[57, 85, 88, 103, 27, 94]
[57, 85, 88, 103, 55, 110, 51]
[57, 85, 88, 103, 55, 112]
[57, 85, 88, 103, 55, 118]
[57, 85, 88, 103, 55, 119]
[57, 85, 88, 103, 55, 120]
[57, 85, 88, 103, 55, 121]
[57, 85, 88, 103, 55, 36]
[57, 85, 88, 103, 55, 43, 106]
[57, 85, 88, 103, 55, 43, 107]
[57, 85, 88, 103, 55, 43, 110]
[57, 85, 88, 103, 55, 43, 116]
[57, 85, 88, 106, 40]
[57, 85, 88, 106, 42, 93]
[57, 85, 88, 106, 55, 43, 96]
[57, 85, 88, 106, 97, 43]
[57, 85, 88, 106, 97, 93]
[57, 85, 88, 121, 96, 55]
[57, 85, 88, 121, 97]
[57, 85, 88, 122, 110, 29]
[57, 85, 88, 122, 110, 40]
[57, 85, 88, 122, 110, 42, 93]
[57, 85, 88, 122, 110, 53]
[57, 85, 88, 122, 110, 55, 43]
[57, 85, 88, 122, 110, 55, 93]
[57, 85, 88, 122, 111, 42]
[57, 85, 88, 122, 36, 93, 42]
[57, 85, 88, 122, 36, 93, 55]
[57, 85, 88, 122, 94, 55, 93]
[57, 85, 88, 33, 122, 55]
[57, 85, 88, 33, 89]
[57, 85, 88, 34, 40]
[57, 85, 88, 34, 42, 93]
[57, 85, 88, 34, 94, 55, 51, 103]
[57, 85, 88, 34, 94, 55, 96, 93]
[57, 85, 88, 34, 94, 89, 93]
[57, 85, 88, 34, 97, 93]
[57, 85, 88, 46, 89]
[57, 85, 88, 51, 122, 55, 110]
[57, 85, 88, 51, 122, 55, 94]
[57, 85, 88, 93, 89, 36]
[57, 85, 88, 93, 97, 110]
[57, 85, 88, 93, 97, 116]
[57, 85, 88, 93, 97, 36]
[57, 87, 103, 112]
[57, 87, 103, 118]
[57, 87, 103, 119]
[57, 87, 103, 120]
[57, 87, 103, 36]
[57, 87, 103, 94, 24]
[57, 87, 103, 94, 27]
[57, 87, 103, 94, 34]
[57, 87, 42, 26, 122]
[57, 87, 42, 93, 24]
[57, 87, 42, 93, 34]
[57, 87, 42, 93, 36, 122]
[57, 87, 89, 119]
[57, 87, 89, 25, 128]
[57, 87, 89, 26, 52]
[57, 87, 89, 29, 26]
[57, 87, 89, 29, 94, 128]
[57, 87, 89, 29, 94, 24]
[57, 87, 89, 33]
[57, 87, 89, 46]
[57, 87, 89, 53]
[57, 87, 89, 93, 36]
[57, 87, 89, 93, 52]
[57, 87, 89, 93, 94, 128]
[57, 87, 89, 93, 94, 24]
[57, 87, 89, 93, 94, 34]
[57, 87, 96, 112]
[57, 87, 96, 114]
[57, 87, 96, 115]
[57, 87, 96, 118]
[57, 87, 96, 119]
[57, 87, 96, 120]
[57, 87, 96, 123]
[57, 87, 96, 26]
[57, 87, 96, 93, 36]
[57, 87, 96, 93, 94, 24]
[57, 87, 96, 93, 94, 34]
[57, 87, 97, 112]
[57, 87, 97, 114]
[57, 87, 97, 115]
[57, 87, 97, 118]
[57, 87, 97, 119]
[57, 87, 97, 120]
[57, 87, 97, 123]
[57, 87, 97, 26]
[57, 87, 97, 93, 24]
[57, 87, 97, 93, 34]
[57, 87, 97, 93, 36]
[57, 88, 26, 122, 40]
[57, 88, 26, 122, 42]
[57, 88, 26, 122, 43, 52]
[57, 88, 26, 122, 43, 55]
[57, 88, 26, 122, 51, 55]
[57, 88, 26, 41]
[57, 88, 26, 89, 29]
[57, 88, 26, 89, 52]
[57, 88, 26, 96, 43, 55]
[57, 88, 26, 97, 43]
[57, 88, 52, 43, 106]
[57, 88, 52, 43, 122, 110]
[57, 88, 52, 89, 72]
[57, 88, 52, 89, 93]
[57, 88, 52, 93, 122, 110]
[57, 88, 78, 97, 111]
[57, 88, 78, 97, 112]
[57, 88, 78, 97, 113]
[57, 88, 78, 97, 114]
[57, 88, 78, 97, 115]
[57, 88, 78, 97, 118]
[57, 88, 78, 97, 119]
[57, 88, 78, 97, 120]
[57, 88, 78, 97, 123]
[57, 88, 78, 97, 36, 93]
[57, 88, 78, 97, 43, 107]
[57, 88, 78, 97, 43, 110]
[57, 88, 78, 97, 43, 116]
[57, 88, 78, 97, 93, 110]
[57, 88, 78, 97, 93, 116]
[57, 93, 104, 94, 128]
[57, 93, 104, 94, 27]
[57, 93, 104, 94, 34]
[57, 93, 105, 94, 128]
[57, 93, 105, 94, 27]
[57, 93, 105, 94, 34]
[57, 93, 117, 42, 108]
[57, 93, 117, 42, 109]
[57, 93, 117, 42, 110]
[57, 93, 117, 55, 110]
[57, 93, 117, 55, 94]
[57, 93, 52, 117, 108]
[57, 93, 52, 117, 109]
[57, 93, 52, 117, 110]
[57, 93, 52, 126]
[57, 94, 104, 45]
[57, 94, 104, 51, 128]
[57, 94, 104, 51, 34]
[57, 94, 105, 45]
[57, 94, 105, 51, 128]
[57, 94, 105, 51, 34]
[57, 94, 117, 45, 29]
[57, 94, 117, 45, 55]
[57, 94, 117, 51, 55]
[57, 94, 86, 103, 27]
[57, 94, 86, 103, 51]
[57, 94, 86, 96, 45]
[6, 21, 60]
[6, 21, 61]
[6, 21, 62]
[6, 21, 64]
[6, 59, 60]
[6, 59, 61]
[6, 59, 62]
[6, 59, 64, 78]
[6, 59, 68]
[6, 59, 72]
[6, 69, 60]
[6, 69, 61]
[6, 69, 62]
[6, 69, 64]
[6, 95, 60]
[6, 95, 61]
[6, 95, 62]
[6, 95, 64]
[6, 95, 72]
[6, 97, 60]
[6, 97, 61]
[6, 97, 62]
[6, 97, 64, 78]
[6, 97, 72]
[6, 98]
[7, 59, 60]
[7, 59, 61]
[7, 59, 62]
[7, 59, 64, 78]
[7, 59, 72]
[7, 68, 59]
[7, 95, 16, 60]
[7, 95, 16, 61]
[7, 95, 16, 62]
[7, 95, 16, 64]
[7, 95, 72]
[7, 97, 16, 60]
[7, 97, 16, 61]
[7, 97, 16, 62]
[7, 97, 16, 64]
[7, 97, 72]
[7, 97, 78, 64]
[7, 98]
[8, 59, 60]
[8, 59, 61]
[8, 59, 62]
[8, 59, 64, 78]
[8, 59, 68]
[8, 59, 72]
[8, 71, 60]
[8, 71, 61]
[8, 71, 62]
[8, 71, 64]
[8, 71, 68]
[8, 71, 72]
[8, 95, 60]
[8, 95, 61]
[8, 95, 62]
[8, 95, 64]
[8, 95, 72]
[8, 97, 60]
[8, 97, 61]
[8, 97, 62]
[8, 97, 64, 78]
[8, 97, 72]
[8, 98]
[9, 128, 21, 55, 67, 79]
[9, 128, 21, 55, 80]
[9, 128, 73, 67, 65, 66]
[9, 128, 73, 67, 71, 55]
[9, 128, 77, 55, 71, 67]
[9, 128, 77, 55, 71, 80]
[9, 128, 77, 55, 71, 81]
[9, 128, 77, 55, 71, 82]
[9, 128, 77, 55, 76]
[9, 128, 77, 55, 79, 67]
[9, 128, 77, 65, 66, 67, 79]
[9, 128, 77, 65, 66, 76]
[9, 128, 77, 65, 66, 80]
[9, 128, 77, 65, 66, 81]
[9, 128, 87, 67]
[9, 84, 55]
[9, 98]
