[10, 144]
[10, 149]
[10, 179]
[1, 10]
[1, 11]
[11, 144]
[11, 149]
[11, 179]
[1, 12]
[1, 13]
[1, 14]
[1, 15]
[1, 16]
[1, 17]
[117, 110, 129, 109]
[117, 110, 129, 132]
[117, 110, 129, 133]
[117, 110, 129, 134]
[117, 110, 129, 135]
[117, 110, 129, 136]
[117, 110, 129, 137]
[117, 110, 129, 140]
[117, 110, 130, 109]
[117, 110, 130, 132]
[117, 110, 130, 133]
[117, 110, 130, 134]
[117, 110, 130, 135]
[117, 110, 130, 136]
[117, 110, 130, 137]
[117, 110, 130, 140]
[117, 110, 131, 109]
[117, 110, 131, 132]
[117, 110, 131, 133]
[117, 110, 131, 134]
[117, 110, 131, 135]
[117, 110, 131, 136]
[117, 110, 131, 137]
[117, 110, 131, 140]
[117, 111, 129, 109]
[117, 111, 129, 132]
[117, 111, 129, 133]
[117, 111, 129, 134]
[117, 111, 129, 135]
[117, 111, 129, 136]
[117, 111, 129, 137]
[117, 111, 129, 140]
[117, 111, 130, 109]
[117, 111, 130, 132]
[117, 111, 130, 133]
[117, 111, 130, 134]
[117, 111, 130, 135]
[117, 111, 130, 136]
[117, 111, 130, 137]
[117, 111, 130, 140]
[117, 111, 131, 109]
[117, 111, 131, 132]
[117, 111, 131, 133]
[117, 111, 131, 134]
[117, 111, 131, 135]
[117, 111, 131, 136]
[117, 111, 131, 137]
[117, 111, 131, 140]
[117, 112, 129, 109]
[117, 112, 129, 132]
[117, 112, 129, 133]
[117, 112, 129, 134]
[117, 112, 129, 135]
[117, 112, 129, 136]
[117, 112, 129, 137]
[117, 112, 129, 140]
[117, 112, 130, 109]
[117, 112, 130, 132]
[117, 112, 130, 133]
[117, 112, 130, 134]
[117, 112, 130, 135]
[117, 112, 130, 136]
[117, 112, 130, 137]
[117, 112, 130, 140]
[117, 112, 131, 109]
[117, 112, 131, 132]
[117, 112, 131, 133]
[117, 112, 131, 134]
[117, 112, 131, 135]
[117, 112, 131, 136]
[117, 112, 131, 137]
[117, 112, 131, 140]
[117, 113, 129, 109]
[117, 113, 129, 132]
[117, 113, 129, 133]
[117, 113, 129, 134]
[117, 113, 129, 135]
[117, 113, 129, 136]
[117, 113, 129, 137]
[117, 113, 129, 140]
[117, 113, 130, 109]
[117, 113, 130, 132]
[117, 113, 130, 133]
[117, 113, 130, 134]
[117, 113, 130, 135]
[117, 113, 130, 136]
[117, 113, 130, 137]
[117, 113, 130, 140]
[117, 113, 131, 109]
[117, 113, 131, 132]
[117, 113, 131, 133]
[117, 113, 131, 134]
[117, 113, 131, 135]
[117, 113, 131, 136]
[117, 113, 131, 137]
[117, 113, 131, 140]
[117, 128, 122, 123, 124, 125, 126, 127, 109, 121, 129]
[117, 128, 122, 123, 124, 125, 126, 127, 109, 121, 130]
[117, 128, 122, 123, 124, 125, 126, 127, 109, 121, 131]
[117, 128, 122, 123, 124, 125, 126, 127, 132, 121, 129]
[117, 128, 122, 123, 124, 125, 126, 127, 132, 121, 130]
[117, 128, 122, 123, 124, 125, 126, 127, 132, 121, 131]
[117, 128, 122, 123, 124, 125, 126, 127, 133, 121, 129]
[117, 128, 122, 123, 124, 125, 126, 127, 133, 121, 130]
[117, 128, 122, 123, 124, 125, 126, 127, 133, 121, 131]
[117, 128, 122, 123, 124, 125, 126, 127, 134, 121, 129]
[117, 128, 122, 123, 124, 125, 126, 127, 134, 121, 130]
[117, 128, 122, 123, 124, 125, 126, 127, 134, 121, 131]
[117, 128, 122, 123, 124, 125, 126, 127, 135, 121, 129]
[117, 128, 122, 123, 124, 125, 126, 127, 135, 121, 130]
[117, 128, 122, 123, 124, 125, 126, 127, 135, 121, 131]
[117, 128, 122, 123, 124, 125, 126, 127, 136, 121, 129]
[117, 128, 122, 123, 124, 125, 126, 127, 136, 121, 130]
[117, 128, 122, 123, 124, 125, 126, 127, 136, 121, 131]
[117, 128, 122, 123, 124, 125, 126, 127, 137, 121, 129]
[117, 128, 122, 123, 124, 125, 126, 127, 137, 121, 130]
[117, 128, 122, 123, 124, 125, 126, 127, 137, 121, 131]
[117, 128, 122, 123, 124, 125, 126, 127, 140, 121, 129]
[117, 128, 122, 123, 124, 125, 126, 127, 140, 121, 130]
[117, 128, 122, 123, 124, 125, 126, 127, 140, 121, 131]
[117, 128, 122, 123, 124, 125, 126, 127, 148, 165, 121, 129]
[117, 128, 122, 123, 124, 125, 126, 127, 148, 165, 121, 130]
[117, 128, 122, 123, 124, 125, 126, 127, 148, 165, 121, 131]
[117, 128, 122, 123, 124, 125, 126, 127, 148, 68, 121, 129]
[117, 128, 122, 123, 124, 125, 126, 127, 148, 68, 121, 130]
[117, 128, 122, 123, 124, 125, 126, 127, 148, 68, 121, 131]
[117, 128, 122, 123, 124, 125, 126, 127, 148, 68, 159]
[117, 128, 122, 123, 124, 125, 126, 127, 148, 68, 160]
[117, 128, 122, 123, 124, 125, 126, 127, 148, 68, 161]
[117, 128, 122, 123, 124, 125, 126, 127, 148, 68, 162]
[117, 128, 122, 123, 124, 125, 126, 127, 148, 68, 163]
[117, 128, 122, 123, 124, 125, 126, 127, 148, 68, 164]
[117, 128, 122, 123, 124, 125, 126, 127, 148, 68, 167]
[117, 128, 122, 123, 124, 125, 126, 127, 148, 68, 168]
[117, 128, 122, 123, 124, 125, 126, 127, 148, 68, 169]
[117, 128, 122, 123, 124, 125, 126, 127, 148, 68, 170]
[117, 128, 122, 123, 124, 125, 126, 127, 148, 68, 171]
[117, 128, 122, 123, 124, 125, 126, 127, 148, 68, 172]
[117, 128, 122, 123, 124, 125, 126, 127, 148, 68, 173]
[117, 128, 122, 123, 124, 125, 126, 127, 148, 68, 175]
[117, 128, 122, 123, 124, 125, 126, 127, 178, 129, 121]
[117, 128, 122, 123, 124, 125, 126, 127, 66, 121, 129]
[117, 128, 122, 123, 124, 125, 126, 127, 66, 121, 130]
[117, 128, 122, 123, 124, 125, 126, 127, 66, 121, 131]
[117, 128, 122, 123, 124, 125, 126, 127, 66, 159]
[117, 128, 122, 123, 124, 125, 126, 127, 66, 160]
[117, 128, 122, 123, 124, 125, 126, 127, 66, 161]
[117, 128, 122, 123, 124, 125, 126, 127, 66, 162]
[117, 128, 122, 123, 124, 125, 126, 127, 66, 163]
[117, 128, 122, 123, 124, 125, 126, 127, 66, 164]
[117, 128, 122, 123, 124, 125, 126, 127, 66, 167]
[117, 128, 122, 123, 124, 125, 126, 127, 66, 168]
[117, 128, 122, 123, 124, 125, 126, 127, 66, 169]
[117, 128, 122, 123, 124, 125, 126, 127, 66, 170]
[117, 128, 122, 123, 124, 125, 126, 127, 66, 171]
[117, 128, 122, 123, 124, 125, 126, 127, 66, 172]
[117, 128, 122, 123, 124, 125, 126, 127, 66, 173]
[117, 128, 122, 123, 124, 125, 126, 127, 66, 175]
[117, 138, 137, 111]
[117, 138, 137, 112]
[117, 138, 143]
[117, 138, 144]
[117, 138, 165, 148]
[117, 138, 66]
[117, 138, 68, 148]
[117, 139, 137, 111]
[117, 139, 137, 112]
[117, 139, 143]
[117, 139, 144]
[117, 139, 165, 148]
[117, 139, 66]
[117, 139, 68, 148]
[117, 141, 66, 129]
[117, 141, 66, 130]
[117, 141, 66, 131]
[117, 142, 66, 129]
[117, 142, 66, 130]
[117, 142, 66, 131]
[117, 142, 68, 129]
[117, 142, 68, 130]
[117, 142, 68, 131]
[117, 143, 129]
[117, 143, 130]
[117, 143, 131]
[117, 144, 129]
[117, 144, 130]
[117, 144, 131]
[117, 145, 129]
[117, 145, 130]
[117, 145, 131]
[117, 150, 148, 68]
[117, 150, 66]
[117, 179, 66]
[117, 179, 68]
[117, 67, 121, 66]
[117, 67, 121, 68]
[1, 18]
[118, 110, 129, 109]
[118, 110, 129, 132]
[118, 110, 129, 133]
[118, 110, 129, 134]
[118, 110, 129, 135]
[118, 110, 129, 136]
[118, 110, 129, 137]
[118, 110, 129, 140]
[118, 110, 130, 109]
[118, 110, 130, 132]
[118, 110, 130, 133]
[118, 110, 130, 134]
[118, 110, 130, 135]
[118, 110, 130, 136]
[118, 110, 130, 137]
[118, 110, 130, 140]
[118, 110, 131, 109]
[118, 110, 131, 132]
[118, 110, 131, 133]
[118, 110, 131, 134]
[118, 110, 131, 135]
[118, 110, 131, 136]
[118, 110, 131, 137]
[118, 110, 131, 140]
[118, 111, 129, 109]
[118, 111, 129, 132]
[118, 111, 129, 133]
[118, 111, 129, 134]
[118, 111, 129, 135]
[118, 111, 129, 136]
[118, 111, 129, 137]
[118, 111, 129, 140]
[118, 111, 130, 109]
[118, 111, 130, 132]
[118, 111, 130, 133]
[118, 111, 130, 134]
[118, 111, 130, 135]
[118, 111, 130, 136]
[118, 111, 130, 137]
[118, 111, 130, 140]
[118, 111, 131, 109]
[118, 111, 131, 132]
[118, 111, 131, 133]
[118, 111, 131, 134]
[118, 111, 131, 135]
[118, 111, 131, 136]
[118, 111, 131, 137]
[118, 111, 131, 140]
[118, 112, 129, 109]
[118, 112, 129, 132]
[118, 112, 129, 133]
[118, 112, 129, 134]
[118, 112, 129, 135]
[118, 112, 129, 136]
[118, 112, 129, 137]
[118, 112, 129, 140]
[118, 112, 130, 109]
[118, 112, 130, 132]
[118, 112, 130, 133]
[118, 112, 130, 134]
[118, 112, 130, 135]
[118, 112, 130, 136]
[118, 112, 130, 137]
[118, 112, 130, 140]
[118, 112, 131, 109]
[118, 112, 131, 132]
[118, 112, 131, 133]
[118, 112, 131, 134]
[118, 112, 131, 135]
[118, 112, 131, 136]
[118, 112, 131, 137]
[118, 112, 131, 140]
[118, 113, 129, 109]
[118, 113, 129, 132]
[118, 113, 129, 133]
[118, 113, 129, 134]
[118, 113, 129, 135]
[118, 113, 129, 136]
[118, 113, 129, 137]
[118, 113, 129, 140]
[118, 113, 130, 109]
[118, 113, 130, 132]
[118, 113, 130, 133]
[118, 113, 130, 134]
[118, 113, 130, 135]
[118, 113, 130, 136]
[118, 113, 130, 137]
[118, 113, 130, 140]
[118, 113, 131, 109]
[118, 113, 131, 132]
[118, 113, 131, 133]
[118, 113, 131, 134]
[118, 113, 131, 135]
[118, 113, 131, 136]
[118, 113, 131, 137]
[118, 113, 131, 140]
[118, 128, 122, 123, 124, 125, 126, 127, 109, 121, 129]
[118, 128, 122, 123, 124, 125, 126, 127, 109, 121, 130]
[118, 128, 122, 123, 124, 125, 126, 127, 109, 121, 131]
[118, 128, 122, 123, 124, 125, 126, 127, 132, 121, 129]
[118, 128, 122, 123, 124, 125, 126, 127, 132, 121, 130]
[118, 128, 122, 123, 124, 125, 126, 127, 132, 121, 131]
[118, 128, 122, 123, 124, 125, 126, 127, 133, 121, 129]
[118, 128, 122, 123, 124, 125, 126, 127, 133, 121, 130]
[118, 128, 122, 123, 124, 125, 126, 127, 133, 121, 131]
[118, 128, 122, 123, 124, 125, 126, 127, 134, 121, 129]
[118, 128, 122, 123, 124, 125, 126, 127, 134, 121, 130]
[118, 128, 122, 123, 124, 125, 126, 127, 134, 121, 131]
[118, 128, 122, 123, 124, 125, 126, 127, 135, 121, 129]
[118, 128, 122, 123, 124, 125, 126, 127, 135, 121, 130]
[118, 128, 122, 123, 124, 125, 126, 127, 135, 121, 131]
[118, 128, 122, 123, 124, 125, 126, 127, 136, 121, 129]
[118, 128, 122, 123, 124, 125, 126, 127, 136, 121, 130]
[118, 128, 122, 123, 124, 125, 126, 127, 136, 121, 131]
[118, 128, 122, 123, 124, 125, 126, 127, 137, 121, 129]
[118, 128, 122, 123, 124, 125, 126, 127, 137, 121, 130]
[118, 128, 122, 123, 124, 125, 126, 127, 137, 121, 131]
[118, 128, 122, 123, 124, 125, 126, 127, 140, 121, 129]
[118, 128, 122, 123, 124, 125, 126, 127, 140, 121, 130]
[118, 128, 122, 123, 124, 125, 126, 127, 140, 121, 131]
[118, 128, 122, 123, 124, 125, 126, 127, 148, 165, 121, 129]
[118, 128, 122, 123, 124, 125, 126, 127, 148, 165, 121, 130]
[118, 128, 122, 123, 124, 125, 126, 127, 148, 165, 121, 131]
[118, 128, 122, 123, 124, 125, 126, 127, 148, 68, 121, 129]
[118, 128, 122, 123, 124, 125, 126, 127, 148, 68, 121, 130]
[118, 128, 122, 123, 124, 125, 126, 127, 148, 68, 121, 131]
[118, 128, 122, 123, 124, 125, 126, 127, 148, 68, 159]
[118, 128, 122, 123, 124, 125, 126, 127, 148, 68, 160]
[118, 128, 122, 123, 124, 125, 126, 127, 148, 68, 161]
[118, 128, 122, 123, 124, 125, 126, 127, 148, 68, 162]
[118, 128, 122, 123, 124, 125, 126, 127, 148, 68, 163]
[118, 128, 122, 123, 124, 125, 126, 127, 148, 68, 164]
[118, 128, 122, 123, 124, 125, 126, 127, 148, 68, 167]
[118, 128, 122, 123, 124, 125, 126, 127, 148, 68, 168]
[118, 128, 122, 123, 124, 125, 126, 127, 148, 68, 169]
[118, 128, 122, 123, 124, 125, 126, 127, 148, 68, 170]
[118, 128, 122, 123, 124, 125, 126, 127, 148, 68, 171]
[118, 128, 122, 123, 124, 125, 126, 127, 148, 68, 172]
[118, 128, 122, 123, 124, 125, 126, 127, 148, 68, 173]
[118, 128, 122, 123, 124, 125, 126, 127, 148, 68, 175]
[118, 128, 122, 123, 124, 125, 126, 127, 178, 129, 121]
[118, 128, 122, 123, 124, 125, 126, 127, 66, 121, 129]
[118, 128, 122, 123, 124, 125, 126, 127, 66, 121, 130]
[118, 128, 122, 123, 124, 125, 126, 127, 66, 121, 131]
[118, 128, 122, 123, 124, 125, 126, 127, 66, 159]
[118, 128, 122, 123, 124, 125, 126, 127, 66, 160]
[118, 128, 122, 123, 124, 125, 126, 127, 66, 161]
[118, 128, 122, 123, 124, 125, 126, 127, 66, 162]
[118, 128, 122, 123, 124, 125, 126, 127, 66, 163]
[118, 128, 122, 123, 124, 125, 126, 127, 66, 164]
[118, 128, 122, 123, 124, 125, 126, 127, 66, 167]
[118, 128, 122, 123, 124, 125, 126, 127, 66, 168]
[118, 128, 122, 123, 124, 125, 126, 127, 66, 169]
[118, 128, 122, 123, 124, 125, 126, 127, 66, 170]
[118, 128, 122, 123, 124, 125, 126, 127, 66, 171]
[118, 128, 122, 123, 124, 125, 126, 127, 66, 172]
[118, 128, 122, 123, 124, 125, 126, 127, 66, 173]
[118, 128, 122, 123, 124, 125, 126, 127, 66, 175]
[118, 138, 137, 111]
[118, 138, 137, 112]
[118, 138, 143]
[118, 138, 144]
[118, 138, 165, 148]
[118, 138, 66]
[118, 138, 68, 148]
[118, 139, 137, 111]
[118, 139, 137, 112]
[118, 139, 143]
[118, 139, 144]
[118, 139, 165, 148]
[118, 139, 66]
[118, 139, 68, 148]
[118, 141, 66, 129]
[118, 141, 66, 130]
[118, 141, 66, 131]
[118, 142, 66, 129]
[118, 142, 66, 130]
[118, 142, 66, 131]
[118, 142, 68, 129]
[118, 142, 68, 130]
[118, 142, 68, 131]
[118, 143, 129]
[118, 143, 130]
[118, 143, 131]
[118, 144, 129]
[118, 144, 130]
[118, 144, 131]
[118, 145, 129]
[118, 145, 130]
[118, 145, 131]
[118, 150, 148, 68]
[118, 150, 66]
[118, 179, 66]
[118, 179, 68]
[118, 67, 121, 66]
[118, 67, 121, 68]
[1, 19]
[119, 110, 129, 109]
[119, 110, 129, 132]
[119, 110, 129, 133]
[119, 110, 129, 134]
[119, 110, 129, 135]
[119, 110, 129, 136]
[119, 110, 129, 137]
[119, 110, 129, 140]
[119, 110, 130, 109]
[119, 110, 130, 132]
[119, 110, 130, 133]
[119, 110, 130, 134]
[119, 110, 130, 135]
[119, 110, 130, 136]
[119, 110, 130, 137]
[119, 110, 130, 140]
[119, 110, 131, 109]
[119, 110, 131, 132]
[119, 110, 131, 133]
[119, 110, 131, 134]
[119, 110, 131, 135]
[119, 110, 131, 136]
[119, 110, 131, 137]
[119, 110, 131, 140]
[119, 111, 129, 109]
[119, 111, 129, 132]
[119, 111, 129, 133]
[119, 111, 129, 134]
[119, 111, 129, 135]
[119, 111, 129, 136]
[119, 111, 129, 137]
[119, 111, 129, 140]
[119, 111, 130, 109]
[119, 111, 130, 132]
[119, 111, 130, 133]
[119, 111, 130, 134]
[119, 111, 130, 135]
[119, 111, 130, 136]
[119, 111, 130, 137]
[119, 111, 130, 140]
[119, 111, 131, 109]
[119, 111, 131, 132]
[119, 111, 131, 133]
[119, 111, 131, 134]
[119, 111, 131, 135]
[119, 111, 131, 136]
[119, 111, 131, 137]
[119, 111, 131, 140]
[119, 112, 129, 109]
[119, 112, 129, 132]
[119, 112, 129, 133]
[119, 112, 129, 134]
[119, 112, 129, 135]
[119, 112, 129, 136]
[119, 112, 129, 137]
[119, 112, 129, 140]
[119, 112, 130, 109]
[119, 112, 130, 132]
[119, 112, 130, 133]
[119, 112, 130, 134]
[119, 112, 130, 135]
[119, 112, 130, 136]
[119, 112, 130, 137]
[119, 112, 130, 140]
[119, 112, 131, 109]
[119, 112, 131, 132]
[119, 112, 131, 133]
[119, 112, 131, 134]
[119, 112, 131, 135]
[119, 112, 131, 136]
[119, 112, 131, 137]
[119, 112, 131, 140]
[119, 113, 129, 109]
[119, 113, 129, 132]
[119, 113, 129, 133]
[119, 113, 129, 134]
[119, 113, 129, 135]
[119, 113, 129, 136]
[119, 113, 129, 137]
[119, 113, 129, 140]
[119, 113, 130, 109]
[119, 113, 130, 132]
[119, 113, 130, 133]
[119, 113, 130, 134]
[119, 113, 130, 135]
[119, 113, 130, 136]
[119, 113, 130, 137]
[119, 113, 130, 140]
[119, 113, 131, 109]
[119, 113, 131, 132]
[119, 113, 131, 133]
[119, 113, 131, 134]
[119, 113, 131, 135]
[119, 113, 131, 136]
[119, 113, 131, 137]
[119, 113, 131, 140]
[119, 128, 122, 123, 124, 125, 126, 127, 109, 121, 129]
[119, 128, 122, 123, 124, 125, 126, 127, 109, 121, 130]
[119, 128, 122, 123, 124, 125, 126, 127, 109, 121, 131]
[119, 128, 122, 123, 124, 125, 126, 127, 132, 121, 129]
[119, 128, 122, 123, 124, 125, 126, 127, 132, 121, 130]
[119, 128, 122, 123, 124, 125, 126, 127, 132, 121, 131]
[119, 128, 122, 123, 124, 125, 126, 127, 133, 121, 129]
[119, 128, 122, 123, 124, 125, 126, 127, 133, 121, 130]
[119, 128, 122, 123, 124, 125, 126, 127, 133, 121, 131]
[119, 128, 122, 123, 124, 125, 126, 127, 134, 121, 129]
[119, 128, 122, 123, 124, 125, 126, 127, 134, 121, 130]
[119, 128, 122, 123, 124, 125, 126, 127, 134, 121, 131]
[119, 128, 122, 123, 124, 125, 126, 127, 135, 121, 129]
[119, 128, 122, 123, 124, 125, 126, 127, 135, 121, 130]
[119, 128, 122, 123, 124, 125, 126, 127, 135, 121, 131]
[119, 128, 122, 123, 124, 125, 126, 127, 136, 121, 129]
[119, 128, 122, 123, 124, 125, 126, 127, 136, 121, 130]
[119, 128, 122, 123, 124, 125, 126, 127, 136, 121, 131]
[119, 128, 122, 123, 124, 125, 126, 127, 137, 121, 129]
[119, 128, 122, 123, 124, 125, 126, 127, 137, 121, 130]
[119, 128, 122, 123, 124, 125, 126, 127, 137, 121, 131]
[119, 128, 122, 123, 124, 125, 126, 127, 140, 121, 129]
[119, 128, 122, 123, 124, 125, 126, 127, 140, 121, 130]
[119, 128, 122, 123, 124, 125, 126, 127, 140, 121, 131]
[119, 128, 122, 123, 124, 125, 126, 127, 148, 165, 121, 129]
[119, 128, 122, 123, 124, 125, 126, 127, 148, 165, 121, 130]
[119, 128, 122, 123, 124, 125, 126, 127, 148, 165, 121, 131]
[119, 128, 122, 123, 124, 125, 126, 127, 148, 68, 121, 129]
[119, 128, 122, 123, 124, 125, 126, 127, 148, 68, 121, 130]
[119, 128, 122, 123, 124, 125, 126, 127, 148, 68, 121, 131]
[119, 128, 122, 123, 124, 125, 126, 127, 148, 68, 159]
[119, 128, 122, 123, 124, 125, 126, 127, 148, 68, 160]
[119, 128, 122, 123, 124, 125, 126, 127, 148, 68, 161]
[119, 128, 122, 123, 124, 125, 126, 127, 148, 68, 162]
[119, 128, 122, 123, 124, 125, 126, 127, 148, 68, 163]
[119, 128, 122, 123, 124, 125, 126, 127, 148, 68, 164]
[119, 128, 122, 123, 124, 125, 126, 127, 148, 68, 167]
[119, 128, 122, 123, 124, 125, 126, 127, 148, 68, 168]
[119, 128, 122, 123, 124, 125, 126, 127, 148, 68, 169]
[119, 128, 122, 123, 124, 125, 126, 127, 148, 68, 170]
[119, 128, 122, 123, 124, 125, 126, 127, 148, 68, 171]
[119, 128, 122, 123, 124, 125, 126, 127, 148, 68, 172]
[119, 128, 122, 123, 124, 125, 126, 127, 148, 68, 173]
[119, 128, 122, 123, 124, 125, 126, 127, 148, 68, 175]
[119, 128, 122, 123, 124, 125, 126, 127, 178, 129, 121]
[119, 128, 122, 123, 124, 125, 126, 127, 66, 121, 129]
[119, 128, 122, 123, 124, 125, 126, 127, 66, 121, 130]
[119, 128, 122, 123, 124, 125, 126, 127, 66, 121, 131]
[119, 128, 122, 123, 124, 125, 126, 127, 66, 159]
[119, 128, 122, 123, 124, 125, 126, 127, 66, 160]
[119, 128, 122, 123, 124, 125, 126, 127, 66, 161]
[119, 128, 122, 123, 124, 125, 126, 127, 66, 162]
[119, 128, 122, 123, 124, 125, 126, 127, 66, 163]
[119, 128, 122, 123, 124, 125, 126, 127, 66, 164]
[119, 128, 122, 123, 124, 125, 126, 127, 66, 167]
[119, 128, 122, 123, 124, 125, 126, 127, 66, 168]
[119, 128, 122, 123, 124, 125, 126, 127, 66, 169]
[119, 128, 122, 123, 124, 125, 126, 127, 66, 170]
[119, 128, 122, 123, 124, 125, 126, 127, 66, 171]
[119, 128, 122, 123, 124, 125, 126, 127, 66, 172]
[119, 128, 122, 123, 124, 125, 126, 127, 66, 173]
[119, 128, 122, 123, 124, 125, 126, 127, 66, 175]
[119, 138, 137, 111]
[119, 138, 137, 112]
[119, 138, 143]
[119, 138, 144]
[119, 138, 165, 148]
[119, 138, 66]
[119, 138, 68, 148]
[119, 139, 137, 111]
[119, 139, 137, 112]
[119, 139, 143]
[119, 139, 144]
[119, 139, 165, 148]
[119, 139, 66]
[119, 139, 68, 148]
[119, 141, 66, 129]
[119, 141, 66, 130]
[119, 141, 66, 131]
[119, 142, 66, 129]
[119, 142, 66, 130]
[119, 142, 66, 131]
[119, 142, 68, 129]
[119, 142, 68, 130]
[119, 142, 68, 131]
[119, 143, 129]
[119, 143, 130]
[119, 143, 131]
[119, 144, 129]
[119, 144, 130]
[119, 144, 131]
[119, 145, 129]
[119, 145, 130]
[119, 145, 131]
[119, 150, 148, 68]
[119, 150, 66]
[119, 179, 66]
[119, 179, 68]
[119, 67, 121, 66]
[119, 67, 121, 68]
[1, 2]
[1, 20]
[1, 21]
[12, 144]
[12, 149]
[12, 179]
[1, 22]
[1, 23]
[1, 24]
[1, 25]
[1, 26]
[1, 27]
[1, 28]
[1, 29]
[1, 3]
[1, 30]
[1, 31]
[13, 144]
[13, 149]
[13, 179]
[1, 32]
[1, 33]
[1, 34]
[1, 35]
[1, 36]
[1, 37]
[1, 38]
[1, 39]
[1, 4]
[1, 40]
[1, 41]
[14, 144]
[14, 149]
[14, 179]
[1, 42]
[1, 43]
[1, 44]
[1, 45]
[1, 46]
[1, 47]
[1, 48]
[1, 49]
[1, 5]
[1, 50]
[1, 51]
[15, 144]
[15, 149]
[15, 179]
[1, 52]
[1, 53]
[1, 54]
[1, 55]
[1, 56]
[1, 57]
[157, 165, 128, 122, 123, 124, 125, 126, 127, 129]
[157, 165, 128, 122, 123, 124, 125, 126, 127, 130]
[157, 165, 128, 122, 123, 124, 125, 126, 127, 131]
[157, 165, 138]
[157, 165, 139]
[157, 66, 128, 123, 127, 122, 124, 125, 126, 129]
[157, 66, 128, 123, 127, 122, 124, 125, 126, 130]
[157, 66, 128, 123, 127, 122, 124, 125, 126, 131]
[157, 66, 128, 123, 127, 122, 124, 125, 126, 159]
[157, 66, 128, 123, 127, 122, 124, 125, 126, 160]
[157, 66, 128, 123, 127, 122, 124, 125, 126, 161]
[157, 66, 128, 123, 127, 122, 124, 125, 126, 162]
[157, 66, 128, 123, 127, 122, 124, 125, 126, 163]
[157, 66, 128, 123, 127, 122, 124, 125, 126, 164]
[157, 66, 128, 123, 127, 122, 124, 125, 126, 167]
[157, 66, 128, 123, 127, 122, 124, 125, 126, 168]
[157, 66, 128, 123, 127, 122, 124, 125, 126, 169]
[157, 66, 128, 123, 127, 122, 124, 125, 126, 170]
[157, 66, 128, 123, 127, 122, 124, 125, 126, 171]
[157, 66, 128, 123, 127, 122, 124, 125, 126, 172]
[157, 66, 128, 123, 127, 122, 124, 125, 126, 173]
[157, 66, 128, 123, 127, 122, 124, 125, 126, 175]
[157, 66, 128, 123, 127, 158, 129]
[157, 66, 138]
[157, 66, 139]
[157, 68, 128, 123, 127, 122, 124, 125, 126, 129]
[157, 68, 128, 123, 127, 122, 124, 125, 126, 130]
[157, 68, 128, 123, 127, 122, 124, 125, 126, 131]
[157, 68, 128, 123, 127, 122, 124, 125, 126, 159]
[157, 68, 128, 123, 127, 122, 124, 125, 126, 160]
[157, 68, 128, 123, 127, 122, 124, 125, 126, 161]
[157, 68, 128, 123, 127, 122, 124, 125, 126, 162]
[157, 68, 128, 123, 127, 122, 124, 125, 126, 163]
[157, 68, 128, 123, 127, 122, 124, 125, 126, 164]
[157, 68, 128, 123, 127, 122, 124, 125, 126, 167]
[157, 68, 128, 123, 127, 122, 124, 125, 126, 168]
[157, 68, 128, 123, 127, 122, 124, 125, 126, 169]
[157, 68, 128, 123, 127, 122, 124, 125, 126, 170]
[157, 68, 128, 123, 127, 122, 124, 125, 126, 171]
[157, 68, 128, 123, 127, 122, 124, 125, 126, 172]
[157, 68, 128, 123, 127, 122, 124, 125, 126, 173]
[157, 68, 128, 123, 127, 122, 124, 125, 126, 175]
[157, 68, 128, 123, 127, 158, 129]
[157, 68, 138]
[157, 68, 139]
[157, 68, 4]
[1, 58]
[1, 59]
[1, 6]
[1, 60]
[1, 61]
[16, 144]
[16, 149]
[16, 179]
[1, 62]
[1, 63]
[1, 64]
[1, 7]
[17, 144]
[17, 149]
[17, 179]
[1, 8]
[180, 155]
[180, 175]
[181, 155]
[181, 175]
[18, 144]
[18, 149]
[18, 179]
[182, 155]
[182, 175]
[1, 9]
[19, 144]
[19, 149]
[19, 179]
[20, 144]
[20, 149]
[20, 179]
[21, 144]
[21, 149]
[21, 179]
[22, 144]
[22, 149]
[22, 179]
[23, 144]
[23, 149]
[23, 179]
[24, 144]
[24, 149]
[24, 179]
[25, 144]
[25, 149]
[25, 179]
[26, 144]
[26, 149]
[26, 179]
[27, 144]
[27, 149]
[27, 179]
[28, 144]
[28, 149]
[28, 179]
[29, 144]
[29, 149]
[29, 179]
[30, 100, 83]
[30, 101, 83]
[30, 79, 80, 84, 102]
[30, 79, 80, 84, 103]
[30, 79, 80, 84, 108]
[30, 79, 80, 84, 83, 104]
[30, 79, 80, 84, 83, 105]
[30, 79, 80, 84, 83, 106]
[30, 79, 80, 84, 83, 107]
[30, 79, 80, 84, 83, 78]
[30, 79, 80, 84, 83, 86]
[30, 79, 80, 84, 83, 89]
[30, 79, 80, 84, 90]
[30, 79, 80, 84, 91]
[30, 79, 80, 84, 92]
[30, 79, 93]
[30, 94]
[30, 95]
[30, 96]
[30, 97]
[30, 98, 83]
[30, 99, 83]
[3, 148]
[31, 80, 78, 79]
[32, 100, 83]
[32, 101, 83]
[32, 79, 80, 84, 102]
[32, 79, 80, 84, 103]
[32, 79, 80, 84, 108]
[32, 79, 80, 84, 83, 104]
[32, 79, 80, 84, 83, 105]
[32, 79, 80, 84, 83, 106]
[32, 79, 80, 84, 83, 107]
[32, 79, 80, 84, 83, 78]
[32, 79, 80, 84, 83, 86]
[32, 79, 80, 84, 83, 89]
[32, 79, 80, 84, 90]
[32, 79, 80, 84, 91]
[32, 79, 80, 84, 92]
[32, 79, 93]
[32, 94]
[32, 95]
[32, 96]
[32, 97]
[32, 98, 83]
[32, 99, 83]
[33, 80, 78, 79]
[34, 100, 83]
[34, 101, 83]
[34, 79, 80, 84, 102]
[34, 79, 80, 84, 103]
[34, 79, 80, 84, 108]
[34, 79, 80, 84, 83, 104]
[34, 79, 80, 84, 83, 105]
[34, 79, 80, 84, 83, 106]
[34, 79, 80, 84, 83, 107]
[34, 79, 80, 84, 83, 78]
[34, 79, 80, 84, 83, 86]
[34, 79, 80, 84, 83, 89]
[34, 79, 80, 84, 90]
[34, 79, 80, 84, 91]
[34, 79, 80, 84, 92]
[34, 79, 93]
[34, 94]
[34, 95]
[34, 96]
[34, 97]
[34, 98, 83]
[34, 99, 83]
[35, 80, 78, 79]
[36, 100, 83]
[36, 101, 83]
[3, 66]
[36, 79, 80, 84, 102]
[36, 79, 80, 84, 103]
[36, 79, 80, 84, 108]
[36, 79, 80, 84, 83, 104]
[36, 79, 80, 84, 83, 105]
[36, 79, 80, 84, 83, 106]
[36, 79, 80, 84, 83, 107]
[36, 79, 80, 84, 83, 78]
[36, 79, 80, 84, 83, 86]
[36, 79, 80, 84, 83, 89]
[36, 79, 80, 84, 90]
[36, 79, 80, 84, 91]
[36, 79, 80, 84, 92]
[36, 79, 93]
[36, 94]
[36, 95]
[36, 96]
[36, 97]
[36, 98, 83]
[36, 99, 83]
[37, 100, 83]
[37, 101, 83]
[37, 79, 80, 84, 102]
[37, 79, 80, 84, 103]
[37, 79, 80, 84, 108]
[37, 79, 80, 84, 83, 104]
[37, 79, 80, 84, 83, 105]
[37, 79, 80, 84, 83, 106]
[37, 79, 80, 84, 83, 107]
[37, 79, 80, 84, 83, 78]
[37, 79, 80, 84, 83, 86]
[37, 79, 80, 84, 83, 89]
[37, 79, 80, 84, 90]
[37, 79, 80, 84, 91]
[37, 79, 80, 84, 92]
[37, 79, 93]
[37, 94]
[37, 95]
[37, 96]
[37, 97]
[37, 98, 83]
[37, 99, 83]
[38, 86]
[39, 79, 80, 78]
[39, 79, 80, 90]
[39, 79, 80, 91]
[39, 79, 80, 92]
[39, 79, 93]
[40, 79, 80, 78]
[40, 79, 80, 90]
[40, 79, 80, 91]
[40, 79, 80, 92]
[40, 79, 93]
[41, 100, 83]
[41, 101, 83]
[41, 79, 80, 84, 102]
[41, 79, 80, 84, 103]
[41, 79, 80, 84, 108]
[41, 79, 80, 84, 83, 104]
[41, 79, 80, 84, 83, 105]
[41, 79, 80, 84, 83, 106]
[41, 79, 80, 84, 83, 107]
[41, 79, 80, 84, 83, 78]
[41, 79, 80, 84, 83, 86]
[41, 79, 80, 84, 83, 89]
[41, 79, 80, 84, 90]
[41, 79, 80, 84, 91]
[41, 79, 80, 84, 92]
[41, 79, 93]
[41, 94]
[41, 95]
[41, 96]
[41, 97]
[41, 98, 83]
[41, 99, 83]
[42, 100, 83]
[42, 101, 83]
[42, 79, 80, 84, 102]
[42, 79, 80, 84, 103]
[42, 79, 80, 84, 108]
[42, 79, 80, 84, 83, 104]
[42, 79, 80, 84, 83, 105]
[42, 79, 80, 84, 83, 106]
[42, 79, 80, 84, 83, 107]
[42, 79, 80, 84, 83, 78]
[42, 79, 80, 84, 83, 86]
[42, 79, 80, 84, 83, 89]
[42, 79, 80, 84, 90]
[42, 79, 80, 84, 91]
[42, 79, 80, 84, 92]
[42, 79, 93]
[42, 94]
[42, 95]
[42, 96]
[42, 97]
[42, 98, 83]
[42, 99, 83]
[43, 100, 83]
[43, 101, 83]
[43, 79, 80, 84, 102]
[43, 79, 80, 84, 103]
[43, 79, 80, 84, 108]
[43, 79, 80, 84, 83, 104]
[43, 79, 80, 84, 83, 105]
[43, 79, 80, 84, 83, 106]
[43, 79, 80, 84, 83, 107]
[43, 79, 80, 84, 83, 78]
[43, 79, 80, 84, 83, 86]
[43, 79, 80, 84, 83, 89]
[43, 79, 80, 84, 90]
[43, 79, 80, 84, 91]
[43, 79, 80, 84, 92]
[43, 79, 93]
[43, 94]
[43, 95]
[43, 96]
[43, 97]
[43, 98, 83]
[43, 99, 83]
[44, 79, 80, 78]
[44, 79, 80, 90]
[44, 79, 80, 91]
[44, 79, 80, 92]
[44, 79, 93]
[45, 79, 80, 78]
[45, 79, 80, 90]
[45, 79, 80, 91]
[45, 79, 80, 92]
[45, 79, 93]
[46, 100, 83]
[46, 101, 83]
[46, 79, 80, 84, 102]
[46, 79, 80, 84, 103]
[46, 79, 80, 84, 108]
[46, 79, 80, 84, 83, 104]
[46, 79, 80, 84, 83, 105]
[46, 79, 80, 84, 83, 106]
[46, 79, 80, 84, 83, 107]
[46, 79, 80, 84, 83, 78]
[46, 79, 80, 84, 83, 86]
[46, 79, 80, 84, 83, 89]
[46, 79, 80, 84, 90]
[46, 79, 80, 84, 91]
[46, 79, 80, 84, 92]
[46, 79, 93]
[46, 94]
[46, 95]
[46, 96]
[46, 97]
[46, 98, 83]
[46, 99, 83]
[47, 79, 80, 78]
[47, 79, 80, 90]
[47, 79, 80, 91]
[47, 79, 80, 92]
[47, 79, 93]
[48, 79, 80, 78]
[48, 79, 80, 90]
[48, 79, 80, 91]
[48, 79, 80, 92]
[48, 79, 93]
[49, 100, 83]
[49, 101, 83]
[49, 79, 80, 84, 102]
[49, 79, 80, 84, 103]
[49, 79, 80, 84, 108]
[49, 79, 80, 84, 83, 104]
[49, 79, 80, 84, 83, 105]
[49, 79, 80, 84, 83, 106]
[49, 79, 80, 84, 83, 107]
[49, 79, 80, 84, 83, 78]
[49, 79, 80, 84, 83, 86]
[49, 79, 80, 84, 83, 89]
[49, 79, 80, 84, 90]
[49, 79, 80, 84, 91]
[49, 79, 80, 84, 92]
[49, 79, 93]
[49, 94]
[49, 95]
[49, 96]
[49, 97]
[49, 98, 83]
[49, 99, 83]
[50, 100, 83]
[50, 101, 83]
[50, 79, 80, 84, 102]
[50, 79, 80, 84, 103]
[50, 79, 80, 84, 108]
[50, 79, 80, 84, 83, 104]
[50, 79, 80, 84, 83, 105]
[50, 79, 80, 84, 83, 106]
[50, 79, 80, 84, 83, 107]
[50, 79, 80, 84, 83, 78]
[50, 79, 80, 84, 83, 86]
[50, 79, 80, 84, 83, 89]
[50, 79, 80, 84, 90]
[50, 79, 80, 84, 91]
[50, 79, 80, 84, 92]
[50, 79, 93]
[50, 94]
[50, 95]
[50, 96]
[50, 97]
[50, 98, 83]
[50, 99, 83]
[5, 144]
[5, 149]
[5, 179]
[51, 79, 80, 78]
[51, 79, 80, 90]
[51, 79, 80, 91]
[51, 79, 80, 92]
[51, 79, 93]
[52, 100, 83]
[52, 101, 83]
[52, 79, 80, 84, 102]
[52, 79, 80, 84, 103]
[52, 79, 80, 84, 108]
[52, 79, 80, 84, 83, 104]
[52, 79, 80, 84, 83, 105]
[52, 79, 80, 84, 83, 106]
[52, 79, 80, 84, 83, 107]
[52, 79, 80, 84, 83, 78]
[52, 79, 80, 84, 83, 86]
[52, 79, 80, 84, 83, 89]
[52, 79, 80, 84, 90]
[52, 79, 80, 84, 91]
[52, 79, 80, 84, 92]
[52, 79, 93]
[52, 94]
[52, 95]
[52, 96]
[52, 97]
[52, 98, 83]
[52, 99, 83]
[53, 100, 83]
[53, 101, 83]
[53, 79, 80, 84, 102]
[53, 79, 80, 84, 103]
[53, 79, 80, 84, 108]
[53, 79, 80, 84, 83, 104]
[53, 79, 80, 84, 83, 105]
[53, 79, 80, 84, 83, 106]
[53, 79, 80, 84, 83, 107]
[53, 79, 80, 84, 83, 78]
[53, 79, 80, 84, 83, 86]
[53, 79, 80, 84, 83, 89]
[53, 79, 80, 84, 90]
[53, 79, 80, 84, 91]
[53, 79, 80, 84, 92]
[53, 79, 93]
[53, 94]
[53, 95]
[53, 96]
[53, 97]
[53, 98, 83]
[53, 99, 83]
[54, 79, 80, 78]
[54, 79, 80, 90]
[54, 79, 80, 91]
[54, 79, 80, 92]
[54, 79, 93]
[55, 79, 80, 78]
[55, 79, 80, 90]
[55, 79, 80, 91]
[55, 79, 80, 92]
[55, 79, 93]
[56, 100, 83]
[56, 101, 83]
[56, 79, 80, 84, 102]
[56, 79, 80, 84, 103]
[56, 79, 80, 84, 108]
[56, 79, 80, 84, 83, 104]
[56, 79, 80, 84, 83, 105]
[56, 79, 80, 84, 83, 106]
[56, 79, 80, 84, 83, 107]
[56, 79, 80, 84, 83, 78]
[56, 79, 80, 84, 83, 86]
[56, 79, 80, 84, 83, 89]
[56, 79, 80, 84, 90]
[56, 79, 80, 84, 91]
[56, 79, 80, 84, 92]
[56, 79, 93]
[56, 94]
[56, 95]
[56, 96]
[56, 97]
[56, 98, 83]
[56, 99, 83]
[57, 100, 83]
[57, 101, 83]
[57, 79, 80, 84, 102]
[57, 79, 80, 84, 103]
[57, 79, 80, 84, 108]
[57, 79, 80, 84, 83, 104]
[57, 79, 80, 84, 83, 105]
[57, 79, 80, 84, 83, 106]
[57, 79, 80, 84, 83, 107]
[57, 79, 80, 84, 83, 78]
[57, 79, 80, 84, 83, 86]
[57, 79, 80, 84, 83, 89]
[57, 79, 80, 84, 90]
[57, 79, 80, 84, 91]
[57, 79, 80, 84, 92]
[57, 79, 93]
[57, 94]
[57, 95]
[57, 96]
[57, 97]
[57, 98, 83]
[57, 99, 83]
[58, 79, 80, 78]
[58, 79, 80, 86]
[58, 79, 80, 89]
[58, 79, 80, 90]
[58, 79, 80, 91]
[58, 79, 80, 92]
[58, 79, 93]
[59, 80, 78, 79]
[60, 79, 80, 78]
[60, 79, 80, 86]
[60, 79, 80, 89]
[60, 79, 80, 90]
[60, 79, 80, 91]
[60, 79, 80, 92]
[60, 79, 93]
[6, 144]
[6, 149]
[6, 179]
[61, 79, 80, 109]
[61, 79, 80, 132]
[61, 79, 80, 133]
[61, 79, 80, 134]
[61, 79, 80, 135]
[61, 79, 80, 136]
[61, 79, 80, 137]
[61, 79, 80, 140]
[61, 79, 80, 142]
[61, 79, 80, 143]
[61, 79, 80, 144]
[61, 79, 80, 78]
[62, 80, 78, 79]
[63, 79, 80, 109]
[63, 79, 80, 132]
[63, 79, 80, 133]
[63, 79, 80, 134]
[63, 79, 80, 135]
[63, 79, 80, 136]
[63, 79, 80, 137]
[63, 79, 80, 140]
[63, 79, 80, 142]
[63, 79, 80, 143]
[63, 79, 80, 144]
[63, 79, 80, 78]
[63, 79, 80, 90]
[63, 79, 80, 91]
[63, 79, 80, 92]
[63, 79, 93]
[64, 130, 109]
[64, 130, 132]
[64, 130, 133]
[64, 130, 134]
[64, 130, 135]
[64, 130, 136]
[64, 130, 137]
[64, 130, 140]
[64, 130, 141]
[64, 130, 142]
[64, 130, 143]
[64, 130, 144]
[64, 130, 145]
[64, 130, 165]
[64, 131, 109]
[64, 131, 132]
[64, 131, 133]
[64, 131, 134]
[64, 131, 135]
[64, 131, 136]
[64, 131, 137]
[64, 131, 140]
[64, 131, 141]
[64, 131, 142]
[64, 131, 143]
[64, 131, 144]
[64, 131, 145]
[64, 131, 165]
[64, 147]
[64, 149]
[64, 150]
[64, 151]
[64, 154]
[64, 158, 178]
[64, 159]
[64, 160]
[64, 161]
[64, 162]
[64, 163]
[64, 164]
[64, 166]
[64, 167]
[64, 168]
[64, 169]
[64, 170]
[64, 171]
[64, 172]
[64, 173]
[64, 174]
[64, 176]
[64, 177]
[64, 180]
[64, 181]
[64, 182]
[64, 183]
[70, 116, 109]
[70, 116, 132]
[70, 116, 133]
[70, 116, 134]
[70, 116, 135]
[70, 116, 136]
[70, 116, 141, 66]
[70, 116, 142, 66]
[70, 116, 142, 68]
[70, 116, 143]
[70, 116, 144]
[70, 120, 122, 128, 123, 124, 125, 126, 127, 109, 129]
[70, 120, 122, 128, 123, 124, 125, 126, 127, 109, 130]
[70, 120, 122, 128, 123, 124, 125, 126, 127, 109, 131]
[70, 120, 122, 128, 123, 124, 125, 126, 127, 132, 129]
[70, 120, 122, 128, 123, 124, 125, 126, 127, 132, 130]
[70, 120, 122, 128, 123, 124, 125, 126, 127, 132, 131]
[70, 120, 122, 128, 123, 124, 125, 126, 127, 133, 129]
[70, 120, 122, 128, 123, 124, 125, 126, 127, 133, 130]
[70, 120, 122, 128, 123, 124, 125, 126, 127, 133, 131]
[70, 120, 122, 128, 123, 124, 125, 126, 127, 134, 129]
[70, 120, 122, 128, 123, 124, 125, 126, 127, 134, 130]
[70, 120, 122, 128, 123, 124, 125, 126, 127, 134, 131]
[70, 120, 122, 128, 123, 124, 125, 126, 127, 135, 129]
[70, 120, 122, 128, 123, 124, 125, 126, 127, 135, 130]
[70, 120, 122, 128, 123, 124, 125, 126, 127, 135, 131]
[70, 120, 122, 128, 123, 124, 125, 126, 127, 136, 129]
[70, 120, 122, 128, 123, 124, 125, 126, 127, 136, 130]
[70, 120, 122, 128, 123, 124, 125, 126, 127, 136, 131]
[70, 120, 138, 111, 137]
[70, 120, 138, 112, 137]
[70, 120, 138, 143]
[70, 120, 138, 144]
[70, 120, 138, 165, 148]
[70, 120, 139, 111, 137]
[70, 120, 139, 112, 137]
[70, 120, 139, 143]
[70, 120, 139, 144]
[70, 120, 139, 165, 148]
[70, 120, 148, 128, 165, 122, 123, 124, 125, 126, 127, 129]
[70, 120, 148, 128, 165, 122, 123, 124, 125, 126, 127, 130]
[70, 120, 148, 128, 165, 122, 123, 124, 125, 126, 127, 131]
[70, 146, 145]
[70, 146, 147]
[70, 152, 165, 148, 128, 121, 122, 123, 124, 125, 126, 127, 129]
[70, 152, 165, 148, 128, 121, 122, 123, 124, 125, 126, 127, 130]
[70, 152, 165, 148, 128, 121, 122, 123, 124, 125, 126, 127, 131]
[70, 152, 165, 148, 138]
[70, 152, 165, 148, 139]
[70, 166, 128, 123, 124, 125, 126, 127, 66, 122, 74]
[70, 166, 128, 123, 124, 125, 126, 127, 66, 122, 75]
[70, 166, 128, 123, 124, 125, 126, 127, 66, 76]
[70, 166, 128, 123, 124, 125, 126, 127, 68, 148, 122, 74]
[70, 166, 128, 123, 124, 125, 126, 127, 68, 148, 122, 75]
[70, 166, 128, 123, 124, 125, 126, 127, 68, 76]
[70, 2, 77, 66]
[70, 2, 77, 68]
[70, 2, 77, 69]
[70, 65, 111, 109, 80, 84, 81]
[70, 65, 111, 109, 80, 84, 82]
[70, 65, 111, 132, 80, 84, 81]
[70, 65, 111, 132, 80, 84, 82]
[70, 65, 113, 80, 84, 109, 81]
[70, 65, 113, 80, 84, 109, 82]
[70, 65, 113, 80, 84, 132, 81]
[70, 65, 113, 80, 84, 132, 82]
[70, 65, 129, 110, 109]
[70, 65, 129, 110, 132]
[70, 65, 129, 110, 133]
[70, 65, 129, 110, 134]
[70, 65, 129, 110, 135]
[70, 65, 129, 110, 136]
[70, 65, 129, 110, 137]
[70, 65, 129, 110, 140]
[70, 65, 129, 111, 109]
[70, 65, 129, 111, 132]
[70, 65, 129, 111, 133]
[70, 65, 129, 111, 134]
[70, 65, 129, 111, 135]
[70, 65, 129, 111, 136]
[70, 65, 129, 111, 137]
[70, 65, 129, 111, 140]
[70, 65, 129, 112, 109]
[70, 65, 129, 112, 132]
[70, 65, 129, 112, 133]
[70, 65, 129, 112, 134]
[70, 65, 129, 112, 135]
[70, 65, 129, 112, 136]
[70, 65, 129, 112, 137]
[70, 65, 129, 112, 140]
[70, 65, 129, 113, 109]
[70, 65, 129, 113, 132]
[70, 65, 129, 113, 133]
[70, 65, 129, 113, 134]
[70, 65, 129, 113, 135]
[70, 65, 129, 113, 136]
[70, 65, 129, 113, 137]
[70, 65, 129, 113, 140]
[70, 65, 129, 128, 123, 127, 121, 122, 124, 125, 126, 109]
[70, 65, 129, 128, 123, 127, 121, 122, 124, 125, 126, 132]
[70, 65, 129, 128, 123, 127, 121, 122, 124, 125, 126, 133]
[70, 65, 129, 128, 123, 127, 121, 122, 124, 125, 126, 134]
[70, 65, 129, 128, 123, 127, 121, 122, 124, 125, 126, 135]
[70, 65, 129, 128, 123, 127, 121, 122, 124, 125, 126, 136]
[70, 65, 129, 128, 123, 127, 121, 122, 124, 125, 126, 137]
[70, 65, 129, 128, 123, 127, 121, 122, 124, 125, 126, 140]
[70, 65, 129, 128, 123, 127, 121, 122, 124, 125, 126, 153, 148, 165]
[70, 65, 129, 128, 123, 127, 121, 122, 124, 125, 126, 153, 148, 68]
[70, 65, 129, 128, 123, 127, 121, 122, 124, 125, 126, 153, 178]
[70, 65, 129, 128, 123, 127, 121, 122, 124, 125, 126, 156, 148, 165]
[70, 65, 129, 128, 123, 127, 121, 122, 124, 125, 126, 156, 148, 68]
[70, 65, 129, 128, 123, 127, 121, 122, 124, 125, 126, 156, 178]
[70, 65, 129, 128, 123, 127, 121, 122, 124, 125, 126, 156, 66]
[70, 65, 129, 128, 123, 127, 158, 148, 68]
[70, 65, 129, 128, 123, 127, 158, 178]
[70, 65, 129, 128, 123, 127, 158, 66]
[70, 65, 129, 141, 66]
[70, 65, 129, 142, 66]
[70, 65, 129, 142, 68]
[70, 65, 129, 143]
[70, 65, 129, 144]
[70, 65, 129, 145]
[70, 65, 130, 110, 109]
[70, 65, 130, 110, 132]
[70, 65, 130, 110, 133]
[70, 65, 130, 110, 134]
[70, 65, 130, 110, 135]
[70, 65, 130, 110, 136]
[70, 65, 130, 110, 137]
[70, 65, 130, 110, 140]
[70, 65, 130, 111, 109]
[70, 65, 130, 111, 132]
[70, 65, 130, 111, 133]
[70, 65, 130, 111, 134]
[70, 65, 130, 111, 135]
[70, 65, 130, 111, 136]
[70, 65, 130, 111, 137]
[70, 65, 130, 111, 140]
[70, 65, 130, 112, 109]
[70, 65, 130, 112, 132]
[70, 65, 130, 112, 133]
[70, 65, 130, 112, 134]
[70, 65, 130, 112, 135]
[70, 65, 130, 112, 136]
[70, 65, 130, 112, 137]
[70, 65, 130, 112, 140]
[70, 65, 130, 113, 109]
[70, 65, 130, 113, 132]
[70, 65, 130, 113, 133]
[70, 65, 130, 113, 134]
[70, 65, 130, 113, 135]
[70, 65, 130, 113, 136]
[70, 65, 130, 113, 137]
[70, 65, 130, 113, 140]
[70, 65, 130, 128, 121, 122, 123, 124, 125, 126, 127, 109]
[70, 65, 130, 128, 121, 122, 123, 124, 125, 126, 127, 132]
[70, 65, 130, 128, 121, 122, 123, 124, 125, 126, 127, 133]
[70, 65, 130, 128, 121, 122, 123, 124, 125, 126, 127, 134]
[70, 65, 130, 128, 121, 122, 123, 124, 125, 126, 127, 135]
[70, 65, 130, 128, 121, 122, 123, 124, 125, 126, 127, 136]
[70, 65, 130, 128, 121, 122, 123, 124, 125, 126, 127, 137]
[70, 65, 130, 128, 121, 122, 123, 124, 125, 126, 127, 140]
[70, 65, 130, 128, 121, 122, 123, 124, 125, 126, 127, 148, 153, 165]
[70, 65, 130, 128, 121, 122, 123, 124, 125, 126, 127, 148, 153, 68]
[70, 65, 130, 128, 121, 122, 123, 124, 125, 126, 127, 148, 156, 165]
[70, 65, 130, 128, 121, 122, 123, 124, 125, 126, 127, 148, 156, 68]
[70, 65, 130, 128, 121, 122, 123, 124, 125, 126, 127, 66, 156]
[70, 65, 130, 141, 66]
[70, 65, 130, 142, 66]
[70, 65, 130, 142, 68]
[70, 65, 130, 143]
[70, 65, 130, 144]
[70, 65, 130, 145]
[70, 65, 131, 110, 109]
[70, 65, 131, 110, 132]
[70, 65, 131, 110, 133]
[70, 65, 131, 110, 134]
[70, 65, 131, 110, 135]
[70, 65, 131, 110, 136]
[70, 65, 131, 110, 137]
[70, 65, 131, 110, 140]
[70, 65, 131, 111, 109]
[70, 65, 131, 111, 132]
[70, 65, 131, 111, 133]
[70, 65, 131, 111, 134]
[70, 65, 131, 111, 135]
[70, 65, 131, 111, 136]
[70, 65, 131, 111, 137]
[70, 65, 131, 111, 140]
[70, 65, 131, 112, 109]
[70, 65, 131, 112, 132]
[70, 65, 131, 112, 133]
[70, 65, 131, 112, 134]
[70, 65, 131, 112, 135]
[70, 65, 131, 112, 136]
[70, 65, 131, 112, 137]
[70, 65, 131, 112, 140]
[70, 65, 131, 113, 109]
[70, 65, 131, 113, 132]
[70, 65, 131, 113, 133]
[70, 65, 131, 113, 134]
[70, 65, 131, 113, 135]
[70, 65, 131, 113, 136]
[70, 65, 131, 113, 137]
[70, 65, 131, 113, 140]
[70, 65, 131, 128, 121, 122, 123, 124, 125, 126, 127, 109]
[70, 65, 131, 128, 121, 122, 123, 124, 125, 126, 127, 132]
[70, 65, 131, 128, 121, 122, 123, 124, 125, 126, 127, 133]
[70, 65, 131, 128, 121, 122, 123, 124, 125, 126, 127, 134]
[70, 65, 131, 128, 121, 122, 123, 124, 125, 126, 127, 135]
[70, 65, 131, 128, 121, 122, 123, 124, 125, 126, 127, 136]
[70, 65, 131, 128, 121, 122, 123, 124, 125, 126, 127, 137]
[70, 65, 131, 128, 121, 122, 123, 124, 125, 126, 127, 140]
[70, 65, 131, 128, 121, 122, 123, 124, 125, 126, 127, 148, 153, 165]
[70, 65, 131, 128, 121, 122, 123, 124, 125, 126, 127, 148, 153, 68]
[70, 65, 131, 128, 121, 122, 123, 124, 125, 126, 127, 148, 156, 165]
[70, 65, 131, 128, 121, 122, 123, 124, 125, 126, 127, 148, 156, 68]
[70, 65, 131, 128, 121, 122, 123, 124, 125, 126, 127, 66, 156]
[70, 65, 131, 141, 66]
[70, 65, 131, 142, 66]
[70, 65, 131, 142, 68]
[70, 65, 131, 143]
[70, 65, 131, 144]
[70, 65, 131, 145]
[70, 65, 133, 114]
[70, 65, 133, 115]
[70, 65, 133, 80, 84, 81, 110]
[70, 65, 133, 80, 84, 81, 111]
[70, 65, 133, 80, 84, 81, 112]
[70, 65, 133, 80, 84, 81, 113]
[70, 65, 133, 80, 84, 82, 110]
[70, 65, 133, 80, 84, 82, 111]
[70, 65, 133, 80, 84, 82, 112]
[70, 65, 133, 80, 84, 82, 113]
[70, 65, 134, 114]
[70, 65, 134, 115]
[70, 65, 134, 80, 84, 81, 110]
[70, 65, 134, 80, 84, 81, 111]
[70, 65, 134, 80, 84, 81, 112]
[70, 65, 134, 80, 84, 81, 113]
[70, 65, 134, 80, 84, 82, 110]
[70, 65, 134, 80, 84, 82, 111]
[70, 65, 134, 80, 84, 82, 112]
[70, 65, 134, 80, 84, 82, 113]
[70, 65, 135, 114]
[70, 65, 135, 115]
[70, 65, 135, 80, 84, 81, 110]
[70, 65, 135, 80, 84, 81, 111]
[70, 65, 135, 80, 84, 81, 112]
[70, 65, 135, 80, 84, 81, 113]
[70, 65, 135, 80, 84, 82, 110]
[70, 65, 135, 80, 84, 82, 111]
[70, 65, 135, 80, 84, 82, 112]
[70, 65, 135, 80, 84, 82, 113]
[70, 65, 136, 114]
[70, 65, 136, 115]
[70, 65, 136, 80, 84, 81, 110]
[70, 65, 136, 80, 84, 81, 111]
[70, 65, 136, 80, 84, 81, 112]
[70, 65, 136, 80, 84, 81, 113]
[70, 65, 136, 80, 84, 82, 110]
[70, 65, 136, 80, 84, 82, 111]
[70, 65, 136, 80, 84, 82, 112]
[70, 65, 136, 80, 84, 82, 113]
[70, 65, 137, 114]
[70, 65, 137, 115]
[70, 65, 137, 138, 111]
[70, 65, 137, 138, 112]
[70, 65, 137, 139, 111]
[70, 65, 137, 139, 112]
[70, 65, 137, 80, 84, 81, 110]
[70, 65, 137, 80, 84, 81, 111]
[70, 65, 137, 80, 84, 81, 112]
[70, 65, 137, 80, 84, 81, 113]
[70, 65, 137, 80, 84, 82, 110]
[70, 65, 137, 80, 84, 82, 111]
[70, 65, 137, 80, 84, 82, 112]
[70, 65, 137, 80, 84, 82, 113]
[70, 65, 140, 115]
[70, 65, 140, 80, 84, 81, 110]
[70, 65, 140, 80, 84, 81, 111]
[70, 65, 140, 80, 84, 81, 112]
[70, 65, 140, 80, 84, 81, 113]
[70, 65, 140, 80, 84, 82, 110]
[70, 65, 140, 80, 84, 82, 111]
[70, 65, 140, 80, 84, 82, 112]
[70, 65, 140, 80, 84, 82, 113]
[70, 65, 147]
[70, 65, 153, 148, 165, 138]
[70, 65, 153, 148, 165, 139]
[70, 65, 153, 148, 68, 128, 122, 123, 124, 125, 126, 127, 159]
[70, 65, 153, 148, 68, 128, 122, 123, 124, 125, 126, 127, 160]
[70, 65, 153, 148, 68, 128, 122, 123, 124, 125, 126, 127, 161]
[70, 65, 153, 148, 68, 128, 122, 123, 124, 125, 126, 127, 162]
[70, 65, 153, 148, 68, 128, 122, 123, 124, 125, 126, 127, 163]
[70, 65, 153, 148, 68, 128, 122, 123, 124, 125, 126, 127, 164]
[70, 65, 153, 148, 68, 128, 122, 123, 124, 125, 126, 127, 167]
[70, 65, 153, 148, 68, 128, 122, 123, 124, 125, 126, 127, 168]
[70, 65, 153, 148, 68, 128, 122, 123, 124, 125, 126, 127, 169]
[70, 65, 153, 148, 68, 128, 122, 123, 124, 125, 126, 127, 170]
[70, 65, 153, 148, 68, 128, 122, 123, 124, 125, 126, 127, 171]
[70, 65, 153, 148, 68, 128, 122, 123, 124, 125, 126, 127, 172]
[70, 65, 153, 148, 68, 128, 122, 123, 124, 125, 126, 127, 173]
[70, 65, 153, 148, 68, 128, 122, 123, 124, 125, 126, 127, 175]
[70, 65, 153, 148, 68, 138]
[70, 65, 153, 148, 68, 139]
[70, 65, 153, 67, 121, 68]
[70, 65, 155, 148, 68]
[70, 65, 165, 148, 156, 138]
[70, 65, 165, 148, 156, 139]
[70, 65, 167, 128, 156, 122, 123, 124, 125, 126, 127, 148, 68]
[70, 65, 167, 128, 156, 122, 123, 124, 125, 126, 127, 66]
[70, 65, 168, 128, 156, 122, 123, 124, 125, 126, 127, 148, 68]
[70, 65, 168, 128, 156, 122, 123, 124, 125, 126, 127, 66]
[70, 65, 169, 128, 156, 122, 123, 124, 125, 126, 127, 148, 68]
[70, 65, 169, 128, 156, 122, 123, 124, 125, 126, 127, 66]
[70, 65, 170, 128, 156, 122, 123, 124, 125, 126, 127, 148, 68]
[70, 65, 170, 128, 156, 122, 123, 124, 125, 126, 127, 66]
[70, 65, 171, 128, 156, 122, 123, 124, 125, 126, 127, 148, 68]
[70, 65, 171, 128, 156, 122, 123, 124, 125, 126, 127, 66]
[70, 65, 172, 128, 156, 122, 123, 124, 125, 126, 127, 148, 68]
[70, 65, 172, 128, 156, 122, 123, 124, 125, 126, 127, 66]
[70, 65, 173, 128, 156, 122, 123, 124, 125, 126, 127, 148, 68]
[70, 65, 173, 128, 156, 122, 123, 124, 125, 126, 127, 66]
[70, 65, 174, 128, 122, 123, 124, 125, 126, 127, 148, 68]
[70, 65, 174, 128, 122, 123, 124, 125, 126, 127, 66]
[70, 65, 175, 128, 156, 122, 123, 124, 125, 126, 127, 148, 68]
[70, 65, 175, 128, 156, 122, 123, 124, 125, 126, 127, 66]
[70, 65, 66, 141, 80, 81]
[70, 65, 66, 142, 80, 81]
[70, 65, 66, 149]
[70, 65, 66, 150]
[70, 65, 66, 154, 67]
[70, 65, 66, 156, 128, 122, 123, 124, 125, 126, 127, 159]
[70, 65, 66, 156, 128, 122, 123, 124, 125, 126, 127, 160]
[70, 65, 66, 156, 128, 122, 123, 124, 125, 126, 127, 161]
[70, 65, 66, 156, 128, 122, 123, 124, 125, 126, 127, 162]
[70, 65, 66, 156, 128, 122, 123, 124, 125, 126, 127, 163]
[70, 65, 66, 156, 128, 122, 123, 124, 125, 126, 127, 164]
[70, 65, 66, 156, 138]
[70, 65, 66, 156, 139]
[70, 65, 66, 156, 67, 121]
[70, 65, 66, 158, 67]
[70, 65, 66, 176]
[70, 65, 66, 177]
[70, 65, 66, 179]
[70, 65, 66, 80, 91, 81]
[70, 65, 66, 80, 91, 85]
[70, 65, 66, 85, 67]
[70, 65, 66, 90, 80, 81]
[70, 65, 66, 90, 80, 85]
[70, 65, 66, 92, 80, 81]
[70, 65, 66, 92, 80, 85]
[70, 65, 66, 93]
[70, 65, 68, 142, 80, 82]
[70, 65, 68, 148, 114]
[70, 65, 68, 148, 150]
[70, 65, 68, 148, 154]
[70, 65, 68, 148, 156, 128, 122, 123, 124, 125, 126, 127, 159]
[70, 65, 68, 148, 156, 128, 122, 123, 124, 125, 126, 127, 160]
[70, 65, 68, 148, 156, 128, 122, 123, 124, 125, 126, 127, 161]
[70, 65, 68, 148, 156, 128, 122, 123, 124, 125, 126, 127, 162]
[70, 65, 68, 148, 156, 128, 122, 123, 124, 125, 126, 127, 163]
[70, 65, 68, 148, 156, 128, 122, 123, 124, 125, 126, 127, 164]
[70, 65, 68, 148, 156, 138]
[70, 65, 68, 148, 156, 139]
[70, 65, 68, 148, 4]
[70, 65, 68, 148, 85]
[70, 65, 68, 148, 88]
[70, 65, 68, 176]
[70, 65, 68, 177]
[70, 65, 68, 179]
[70, 65, 68, 67, 114]
[70, 65, 68, 67, 121, 156]
[70, 65, 68, 67, 154]
[70, 65, 68, 67, 158]
[70, 65, 68, 67, 85]
[70, 65, 68, 80, 82, 90]
[70, 65, 68, 80, 82, 91]
[70, 65, 68, 80, 82, 92]
[70, 65, 68, 80, 85, 90]
[70, 65, 68, 80, 85, 91]
[70, 65, 68, 80, 85, 92]
[70, 65, 68, 82, 88, 90]
[70, 65, 68, 82, 88, 91]
[70, 65, 68, 82, 88, 92]
[70, 65, 68, 93, 88]
[70, 65, 69, 109, 114]
[70, 65, 69, 109, 115]
[70, 65, 69, 109, 128, 121, 122, 123, 124, 125, 126, 127]
[70, 65, 69, 112, 138]
[70, 65, 69, 112, 139]
[70, 65, 69, 132, 110, 80, 84, 81]
[70, 65, 69, 132, 110, 80, 84, 82]
[70, 65, 69, 132, 114]
[70, 65, 69, 132, 115]
[70, 65, 69, 132, 128, 121, 122, 123, 124, 125, 126, 127]
[70, 65, 69, 132, 80, 112, 84, 81]
[70, 65, 69, 132, 80, 112, 84, 82]
[70, 65, 69, 141, 115]
[70, 65, 69, 141, 80, 84, 81]
[70, 65, 69, 141, 80, 84, 82]
[70, 65, 69, 142, 115]
[70, 65, 69, 142, 80, 84, 81]
[70, 65, 69, 142, 80, 84, 82]
[70, 65, 69, 143, 115]
[70, 65, 69, 143, 138]
[70, 65, 69, 143, 139]
[70, 65, 69, 143, 80, 84, 81]
[70, 65, 69, 143, 80, 84, 82]
[70, 65, 69, 144, 115]
[70, 65, 69, 144, 138]
[70, 65, 69, 144, 139]
[70, 65, 69, 144, 80, 84, 81]
[70, 65, 69, 144, 80, 84, 82]
[70, 65, 69, 148, 114]
[70, 65, 69, 148, 115]
[70, 65, 69, 148, 149]
[70, 65, 69, 148, 150]
[70, 65, 69, 148, 154]
[70, 65, 69, 148, 156, 128, 122, 127, 123, 124, 125, 126, 121]
[70, 65, 69, 148, 156, 128, 122, 127, 123, 124, 125, 126, 159]
[70, 65, 69, 148, 156, 128, 122, 127, 123, 124, 125, 126, 160]
[70, 65, 69, 148, 156, 128, 122, 127, 123, 124, 125, 126, 161]
[70, 65, 69, 148, 156, 128, 122, 127, 123, 124, 125, 126, 162]
[70, 65, 69, 148, 156, 128, 122, 127, 123, 124, 125, 126, 163]
[70, 65, 69, 148, 156, 128, 122, 127, 123, 124, 125, 126, 164]
[70, 65, 69, 148, 156, 138]
[70, 65, 69, 148, 156, 139]
[70, 65, 69, 148, 158, 128, 123, 127]
[70, 65, 69, 148, 4]
[70, 65, 69, 148, 85]
[70, 65, 69, 148, 88]
[70, 65, 69, 176]
[70, 65, 69, 177]
[70, 65, 69, 179]
[70, 65, 69, 67, 114]
[70, 65, 69, 67, 115]
[70, 65, 69, 67, 121, 156]
[70, 65, 69, 67, 154]
[70, 65, 69, 67, 158]
[70, 65, 69, 67, 85]
[70, 65, 69, 80, 84, 81, 102]
[70, 65, 69, 80, 84, 81, 103]
[70, 65, 69, 80, 84, 81, 108]
[70, 65, 69, 80, 84, 81, 109, 110]
[70, 65, 69, 80, 84, 81, 109, 112]
[70, 65, 69, 80, 84, 81, 83, 104]
[70, 65, 69, 80, 84, 81, 83, 105]
[70, 65, 69, 80, 84, 81, 83, 106]
[70, 65, 69, 80, 84, 81, 83, 107]
[70, 65, 69, 80, 84, 81, 90]
[70, 65, 69, 80, 84, 81, 91]
[70, 65, 69, 80, 84, 81, 92]
[70, 65, 69, 80, 84, 82, 102]
[70, 65, 69, 80, 84, 82, 103]
[70, 65, 69, 80, 84, 82, 108]
[70, 65, 69, 80, 84, 82, 109, 110]
[70, 65, 69, 80, 84, 82, 109, 112]
[70, 65, 69, 80, 84, 82, 83, 104]
[70, 65, 69, 80, 84, 82, 83, 105]
[70, 65, 69, 80, 84, 82, 83, 106]
[70, 65, 69, 80, 84, 82, 83, 107]
[70, 65, 69, 80, 84, 82, 90]
[70, 65, 69, 80, 84, 82, 91]
[70, 65, 69, 80, 84, 82, 92]
[70, 65, 69, 80, 85, 90]
[70, 65, 69, 80, 85, 91]
[70, 65, 69, 80, 85, 92]
[70, 65, 69, 81, 88, 90]
[70, 65, 69, 81, 88, 91]
[70, 65, 69, 81, 88, 92]
[70, 65, 69, 82, 88, 90]
[70, 65, 69, 82, 88, 91]
[70, 65, 69, 82, 88, 92]
[70, 65, 69, 83, 100]
[70, 65, 69, 83, 101]
[70, 65, 69, 83, 98]
[70, 65, 69, 83, 99]
[70, 65, 69, 93, 88]
[70, 65, 69, 94]
[70, 65, 69, 95]
[70, 65, 69, 96]
[70, 65, 69, 97]
[70, 73, 176, 74, 66]
[70, 73, 176, 74, 68]
[70, 73, 176, 74, 69]
[70, 73, 176, 75, 66]
[70, 73, 176, 75, 68]
[70, 73, 176, 75, 69]
[70, 73, 178, 74]
[70, 73, 178, 75]
[70, 73, 178, 76]
[70, 73, 67, 66, 74]
[70, 73, 67, 66, 75]
[70, 73, 67, 66, 76]
[70, 73, 67, 68, 74]
[70, 73, 67, 68, 75]
[70, 73, 67, 68, 76]
[70, 73, 67, 69, 74]
[70, 73, 67, 69, 75]
[70, 73, 67, 69, 76]
[70, 74, 129, 128, 123, 127, 126, 122, 124, 125, 120, 137]
[70, 74, 129, 128, 123, 127, 126, 122, 124, 125, 120, 140]
[70, 74, 129, 128, 123, 127, 126, 122, 124, 125, 120, 178]
[70, 74, 129, 128, 123, 127, 126, 122, 124, 125, 120, 66]
[70, 74, 129, 128, 123, 127, 126, 122, 124, 125, 120, 68, 148]
[70, 74, 129, 128, 123, 127, 126, 122, 124, 125, 121, 137]
[70, 74, 129, 128, 123, 127, 126, 122, 124, 125, 121, 140]
[70, 74, 129, 128, 123, 127, 126, 122, 124, 125, 121, 178, 152]
[70, 74, 129, 128, 123, 127, 126, 122, 124, 125, 121, 178, 153]
[70, 74, 129, 128, 123, 127, 126, 122, 124, 125, 121, 178, 156]
[70, 74, 129, 128, 123, 127, 126, 122, 124, 125, 121, 66, 152]
[70, 74, 129, 128, 123, 127, 126, 122, 124, 125, 121, 66, 156]
[70, 74, 129, 128, 123, 127, 126, 122, 124, 125, 121, 68, 148, 152]
[70, 74, 129, 128, 123, 127, 126, 122, 124, 125, 121, 68, 148, 153]
[70, 74, 129, 128, 123, 127, 126, 122, 124, 125, 121, 68, 148, 156]
[70, 74, 129, 128, 123, 127, 158, 148, 68]
[70, 74, 129, 128, 123, 127, 158, 178]
[70, 74, 129, 128, 123, 127, 158, 66]
[70, 74, 130, 128, 125, 124, 122, 123, 126, 127, 120, 137]
[70, 74, 130, 128, 125, 124, 122, 123, 126, 127, 120, 140]
[70, 74, 130, 128, 125, 124, 122, 123, 126, 127, 120, 66]
[70, 74, 130, 128, 125, 124, 122, 123, 126, 127, 120, 68, 148]
[70, 74, 130, 128, 125, 124, 122, 123, 126, 127, 121, 137]
[70, 74, 130, 128, 125, 124, 122, 123, 126, 127, 121, 140]
[70, 74, 130, 128, 125, 124, 122, 123, 126, 127, 121, 66, 152]
[70, 74, 130, 128, 125, 124, 122, 123, 126, 127, 121, 66, 156]
[70, 74, 130, 128, 125, 124, 122, 123, 126, 127, 121, 68, 148, 152]
[70, 74, 130, 128, 125, 124, 122, 123, 126, 127, 121, 68, 148, 153]
[70, 74, 130, 128, 125, 124, 122, 123, 126, 127, 121, 68, 148, 156]
[70, 74, 131, 128, 125, 124, 122, 123, 126, 127, 120, 137]
[70, 74, 131, 128, 125, 124, 122, 123, 126, 127, 120, 140]
[70, 74, 131, 128, 125, 124, 122, 123, 126, 127, 120, 66]
[70, 74, 131, 128, 125, 124, 122, 123, 126, 127, 120, 68, 148]
[70, 74, 131, 128, 125, 124, 122, 123, 126, 127, 121, 137]
[70, 74, 131, 128, 125, 124, 122, 123, 126, 127, 121, 140]
[70, 74, 131, 128, 125, 124, 122, 123, 126, 127, 121, 66, 152]
[70, 74, 131, 128, 125, 124, 122, 123, 126, 127, 121, 66, 156]
[70, 74, 131, 128, 125, 124, 122, 123, 126, 127, 121, 68, 148, 152]
[70, 74, 131, 128, 125, 124, 122, 123, 126, 127, 121, 68, 148, 153]
[70, 74, 131, 128, 125, 124, 122, 123, 126, 127, 121, 68, 148, 156]
[70, 74, 137, 114]
[70, 74, 137, 115]
[70, 74, 137, 116]
[70, 74, 137, 138, 120]
[70, 74, 137, 139, 120]
[70, 74, 137, 80, 84, 81]
[70, 74, 137, 80, 84, 82]
[70, 74, 140, 115]
[70, 74, 140, 116]
[70, 74, 140, 80, 84, 81]
[70, 74, 140, 80, 84, 82]
[70, 74, 146, 66]
[70, 74, 151, 148, 68]
[70, 74, 151, 66]
[70, 74, 152, 66, 128, 122, 123, 124, 125, 126, 127, 159]
[70, 74, 152, 66, 128, 122, 123, 124, 125, 126, 127, 160]
[70, 74, 152, 66, 128, 122, 123, 124, 125, 126, 127, 161]
[70, 74, 152, 66, 128, 122, 123, 124, 125, 126, 127, 162]
[70, 74, 152, 66, 128, 122, 123, 124, 125, 126, 127, 163]
[70, 74, 152, 66, 128, 122, 123, 124, 125, 126, 127, 164]
[70, 74, 152, 66, 128, 122, 123, 124, 125, 126, 127, 167]
[70, 74, 152, 66, 128, 122, 123, 124, 125, 126, 127, 168]
[70, 74, 152, 66, 128, 122, 123, 124, 125, 126, 127, 169]
[70, 74, 152, 66, 128, 122, 123, 124, 125, 126, 127, 170]
[70, 74, 152, 66, 128, 122, 123, 124, 125, 126, 127, 171]
[70, 74, 152, 66, 128, 122, 123, 124, 125, 126, 127, 172]
[70, 74, 152, 66, 128, 122, 123, 124, 125, 126, 127, 173]
[70, 74, 152, 66, 128, 122, 123, 124, 125, 126, 127, 175]
[70, 74, 152, 66, 138]
[70, 74, 152, 66, 139]
[70, 74, 152, 66, 67, 121]
[70, 74, 152, 68, 148, 128, 122, 123, 124, 125, 126, 127, 159]
[70, 74, 152, 68, 148, 128, 122, 123, 124, 125, 126, 127, 160]
[70, 74, 152, 68, 148, 128, 122, 123, 124, 125, 126, 127, 161]
[70, 74, 152, 68, 148, 128, 122, 123, 124, 125, 126, 127, 162]
[70, 74, 152, 68, 148, 128, 122, 123, 124, 125, 126, 127, 163]
[70, 74, 152, 68, 148, 128, 122, 123, 124, 125, 126, 127, 164]
[70, 74, 152, 68, 148, 128, 122, 123, 124, 125, 126, 127, 167]
[70, 74, 152, 68, 148, 128, 122, 123, 124, 125, 126, 127, 168]
[70, 74, 152, 68, 148, 128, 122, 123, 124, 125, 126, 127, 169]
[70, 74, 152, 68, 148, 128, 122, 123, 124, 125, 126, 127, 170]
[70, 74, 152, 68, 148, 128, 122, 123, 124, 125, 126, 127, 171]
[70, 74, 152, 68, 148, 128, 122, 123, 124, 125, 126, 127, 172]
[70, 74, 152, 68, 148, 128, 122, 123, 124, 125, 126, 127, 173]
[70, 74, 152, 68, 148, 128, 122, 123, 124, 125, 126, 127, 175]
[70, 74, 152, 68, 148, 138]
[70, 74, 152, 68, 148, 139]
[70, 74, 152, 68, 67, 121]
[70, 74, 153, 68, 148, 128, 122, 123, 124, 125, 126, 127, 159]
[70, 74, 153, 68, 148, 128, 122, 123, 124, 125, 126, 127, 160]
[70, 74, 153, 68, 148, 128, 122, 123, 124, 125, 126, 127, 161]
[70, 74, 153, 68, 148, 128, 122, 123, 124, 125, 126, 127, 162]
[70, 74, 153, 68, 148, 128, 122, 123, 124, 125, 126, 127, 163]
[70, 74, 153, 68, 148, 128, 122, 123, 124, 125, 126, 127, 164]
[70, 74, 153, 68, 148, 128, 122, 123, 124, 125, 126, 127, 167]
[70, 74, 153, 68, 148, 128, 122, 123, 124, 125, 126, 127, 168]
[70, 74, 153, 68, 148, 128, 122, 123, 124, 125, 126, 127, 169]
[70, 74, 153, 68, 148, 128, 122, 123, 124, 125, 126, 127, 170]
[70, 74, 153, 68, 148, 128, 122, 123, 124, 125, 126, 127, 171]
[70, 74, 153, 68, 148, 128, 122, 123, 124, 125, 126, 127, 172]
[70, 74, 153, 68, 148, 128, 122, 123, 124, 125, 126, 127, 173]
[70, 74, 153, 68, 148, 128, 122, 123, 124, 125, 126, 127, 175]
[70, 74, 153, 68, 148, 138]
[70, 74, 153, 68, 148, 139]
[70, 74, 153, 68, 67, 121]
[70, 74, 167, 128, 125, 124, 122, 123, 126, 127, 66, 120]
[70, 74, 167, 128, 125, 124, 122, 123, 126, 127, 66, 156]
[70, 74, 167, 128, 125, 124, 122, 123, 126, 127, 68, 148, 120]
[70, 74, 167, 128, 125, 124, 122, 123, 126, 127, 68, 148, 156]
[70, 74, 168, 128, 125, 124, 122, 123, 126, 127, 66, 120]
[70, 74, 168, 128, 125, 124, 122, 123, 126, 127, 66, 156]
[70, 74, 168, 128, 125, 124, 122, 123, 126, 127, 68, 148, 120]
[70, 74, 168, 128, 125, 124, 122, 123, 126, 127, 68, 148, 156]
[70, 74, 169, 128, 125, 124, 122, 123, 126, 127, 66, 120]
[70, 74, 169, 128, 125, 124, 122, 123, 126, 127, 66, 156]
[70, 74, 169, 128, 125, 124, 122, 123, 126, 127, 68, 148, 120]
[70, 74, 169, 128, 125, 124, 122, 123, 126, 127, 68, 148, 156]
[70, 74, 170, 128, 125, 124, 122, 123, 126, 127, 66, 120]
[70, 74, 170, 128, 125, 124, 122, 123, 126, 127, 66, 156]
[70, 74, 170, 128, 125, 124, 122, 123, 126, 127, 68, 148, 120]
[70, 74, 170, 128, 125, 124, 122, 123, 126, 127, 68, 148, 156]
[70, 74, 171, 128, 125, 124, 122, 123, 126, 127, 66, 120]
[70, 74, 171, 128, 125, 124, 122, 123, 126, 127, 66, 156]
[70, 74, 171, 128, 125, 124, 122, 123, 126, 127, 68, 148, 120]
[70, 74, 171, 128, 125, 124, 122, 123, 126, 127, 68, 148, 156]
[70, 74, 172, 128, 125, 124, 122, 123, 126, 127, 66, 120]
[70, 74, 172, 128, 125, 124, 122, 123, 126, 127, 66, 156]
[70, 74, 172, 128, 125, 124, 122, 123, 126, 127, 68, 148, 120]
[70, 74, 172, 128, 125, 124, 122, 123, 126, 127, 68, 148, 156]
[70, 74, 173, 128, 125, 124, 122, 123, 126, 127, 66, 120]
[70, 74, 173, 128, 125, 124, 122, 123, 126, 127, 66, 156]
[70, 74, 173, 128, 125, 124, 122, 123, 126, 127, 68, 148, 120]
[70, 74, 173, 128, 125, 124, 122, 123, 126, 127, 68, 148, 156]
[70, 74, 174, 128, 122, 123, 124, 125, 126, 127, 148, 68]
[70, 74, 174, 128, 122, 123, 124, 125, 126, 127, 66]
[70, 74, 175, 128, 125, 124, 122, 123, 126, 127, 66, 120]
[70, 74, 175, 128, 125, 124, 122, 123, 126, 127, 66, 156]
[70, 74, 175, 128, 125, 124, 122, 123, 126, 127, 68, 148, 120]
[70, 74, 175, 128, 125, 124, 122, 123, 126, 127, 68, 148, 156]
[70, 74, 178, 116]
[70, 74, 66, 116, 67]
[70, 74, 66, 120, 128, 122, 123, 124, 125, 126, 127, 159]
[70, 74, 66, 120, 128, 122, 123, 124, 125, 126, 127, 160]
[70, 74, 66, 120, 128, 122, 123, 124, 125, 126, 127, 161]
[70, 74, 66, 120, 128, 122, 123, 124, 125, 126, 127, 162]
[70, 74, 66, 120, 128, 122, 123, 124, 125, 126, 127, 163]
[70, 74, 66, 120, 128, 122, 123, 124, 125, 126, 127, 164]
[70, 74, 66, 120, 138]
[70, 74, 66, 120, 139]
[70, 74, 66, 120, 179]
[70, 74, 66, 120, 67]
[70, 74, 66, 149]
[70, 74, 66, 150]
[70, 74, 66, 154, 67]
[70, 74, 66, 156, 128, 122, 123, 124, 125, 126, 127, 159]
[70, 74, 66, 156, 128, 122, 123, 124, 125, 126, 127, 160]
[70, 74, 66, 156, 128, 122, 123, 124, 125, 126, 127, 161]
[70, 74, 66, 156, 128, 122, 123, 124, 125, 126, 127, 162]
[70, 74, 66, 156, 128, 122, 123, 124, 125, 126, 127, 163]
[70, 74, 66, 156, 128, 122, 123, 124, 125, 126, 127, 164]
[70, 74, 66, 156, 138]
[70, 74, 66, 156, 139]
[70, 74, 66, 156, 67, 121]
[70, 74, 66, 158, 67]
[70, 74, 66, 177]
[70, 74, 66, 80, 91, 81]
[70, 74, 66, 80, 91, 85]
[70, 74, 66, 85, 67]
[70, 74, 66, 90, 80, 81]
[70, 74, 66, 90, 80, 85]
[70, 74, 66, 92, 80, 81]
[70, 74, 66, 92, 80, 85]
[70, 74, 66, 93]
[70, 74, 68, 148, 114]
[70, 74, 68, 148, 116]
[70, 74, 68, 148, 128, 123, 127, 122, 124, 125, 126, 120, 159]
[70, 74, 68, 148, 128, 123, 127, 122, 124, 125, 126, 120, 160]
[70, 74, 68, 148, 128, 123, 127, 122, 124, 125, 126, 120, 161]
[70, 74, 68, 148, 128, 123, 127, 122, 124, 125, 126, 120, 162]
[70, 74, 68, 148, 128, 123, 127, 122, 124, 125, 126, 120, 163]
[70, 74, 68, 148, 128, 123, 127, 122, 124, 125, 126, 120, 164]
[70, 74, 68, 148, 128, 123, 127, 122, 124, 125, 126, 156, 159]
[70, 74, 68, 148, 128, 123, 127, 122, 124, 125, 126, 156, 160]
[70, 74, 68, 148, 128, 123, 127, 122, 124, 125, 126, 156, 161]
[70, 74, 68, 148, 128, 123, 127, 122, 124, 125, 126, 156, 162]
[70, 74, 68, 148, 128, 123, 127, 122, 124, 125, 126, 156, 163]
[70, 74, 68, 148, 128, 123, 127, 122, 124, 125, 126, 156, 164]
[70, 74, 68, 148, 138, 120]
[70, 74, 68, 148, 138, 156]
[70, 74, 68, 148, 139, 120]
[70, 74, 68, 148, 139, 156]
[70, 74, 68, 148, 150]
[70, 74, 68, 148, 154]
[70, 74, 68, 148, 4]
[70, 74, 68, 148, 85]
[70, 74, 68, 148, 88]
[70, 74, 68, 177]
[70, 74, 68, 179, 120]
[70, 74, 68, 67, 114]
[70, 74, 68, 67, 116]
[70, 74, 68, 67, 120]
[70, 74, 68, 67, 121, 156]
[70, 74, 68, 67, 154]
[70, 74, 68, 67, 158]
[70, 74, 68, 67, 85]
[70, 74, 68, 80, 82, 90]
[70, 74, 68, 80, 82, 91]
[70, 74, 68, 80, 82, 92]
[70, 74, 68, 80, 85, 90]
[70, 74, 68, 80, 85, 91]
[70, 74, 68, 80, 85, 92]
[70, 74, 68, 82, 88, 90]
[70, 74, 68, 82, 88, 91]
[70, 74, 68, 82, 88, 92]
[70, 74, 68, 93, 88]
[70, 74, 69, 148, 114]
[70, 74, 69, 148, 115]
[70, 74, 69, 148, 149]
[70, 74, 69, 148, 150]
[70, 74, 69, 148, 154]
[70, 74, 69, 148, 156, 128, 122, 127, 123, 124, 125, 126, 121]
[70, 74, 69, 148, 156, 128, 122, 127, 123, 124, 125, 126, 159]
[70, 74, 69, 148, 156, 128, 122, 127, 123, 124, 125, 126, 160]
[70, 74, 69, 148, 156, 128, 122, 127, 123, 124, 125, 126, 161]
[70, 74, 69, 148, 156, 128, 122, 127, 123, 124, 125, 126, 162]
[70, 74, 69, 148, 156, 128, 122, 127, 123, 124, 125, 126, 163]
[70, 74, 69, 148, 156, 128, 122, 127, 123, 124, 125, 126, 164]
[70, 74, 69, 148, 156, 138]
[70, 74, 69, 148, 156, 139]
[70, 74, 69, 148, 158, 128, 123, 127]
[70, 74, 69, 148, 4]
[70, 74, 69, 148, 85]
[70, 74, 69, 148, 88]
[70, 74, 69, 177]
[70, 74, 69, 179]
[70, 74, 69, 67, 114]
[70, 74, 69, 67, 115]
[70, 74, 69, 67, 121, 156]
[70, 74, 69, 67, 154]
[70, 74, 69, 67, 158]
[70, 74, 69, 67, 85]
[70, 74, 69, 80, 84, 81, 102]
[70, 74, 69, 80, 84, 81, 103]
[70, 74, 69, 80, 84, 81, 108]
[70, 74, 69, 80, 84, 81, 83, 104]
[70, 74, 69, 80, 84, 81, 83, 105]
[70, 74, 69, 80, 84, 81, 83, 106]
[70, 74, 69, 80, 84, 81, 83, 107]
[70, 74, 69, 80, 84, 81, 90]
[70, 74, 69, 80, 84, 81, 91]
[70, 74, 69, 80, 84, 81, 92]
[70, 74, 69, 80, 84, 82, 102]
[70, 74, 69, 80, 84, 82, 103]
[70, 74, 69, 80, 84, 82, 108]
[70, 74, 69, 80, 84, 82, 83, 104]
[70, 74, 69, 80, 84, 82, 83, 105]
[70, 74, 69, 80, 84, 82, 83, 106]
[70, 74, 69, 80, 84, 82, 83, 107]
[70, 74, 69, 80, 84, 82, 90]
[70, 74, 69, 80, 84, 82, 91]
[70, 74, 69, 80, 84, 82, 92]
[70, 74, 69, 80, 85, 90]
[70, 74, 69, 80, 85, 91]
[70, 74, 69, 80, 85, 92]
[70, 74, 69, 81, 88, 90]
[70, 74, 69, 81, 88, 91]
[70, 74, 69, 81, 88, 92]
[70, 74, 69, 82, 88, 90]
[70, 74, 69, 82, 88, 91]
[70, 74, 69, 82, 88, 92]
[70, 74, 69, 83, 100]
[70, 74, 69, 83, 101]
[70, 74, 69, 83, 98]
[70, 74, 69, 83, 99]
[70, 74, 69, 93, 88]
[70, 74, 69, 94]
[70, 74, 69, 95]
[70, 74, 69, 96]
[70, 74, 69, 97]
[70, 75, 129, 128, 123, 127, 122, 124, 125, 126, 120, 148, 68]
[70, 75, 129, 128, 123, 127, 122, 124, 125, 126, 120, 178]
[70, 75, 129, 128, 123, 127, 122, 124, 125, 126, 120, 66]
[70, 75, 129, 128, 123, 127, 122, 124, 125, 126, 121, 153, 148, 68]
[70, 75, 129, 128, 123, 127, 122, 124, 125, 126, 121, 153, 178]
[70, 75, 129, 128, 123, 127, 122, 124, 125, 126, 121, 156, 148, 68]
[70, 75, 129, 128, 123, 127, 122, 124, 125, 126, 121, 156, 178]
[70, 75, 129, 128, 123, 127, 122, 124, 125, 126, 121, 156, 66]
[70, 75, 129, 128, 123, 127, 158, 148, 68]
[70, 75, 129, 128, 123, 127, 158, 178]
[70, 75, 129, 128, 123, 127, 158, 66]
[70, 75, 130, 128, 122, 124, 123, 125, 126, 127, 66, 120]
[70, 75, 130, 128, 122, 124, 123, 125, 126, 127, 66, 121, 156]
[70, 75, 130, 128, 122, 124, 123, 125, 126, 127, 68, 148, 120]
[70, 75, 130, 128, 122, 124, 123, 125, 126, 127, 68, 148, 121, 153]
[70, 75, 130, 128, 122, 124, 123, 125, 126, 127, 68, 148, 121, 156]
[70, 75, 131, 128, 122, 124, 123, 125, 126, 127, 66, 120]
[70, 75, 131, 128, 122, 124, 123, 125, 126, 127, 66, 121, 156]
[70, 75, 131, 128, 122, 124, 123, 125, 126, 127, 68, 148, 120]
[70, 75, 131, 128, 122, 124, 123, 125, 126, 127, 68, 148, 121, 153]
[70, 75, 131, 128, 122, 124, 123, 125, 126, 127, 68, 148, 121, 156]
[70, 75, 66, 128, 123, 127, 122, 124, 125, 126, 120, 159]
[70, 75, 66, 128, 123, 127, 122, 124, 125, 126, 120, 160]
[70, 75, 66, 128, 123, 127, 122, 124, 125, 126, 120, 161]
[70, 75, 66, 128, 123, 127, 122, 124, 125, 126, 120, 162]
[70, 75, 66, 128, 123, 127, 122, 124, 125, 126, 120, 163]
[70, 75, 66, 128, 123, 127, 122, 124, 125, 126, 120, 164]
[70, 75, 66, 128, 123, 127, 122, 124, 125, 126, 120, 167]
[70, 75, 66, 128, 123, 127, 122, 124, 125, 126, 120, 168]
[70, 75, 66, 128, 123, 127, 122, 124, 125, 126, 120, 169]
[70, 75, 66, 128, 123, 127, 122, 124, 125, 126, 120, 170]
[70, 75, 66, 128, 123, 127, 122, 124, 125, 126, 120, 171]
[70, 75, 66, 128, 123, 127, 122, 124, 125, 126, 120, 172]
[70, 75, 66, 128, 123, 127, 122, 124, 125, 126, 120, 173]
[70, 75, 66, 128, 123, 127, 122, 124, 125, 126, 120, 175]
[70, 75, 66, 128, 123, 127, 122, 124, 125, 126, 156, 159]
[70, 75, 66, 128, 123, 127, 122, 124, 125, 126, 156, 160]
[70, 75, 66, 128, 123, 127, 122, 124, 125, 126, 156, 161]
[70, 75, 66, 128, 123, 127, 122, 124, 125, 126, 156, 162]
[70, 75, 66, 128, 123, 127, 122, 124, 125, 126, 156, 163]
[70, 75, 66, 128, 123, 127, 122, 124, 125, 126, 156, 164]
[70, 75, 66, 128, 123, 127, 122, 124, 125, 126, 156, 167]
[70, 75, 66, 128, 123, 127, 122, 124, 125, 126, 156, 168]
[70, 75, 66, 128, 123, 127, 122, 124, 125, 126, 156, 169]
[70, 75, 66, 128, 123, 127, 122, 124, 125, 126, 156, 170]
[70, 75, 66, 128, 123, 127, 122, 124, 125, 126, 156, 171]
[70, 75, 66, 128, 123, 127, 122, 124, 125, 126, 156, 172]
[70, 75, 66, 128, 123, 127, 122, 124, 125, 126, 156, 173]
[70, 75, 66, 128, 123, 127, 122, 124, 125, 126, 156, 175]
[70, 75, 66, 128, 123, 127, 122, 124, 125, 126, 174]
[70, 75, 66, 138, 120]
[70, 75, 66, 138, 156]
[70, 75, 66, 139, 120]
[70, 75, 66, 139, 156]
[70, 75, 66, 149]
[70, 75, 66, 150]
[70, 75, 66, 177]
[70, 75, 66, 179, 120]
[70, 75, 66, 67, 120]
[70, 75, 66, 67, 121, 156]
[70, 75, 66, 67, 154]
[70, 75, 66, 67, 158]
[70, 75, 66, 67, 85]
[70, 75, 66, 80, 81, 91]
[70, 75, 66, 80, 81, 92]
[70, 75, 66, 80, 85, 91]
[70, 75, 66, 80, 85, 92]
[70, 75, 66, 90, 80, 81]
[70, 75, 66, 90, 80, 85]
[70, 75, 66, 93]
[70, 75, 68, 148, 114]
[70, 75, 68, 148, 128, 123, 127, 122, 124, 125, 126, 120, 159]
[70, 75, 68, 148, 128, 123, 127, 122, 124, 125, 126, 120, 160]
[70, 75, 68, 148, 128, 123, 127, 122, 124, 125, 126, 120, 161]
[70, 75, 68, 148, 128, 123, 127, 122, 124, 125, 126, 120, 162]
[70, 75, 68, 148, 128, 123, 127, 122, 124, 125, 126, 120, 163]
[70, 75, 68, 148, 128, 123, 127, 122, 124, 125, 126, 120, 164]
[70, 75, 68, 148, 128, 123, 127, 122, 124, 125, 126, 120, 167]
[70, 75, 68, 148, 128, 123, 127, 122, 124, 125, 126, 120, 168]
[70, 75, 68, 148, 128, 123, 127, 122, 124, 125, 126, 120, 169]
[70, 75, 68, 148, 128, 123, 127, 122, 124, 125, 126, 120, 170]
[70, 75, 68, 148, 128, 123, 127, 122, 124, 125, 126, 120, 171]
[70, 75, 68, 148, 128, 123, 127, 122, 124, 125, 126, 120, 172]
[70, 75, 68, 148, 128, 123, 127, 122, 124, 125, 126, 120, 173]
[70, 75, 68, 148, 128, 123, 127, 122, 124, 125, 126, 120, 175]
[70, 75, 68, 148, 128, 123, 127, 122, 124, 125, 126, 153, 159]
[70, 75, 68, 148, 128, 123, 127, 122, 124, 125, 126, 153, 160]
[70, 75, 68, 148, 128, 123, 127, 122, 124, 125, 126, 153, 161]
[70, 75, 68, 148, 128, 123, 127, 122, 124, 125, 126, 153, 162]
[70, 75, 68, 148, 128, 123, 127, 122, 124, 125, 126, 153, 163]
[70, 75, 68, 148, 128, 123, 127, 122, 124, 125, 126, 153, 164]
[70, 75, 68, 148, 128, 123, 127, 122, 124, 125, 126, 153, 167]
[70, 75, 68, 148, 128, 123, 127, 122, 124, 125, 126, 153, 168]
[70, 75, 68, 148, 128, 123, 127, 122, 124, 125, 126, 153, 169]
[70, 75, 68, 148, 128, 123, 127, 122, 124, 125, 126, 153, 170]
[70, 75, 68, 148, 128, 123, 127, 122, 124, 125, 126, 153, 171]
[70, 75, 68, 148, 128, 123, 127, 122, 124, 125, 126, 153, 172]
[70, 75, 68, 148, 128, 123, 127, 122, 124, 125, 126, 153, 173]
[70, 75, 68, 148, 128, 123, 127, 122, 124, 125, 126, 153, 175]
[70, 75, 68, 148, 128, 123, 127, 122, 124, 125, 126, 156, 159]
[70, 75, 68, 148, 128, 123, 127, 122, 124, 125, 126, 156, 160]
[70, 75, 68, 148, 128, 123, 127, 122, 124, 125, 126, 156, 161]
[70, 75, 68, 148, 128, 123, 127, 122, 124, 125, 126, 156, 162]
[70, 75, 68, 148, 128, 123, 127, 122, 124, 125, 126, 156, 163]
[70, 75, 68, 148, 128, 123, 127, 122, 124, 125, 126, 156, 164]
[70, 75, 68, 148, 128, 123, 127, 122, 124, 125, 126, 156, 167]
[70, 75, 68, 148, 128, 123, 127, 122, 124, 125, 126, 156, 168]
[70, 75, 68, 148, 128, 123, 127, 122, 124, 125, 126, 156, 169]
[70, 75, 68, 148, 128, 123, 127, 122, 124, 125, 126, 156, 170]
[70, 75, 68, 148, 128, 123, 127, 122, 124, 125, 126, 156, 171]
[70, 75, 68, 148, 128, 123, 127, 122, 124, 125, 126, 156, 172]
[70, 75, 68, 148, 128, 123, 127, 122, 124, 125, 126, 156, 173]
[70, 75, 68, 148, 128, 123, 127, 122, 124, 125, 126, 156, 175]
[70, 75, 68, 148, 128, 123, 127, 122, 124, 125, 126, 174]
[70, 75, 68, 148, 138, 120]
[70, 75, 68, 148, 138, 153]
[70, 75, 68, 148, 138, 156]
[70, 75, 68, 148, 139, 120]
[70, 75, 68, 148, 139, 153]
[70, 75, 68, 148, 139, 156]
[70, 75, 68, 148, 150]
[70, 75, 68, 148, 154]
[70, 75, 68, 148, 4]
[70, 75, 68, 148, 85]
[70, 75, 68, 148, 88]
[70, 75, 68, 177]
[70, 75, 68, 179, 120]
[70, 75, 68, 67, 114]
[70, 75, 68, 67, 120]
[70, 75, 68, 67, 121, 153]
[70, 75, 68, 67, 121, 156]
[70, 75, 68, 67, 154]
[70, 75, 68, 67, 158]
[70, 75, 68, 67, 85]
[70, 75, 68, 80, 82, 90]
[70, 75, 68, 80, 82, 91]
[70, 75, 68, 80, 82, 92]
[70, 75, 68, 80, 85, 90]
[70, 75, 68, 80, 85, 91]
[70, 75, 68, 80, 85, 92]
[70, 75, 68, 82, 88, 90]
[70, 75, 68, 82, 88, 91]
[70, 75, 68, 82, 88, 92]
[70, 75, 68, 93, 88]
[70, 75, 69, 148, 114]
[70, 75, 69, 148, 115]
[70, 75, 69, 148, 149]
[70, 75, 69, 148, 150]
[70, 75, 69, 148, 154]
[70, 75, 69, 148, 156, 128, 122, 127, 123, 124, 125, 126, 121]
[70, 75, 69, 148, 156, 128, 122, 127, 123, 124, 125, 126, 159]
[70, 75, 69, 148, 156, 128, 122, 127, 123, 124, 125, 126, 160]
[70, 75, 69, 148, 156, 128, 122, 127, 123, 124, 125, 126, 161]
[70, 75, 69, 148, 156, 128, 122, 127, 123, 124, 125, 126, 162]
[70, 75, 69, 148, 156, 128, 122, 127, 123, 124, 125, 126, 163]
[70, 75, 69, 148, 156, 128, 122, 127, 123, 124, 125, 126, 164]
[70, 75, 69, 148, 156, 138]
[70, 75, 69, 148, 156, 139]
[70, 75, 69, 148, 158, 128, 123, 127]
[70, 75, 69, 148, 4]
[70, 75, 69, 148, 85]
[70, 75, 69, 148, 88]
[70, 75, 69, 177]
[70, 75, 69, 179]
[70, 75, 69, 67, 114]
[70, 75, 69, 67, 115]
[70, 75, 69, 67, 121, 156]
[70, 75, 69, 67, 154]
[70, 75, 69, 67, 158]
[70, 75, 69, 67, 85]
[70, 75, 69, 80, 84, 81, 102]
[70, 75, 69, 80, 84, 81, 103]
[70, 75, 69, 80, 84, 81, 108]
[70, 75, 69, 80, 84, 81, 83, 104]
[70, 75, 69, 80, 84, 81, 83, 105]
[70, 75, 69, 80, 84, 81, 83, 106]
[70, 75, 69, 80, 84, 81, 83, 107]
[70, 75, 69, 80, 84, 81, 90]
[70, 75, 69, 80, 84, 81, 91]
[70, 75, 69, 80, 84, 81, 92]
[70, 75, 69, 80, 84, 82, 102]
[70, 75, 69, 80, 84, 82, 103]
[70, 75, 69, 80, 84, 82, 108]
[70, 75, 69, 80, 84, 82, 83, 104]
[70, 75, 69, 80, 84, 82, 83, 105]
[70, 75, 69, 80, 84, 82, 83, 106]
[70, 75, 69, 80, 84, 82, 83, 107]
[70, 75, 69, 80, 84, 82, 90]
[70, 75, 69, 80, 84, 82, 91]
[70, 75, 69, 80, 84, 82, 92]
[70, 75, 69, 80, 85, 90]
[70, 75, 69, 80, 85, 91]
[70, 75, 69, 80, 85, 92]
[70, 75, 69, 81, 88, 90]
[70, 75, 69, 81, 88, 91]
[70, 75, 69, 81, 88, 92]
[70, 75, 69, 82, 88, 90]
[70, 75, 69, 82, 88, 91]
[70, 75, 69, 82, 88, 92]
[70, 75, 69, 83, 100]
[70, 75, 69, 83, 101]
[70, 75, 69, 83, 98]
[70, 75, 69, 83, 99]
[70, 75, 69, 93, 88]
[70, 75, 69, 94]
[70, 75, 69, 95]
[70, 75, 69, 96]
[70, 75, 69, 97]
[70, 76, 111, 109, 80, 84, 81]
[70, 76, 111, 109, 80, 84, 82]
[70, 76, 111, 132, 80, 84, 81]
[70, 76, 111, 132, 80, 84, 82]
[70, 76, 113, 109, 80, 84, 81]
[70, 76, 113, 109, 80, 84, 82]
[70, 76, 113, 132, 80, 84, 81]
[70, 76, 113, 132, 80, 84, 82]
[70, 76, 129, 120, 110, 109]
[70, 76, 129, 120, 110, 132]
[70, 76, 129, 120, 110, 133]
[70, 76, 129, 120, 110, 134]
[70, 76, 129, 120, 110, 135]
[70, 76, 129, 120, 110, 136]
[70, 76, 129, 120, 110, 137]
[70, 76, 129, 120, 110, 140]
[70, 76, 129, 120, 111, 109]
[70, 76, 129, 120, 111, 132]
[70, 76, 129, 120, 111, 133]
[70, 76, 129, 120, 111, 134]
[70, 76, 129, 120, 111, 135]
[70, 76, 129, 120, 111, 136]
[70, 76, 129, 120, 111, 137]
[70, 76, 129, 120, 111, 140]
[70, 76, 129, 120, 112, 109]
[70, 76, 129, 120, 112, 132]
[70, 76, 129, 120, 112, 133]
[70, 76, 129, 120, 112, 134]
[70, 76, 129, 120, 112, 135]
[70, 76, 129, 120, 112, 136]
[70, 76, 129, 120, 112, 137]
[70, 76, 129, 120, 112, 140]
[70, 76, 129, 120, 113, 109]
[70, 76, 129, 120, 113, 132]
[70, 76, 129, 120, 113, 133]
[70, 76, 129, 120, 113, 134]
[70, 76, 129, 120, 113, 135]
[70, 76, 129, 120, 113, 136]
[70, 76, 129, 120, 113, 137]
[70, 76, 129, 120, 113, 140]
[70, 76, 129, 120, 128, 123, 124, 125, 126, 127, 109]
[70, 76, 129, 120, 128, 123, 124, 125, 126, 127, 132]
[70, 76, 129, 120, 128, 123, 124, 125, 126, 127, 133]
[70, 76, 129, 120, 128, 123, 124, 125, 126, 127, 134]
[70, 76, 129, 120, 128, 123, 124, 125, 126, 127, 135]
[70, 76, 129, 120, 128, 123, 124, 125, 126, 127, 136]
[70, 76, 129, 120, 128, 123, 124, 125, 126, 127, 137]
[70, 76, 129, 120, 128, 123, 124, 125, 126, 127, 140]
[70, 76, 129, 120, 128, 123, 124, 125, 126, 127, 165]
[70, 76, 129, 120, 128, 123, 124, 125, 126, 127, 178]
[70, 76, 129, 120, 128, 123, 124, 125, 126, 127, 66]
[70, 76, 129, 120, 128, 123, 124, 125, 126, 127, 68]
[70, 76, 129, 120, 141, 66]
[70, 76, 129, 120, 142, 66]
[70, 76, 129, 120, 142, 68]
[70, 76, 129, 120, 143]
[70, 76, 129, 120, 144]
[70, 76, 129, 120, 145]
[70, 76, 129, 153, 128, 123, 124, 125, 126, 127, 165]
[70, 76, 129, 153, 128, 123, 124, 125, 126, 127, 178]
[70, 76, 129, 153, 128, 123, 124, 125, 126, 127, 68]
[70, 76, 130, 120, 110, 109]
[70, 76, 130, 120, 110, 132]
[70, 76, 130, 120, 110, 133]
[70, 76, 130, 120, 110, 134]
[70, 76, 130, 120, 110, 135]
[70, 76, 130, 120, 110, 136]
[70, 76, 130, 120, 110, 137]
[70, 76, 130, 120, 110, 140]
[70, 76, 130, 120, 111, 109]
[70, 76, 130, 120, 111, 132]
[70, 76, 130, 120, 111, 133]
[70, 76, 130, 120, 111, 134]
[70, 76, 130, 120, 111, 135]
[70, 76, 130, 120, 111, 136]
[70, 76, 130, 120, 111, 137]
[70, 76, 130, 120, 111, 140]
[70, 76, 130, 120, 112, 109]
[70, 76, 130, 120, 112, 132]
[70, 76, 130, 120, 112, 133]
[70, 76, 130, 120, 112, 134]
[70, 76, 130, 120, 112, 135]
[70, 76, 130, 120, 112, 136]
[70, 76, 130, 120, 112, 137]
[70, 76, 130, 120, 112, 140]
[70, 76, 130, 120, 113, 109]
[70, 76, 130, 120, 113, 132]
[70, 76, 130, 120, 113, 133]
[70, 76, 130, 120, 113, 134]
[70, 76, 130, 120, 113, 135]
[70, 76, 130, 120, 113, 136]
[70, 76, 130, 120, 113, 137]
[70, 76, 130, 120, 113, 140]
[70, 76, 130, 120, 128, 123, 124, 125, 126, 127, 109]
[70, 76, 130, 120, 128, 123, 124, 125, 126, 127, 132]
[70, 76, 130, 120, 128, 123, 124, 125, 126, 127, 133]
[70, 76, 130, 120, 128, 123, 124, 125, 126, 127, 134]
[70, 76, 130, 120, 128, 123, 124, 125, 126, 127, 135]
[70, 76, 130, 120, 128, 123, 124, 125, 126, 127, 136]
[70, 76, 130, 120, 128, 123, 124, 125, 126, 127, 137]
[70, 76, 130, 120, 128, 123, 124, 125, 126, 127, 140]
[70, 76, 130, 120, 128, 123, 124, 125, 126, 127, 165]
[70, 76, 130, 120, 128, 123, 124, 125, 126, 127, 66]
[70, 76, 130, 120, 128, 123, 124, 125, 126, 127, 68]
[70, 76, 130, 120, 141, 66]
[70, 76, 130, 120, 142, 66]
[70, 76, 130, 120, 142, 68]
[70, 76, 130, 120, 143]
[70, 76, 130, 120, 144]
[70, 76, 130, 120, 145]
[70, 76, 130, 153, 128, 123, 124, 125, 126, 127, 165]
[70, 76, 130, 153, 128, 123, 124, 125, 126, 127, 68]
[70, 76, 131, 120, 110, 109]
[70, 76, 131, 120, 110, 132]
[70, 76, 131, 120, 110, 133]
[70, 76, 131, 120, 110, 134]
[70, 76, 131, 120, 110, 135]
[70, 76, 131, 120, 110, 136]
[70, 76, 131, 120, 110, 137]
[70, 76, 131, 120, 110, 140]
[70, 76, 131, 120, 111, 109]
[70, 76, 131, 120, 111, 132]
[70, 76, 131, 120, 111, 133]
[70, 76, 131, 120, 111, 134]
[70, 76, 131, 120, 111, 135]
[70, 76, 131, 120, 111, 136]
[70, 76, 131, 120, 111, 137]
[70, 76, 131, 120, 111, 140]
[70, 76, 131, 120, 112, 109]
[70, 76, 131, 120, 112, 132]
[70, 76, 131, 120, 112, 133]
[70, 76, 131, 120, 112, 134]
[70, 76, 131, 120, 112, 135]
[70, 76, 131, 120, 112, 136]
[70, 76, 131, 120, 112, 137]
[70, 76, 131, 120, 112, 140]
[70, 76, 131, 120, 113, 109]
[70, 76, 131, 120, 113, 132]
[70, 76, 131, 120, 113, 133]
[70, 76, 131, 120, 113, 134]
[70, 76, 131, 120, 113, 135]
[70, 76, 131, 120, 113, 136]
[70, 76, 131, 120, 113, 137]
[70, 76, 131, 120, 113, 140]
[70, 76, 131, 120, 128, 123, 124, 125, 126, 127, 109]
[70, 76, 131, 120, 128, 123, 124, 125, 126, 127, 132]
[70, 76, 131, 120, 128, 123, 124, 125, 126, 127, 133]
[70, 76, 131, 120, 128, 123, 124, 125, 126, 127, 134]
[70, 76, 131, 120, 128, 123, 124, 125, 126, 127, 135]
[70, 76, 131, 120, 128, 123, 124, 125, 126, 127, 136]
[70, 76, 131, 120, 128, 123, 124, 125, 126, 127, 137]
[70, 76, 131, 120, 128, 123, 124, 125, 126, 127, 140]
[70, 76, 131, 120, 128, 123, 124, 125, 126, 127, 165]
[70, 76, 131, 120, 128, 123, 124, 125, 126, 127, 66]
[70, 76, 131, 120, 128, 123, 124, 125, 126, 127, 68]
[70, 76, 131, 120, 141, 66]
[70, 76, 131, 120, 142, 66]
[70, 76, 131, 120, 142, 68]
[70, 76, 131, 120, 143]
[70, 76, 131, 120, 144]
[70, 76, 131, 120, 145]
[70, 76, 131, 153, 128, 123, 124, 125, 126, 127, 165]
[70, 76, 131, 153, 128, 123, 124, 125, 126, 127, 68]
[70, 76, 133, 80, 84, 81, 110]
[70, 76, 133, 80, 84, 81, 111]
[70, 76, 133, 80, 84, 81, 112]
[70, 76, 133, 80, 84, 81, 113]
[70, 76, 133, 80, 84, 82, 110]
[70, 76, 133, 80, 84, 82, 111]
[70, 76, 133, 80, 84, 82, 112]
[70, 76, 133, 80, 84, 82, 113]
[70, 76, 134, 80, 84, 81, 110]
[70, 76, 134, 80, 84, 81, 111]
[70, 76, 134, 80, 84, 81, 112]
[70, 76, 134, 80, 84, 81, 113]
[70, 76, 134, 80, 84, 82, 110]
[70, 76, 134, 80, 84, 82, 111]
[70, 76, 134, 80, 84, 82, 112]
[70, 76, 134, 80, 84, 82, 113]
[70, 76, 135, 80, 84, 81, 110]
[70, 76, 135, 80, 84, 81, 111]
[70, 76, 135, 80, 84, 81, 112]
[70, 76, 135, 80, 84, 81, 113]
[70, 76, 135, 80, 84, 82, 110]
[70, 76, 135, 80, 84, 82, 111]
[70, 76, 135, 80, 84, 82, 112]
[70, 76, 135, 80, 84, 82, 113]
[70, 76, 136, 80, 84, 81, 110]
[70, 76, 136, 80, 84, 81, 111]
[70, 76, 136, 80, 84, 81, 112]
[70, 76, 136, 80, 84, 81, 113]
[70, 76, 136, 80, 84, 82, 110]
[70, 76, 136, 80, 84, 82, 111]
[70, 76, 136, 80, 84, 82, 112]
[70, 76, 136, 80, 84, 82, 113]
[70, 76, 137, 80, 84, 81, 110]
[70, 76, 137, 80, 84, 81, 111]
[70, 76, 137, 80, 84, 81, 112]
[70, 76, 137, 80, 84, 81, 113]
[70, 76, 137, 80, 84, 82, 110]
[70, 76, 137, 80, 84, 82, 111]
[70, 76, 137, 80, 84, 82, 112]
[70, 76, 137, 80, 84, 82, 113]
[70, 76, 140, 80, 84, 81, 110]
[70, 76, 140, 80, 84, 81, 111]
[70, 76, 140, 80, 84, 81, 112]
[70, 76, 140, 80, 84, 81, 113]
[70, 76, 140, 80, 84, 82, 110]
[70, 76, 140, 80, 84, 82, 111]
[70, 76, 140, 80, 84, 82, 112]
[70, 76, 140, 80, 84, 82, 113]
[70, 76, 147]
[70, 76, 153, 128, 123, 124, 125, 126, 127, 68, 159]
[70, 76, 153, 128, 123, 124, 125, 126, 127, 68, 160]
[70, 76, 153, 128, 123, 124, 125, 126, 127, 68, 161]
[70, 76, 153, 128, 123, 124, 125, 126, 127, 68, 162]
[70, 76, 153, 128, 123, 124, 125, 126, 127, 68, 163]
[70, 76, 153, 128, 123, 124, 125, 126, 127, 68, 164]
[70, 76, 153, 128, 123, 124, 125, 126, 127, 68, 167]
[70, 76, 153, 128, 123, 124, 125, 126, 127, 68, 168]
[70, 76, 153, 128, 123, 124, 125, 126, 127, 68, 169]
[70, 76, 153, 128, 123, 124, 125, 126, 127, 68, 170]
[70, 76, 153, 128, 123, 124, 125, 126, 127, 68, 171]
[70, 76, 153, 128, 123, 124, 125, 126, 127, 68, 172]
[70, 76, 153, 128, 123, 124, 125, 126, 127, 68, 173]
[70, 76, 153, 128, 123, 124, 125, 126, 127, 68, 175]
[70, 76, 153, 67, 68]
[70, 76, 155, 68]
[70, 76, 167, 128, 120, 123, 124, 125, 126, 127, 66]
[70, 76, 167, 128, 120, 123, 124, 125, 126, 127, 68]
[70, 76, 168, 128, 120, 123, 124, 125, 126, 127, 66]
[70, 76, 168, 128, 120, 123, 124, 125, 126, 127, 68]
[70, 76, 169, 128, 120, 123, 124, 125, 126, 127, 66]
[70, 76, 169, 128, 120, 123, 124, 125, 126, 127, 68]
[70, 76, 170, 128, 120, 123, 124, 125, 126, 127, 66]
[70, 76, 170, 128, 120, 123, 124, 125, 126, 127, 68]
[70, 76, 171, 128, 120, 123, 124, 125, 126, 127, 66]
[70, 76, 171, 128, 120, 123, 124, 125, 126, 127, 68]
[70, 76, 172, 128, 120, 123, 124, 125, 126, 127, 66]
[70, 76, 172, 128, 120, 123, 124, 125, 126, 127, 68]
[70, 76, 173, 128, 120, 123, 124, 125, 126, 127, 66]
[70, 76, 173, 128, 120, 123, 124, 125, 126, 127, 68]
[70, 76, 174, 128, 123, 124, 125, 126, 127, 66]
[70, 76, 174, 128, 123, 124, 125, 126, 127, 68]
[70, 76, 175, 128, 120, 123, 124, 125, 126, 127, 66]
[70, 76, 175, 128, 120, 123, 124, 125, 126, 127, 68]
[70, 76, 66, 120, 128, 123, 124, 125, 126, 127, 159]
[70, 76, 66, 120, 128, 123, 124, 125, 126, 127, 160]
[70, 76, 66, 120, 128, 123, 124, 125, 126, 127, 161]
[70, 76, 66, 120, 128, 123, 124, 125, 126, 127, 162]
[70, 76, 66, 120, 128, 123, 124, 125, 126, 127, 163]
[70, 76, 66, 120, 128, 123, 124, 125, 126, 127, 164]
[70, 76, 66, 120, 67]
[70, 76, 66, 154, 67]
[70, 76, 66, 80, 81, 141]
[70, 76, 66, 80, 81, 142]
[70, 76, 66, 80, 81, 91]
[70, 76, 66, 80, 81, 92]
[70, 76, 66, 90, 80, 81]
[70, 76, 66, 93]
[70, 76, 68, 120, 128, 123, 124, 125, 126, 127, 159]
[70, 76, 68, 120, 128, 123, 124, 125, 126, 127, 160]
[70, 76, 68, 120, 128, 123, 124, 125, 126, 127, 161]
[70, 76, 68, 120, 128, 123, 124, 125, 126, 127, 162]
[70, 76, 68, 120, 128, 123, 124, 125, 126, 127, 163]
[70, 76, 68, 120, 128, 123, 124, 125, 126, 127, 164]
[70, 76, 68, 120, 67]
[70, 76, 68, 154, 67]
[70, 76, 68, 80, 82, 142]
[70, 76, 68, 80, 82, 91]
[70, 76, 68, 80, 82, 92]
[70, 76, 68, 90, 80, 82]
[70, 76, 68, 93]
[70, 76, 69, 100, 83]
[70, 76, 69, 101, 83]
[70, 76, 69, 128, 127, 123, 124, 125, 126, 109]
[70, 76, 69, 128, 127, 123, 124, 125, 126, 132]
[70, 76, 69, 128, 127, 123, 124, 125, 126, 159]
[70, 76, 69, 128, 127, 123, 124, 125, 126, 160]
[70, 76, 69, 128, 127, 123, 124, 125, 126, 161]
[70, 76, 69, 128, 127, 123, 124, 125, 126, 162]
[70, 76, 69, 128, 127, 123, 124, 125, 126, 163]
[70, 76, 69, 128, 127, 123, 124, 125, 126, 164]
[70, 76, 69, 154, 67]
[70, 76, 69, 80, 84, 81, 102]
[70, 76, 69, 80, 84, 81, 103]
[70, 76, 69, 80, 84, 81, 108]
[70, 76, 69, 80, 84, 81, 109, 110]
[70, 76, 69, 80, 84, 81, 109, 112]
[70, 76, 69, 80, 84, 81, 132, 110]
[70, 76, 69, 80, 84, 81, 132, 112]
[70, 76, 69, 80, 84, 81, 141]
[70, 76, 69, 80, 84, 81, 142]
[70, 76, 69, 80, 84, 81, 143]
[70, 76, 69, 80, 84, 81, 144]
[70, 76, 69, 80, 84, 81, 83, 104]
[70, 76, 69, 80, 84, 81, 83, 105]
[70, 76, 69, 80, 84, 81, 83, 106]
[70, 76, 69, 80, 84, 81, 83, 107]
[70, 76, 69, 80, 84, 81, 90]
[70, 76, 69, 80, 84, 81, 91]
[70, 76, 69, 80, 84, 81, 92]
[70, 76, 69, 80, 84, 82, 102]
[70, 76, 69, 80, 84, 82, 103]
[70, 76, 69, 80, 84, 82, 108]
[70, 76, 69, 80, 84, 82, 109, 110]
[70, 76, 69, 80, 84, 82, 109, 112]
[70, 76, 69, 80, 84, 82, 132, 110]
[70, 76, 69, 80, 84, 82, 132, 112]
[70, 76, 69, 80, 84, 82, 141]
[70, 76, 69, 80, 84, 82, 142]
[70, 76, 69, 80, 84, 82, 143]
[70, 76, 69, 80, 84, 82, 144]
[70, 76, 69, 80, 84, 82, 83, 104]
[70, 76, 69, 80, 84, 82, 83, 105]
[70, 76, 69, 80, 84, 82, 83, 106]
[70, 76, 69, 80, 84, 82, 83, 107]
[70, 76, 69, 80, 84, 82, 90]
[70, 76, 69, 80, 84, 82, 91]
[70, 76, 69, 80, 84, 82, 92]
[70, 76, 69, 93]
[70, 76, 69, 94]
[70, 76, 69, 95]
[70, 76, 69, 96]
[70, 76, 69, 97]
[70, 76, 69, 98, 83]
[70, 76, 69, 99, 83]
[70, 77, 111, 80, 84, 109, 81]
[70, 77, 111, 80, 84, 109, 82]
[70, 77, 111, 80, 84, 132, 81]
[70, 77, 111, 80, 84, 132, 82]
[70, 77, 113, 80, 84, 109, 81]
[70, 77, 113, 80, 84, 109, 82]
[70, 77, 113, 80, 84, 132, 81]
[70, 77, 113, 80, 84, 132, 82]
[70, 77, 133, 80, 84, 81, 110]
[70, 77, 133, 80, 84, 81, 111]
[70, 77, 133, 80, 84, 81, 112]
[70, 77, 133, 80, 84, 81, 113]
[70, 77, 133, 80, 84, 82, 110]
[70, 77, 133, 80, 84, 82, 111]
[70, 77, 133, 80, 84, 82, 112]
[70, 77, 133, 80, 84, 82, 113]
[70, 77, 134, 80, 84, 81, 110]
[70, 77, 134, 80, 84, 81, 111]
[70, 77, 134, 80, 84, 81, 112]
[70, 77, 134, 80, 84, 81, 113]
[70, 77, 134, 80, 84, 82, 110]
[70, 77, 134, 80, 84, 82, 111]
[70, 77, 134, 80, 84, 82, 112]
[70, 77, 134, 80, 84, 82, 113]
[70, 77, 135, 80, 84, 81, 110]
[70, 77, 135, 80, 84, 81, 111]
[70, 77, 135, 80, 84, 81, 112]
[70, 77, 135, 80, 84, 81, 113]
[70, 77, 135, 80, 84, 82, 110]
[70, 77, 135, 80, 84, 82, 111]
[70, 77, 135, 80, 84, 82, 112]
[70, 77, 135, 80, 84, 82, 113]
[70, 77, 136, 80, 84, 81, 110]
[70, 77, 136, 80, 84, 81, 111]
[70, 77, 136, 80, 84, 81, 112]
[70, 77, 136, 80, 84, 81, 113]
[70, 77, 136, 80, 84, 82, 110]
[70, 77, 136, 80, 84, 82, 111]
[70, 77, 136, 80, 84, 82, 112]
[70, 77, 136, 80, 84, 82, 113]
[70, 77, 137, 80, 84, 81, 110]
[70, 77, 137, 80, 84, 81, 111]
[70, 77, 137, 80, 84, 81, 112]
[70, 77, 137, 80, 84, 81, 113]
[70, 77, 137, 80, 84, 82, 110]
[70, 77, 137, 80, 84, 82, 111]
[70, 77, 137, 80, 84, 82, 112]
[70, 77, 137, 80, 84, 82, 113]
[70, 77, 140, 80, 84, 81, 110]
[70, 77, 140, 80, 84, 81, 111]
[70, 77, 140, 80, 84, 81, 112]
[70, 77, 140, 80, 84, 81, 113]
[70, 77, 140, 80, 84, 82, 110]
[70, 77, 140, 80, 84, 82, 111]
[70, 77, 140, 80, 84, 82, 112]
[70, 77, 140, 80, 84, 82, 113]
[70, 77, 145]
[70, 77, 147]
[70, 77, 66, 67]
[70, 77, 66, 80, 81, 141]
[70, 77, 66, 80, 81, 142]
[70, 77, 66, 80, 81, 90]
[70, 77, 66, 80, 81, 91]
[70, 77, 66, 80, 81, 92]
[70, 77, 66, 93]
[70, 77, 68, 67]
[70, 77, 68, 80, 82, 142]
[70, 77, 68, 80, 82, 90]
[70, 77, 68, 80, 82, 91]
[70, 77, 68, 80, 82, 92]
[70, 77, 68, 93]
[70, 77, 69, 100, 83]
[70, 77, 69, 101, 83]
[70, 77, 69, 67]
[70, 77, 69, 80, 84, 81, 102]
[70, 77, 69, 80, 84, 81, 103]
[70, 77, 69, 80, 84, 81, 108]
[70, 77, 69, 80, 84, 81, 109, 110]
[70, 77, 69, 80, 84, 81, 109, 112]
[70, 77, 69, 80, 84, 81, 132, 110]
[70, 77, 69, 80, 84, 81, 132, 112]
[70, 77, 69, 80, 84, 81, 141]
[70, 77, 69, 80, 84, 81, 142]
[70, 77, 69, 80, 84, 81, 143]
[70, 77, 69, 80, 84, 81, 144]
[70, 77, 69, 80, 84, 81, 83, 104]
[70, 77, 69, 80, 84, 81, 83, 105]
[70, 77, 69, 80, 84, 81, 83, 106]
[70, 77, 69, 80, 84, 81, 83, 107]
[70, 77, 69, 80, 84, 81, 90]
[70, 77, 69, 80, 84, 81, 91]
[70, 77, 69, 80, 84, 81, 92]
[70, 77, 69, 80, 84, 82, 102]
[70, 77, 69, 80, 84, 82, 103]
[70, 77, 69, 80, 84, 82, 108]
[70, 77, 69, 80, 84, 82, 109, 110]
[70, 77, 69, 80, 84, 82, 109, 112]
[70, 77, 69, 80, 84, 82, 132, 110]
[70, 77, 69, 80, 84, 82, 132, 112]
[70, 77, 69, 80, 84, 82, 141]
[70, 77, 69, 80, 84, 82, 142]
[70, 77, 69, 80, 84, 82, 143]
[70, 77, 69, 80, 84, 82, 144]
[70, 77, 69, 80, 84, 82, 83, 104]
[70, 77, 69, 80, 84, 82, 83, 105]
[70, 77, 69, 80, 84, 82, 83, 106]
[70, 77, 69, 80, 84, 82, 83, 107]
[70, 77, 69, 80, 84, 82, 90]
[70, 77, 69, 80, 84, 82, 91]
[70, 77, 69, 80, 84, 82, 92]
[70, 77, 69, 93]
[70, 77, 69, 94]
[70, 77, 69, 95]
[70, 77, 69, 96]
[70, 77, 69, 97]
[70, 77, 69, 98, 83]
[70, 77, 69, 99, 83]
[7, 144]
[7, 149]
[71, 72, 79, 80, 84, 81, 65, 111, 109]
[71, 72, 79, 80, 84, 81, 65, 111, 132]
[71, 72, 79, 80, 84, 81, 65, 113, 109]
[71, 72, 79, 80, 84, 81, 65, 113, 132]
[71, 72, 79, 80, 84, 81, 65, 133, 110]
[71, 72, 79, 80, 84, 81, 65, 133, 111]
[71, 72, 79, 80, 84, 81, 65, 133, 112]
[71, 72, 79, 80, 84, 81, 65, 133, 113]
[71, 72, 79, 80, 84, 81, 65, 134, 110]
[71, 72, 79, 80, 84, 81, 65, 134, 111]
[71, 72, 79, 80, 84, 81, 65, 134, 112]
[71, 72, 79, 80, 84, 81, 65, 134, 113]
[71, 72, 79, 80, 84, 81, 65, 135, 110]
[71, 72, 79, 80, 84, 81, 65, 135, 111]
[71, 72, 79, 80, 84, 81, 65, 135, 112]
[71, 72, 79, 80, 84, 81, 65, 135, 113]
[71, 72, 79, 80, 84, 81, 65, 136, 110]
[71, 72, 79, 80, 84, 81, 65, 136, 111]
[71, 72, 79, 80, 84, 81, 65, 136, 112]
[71, 72, 79, 80, 84, 81, 65, 136, 113]
[71, 72, 79, 80, 84, 81, 65, 137, 110]
[71, 72, 79, 80, 84, 81, 65, 137, 111]
[71, 72, 79, 80, 84, 81, 65, 137, 112]
[71, 72, 79, 80, 84, 81, 65, 137, 113]
[71, 72, 79, 80, 84, 81, 65, 140, 110]
[71, 72, 79, 80, 84, 81, 65, 140, 111]
[71, 72, 79, 80, 84, 81, 65, 140, 112]
[71, 72, 79, 80, 84, 81, 65, 140, 113]
[71, 72, 79, 80, 84, 81, 65, 69, 102]
[71, 72, 79, 80, 84, 81, 65, 69, 103]
[71, 72, 79, 80, 84, 81, 65, 69, 108]
[71, 72, 79, 80, 84, 81, 65, 69, 109, 110]
[71, 72, 79, 80, 84, 81, 65, 69, 109, 112]
[71, 72, 79, 80, 84, 81, 65, 69, 132, 110]
[71, 72, 79, 80, 84, 81, 65, 69, 132, 112]
[71, 72, 79, 80, 84, 81, 65, 69, 141]
[71, 72, 79, 80, 84, 81, 65, 69, 142]
[71, 72, 79, 80, 84, 81, 65, 69, 143]
[71, 72, 79, 80, 84, 81, 65, 69, 144]
[71, 72, 79, 80, 84, 81, 65, 69, 83, 104]
[71, 72, 79, 80, 84, 81, 65, 69, 83, 105]
[71, 72, 79, 80, 84, 81, 65, 69, 83, 106]
[71, 72, 79, 80, 84, 81, 65, 69, 83, 107]
[71, 72, 79, 80, 84, 81, 65, 69, 83, 78]
[71, 72, 79, 80, 84, 81, 65, 69, 83, 86]
[71, 72, 79, 80, 84, 81, 65, 69, 83, 89]
[71, 72, 79, 80, 84, 81, 65, 69, 90]
[71, 72, 79, 80, 84, 81, 65, 69, 91]
[71, 72, 79, 80, 84, 81, 65, 69, 92]
[71, 72, 79, 80, 84, 81, 74, 137]
[71, 72, 79, 80, 84, 81, 74, 140]
[71, 72, 79, 80, 84, 81, 74, 69, 102]
[71, 72, 79, 80, 84, 81, 74, 69, 103]
[71, 72, 79, 80, 84, 81, 74, 69, 108]
[71, 72, 79, 80, 84, 81, 74, 69, 83, 104]
[71, 72, 79, 80, 84, 81, 74, 69, 83, 105]
[71, 72, 79, 80, 84, 81, 74, 69, 83, 106]
[71, 72, 79, 80, 84, 81, 74, 69, 83, 107]
[71, 72, 79, 80, 84, 81, 74, 69, 83, 78]
[71, 72, 79, 80, 84, 81, 74, 69, 83, 86]
[71, 72, 79, 80, 84, 81, 74, 69, 83, 89]
[71, 72, 79, 80, 84, 81, 74, 69, 90]
[71, 72, 79, 80, 84, 81, 74, 69, 91]
[71, 72, 79, 80, 84, 81, 74, 69, 92]
[71, 72, 79, 80, 84, 81, 75, 69, 102]
[71, 72, 79, 80, 84, 81, 75, 69, 103]
[71, 72, 79, 80, 84, 81, 75, 69, 108]
[71, 72, 79, 80, 84, 81, 75, 69, 83, 104]
[71, 72, 79, 80, 84, 81, 75, 69, 83, 105]
[71, 72, 79, 80, 84, 81, 75, 69, 83, 106]
[71, 72, 79, 80, 84, 81, 75, 69, 83, 107]
[71, 72, 79, 80, 84, 81, 75, 69, 83, 78]
[71, 72, 79, 80, 84, 81, 75, 69, 83, 86]
[71, 72, 79, 80, 84, 81, 75, 69, 83, 89]
[71, 72, 79, 80, 84, 81, 75, 69, 90]
[71, 72, 79, 80, 84, 81, 75, 69, 91]
[71, 72, 79, 80, 84, 81, 75, 69, 92]
[71, 72, 79, 80, 84, 81, 76, 111, 109]
[71, 72, 79, 80, 84, 81, 76, 111, 132]
[71, 72, 79, 80, 84, 81, 76, 113, 109]
[71, 72, 79, 80, 84, 81, 76, 113, 132]
[71, 72, 79, 80, 84, 81, 76, 133, 110]
[71, 72, 79, 80, 84, 81, 76, 133, 111]
[71, 72, 79, 80, 84, 81, 76, 133, 112]
[71, 72, 79, 80, 84, 81, 76, 133, 113]
[71, 72, 79, 80, 84, 81, 76, 134, 110]
[71, 72, 79, 80, 84, 81, 76, 134, 111]
[71, 72, 79, 80, 84, 81, 76, 134, 112]
[71, 72, 79, 80, 84, 81, 76, 134, 113]
[71, 72, 79, 80, 84, 81, 76, 135, 110]
[71, 72, 79, 80, 84, 81, 76, 135, 111]
[71, 72, 79, 80, 84, 81, 76, 135, 112]
[71, 72, 79, 80, 84, 81, 76, 135, 113]
[71, 72, 79, 80, 84, 81, 76, 136, 110]
[71, 72, 79, 80, 84, 81, 76, 136, 111]
[71, 72, 79, 80, 84, 81, 76, 136, 112]
[71, 72, 79, 80, 84, 81, 76, 136, 113]
[71, 72, 79, 80, 84, 81, 76, 137, 110]
[71, 72, 79, 80, 84, 81, 76, 137, 111]
[71, 72, 79, 80, 84, 81, 76, 137, 112]
[71, 72, 79, 80, 84, 81, 76, 137, 113]
[71, 72, 79, 80, 84, 81, 76, 140, 110]
[71, 72, 79, 80, 84, 81, 76, 140, 111]
[71, 72, 79, 80, 84, 81, 76, 140, 112]
[71, 72, 79, 80, 84, 81, 76, 140, 113]
[71, 72, 79, 80, 84, 81, 76, 69, 102]
[71, 72, 79, 80, 84, 81, 76, 69, 103]
[71, 72, 79, 80, 84, 81, 76, 69, 108]
[71, 72, 79, 80, 84, 81, 76, 69, 109, 110]
[71, 72, 79, 80, 84, 81, 76, 69, 109, 112]
[71, 72, 79, 80, 84, 81, 76, 69, 132, 110]
[71, 72, 79, 80, 84, 81, 76, 69, 132, 112]
[71, 72, 79, 80, 84, 81, 76, 69, 141]
[71, 72, 79, 80, 84, 81, 76, 69, 142]
[71, 72, 79, 80, 84, 81, 76, 69, 143]
[71, 72, 79, 80, 84, 81, 76, 69, 144]
[71, 72, 79, 80, 84, 81, 76, 69, 83, 104]
[71, 72, 79, 80, 84, 81, 76, 69, 83, 105]
[71, 72, 79, 80, 84, 81, 76, 69, 83, 106]
[71, 72, 79, 80, 84, 81, 76, 69, 83, 107]
[71, 72, 79, 80, 84, 81, 76, 69, 83, 78]
[71, 72, 79, 80, 84, 81, 76, 69, 83, 86]
[71, 72, 79, 80, 84, 81, 76, 69, 83, 89]
[71, 72, 79, 80, 84, 81, 76, 69, 90]
[71, 72, 79, 80, 84, 81, 76, 69, 91]
[71, 72, 79, 80, 84, 81, 76, 69, 92]
[71, 72, 79, 80, 84, 81, 77, 111, 109]
[71, 72, 79, 80, 84, 81, 77, 111, 132]
[71, 72, 79, 80, 84, 81, 77, 113, 109]
[71, 72, 79, 80, 84, 81, 77, 113, 132]
[71, 72, 79, 80, 84, 81, 77, 133, 110]
[71, 72, 79, 80, 84, 81, 77, 133, 111]
[71, 72, 79, 80, 84, 81, 77, 133, 112]
[71, 72, 79, 80, 84, 81, 77, 133, 113]
[71, 72, 79, 80, 84, 81, 77, 134, 110]
[71, 72, 79, 80, 84, 81, 77, 134, 111]
[71, 72, 79, 80, 84, 81, 77, 134, 112]
[71, 72, 79, 80, 84, 81, 77, 134, 113]
[71, 72, 79, 80, 84, 81, 77, 135, 110]
[71, 72, 79, 80, 84, 81, 77, 135, 111]
[71, 72, 79, 80, 84, 81, 77, 135, 112]
[71, 72, 79, 80, 84, 81, 77, 135, 113]
[71, 72, 79, 80, 84, 81, 77, 136, 110]
[71, 72, 79, 80, 84, 81, 77, 136, 111]
[71, 72, 79, 80, 84, 81, 77, 136, 112]
[71, 72, 79, 80, 84, 81, 77, 136, 113]
[71, 72, 79, 80, 84, 81, 77, 137, 110]
[71, 72, 79, 80, 84, 81, 77, 137, 111]
[71, 72, 79, 80, 84, 81, 77, 137, 112]
[71, 72, 79, 80, 84, 81, 77, 137, 113]
[71, 72, 79, 80, 84, 81, 77, 140, 110]
[71, 72, 79, 80, 84, 81, 77, 140, 111]
[71, 72, 79, 80, 84, 81, 77, 140, 112]
[71, 72, 79, 80, 84, 81, 77, 140, 113]
[71, 72, 79, 80, 84, 81, 77, 69, 102]
[71, 72, 79, 80, 84, 81, 77, 69, 103]
[71, 72, 79, 80, 84, 81, 77, 69, 108]
[71, 72, 79, 80, 84, 81, 77, 69, 109, 110]
[71, 72, 79, 80, 84, 81, 77, 69, 109, 112]
[71, 72, 79, 80, 84, 81, 77, 69, 132, 110]
[71, 72, 79, 80, 84, 81, 77, 69, 132, 112]
[71, 72, 79, 80, 84, 81, 77, 69, 141]
[71, 72, 79, 80, 84, 81, 77, 69, 142]
[71, 72, 79, 80, 84, 81, 77, 69, 143]
[71, 72, 79, 80, 84, 81, 77, 69, 144]
[71, 72, 79, 80, 84, 81, 77, 69, 83, 104]
[71, 72, 79, 80, 84, 81, 77, 69, 83, 105]
[71, 72, 79, 80, 84, 81, 77, 69, 83, 106]
[71, 72, 79, 80, 84, 81, 77, 69, 83, 107]
[71, 72, 79, 80, 84, 81, 77, 69, 83, 78]
[71, 72, 79, 80, 84, 81, 77, 69, 83, 86]
[71, 72, 79, 80, 84, 81, 77, 69, 83, 89]
[71, 72, 79, 80, 84, 81, 77, 69, 90]
[71, 72, 79, 80, 84, 81, 77, 69, 91]
[71, 72, 79, 80, 84, 81, 77, 69, 92]
[71, 72, 79, 80, 84, 82, 65, 111, 109]
[71, 72, 79, 80, 84, 82, 65, 111, 132]
[71, 72, 79, 80, 84, 82, 65, 113, 109]
[71, 72, 79, 80, 84, 82, 65, 113, 132]
[71, 72, 79, 80, 84, 82, 65, 133, 110]
[71, 72, 79, 80, 84, 82, 65, 133, 111]
[71, 72, 79, 80, 84, 82, 65, 133, 112]
[71, 72, 79, 80, 84, 82, 65, 133, 113]
[71, 72, 79, 80, 84, 82, 65, 134, 110]
[71, 72, 79, 80, 84, 82, 65, 134, 111]
[71, 72, 79, 80, 84, 82, 65, 134, 112]
[71, 72, 79, 80, 84, 82, 65, 134, 113]
[71, 72, 79, 80, 84, 82, 65, 135, 110]
[71, 72, 79, 80, 84, 82, 65, 135, 111]
[71, 72, 79, 80, 84, 82, 65, 135, 112]
[71, 72, 79, 80, 84, 82, 65, 135, 113]
[71, 72, 79, 80, 84, 82, 65, 136, 110]
[71, 72, 79, 80, 84, 82, 65, 136, 111]
[71, 72, 79, 80, 84, 82, 65, 136, 112]
[71, 72, 79, 80, 84, 82, 65, 136, 113]
[71, 72, 79, 80, 84, 82, 65, 137, 110]
[71, 72, 79, 80, 84, 82, 65, 137, 111]
[71, 72, 79, 80, 84, 82, 65, 137, 112]
[71, 72, 79, 80, 84, 82, 65, 137, 113]
[71, 72, 79, 80, 84, 82, 65, 140, 110]
[71, 72, 79, 80, 84, 82, 65, 140, 111]
[71, 72, 79, 80, 84, 82, 65, 140, 112]
[71, 72, 79, 80, 84, 82, 65, 140, 113]
[71, 72, 79, 80, 84, 82, 65, 69, 102]
[71, 72, 79, 80, 84, 82, 65, 69, 103]
[71, 72, 79, 80, 84, 82, 65, 69, 108]
[71, 72, 79, 80, 84, 82, 65, 69, 109, 110]
[71, 72, 79, 80, 84, 82, 65, 69, 109, 112]
[71, 72, 79, 80, 84, 82, 65, 69, 132, 110]
[71, 72, 79, 80, 84, 82, 65, 69, 132, 112]
[71, 72, 79, 80, 84, 82, 65, 69, 141]
[71, 72, 79, 80, 84, 82, 65, 69, 142]
[71, 72, 79, 80, 84, 82, 65, 69, 143]
[71, 72, 79, 80, 84, 82, 65, 69, 144]
[71, 72, 79, 80, 84, 82, 65, 69, 83, 104]
[71, 72, 79, 80, 84, 82, 65, 69, 83, 105]
[71, 72, 79, 80, 84, 82, 65, 69, 83, 106]
[71, 72, 79, 80, 84, 82, 65, 69, 83, 107]
[71, 72, 79, 80, 84, 82, 65, 69, 83, 78]
[71, 72, 79, 80, 84, 82, 65, 69, 83, 86]
[71, 72, 79, 80, 84, 82, 65, 69, 83, 89]
[71, 72, 79, 80, 84, 82, 65, 69, 90]
[71, 72, 79, 80, 84, 82, 65, 69, 91]
[71, 72, 79, 80, 84, 82, 65, 69, 92]
[71, 72, 79, 80, 84, 82, 74, 137]
[71, 72, 79, 80, 84, 82, 74, 140]
[71, 72, 79, 80, 84, 82, 74, 69, 102]
[71, 72, 79, 80, 84, 82, 74, 69, 103]
[71, 72, 79, 80, 84, 82, 74, 69, 108]
[71, 72, 79, 80, 84, 82, 74, 69, 83, 104]
[71, 72, 79, 80, 84, 82, 74, 69, 83, 105]
[71, 72, 79, 80, 84, 82, 74, 69, 83, 106]
[71, 72, 79, 80, 84, 82, 74, 69, 83, 107]
[71, 72, 79, 80, 84, 82, 74, 69, 83, 78]
[71, 72, 79, 80, 84, 82, 74, 69, 83, 86]
[71, 72, 79, 80, 84, 82, 74, 69, 83, 89]
[71, 72, 79, 80, 84, 82, 74, 69, 90]
[71, 72, 79, 80, 84, 82, 74, 69, 91]
[71, 72, 79, 80, 84, 82, 74, 69, 92]
[71, 72, 79, 80, 84, 82, 75, 69, 102]
[71, 72, 79, 80, 84, 82, 75, 69, 103]
[71, 72, 79, 80, 84, 82, 75, 69, 108]
[71, 72, 79, 80, 84, 82, 75, 69, 83, 104]
[71, 72, 79, 80, 84, 82, 75, 69, 83, 105]
[71, 72, 79, 80, 84, 82, 75, 69, 83, 106]
[71, 72, 79, 80, 84, 82, 75, 69, 83, 107]
[71, 72, 79, 80, 84, 82, 75, 69, 83, 78]
[71, 72, 79, 80, 84, 82, 75, 69, 83, 86]
[71, 72, 79, 80, 84, 82, 75, 69, 83, 89]
[71, 72, 79, 80, 84, 82, 75, 69, 90]
[71, 72, 79, 80, 84, 82, 75, 69, 91]
[71, 72, 79, 80, 84, 82, 75, 69, 92]
[71, 72, 79, 80, 84, 82, 76, 111, 109]
[71, 72, 79, 80, 84, 82, 76, 111, 132]
[71, 72, 79, 80, 84, 82, 76, 113, 109]
[71, 72, 79, 80, 84, 82, 76, 113, 132]
[71, 72, 79, 80, 84, 82, 76, 133, 110]
[71, 72, 79, 80, 84, 82, 76, 133, 111]
[71, 72, 79, 80, 84, 82, 76, 133, 112]
[71, 72, 79, 80, 84, 82, 76, 133, 113]
[71, 72, 79, 80, 84, 82, 76, 134, 110]
[71, 72, 79, 80, 84, 82, 76, 134, 111]
[71, 72, 79, 80, 84, 82, 76, 134, 112]
[71, 72, 79, 80, 84, 82, 76, 134, 113]
[71, 72, 79, 80, 84, 82, 76, 135, 110]
[71, 72, 79, 80, 84, 82, 76, 135, 111]
[71, 72, 79, 80, 84, 82, 76, 135, 112]
[71, 72, 79, 80, 84, 82, 76, 135, 113]
[71, 72, 79, 80, 84, 82, 76, 136, 110]
[71, 72, 79, 80, 84, 82, 76, 136, 111]
[71, 72, 79, 80, 84, 82, 76, 136, 112]
[71, 72, 79, 80, 84, 82, 76, 136, 113]
[71, 72, 79, 80, 84, 82, 76, 137, 110]
[71, 72, 79, 80, 84, 82, 76, 137, 111]
[71, 72, 79, 80, 84, 82, 76, 137, 112]
[71, 72, 79, 80, 84, 82, 76, 137, 113]
[71, 72, 79, 80, 84, 82, 76, 140, 110]
[71, 72, 79, 80, 84, 82, 76, 140, 111]
[71, 72, 79, 80, 84, 82, 76, 140, 112]
[71, 72, 79, 80, 84, 82, 76, 140, 113]
[71, 72, 79, 80, 84, 82, 76, 69, 102]
[71, 72, 79, 80, 84, 82, 76, 69, 103]
[71, 72, 79, 80, 84, 82, 76, 69, 108]
[71, 72, 79, 80, 84, 82, 76, 69, 109, 110]
[71, 72, 79, 80, 84, 82, 76, 69, 109, 112]
[71, 72, 79, 80, 84, 82, 76, 69, 132, 110]
[71, 72, 79, 80, 84, 82, 76, 69, 132, 112]
[71, 72, 79, 80, 84, 82, 76, 69, 141]
[71, 72, 79, 80, 84, 82, 76, 69, 142]
[71, 72, 79, 80, 84, 82, 76, 69, 143]
[71, 72, 79, 80, 84, 82, 76, 69, 144]
[71, 72, 79, 80, 84, 82, 76, 69, 83, 104]
[71, 72, 79, 80, 84, 82, 76, 69, 83, 105]
[71, 72, 79, 80, 84, 82, 76, 69, 83, 106]
[71, 72, 79, 80, 84, 82, 76, 69, 83, 107]
[71, 72, 79, 80, 84, 82, 76, 69, 83, 78]
[71, 72, 79, 80, 84, 82, 76, 69, 83, 86]
[71, 72, 79, 80, 84, 82, 76, 69, 83, 89]
[71, 72, 79, 80, 84, 82, 76, 69, 90]
[71, 72, 79, 80, 84, 82, 76, 69, 91]
[71, 72, 79, 80, 84, 82, 76, 69, 92]
[71, 72, 79, 80, 84, 82, 77, 111, 109]
[71, 72, 79, 80, 84, 82, 77, 111, 132]
[71, 72, 79, 80, 84, 82, 77, 113, 109]
[71, 72, 79, 80, 84, 82, 77, 113, 132]
[71, 72, 79, 80, 84, 82, 77, 133, 110]
[71, 72, 79, 80, 84, 82, 77, 133, 111]
[71, 72, 79, 80, 84, 82, 77, 133, 112]
[71, 72, 79, 80, 84, 82, 77, 133, 113]
[71, 72, 79, 80, 84, 82, 77, 134, 110]
[71, 72, 79, 80, 84, 82, 77, 134, 111]
[71, 72, 79, 80, 84, 82, 77, 134, 112]
[71, 72, 79, 80, 84, 82, 77, 134, 113]
[71, 72, 79, 80, 84, 82, 77, 135, 110]
[71, 72, 79, 80, 84, 82, 77, 135, 111]
[71, 72, 79, 80, 84, 82, 77, 135, 112]
[71, 72, 79, 80, 84, 82, 77, 135, 113]
[71, 72, 79, 80, 84, 82, 77, 136, 110]
[71, 72, 79, 80, 84, 82, 77, 136, 111]
[71, 72, 79, 80, 84, 82, 77, 136, 112]
[71, 72, 79, 80, 84, 82, 77, 136, 113]
[71, 72, 79, 80, 84, 82, 77, 137, 110]
[71, 72, 79, 80, 84, 82, 77, 137, 111]
[71, 72, 79, 80, 84, 82, 77, 137, 112]
[71, 72, 79, 80, 84, 82, 77, 137, 113]
[71, 72, 79, 80, 84, 82, 77, 140, 110]
[71, 72, 79, 80, 84, 82, 77, 140, 111]
[71, 72, 79, 80, 84, 82, 77, 140, 112]
[71, 72, 79, 80, 84, 82, 77, 140, 113]
[71, 72, 79, 80, 84, 82, 77, 69, 102]
[71, 72, 79, 80, 84, 82, 77, 69, 103]
[71, 72, 79, 80, 84, 82, 77, 69, 108]
[71, 72, 79, 80, 84, 82, 77, 69, 109, 110]
[71, 72, 79, 80, 84, 82, 77, 69, 109, 112]
[71, 72, 79, 80, 84, 82, 77, 69, 132, 110]
[71, 72, 79, 80, 84, 82, 77, 69, 132, 112]
[71, 72, 79, 80, 84, 82, 77, 69, 141]
[71, 72, 79, 80, 84, 82, 77, 69, 142]
[71, 72, 79, 80, 84, 82, 77, 69, 143]
[71, 72, 79, 80, 84, 82, 77, 69, 144]
[71, 72, 79, 80, 84, 82, 77, 69, 83, 104]
[71, 72, 79, 80, 84, 82, 77, 69, 83, 105]
[71, 72, 79, 80, 84, 82, 77, 69, 83, 106]
[71, 72, 79, 80, 84, 82, 77, 69, 83, 107]
[71, 72, 79, 80, 84, 82, 77, 69, 83, 78]
[71, 72, 79, 80, 84, 82, 77, 69, 83, 86]
[71, 72, 79, 80, 84, 82, 77, 69, 83, 89]
[71, 72, 79, 80, 84, 82, 77, 69, 90]
[71, 72, 79, 80, 84, 82, 77, 69, 91]
[71, 72, 79, 80, 84, 82, 77, 69, 92]
[71, 72, 79, 80, 85, 69, 65, 78]
[71, 72, 79, 80, 85, 69, 65, 90]
[71, 72, 79, 80, 85, 69, 65, 91]
[71, 72, 79, 80, 85, 69, 65, 92]
[71, 72, 79, 80, 85, 69, 74, 78]
[71, 72, 79, 80, 85, 69, 74, 90]
[71, 72, 79, 80, 85, 69, 74, 91]
[71, 72, 79, 80, 85, 69, 74, 92]
[71, 72, 79, 80, 85, 69, 75, 78]
[71, 72, 79, 80, 85, 69, 75, 90]
[71, 72, 79, 80, 85, 69, 75, 91]
[71, 72, 79, 80, 85, 69, 75, 92]
[7, 179]
[72, 66, 79, 80, 81, 65, 141]
[72, 66, 79, 80, 81, 65, 142]
[72, 66, 79, 80, 81, 65, 86]
[72, 66, 79, 80, 81, 65, 90]
[72, 66, 79, 80, 81, 65, 91]
[72, 66, 79, 80, 81, 65, 92]
[72, 66, 79, 80, 81, 74, 86]
[72, 66, 79, 80, 81, 74, 90]
[72, 66, 79, 80, 81, 74, 91]
[72, 66, 79, 80, 81, 74, 92]
[72, 66, 79, 80, 81, 75, 86]
[72, 66, 79, 80, 81, 75, 90]
[72, 66, 79, 80, 81, 75, 91]
[72, 66, 79, 80, 81, 75, 92]
[72, 66, 79, 80, 81, 76, 141]
[72, 66, 79, 80, 81, 76, 142]
[72, 66, 79, 80, 81, 76, 86]
[72, 66, 79, 80, 81, 76, 90]
[72, 66, 79, 80, 81, 76, 91]
[72, 66, 79, 80, 81, 76, 92]
[72, 66, 79, 80, 81, 77, 141]
[72, 66, 79, 80, 81, 77, 142]
[72, 66, 79, 80, 81, 77, 86]
[72, 66, 79, 80, 81, 77, 90]
[72, 66, 79, 80, 81, 77, 91]
[72, 66, 79, 80, 81, 77, 92]
[72, 66, 79, 80, 85, 65, 90]
[72, 66, 79, 80, 85, 65, 91]
[72, 66, 79, 80, 85, 65, 92]
[72, 66, 79, 80, 85, 74, 90]
[72, 66, 79, 80, 85, 74, 91]
[72, 66, 79, 80, 85, 74, 92]
[72, 66, 79, 80, 85, 75, 90]
[72, 66, 79, 80, 85, 75, 91]
[72, 66, 79, 80, 85, 75, 92]
[78, 68, 80, 82, 65]
[78, 68, 80, 82, 74]
[78, 68, 80, 82, 75]
[78, 68, 80, 82, 76]
[78, 68, 80, 82, 77]
[78, 68, 80, 85, 65]
[78, 68, 80, 85, 74]
[78, 68, 80, 85, 75]
[79, 93, 66, 65]
[79, 93, 66, 74]
[79, 93, 66, 75]
[79, 93, 66, 76]
[79, 93, 66, 77]
[79, 93, 69, 65]
[79, 93, 69, 74]
[79, 93, 69, 75]
[79, 93, 69, 76]
[79, 93, 69, 77]
[8, 144]
[8, 149]
[8, 179]
[86, 87, 74, 81]
[86, 87, 74, 82]
[86, 88, 69, 81, 65]
[86, 88, 69, 81, 74]
[86, 88, 69, 81, 75]
[86, 88, 69, 82, 65]
[86, 88, 69, 82, 74]
[86, 88, 69, 82, 75]
[87, 74, 68, 67]
[87, 74, 68, 82, 90]
[87, 74, 68, 82, 91]
[87, 74, 68, 82, 92]
[87, 74, 68, 93]
[87, 74, 81, 90]
[87, 74, 81, 91]
[87, 74, 81, 92]
[87, 74, 89, 81]
[87, 74, 89, 82]
[89, 69, 88, 81, 65]
[89, 69, 88, 81, 74]
[89, 69, 88, 81, 75]
[89, 69, 88, 82, 65]
[89, 69, 88, 82, 74]
[89, 69, 88, 82, 75]
[9, 144]
[9, 149]
[9, 179]
