[10, 9]
[11, 13, 12, 14, 15]
[11, 13, 16]
[11, 17, 15]
[11, 17, 16]
[1, 20, 5]
[12, 30, 31]
[12, 32, 33, 34]
[13, 37, 16, 35]
[13, 37, 36]
[14, 15, 29]
[14, 15, 38]
[1, 4, 2, 5]
[1, 4, 3]
[1, 4, 6, 7]
[15, 38, 17]
[15, 9, 26, 21]
[16, 35, 31, 37]
[16, 35, 31, 53, 30]
[16, 38, 17]
[16, 40, 37]
[16, 50, 53, 30]
[17, 19]
[18, 19, 22]
[18, 19, 23, 20]
[19, 24, 20]
[2, 19, 23]
[2, 19, 4, 5]
[22, 31, 53, 30]
[22, 50, 30, 53]
[22, 50, 54, 39]
[23, 25]
[25, 47]
[25, 54, 39]
[28, 27, 62, 63, 6]
[28, 27, 62, 63, 64]
[28, 34, 43]
[28, 34, 63]
[28, 46, 36, 44, 37]
[28, 46, 36, 44, 42]
[28, 46, 36, 65, 37]
[28, 46, 6, 43, 45]
[28, 46, 64, 63]
[28, 46, 64, 68]
[28, 46, 6, 63]
[28, 46, 67, 42, 44]
[28, 46, 67, 43, 68, 45]
[28, 46, 67, 66, 65]
[28, 46, 67, 66, 68, 45]
[28, 54]
[28, 9, 27]
[29, 57]
[3, 10]
[31, 35, 48, 53]
[32, 33, 34, 40]
[32, 33, 34, 56, 61]
[32, 33, 37, 40]
[32, 57, 40, 37]
[32, 60, 61]
[33, 63, 56, 34, 61]
[3, 4, 26, 21]
[38, 41, 52]
[38, 41, 55]
[40, 34, 43]
[40, 41, 57]
[40, 46, 36, 44, 37]
[40, 46, 36, 44, 42]
[40, 46, 43, 45]
[41, 49, 48, 52]
[41, 49, 55]
[41, 57, 55]
[4, 24, 19]
[4, 5, 19, 21]
[4, 5, 39, 21]
[4, 5, 39, 27]
[4, 5, 9, 26, 21]
[4, 5, 9, 27]
[4, 5, 9, 8]
[4, 6, 27, 7]
[47, 27]
[4, 7, 27, 39]
[48, 50, 53]
[48, 50, 54]
[48, 51, 54]
[49, 56, 52]
[50, 36]
[51, 58, 54]
[5, 18, 19, 20]
[5, 18, 19, 21]
[5, 25, 39]
[58, 54, 59]
[59, 65, 37]
[69, 42, 44, 70]
[70, 37, 44]
[70, 68]
[7, 63, 56, 33, 34]
[7, 63, 56, 6, 27, 62]
[7, 63, 56, 6, 59]
[7, 63, 58, 6, 27]
[7, 63, 58, 6, 59]
[7, 63, 64, 27, 62]
