[10, 102, 94]
[10, 108]
[101, 102]
[102, 112]
[10, 54]
[10, 67, 89]
[10, 77, 38]
[10, 77, 45]
[10, 77, 89]
[10, 83, 91]
[10, 91, 94]
[11, 28, 12]
[11, 39, 12]
[11, 40, 12, 15]
[11, 40, 94]
[11, 43, 15]
[11, 65, 15]
[11, 79]
[118, 119]
[118, 121, 120]
[118, 121, 131]
[118, 137, 122]
[11, 87]
[11, 93]
[1, 2]
[12, 100, 28]
[12, 108]
[12, 19, 75]
[123, 120]
[123, 124, 125]
[123, 124, 160, 126]
[12, 40, 66]
[12, 40, 69, 73]
[12, 40, 75]
[126, 119, 160]
[126, 121, 160, 136]
[126, 121, 161, 162]
[126, 137]
[12, 67, 66]
[127, 119, 125]
[127, 119, 129, 128]
[127, 119, 129, 158]
[127, 121, 131, 129]
[127, 121, 131, 151]
[127, 121, 131, 159]
[127, 121, 132, 120]
[127, 121, 132, 125, 142]
[127, 121, 132, 128, 129]
[127, 121, 136, 120]
[127, 121, 148, 151]
[127, 121, 158, 129]
[127, 121, 161, 120]
[127, 121, 161, 125]
[127, 121, 161, 162]
[127, 130, 144, 141]
[127, 130, 151]
[127, 133, 128, 141]
[127, 133, 128, 156]
[127, 133, 128, 157]
[127, 133, 131]
[127, 133, 142]
[127, 134, 132, 125]
[127, 134, 132, 128]
[127, 134, 132, 144]
[127, 137, 142]
[127, 141, 128, 129]
[127, 141, 128, 145]
[127, 144, 132, 156]
[127, 145, 128, 132]
[127, 145, 148]
[127, 149, 148]
[127, 149, 157, 128]
[127, 149, 157, 158]
[127, 150, 151, 148]
[127, 150, 151, 155]
[127, 150, 156]
[127, 155, 129]
[127, 155, 162]
[127, 156, 128, 132]
[127, 157, 136]
[12, 97, 100]
[12, 97, 19]
[12, 97, 47]
[1, 3]
[13, 15, 16, 22]
[13, 15, 18, 65]
[13, 15, 18, 74, 14]
[13, 15, 43]
[13, 15, 59]
[13, 17, 16, 19]
[13, 17, 16, 22]
[13, 17, 74, 14]
[13, 30]
[13, 47, 16, 17]
[13, 47, 43]
[135, 136, 121]
[135, 137]
[138, 121, 129, 128]
[138, 121, 129, 158]
[138, 121, 136]
[138, 121, 140]
[138, 141, 128, 129]
[138, 144, 130, 140]
[138, 144, 130, 141]
[13, 86, 18]
[139, 134]
[139, 136]
[139, 151]
[139, 152]
[139, 162]
[13, 92, 16, 22]
[143, 134, 144]
[143, 137]
[143, 145]
[143, 151]
[143, 161]
[14, 51]
[1, 4, 5, 6]
[14, 56, 18]
[14, 56, 57]
[146, 128, 145]
[146, 128, 163]
[147, 145]
[147, 153]
[147, 155, 151]
[14, 74, 57, 101]
[14, 75]
[15, 16, 34, 29]
[15, 16, 49]
[15, 16, 60]
[152, 128, 133]
[152, 128, 149]
[152, 128, 164]
[152, 150]
[152, 153, 154, 133]
[15, 23, 22]
[15, 23, 33, 34]
[15, 23, 34, 29]
[15, 23, 54, 115]
[15, 23, 54, 40, 37]
[15, 23, 80]
[153, 148]
[15, 59, 60]
[15, 60, 33]
[15, 62]
[15, 74, 54]
[15, 74, 60]
[15, 81]
[15, 83]
[15, 96, 16]
[15, 96, 54]
[16, 19, 63]
[16, 27]
[163, 128, 121, 132]
[163, 128, 149]
[164, 131]
[165, 128]
[165, 159]
[165, 162]
[166, 168, 167]
[166, 169, 170, 173]
[166, 169, 172]
[166, 171, 167]
[166, 171, 172]
[16, 63, 29]
[167, 174, 171]
[167, 178]
[167, 194, 168]
[167, 194, 171]
[167, 194, 190]
[167, 194, 192]
[167, 204]
[168, 185]
[168, 194, 197, 196]
[168, 194, 197, 203, 179]
[168, 194, 198, 196]
[168, 194, 198, 203]
[168, 194, 200, 179]
[169, 197, 173]
[1, 7]
[170, 173, 188]
[170, 187, 185]
[170, 189, 192]
[170, 189, 202]
[170, 193, 185, 202]
[170, 193, 188]
[170, 193, 192]
[170, 204, 185]
[171, 174, 175]
[171, 194, 196, 197]
[171, 194, 196, 199]
[1, 72]
[172, 198]
[172, 200]
[174, 176, 175]
[174, 176, 177]
[175, 183, 191]
[175, 190, 176]
[176, 198, 186]
[17, 64, 47]
[177, 196, 197]
[177, 206]
[178, 179]
[178, 180, 181]
[17, 84]
[179, 188]
[182, 186, 184, 183]
[182, 186, 185, 187]
[182, 188, 184]
[182, 189]
[18, 28]
[183, 191, 192]
[183, 191, 202]
[183, 195, 184, 186]
[183, 195, 184, 202]
[183, 195, 192]
[183, 204, 184]
[18, 35, 74]
[184, 193, 188]
[184, 193, 195, 186]
[184, 193, 195, 202]
[185, 193, 191, 202]
[185, 193, 195, 186]
[185, 193, 195, 202]
[187, 194, 197]
[187, 194, 200, 199]
[187, 194, 200, 201]
[190, 194, 197]
[191, 193, 192]
[192, 193, 195]
[192, 194, 198]
[192, 194, 201]
[192, 206]
[19, 36, 63]
[194, 205, 197]
[194, 205, 198]
[195, 197]
[19, 63, 75]
[198, 202]
[20, 22, 23]
[20, 24]
[20, 25, 112]
[20, 25, 21, 117, 95]
[20, 25, 21, 23]
[207, 209, 208, 210, 211]
[207, 209, 213]
[207, 212]
[208, 210, 223, 216, 211]
[208, 210, 223, 216, 220]
[208, 210, 223, 221, 220]
[208, 210, 228, 211, 209]
[208, 210, 228, 211, 216]
[208, 210, 228, 225, 220, 209, 221]
[208, 210, 228, 225, 220, 216]
[208, 210, 228, 227, 216]
[208, 226, 209, 220, 221]
[208, 229, 209, 220]
[208, 229, 227]
[208, 229, 231]
[209, 213, 214]
[209, 213, 229]
[209, 214, 210]
[209, 217, 211, 228]
[209, 217, 221, 218]
[209, 217, 221, 220, 225, 228]
[209, 217, 221, 220, 226]
[209, 218, 213]
[2, 10]
[210, 214, 216]
[210, 219, 220, 228, 221]
[210, 233, 216, 220]
[211, 232]
[211, 240, 234]
[2, 11, 39]
[2, 11, 40]
[213, 214, 215]
[213, 215, 218]
[213, 223]
[213, 230]
[213, 233, 229]
[213, 233, 234]
[213, 233, 235]
[213, 240, 234]
[213, 240, 235]
[21, 36]
[21, 37, 25, 23]
[21, 38]
[215, 226]
[215, 231, 237, 236]
[215, 231, 237, 238]
[216, 230]
[216, 235, 233]
[217, 219, 220, 221, 226]
[217, 219, 220, 221, 228]
[217, 222, 218]
[219, 226, 224, 220, 221]
[219, 226, 235]
[219, 240, 234]
[219, 240, 235]
[220, 224, 223, 221]
[220, 232]
[220, 233, 229]
[224, 227]
[229, 231, 233]
[229, 241]
[230, 232, 231]
[23, 102, 40]
[23, 111, 25]
[231, 232, 237, 236]
[231, 232, 237, 238]
[231, 233, 235]
[232, 239, 237]
[23, 51, 63]
[235, 241]
[23, 63, 29]
[2, 41]
[2, 42, 110]
[24, 32, 92]
[24, 32, 93]
[24, 35, 92]
[24, 39]
[24, 75]
[24, 81]
[24, 90]
[25, 27]
[25, 41]
[25, 93, 112]
[25, 98, 111]
[26, 109, 31]
[26, 109, 33]
[26, 27, 30]
[26, 28, 31]
[26, 28, 32]
[26, 28, 33]
[26, 48, 29]
[26, 48, 31]
[26, 62]
[27, 54]
[27, 55, 30]
[27, 55, 46]
[28, 100, 31]
[28, 44]
[28, 71]
[29, 104]
[29, 105]
[29, 106]
[29, 113]
[29, 53, 63]
[29, 57]
[30, 100]
[30, 104]
[30, 99, 84, 55]
[3, 101]
[3, 112]
[31, 41, 109]
[31, 49, 100]
[31, 49, 48]
[31, 60]
[32, 47]
[32, 55, 92]
[33, 35, 109]
[33, 35, 34]
[35, 100, 74]
[35, 105]
[35, 98]
[36, 106]
[36, 44, 43]
[36, 44, 76]
[36, 45, 43, 47]
[36, 45, 63]
[36, 45, 76]
[3, 67, 42]
[36, 78, 76]
[36, 79, 47]
[38, 101, 69]
[38, 58]
[38, 78, 86]
[3, 91]
[3, 9, 11]
[3, 9, 41]
[39, 78]
[40, 102, 94]
[40, 71, 73, 54]
[40, 75, 89]
[4, 104]
[41, 103]
[41, 109, 69]
[41, 68, 69]
[41, 68, 70]
[41, 94]
[42, 110, 58]
[4, 22]
[42, 67, 72, 103]
[42, 74]
[42, 83]
[43, 46, 44]
[44, 48]
[44, 64]
[4, 46, 55]
[4, 55, 32]
[45, 72]
[45, 80]
[4, 59]
[45, 93]
[4, 6, 109]
[4, 6, 32]
[46, 60]
[46, 84, 82]
[46, 84, 87, 55]
[4, 74, 116]
[47, 97, 79]
[48, 116, 52]
[48, 50]
[48, 51]
[49, 103]
[49, 68]
[50, 89]
[51, 104]
[51, 114]
[51, 73]
[52, 63]
[53, 68]
[53, 78]
[53, 84]
[5, 38, 69]
[5, 39]
[54, 105]
[5, 45]
[55, 86]
[55, 94]
[56, 58]
[57, 68]
[58, 104]
[58, 88]
[58, 91]
[58, 99]
[5, 91]
[59, 61]
[5, 9, 66]
[5, 9, 69]
[5, 9, 8]
[5, 9, 85]
[5, 9, 89]
[60, 113]
[60, 114]
[61, 87]
[62, 63]
[62, 64]
[6, 31, 109]
[63, 81]
[63, 86]
[67, 103, 98]
[69, 101, 87]
[69, 79]
[69, 93]
[69, 98, 111]
[7, 102]
[71, 72, 73]
[72, 78]
[73, 99, 84]
[74, 101, 87]
[74, 108]
[74, 97, 100]
[74, 97, 106]
[75, 103]
[75, 77, 89]
[75, 80]
[77, 81]
[78, 85]
[78, 87]
[78, 88]
[8, 12, 11]
[81, 82]
[82, 83]
[84, 107, 87]
[86, 106]
[87, 105]
[8, 9, 10]
[8, 9, 11]
[89, 90]
[9, 10, 89]
[91, 98, 94]
[92, 107, 108]
[93, 113]
[9, 40, 11, 89]
[9, 40, 66]
[9, 40, 69]
[9, 40, 85]
[9, 41, 69]
[9, 53, 89]
[9, 70, 10]
[9, 70, 41]
[97, 98]
[9, 82, 85]
