[21, 8, 14, 2, 20, 16]
[21, 8, 14, 2, 20, 6]
[21, 8, 14, 22, 3, 6]
[21, 8, 14, 2, 3, 17, 4, 16]
[21, 8, 14, 2, 3, 17, 4, 6]
[9, 14, 20, 10, 13, 18, 7, 16]
[9, 14, 20, 10, 13, 18, 7, 5]
[9, 14, 20, 10, 13, 18, 8, 16]
[9, 14, 20, 10, 13, 18, 8, 5]
[9, 14, 20, 10, 13, 2, 16, 15, 7]
[9, 14, 20, 10, 13, 2, 16, 8]
[9, 14, 20, 10, 13, 2, 5, 6, 7, 15]
[9, 14, 20, 10, 13, 2, 5, 6, 8]
[9, 14, 25, 12, 15, 17, 19, 1, 16, 4]
[9, 14, 25, 12, 15, 17, 19, 1, 16, 7]
[9, 14, 25, 12, 15, 17, 19, 1, 6, 4]
[9, 14, 25, 12, 15, 17, 19, 1, 6, 7]
[9, 14, 25, 12, 15, 17, 19, 26, 7, 16]
[9, 14, 25, 12, 15, 17, 19, 26, 7, 6]
[9, 14, 3, 10, 1, 13, 19, 18, 17, 4, 8, 16]
[9, 14, 3, 10, 1, 13, 19, 18, 17, 4, 8, 5]
[9, 14, 3, 10, 1, 13, 19, 18, 17, 7, 16]
[9, 14, 3, 10, 1, 13, 19, 18, 17, 7, 5]
[9, 14, 3, 10, 1, 13, 19, 2, 4, 16, 11, 15]
[9, 14, 3, 10, 1, 13, 19, 2, 4, 16, 12, 17, 15]
[9, 14, 3, 10, 1, 13, 19, 2, 4, 16, 12, 17, 8]
[9, 14, 3, 10, 1, 13, 19, 2, 4, 5, 11, 15]
[9, 14, 3, 10, 1, 13, 19, 2, 4, 5, 6, 17, 12, 15]
[9, 14, 3, 10, 1, 13, 19, 2, 4, 5, 6, 17, 12, 8]
[9, 14, 3, 10, 1, 13, 19, 2, 7, 12, 15, 17, 16]
[9, 14, 3, 10, 1, 13, 19, 2, 7, 12, 15, 17, 5, 6]
[9, 14, 3, 10, 22, 8, 6]
[9, 14, 3, 26, 7, 17, 19, 12, 15, 16]
[9, 14, 3, 26, 7, 17, 19, 12, 15, 6]
[9, 14, 3, 26, 7, 17, 19, 18, 16]
[9, 23, 4, 16, 17, 25]
[9, 24, 16, 17, 23, 25]
[9, 24, 16, 17, 7, 1, 18]
[9, 24, 16, 17, 7, 1, 25, 15]
[9, 24, 16, 17, 7, 26, 18]
[9, 24, 16, 17, 7, 26, 25, 15]
