[10, 16, 7]
[10, 27, 22]
[12, 16, 21, 28, 9, 26, 2]
[12, 16, 21, 28, 9, 26, 20]
[12, 16, 21, 4, 5]
[12, 16, 21, 4, 9, 20, 26]
[12, 16, 21, 4, 9, 20, 7]
[12, 16, 21, 4, 9, 2, 26]
[12, 16, 21, 4, 9, 2, 7]
[17, 27, 23, 13, 15]
[17, 27, 23, 28]
[17, 9, 13, 14, 23, 15, 20]
[17, 9, 13, 14, 23, 15, 6]
[17, 9, 13, 14, 23, 25, 11]
[17, 9, 13, 14, 23, 25, 20]
[17, 9, 13, 14, 23, 25, 6]
[17, 9, 13, 14, 7, 11]
[17, 9, 13, 14, 7, 20, 15]
[17, 9, 13, 8, 15, 6, 23]
[17, 9, 13, 8, 15, 7]
[17, 9, 21, 14, 23, 15, 20]
[17, 9, 21, 14, 23, 15, 6]
[17, 9, 21, 14, 23, 25, 28, 11]
[17, 9, 21, 14, 23, 25, 28, 20]
[17, 9, 21, 14, 23, 25, 28, 6]
[17, 9, 21, 14, 7, 11]
[17, 9, 21, 14, 7, 20, 15]
[17, 9, 21, 16, 28, 11]
[17, 9, 21, 16, 28, 20]
[17, 9, 21, 16, 28, 6]
[17, 9, 21, 16, 7, 11]
[17, 9, 21, 16, 7, 20, 15]
[17, 9, 21, 8, 15, 16, 6]
[17, 9, 21, 8, 15, 16, 7]
[17, 9, 21, 8, 15, 23, 6]
[27, 22, 23, 26, 15, 13, 19, 18]
[27, 22, 23, 26, 15, 13, 2]
[27, 22, 23, 26, 15, 4, 19, 18]
[27, 22, 23, 26, 15, 4, 2]
[27, 22, 23, 26, 28, 19]
[27, 22, 23, 26, 28, 2]
[3, 13, 24, 23, 15, 26, 19, 20, 14]
[3, 13, 24, 23, 15, 26, 19, 20, 18]
[3, 13, 24, 23, 15, 26, 19, 6, 22, 14]
[3, 13, 24, 23, 15, 26, 19, 6, 22, 8, 18]
[3, 13, 24, 23, 15, 26, 2, 8, 22]
[3, 13, 24, 23, 25, 19, 20, 14]
[3, 13, 24, 23, 25, 19, 20, 18]
[3, 13, 24, 23, 25, 19, 6, 22, 14]
[3, 13, 24, 23, 25, 19, 6, 22, 18]
[3, 13, 9, 23, 25, 14, 11]
[3, 13, 9, 23, 25, 14, 19, 20]
[3, 13, 9, 23, 25, 14, 19, 6, 22]
[3, 13, 9, 23, 25, 18, 11]
[3, 13, 9, 23, 25, 18, 19, 20]
[3, 13, 9, 23, 25, 18, 19, 6, 22]
[3, 13, 9, 23, 26, 11, 14]
[3, 13, 9, 23, 26, 11, 18]
[3, 13, 9, 23, 26, 15, 19, 20, 14]
[3, 13, 9, 23, 26, 15, 19, 20, 18]
[3, 13, 9, 23, 26, 15, 19, 6, 22, 14]
[3, 13, 9, 23, 26, 15, 19, 6, 22, 8, 18]
[3, 13, 9, 23, 26, 15, 2, 8, 22]
[3, 13, 9, 7, 11, 14]
[3, 13, 9, 7, 11, 18]
[3, 13, 9, 7, 15, 19, 14, 20]
[3, 13, 9, 7, 15, 19, 18, 20]
[3, 13, 9, 7, 15, 19, 18, 8]
[3, 13, 9, 7, 15, 2, 8]
[3, 28, 9, 19, 20, 14, 23, 25]
[3, 28, 9, 19, 20, 14, 23, 26]
[3, 28, 9, 19, 20, 16, 26]
[3, 28, 9, 19, 6, 14, 22, 23, 25]
[3, 28, 9, 19, 6, 14, 22, 23, 26]
[3, 28, 9, 19, 6, 16, 26]
[3, 28, 9, 21, 16, 26, 11]
[3, 28, 9, 21, 16, 26, 2]
[3, 28, 9, 21, 16, 26, 20]
[3, 28, 9, 21, 16, 26, 6]
[3, 28, 9, 21, 23, 14, 25, 11]
[3, 28, 9, 21, 23, 14, 25, 20]
[3, 28, 9, 21, 23, 14, 25, 6, 22]
[3, 28, 9, 21, 23, 14, 26, 11]
[3, 28, 9, 21, 23, 14, 26, 20]
[3, 28, 9, 21, 23, 14, 26, 6, 22]
[3, 28, 9, 21, 23, 2, 26, 22]
[3, 4, 1, 2]
[3, 4, 1, 5]
[3, 4, 1, 6]
[3, 4, 19, 24, 23, 20, 14, 25]
[3, 4, 19, 24, 23, 20, 14, 26, 15]
[3, 4, 19, 24, 23, 20, 18, 25]
[3, 4, 19, 24, 23, 20, 18, 26, 15]
[3, 4, 19, 24, 23, 6, 22, 15, 26, 14]
[3, 4, 19, 24, 23, 6, 22, 15, 26, 8, 18]
[3, 4, 19, 24, 23, 6, 22, 25, 14]
[3, 4, 19, 24, 23, 6, 22, 25, 18]
[3, 4, 19, 9, 15, 14, 23, 26, 20]
[3, 4, 19, 9, 15, 14, 23, 26, 6, 22]
[3, 4, 19, 9, 15, 14, 7, 20]
[3, 4, 19, 9, 15, 18, 20, 16, 26]
[3, 4, 19, 9, 15, 18, 20, 16, 7]
[3, 4, 19, 9, 15, 18, 20, 23, 26]
[3, 4, 19, 9, 15, 18, 8, 6, 26, 16]
[3, 4, 19, 9, 15, 18, 8, 6, 26, 22, 23]
[3, 4, 19, 9, 15, 18, 8, 7, 16]
[3, 4, 19, 9, 25, 23, 20, 14]
[3, 4, 19, 9, 25, 23, 20, 18]
[3, 4, 19, 9, 25, 23, 6, 22, 14]
[3, 4, 19, 9, 25, 23, 6, 22, 18]
[3, 4, 21, 24, 23, 15, 26, 20, 14]
[3, 4, 21, 24, 23, 15, 26, 20, 18]
[3, 4, 21, 24, 23, 15, 26, 22, 2, 8]
[3, 4, 21, 24, 23, 15, 26, 22, 6, 14]
[3, 4, 21, 24, 23, 15, 26, 22, 6, 8, 18]
[3, 4, 21, 24, 23, 25, 20, 14]
[3, 4, 21, 24, 23, 25, 20, 18]
[3, 4, 21, 24, 23, 25, 6, 22, 14]
[3, 4, 21, 24, 23, 25, 6, 22, 18]
[3, 4, 21, 5, 16, 11]
[3, 4, 21, 9, 11, 14, 26, 23]
[3, 4, 21, 9, 11, 14, 7]
[3, 4, 21, 9, 11, 18, 16, 26]
[3, 4, 21, 9, 11, 18, 16, 7]
[3, 4, 21, 9, 11, 18, 23, 26]
[3, 4, 21, 9, 15, 26, 16, 20, 18]
[3, 4, 21, 9, 15, 26, 16, 8, 18, 6]
[3, 4, 21, 9, 15, 26, 16, 8, 2]
[3, 4, 21, 9, 15, 26, 23, 20, 14]
[3, 4, 21, 9, 15, 26, 23, 20, 18]
[3, 4, 21, 9, 15, 26, 23, 22, 2, 8]
[3, 4, 21, 9, 15, 26, 23, 22, 6, 14]
[3, 4, 21, 9, 15, 26, 23, 22, 6, 8, 18]
[3, 4, 21, 9, 15, 7, 14, 20]
[3, 4, 21, 9, 15, 7, 16, 20, 18]
[3, 4, 21, 9, 15, 7, 16, 8, 18]
[3, 4, 21, 9, 15, 7, 16, 8, 2]
[3, 4, 21, 9, 25, 23, 14, 11]
[3, 4, 21, 9, 25, 23, 14, 20]
[3, 4, 21, 9, 25, 23, 14, 6, 22]
[3, 4, 21, 9, 25, 23, 18, 11]
[3, 4, 21, 9, 25, 23, 18, 20]
[3, 4, 21, 9, 25, 23, 18, 6, 22]
