[3, 22, 26, 32, 27, 20, 23, 15]
[3, 22, 26, 6, 13, 21, 31, 24, 8, 16, 20, 28, 1, 17, 14]
[3, 22, 26, 6, 13, 21, 31, 24, 8, 16, 20, 28, 1, 17, 2]
[3, 22, 26, 6, 13, 21, 31, 24, 8, 16, 20, 28, 9, 10, 15, 18, 29, 12, 17, 2]
[3, 22, 26, 6, 13, 21, 31, 24, 8, 16, 20, 28, 9, 10, 15, 18, 29, 12, 17, 30]
[3, 22, 26, 6, 13, 21, 31, 24, 8, 16, 20, 28, 9, 10, 15, 18, 29, 12, 23, 2]
[3, 22, 26, 6, 13, 21, 31, 24, 8, 16, 20, 28, 9, 10, 15, 18, 29, 12, 23, 30]
[3, 22, 26, 6, 13, 21, 31, 24, 8, 16, 20, 28, 9, 10, 15, 18, 29, 14, 17]
[3, 22, 26, 6, 13, 21, 31, 24, 8, 16, 20, 28, 9, 10, 15, 18, 29, 14, 23]
[3, 22, 26, 6, 13, 21, 31, 7, 17, 20, 28, 5, 27, 12, 19, 29, 15]
[3, 22, 26, 6, 13, 21, 31, 7, 17, 20, 28, 5, 27, 14, 1]
[3, 22, 26, 6, 13, 21, 31, 7, 17, 20, 28, 5, 27, 14, 19, 29, 15]
[3, 22, 26, 6, 13, 21, 31, 7, 17, 20, 28, 8, 16, 1, 25, 27, 14]
[3, 22, 26, 6, 13, 21, 31, 7, 17, 20, 28, 8, 16, 1, 25, 27, 2]
[3, 22, 26, 6, 13, 21, 31, 7, 17, 20, 28, 8, 16, 9, 15, 18, 29, 19, 14, 10, 11]
[3, 22, 26, 6, 13, 21, 31, 7, 17, 20, 28, 8, 16, 9, 15, 18, 29, 19, 14, 27, 11]
[3, 22, 26, 6, 13, 21, 31, 7, 17, 20, 28, 8, 16, 9, 15, 18, 29, 19, 14, 27, 25]
[3, 22, 26, 6, 13, 21, 31, 7, 17, 20, 28, 8, 16, 9, 15, 18, 29, 19, 2, 11, 10]
[3, 22, 26, 6, 13, 21, 31, 7, 17, 20, 28, 8, 16, 9, 15, 18, 29, 19, 2, 11, 27]
[3, 22, 26, 6, 13, 21, 31, 7, 17, 20, 28, 8, 16, 9, 15, 18, 29, 19, 2, 12, 10]
[3, 22, 26, 6, 13, 21, 31, 7, 17, 20, 28, 8, 16, 9, 15, 18, 29, 19, 2, 12, 25, 27]
[3, 22, 26, 6, 13, 21, 31, 7, 17, 20, 28, 8, 16, 9, 15, 18, 29, 30, 11, 10]
[3, 22, 26, 6, 13, 21, 31, 7, 17, 20, 28, 8, 16, 9, 15, 18, 29, 30, 11, 27]
[3, 22, 26, 6, 13, 21, 31, 7, 17, 20, 28, 8, 16, 9, 15, 18, 29, 30, 12, 10]
[3, 22, 26, 6, 13, 21, 31, 7, 17, 20, 28, 8, 16, 9, 15, 18, 29, 30, 12, 25, 27]
[3, 22, 26, 6, 13, 21, 31, 7, 17, 4, 14, 25, 1]
[3, 22, 26, 6, 13, 21, 31, 7, 17, 4, 14, 25, 19, 29]
[3, 22, 26, 6, 13, 21, 31, 7, 17, 4, 14, 5, 1]
[3, 22, 26, 6, 13, 21, 31, 7, 17, 4, 14, 5, 19, 29]
[3, 22, 26, 6, 13, 21, 31, 7, 23, 29, 4, 25, 19, 14]
[3, 22, 26, 6, 13, 21, 31, 7, 23, 29, 8, 9, 15, 16, 18, 20, 28, 19, 14, 10, 11]
[3, 22, 26, 6, 13, 21, 31, 7, 23, 29, 8, 9, 15, 16, 18, 20, 28, 19, 14, 27, 11]
[3, 22, 26, 6, 13, 21, 31, 7, 23, 29, 8, 9, 15, 16, 18, 20, 28, 19, 14, 27, 25]
[3, 22, 26, 6, 13, 21, 31, 7, 23, 29, 8, 9, 15, 16, 18, 20, 28, 19, 2, 11, 10]
[3, 22, 26, 6, 13, 21, 31, 7, 23, 29, 8, 9, 15, 16, 18, 20, 28, 19, 2, 11, 27]
[3, 22, 26, 6, 13, 21, 31, 7, 23, 29, 8, 9, 15, 16, 18, 20, 28, 19, 2, 12, 10]
[3, 22, 26, 6, 13, 21, 31, 7, 23, 29, 8, 9, 15, 16, 18, 20, 28, 19, 2, 12, 25, 27]
[3, 22, 26, 6, 13, 21, 31, 7, 23, 29, 8, 9, 15, 16, 18, 20, 28, 30, 11, 10]
[3, 22, 26, 6, 13, 21, 31, 7, 23, 29, 8, 9, 15, 16, 18, 20, 28, 30, 11, 27]
[3, 22, 26, 6, 13, 21, 31, 7, 23, 29, 8, 9, 15, 16, 18, 20, 28, 30, 12, 10]
[3, 22, 26, 6, 13, 21, 31, 7, 23, 29, 8, 9, 15, 16, 18, 20, 28, 30, 12, 25, 27]
