[10, 11, 12, 13, 14]
[10, 11, 12, 13, 15]
[10, 11, 12, 13, 16]
[10, 11, 12, 13, 29]
[10, 11, 12, 14, 15]
[10, 11, 12, 14, 16]
[10, 11, 12, 14, 29]
[10, 11, 12, 15, 16]
[10, 11, 12, 15, 29]
[10, 11, 12, 16, 29]
[10, 11, 13, 14, 15]
[10, 11, 13, 14, 16]
[10, 11, 13, 14, 29]
[10, 11, 13, 15, 16]
[10, 11, 13, 15, 29]
[10, 11, 13, 16, 29]
[10, 11, 14, 15, 16]
[10, 11, 14, 15, 29]
[10, 11, 14, 16, 29]
[10, 11, 15, 16, 29]
[10, 12, 13, 14, 15]
[10, 12, 13, 14, 16]
[10, 12, 13, 14, 29]
[10, 12, 13, 15, 16]
[10, 12, 13, 15, 29]
[10, 12, 13, 16, 29]
[10, 12, 14, 15, 16]
[10, 12, 14, 15, 29]
[10, 12, 14, 16, 29]
[10, 12, 15, 16, 29]
[10, 13, 14, 15, 16]
[10, 13, 14, 15, 29]
[10, 13, 14, 16, 29]
[10, 13, 15, 16, 29]
[10, 14, 15, 16, 29]
[10, 16, 24, 25, 26]
[10, 16, 24, 25, 28]
[10, 16, 24, 25, 30]
[10, 16, 24, 26, 28]
[10, 16, 24, 26, 30]
[10, 16, 25, 26, 28]
[10, 16, 25, 26, 30]
[10, 24, 25, 26, 28]
[10, 24, 25, 26, 30]
[1, 10, 11, 12, 13]
[1, 10, 11, 12, 14]
[1, 10, 11, 12, 15]
[1, 10, 11, 12, 16]
[1, 10, 11, 12, 29]
[1, 10, 11, 13, 14]
[1, 10, 11, 13, 15]
[1, 10, 11, 13, 16]
[1, 10, 11, 13, 29]
[1, 10, 11, 14, 15]
[1, 10, 11, 14, 16]
[1, 10, 11, 14, 29]
[1, 10, 11, 15, 16]
[1, 10, 11, 15, 29]
[1, 10, 11, 16, 29]
[1, 10, 12, 13, 14]
[1, 10, 12, 13, 15]
[1, 10, 12, 13, 16]
[1, 10, 12, 13, 29]
[1, 10, 12, 14, 15]
[1, 10, 12, 14, 16]
[1, 10, 12, 14, 29]
[1, 10, 12, 15, 16]
[1, 10, 12, 15, 29]
[1, 10, 12, 16, 29]
[1, 10, 13, 14, 15]
[1, 10, 13, 14, 16]
[1, 10, 13, 14, 29]
[1, 10, 13, 15, 16]
[1, 10, 13, 15, 29]
[1, 10, 13, 16, 29]
[1, 10, 14, 15, 16]
[1, 10, 14, 15, 29]
[1, 10, 14, 16, 29]
[1, 10, 15, 16, 29]
[1, 10, 16, 24, 25]
[1, 10, 16, 24, 26]
[1, 10, 16, 24, 28]
[1, 10, 16, 24, 30]
[1, 10, 16, 25, 26]
[1, 10, 16, 25, 28]
[1, 10, 16, 25, 30]
[1, 10, 16, 26, 28]
[1, 10, 16, 26, 30]
[1, 10, 24, 25, 26]
[1, 10, 24, 25, 28]
[1, 10, 24, 25, 30]
[1, 10, 24, 26, 28]
[1, 10, 24, 26, 30]
[1, 10, 25, 26, 28]
[1, 10, 25, 26, 30]
[1, 11, 12, 13, 14]
[1, 11, 12, 13, 15]
[1, 11, 12, 13, 16]
[1, 11, 12, 13, 29]
[1, 11, 12, 14, 15]
[1, 11, 12, 14, 16]
[1, 11, 12, 14, 29]
[1, 11, 12, 15, 16]
[1, 11, 12, 15, 29]
[1, 11, 12, 16, 29]
[1, 11, 13, 14, 15]
[1, 11, 13, 14, 16]
[1, 11, 13, 14, 29]
[1, 11, 13, 15, 16]
[1, 11, 13, 15, 29]
[1, 11, 13, 16, 29]
[1, 11, 14, 15, 16]
[1, 11, 14, 15, 29]
[1, 11, 14, 16, 29]
[1, 11, 15, 16, 29]
[11, 12, 13, 14, 15]
[11, 12, 13, 14, 16]
[11, 12, 13, 14, 29]
[11, 12, 13, 15, 16]
[11, 12, 13, 15, 29]
[11, 12, 13, 16, 29]
[11, 12, 14, 15, 16]
[11, 12, 14, 15, 29]
[11, 12, 14, 16, 29]
[11, 12, 15, 16, 29]
[11, 13, 14, 15, 16]
[11, 13, 14, 15, 29]
[11, 13, 14, 16, 29]
[11, 13, 15, 16, 29]
[11, 14, 15, 16, 29]
[1, 12, 13, 14, 15]
[1, 12, 13, 14, 16]
[1, 12, 13, 14, 29]
[1, 12, 13, 15, 16]
[1, 12, 13, 15, 29]
[1, 12, 13, 16, 29]
[1, 12, 14, 15, 16]
[1, 12, 14, 15, 29]
[1, 12, 14, 16, 29]
[1, 12, 15, 16, 29]
[1, 13, 14, 15, 16]
[1, 13, 14, 15, 29]
[1, 13, 14, 16, 29]
[1, 13, 15, 16, 29]
[1, 14, 15, 16, 29]
[1, 16, 24, 25, 26]
[1, 16, 24, 25, 28]
[1, 16, 24, 25, 30]
[1, 16, 24, 26, 28]
[1, 16, 24, 26, 30]
[1, 16, 25, 26, 28]
[1, 16, 25, 26, 30]
[1, 17, 18, 20, 21]
[1, 17, 18, 20, 22]
[1, 17, 18, 20, 23]
[1, 17, 18, 20, 25]
[1, 17, 18, 21, 22]
[1, 17, 18, 21, 23]
[1, 17, 18, 21, 25]
[1, 17, 18, 22, 23]
[1, 17, 18, 22, 25]
[1, 17, 18, 23, 25]
[1, 17, 20, 21, 22]
[1, 17, 20, 21, 23]
[1, 17, 20, 21, 25]
[1, 17, 20, 22, 23]
[1, 17, 20, 22, 25]
[1, 17, 20, 23, 25]
[1, 17, 21, 22, 23]
[1, 17, 21, 22, 25]
[1, 17, 21, 23, 25]
[1, 17, 22, 23, 25]
[1, 18, 20, 21, 22]
[1, 18, 20, 21, 23]
[1, 18, 20, 21, 25]
[1, 18, 20, 22, 23]
[1, 18, 20, 22, 25]
[1, 18, 20, 23, 25]
[1, 18, 21, 22, 23]
[1, 18, 21, 22, 25]
[1, 18, 21, 23, 25]
[1, 18, 22, 23, 25]
[1, 20, 21, 22, 23]
[1, 20, 21, 22, 25]
[1, 20, 21, 23, 25]
[1, 20, 22, 23, 25]
[1, 21, 22, 23, 25]
[12, 13, 14, 15, 16]
[12, 13, 14, 15, 29]
[12, 13, 14, 16, 29]
[12, 13, 15, 16, 29]
[12, 14, 15, 16, 29]
[1, 24, 25, 26, 28]
[1, 24, 25, 26, 30]
[1, 3, 10, 11, 12]
[1, 3, 10, 11, 13]
[1, 3, 10, 11, 14]
[1, 3, 10, 11, 15]
[1, 3, 10, 11, 16]
[1, 3, 10, 11, 29]
[1, 3, 10, 12, 13]
[1, 3, 10, 12, 14]
[1, 3, 10, 12, 15]
[1, 3, 10, 12, 16]
[1, 3, 10, 12, 29]
[1, 3, 10, 13, 14]
[1, 3, 10, 13, 15]
[1, 3, 10, 13, 16]
[1, 3, 10, 13, 29]
[1, 3, 10, 14, 15]
[1, 3, 10, 14, 16]
[1, 3, 10, 14, 29]
[1, 3, 10, 15, 16]
[1, 3, 10, 15, 29]
[1, 3, 10, 16, 24]
[1, 3, 10, 16, 25]
[1, 3, 10, 16, 26]
[1, 3, 10, 16, 28]
[1, 3, 10, 16, 29]
[1, 3, 10, 16, 30]
[1, 3, 10, 21, 25]
[1, 3, 10, 24, 25]
[1, 3, 10, 24, 26]
[1, 3, 10, 24, 28]
[1, 3, 10, 24, 30]
[1, 3, 10, 25, 26]
[1, 3, 10, 25, 28]
[1, 3, 10, 25, 30]
[1, 3, 10, 26, 28]
[1, 3, 10, 26, 30]
[1, 3, 11, 12, 13]
[1, 3, 11, 12, 14]
[1, 3, 11, 12, 15]
[1, 3, 11, 12, 16]
[1, 3, 11, 12, 29]
[1, 3, 11, 13, 14]
[1, 3, 11, 13, 15]
[1, 3, 11, 13, 16]
[1, 3, 11, 13, 29]
[1, 3, 11, 14, 15]
[1, 3, 11, 14, 16]
[1, 3, 11, 14, 29]
[1, 3, 11, 15, 16]
[1, 3, 11, 15, 29]
[1, 3, 11, 16, 29]
[1, 3, 12, 13, 14]
[1, 3, 12, 13, 15]
[1, 3, 12, 13, 16]
[1, 3, 12, 13, 29]
[1, 3, 12, 14, 15]
[1, 3, 12, 14, 16]
[1, 3, 12, 14, 29]
[1, 3, 12, 15, 16]
[1, 3, 12, 15, 29]
[1, 3, 12, 16, 29]
[1, 3, 13, 14, 15]
[1, 3, 13, 14, 16]
[1, 3, 13, 14, 29]
[1, 3, 13, 15, 16]
[1, 3, 13, 15, 29]
[1, 3, 13, 16, 29]
[1, 3, 14, 15, 16]
[13, 14, 15, 16, 29]
[1, 3, 14, 15, 29]
[1, 3, 14, 16, 29]
[1, 3, 15, 16, 29]
[1, 3, 16, 24, 25]
[1, 3, 16, 24, 26]
[1, 3, 16, 24, 28]
[1, 3, 16, 24, 30]
[1, 3, 16, 25, 26]
[1, 3, 16, 25, 28]
[1, 3, 16, 25, 30]
[1, 3, 16, 26, 28]
[1, 3, 16, 26, 30]
[1, 3, 17, 18, 20]
[1, 3, 17, 18, 21]
[1, 3, 17, 18, 22]
[1, 3, 17, 18, 23]
[1, 3, 17, 18, 25]
[1, 3, 17, 20, 21]
[1, 3, 17, 20, 22]
[1, 3, 17, 20, 23]
[1, 3, 17, 20, 25]
[1, 3, 17, 21, 22]
[1, 3, 17, 21, 23]
[1, 3, 17, 21, 25]
[1, 3, 17, 22, 23]
[1, 3, 17, 22, 25]
[1, 3, 17, 23, 25]
[1, 3, 18, 20, 21]
[1, 3, 18, 20, 22]
[1, 3, 18, 20, 23]
[1, 3, 18, 20, 25]
[1, 3, 18, 21, 22]
[1, 3, 18, 21, 23]
[1, 3, 18, 21, 25]
[1, 3, 18, 22, 23]
[1, 3, 18, 22, 25]
[1, 3, 18, 23, 25]
[1, 3, 20, 21, 22]
[1, 3, 20, 21, 23]
[1, 3, 20, 21, 25]
[1, 3, 20, 22, 23]
[1, 3, 20, 22, 25]
[1, 3, 20, 23, 25]
[1, 3, 20, 25, 30]
[1, 3, 21, 22, 23]
[1, 3, 21, 22, 25]
[1, 3, 21, 23, 25]
[1, 3, 22, 23, 25]
[1, 3, 24, 25, 26]
[1, 3, 24, 25, 28]
[1, 3, 24, 25, 30]
[1, 3, 24, 26, 28]
[1, 3, 24, 26, 30]
[1, 3, 25, 26, 28]
[1, 3, 25, 26, 30]
[1, 3, 4, 17, 18]
[1, 3, 4, 17, 20]
[1, 3, 4, 17, 21]
[1, 3, 4, 17, 22]
[1, 3, 4, 17, 23]
[1, 3, 4, 17, 25]
[1, 3, 4, 18, 20]
[1, 3, 4, 18, 21]
[1, 3, 4, 18, 22]
[1, 3, 4, 18, 23]
[1, 3, 4, 18, 25]
[1, 3, 4, 20, 21]
[1, 3, 4, 20, 22]
[1, 3, 4, 20, 23]
[1, 3, 4, 20, 25]
[1, 3, 4, 21, 22]
[1, 3, 4, 21, 23]
[1, 3, 4, 21, 25]
[1, 3, 4, 22, 23]
[1, 3, 4, 22, 25]
[1, 3, 4, 23, 25]
[1, 3, 4, 5, 17]
[1, 3, 4, 5, 18]
[1, 3, 4, 5, 20]
[1, 3, 4, 5, 21]
[1, 3, 4, 5, 22]
[1, 3, 4, 5, 23]
[1, 3, 4, 5, 25]
[1, 3, 5, 17, 18]
[1, 3, 5, 17, 20]
[1, 3, 5, 17, 21]
[1, 3, 5, 17, 22]
[1, 3, 5, 17, 23]
[1, 3, 5, 17, 25]
[1, 3, 5, 18, 20]
[1, 3, 5, 18, 21]
[1, 3, 5, 18, 22]
[1, 3, 5, 18, 23]
[1, 3, 5, 18, 25]
[1, 3, 5, 20, 21]
[1, 3, 5, 20, 22]
[1, 3, 5, 20, 23]
[1, 3, 5, 20, 25]
[1, 3, 5, 21, 22]
[1, 3, 5, 21, 23]
[1, 3, 5, 21, 25]
[1, 3, 5, 22, 23]
[1, 3, 5, 22, 25]
[1, 3, 5, 23, 25]
[1, 3, 7, 10, 11]
[1, 3, 7, 10, 12]
[1, 3, 7, 10, 13]
[1, 3, 7, 10, 14]
[1, 3, 7, 10, 15]
[1, 3, 7, 10, 16]
[1, 3, 7, 10, 21]
[1, 3, 7, 10, 24]
[1, 3, 7, 10, 25]
[1, 3, 7, 10, 26]
[1, 3, 7, 10, 28]
[1, 3, 7, 10, 29]
[1, 3, 7, 10, 30]
[1, 3, 7, 11, 12]
[1, 3, 7, 11, 13]
[1, 3, 7, 11, 14]
[1, 3, 7, 11, 15]
[1, 3, 7, 11, 16]
[1, 3, 7, 11, 29]
[1, 3, 7, 12, 13]
[1, 3, 7, 12, 14]
[1, 3, 7, 12, 15]
[1, 3, 7, 12, 16]
[1, 3, 7, 12, 29]
[1, 3, 7, 13, 14]
[1, 3, 7, 13, 15]
[1, 3, 7, 13, 16]
[1, 3, 7, 13, 29]
[1, 3, 7, 14, 15]
[1, 3, 7, 14, 16]
[1, 3, 7, 14, 29]
[1, 3, 7, 15, 16]
[1, 3, 7, 15, 29]
[1, 3, 7, 16, 24]
[1, 3, 7, 16, 25]
[1, 3, 7, 16, 26]
[1, 3, 7, 16, 28]
[1, 3, 7, 16, 29]
[1, 3, 7, 16, 30]
[1, 3, 7, 21, 25]
[1, 3, 7, 24, 25]
[1, 3, 7, 24, 26]
[1, 3, 7, 24, 28]
[1, 3, 7, 24, 30]
[1, 3, 7, 25, 26]
[1, 3, 7, 25, 28]
[1, 3, 7, 25, 30]
[1, 3, 7, 26, 28]
[1, 3, 7, 26, 30]
[1, 3, 8, 9, 19]
[1, 4, 17, 18, 20]
[1, 4, 17, 18, 21]
[1, 4, 17, 18, 22]
[1, 4, 17, 18, 23]
[1, 4, 17, 18, 25]
[1, 4, 17, 20, 21]
[1, 4, 17, 20, 22]
[1, 4, 17, 20, 23]
[1, 4, 17, 20, 25]
[1, 4, 17, 21, 22]
[1, 4, 17, 21, 23]
[1, 4, 17, 21, 25]
[1, 4, 17, 22, 23]
[1, 4, 17, 22, 25]
[1, 4, 17, 23, 25]
[1, 4, 18, 20, 21]
[1, 4, 18, 20, 22]
[1, 4, 18, 20, 23]
[1, 4, 18, 20, 25]
[1, 4, 18, 21, 22]
[1, 4, 18, 21, 23]
[1, 4, 18, 21, 25]
[1, 4, 18, 22, 23]
[1, 4, 18, 22, 25]
[1, 4, 18, 23, 25]
[1, 4, 20, 21, 22]
[1, 4, 20, 21, 23]
[1, 4, 20, 21, 25]
[1, 4, 20, 22, 23]
[1, 4, 20, 22, 25]
[1, 4, 20, 23, 25]
[1, 4, 21, 22, 23]
[1, 4, 21, 22, 25]
[1, 4, 21, 23, 25]
[1, 4, 22, 23, 25]
[1, 4, 5, 17, 18]
[1, 4, 5, 17, 20]
[1, 4, 5, 17, 21]
[1, 4, 5, 17, 22]
[1, 4, 5, 17, 23]
[1, 4, 5, 17, 25]
[1, 4, 5, 18, 20]
[1, 4, 5, 18, 21]
[1, 4, 5, 18, 22]
[1, 4, 5, 18, 23]
[1, 4, 5, 18, 25]
[1, 4, 5, 20, 21]
[1, 4, 5, 20, 22]
[1, 4, 5, 20, 23]
[1, 4, 5, 20, 25]
[1, 4, 5, 21, 22]
[1, 4, 5, 21, 23]
[1, 4, 5, 21, 25]
[1, 4, 5, 22, 23]
[1, 4, 5, 22, 25]
[1, 4, 5, 23, 25]
[1, 5, 17, 18, 20]
[1, 5, 17, 18, 21]
[1, 5, 17, 18, 22]
[1, 5, 17, 18, 23]
[1, 5, 17, 18, 25]
[1, 5, 17, 20, 21]
[1, 5, 17, 20, 22]
[1, 5, 17, 20, 23]
[1, 5, 17, 20, 25]
[1, 5, 17, 21, 22]
[1, 5, 17, 21, 23]
[1, 5, 17, 21, 25]
[1, 5, 17, 22, 23]
[1, 5, 17, 22, 25]
[1, 5, 17, 23, 25]
[1, 5, 18, 20, 21]
[1, 5, 18, 20, 22]
[1, 5, 18, 20, 23]
[1, 5, 18, 20, 25]
[1, 5, 18, 21, 22]
[1, 5, 18, 21, 23]
[1, 5, 18, 21, 25]
[1, 5, 18, 22, 23]
[1, 5, 18, 22, 25]
[1, 5, 18, 23, 25]
[1, 5, 20, 21, 22]
[1, 5, 20, 21, 23]
[1, 5, 20, 21, 25]
[1, 5, 20, 22, 23]
[1, 5, 20, 22, 25]
[1, 5, 20, 23, 25]
[1, 5, 21, 22, 23]
[1, 5, 21, 22, 25]
[1, 5, 21, 23, 25]
[1, 5, 22, 23, 25]
[16, 24, 25, 26, 28]
[16, 24, 25, 26, 30]
[1, 7, 10, 11, 12]
[1, 7, 10, 11, 13]
[1, 7, 10, 11, 14]
[1, 7, 10, 11, 15]
[1, 7, 10, 11, 16]
[1, 7, 10, 11, 29]
[1, 7, 10, 12, 13]
[1, 7, 10, 12, 14]
[1, 7, 10, 12, 15]
[1, 7, 10, 12, 16]
[1, 7, 10, 12, 29]
[1, 7, 10, 13, 14]
[1, 7, 10, 13, 15]
[1, 7, 10, 13, 16]
[1, 7, 10, 13, 29]
[1, 7, 10, 14, 15]
[1, 7, 10, 14, 16]
[1, 7, 10, 14, 29]
[1, 7, 10, 15, 16]
[1, 7, 10, 15, 29]
[1, 7, 10, 16, 24]
[1, 7, 10, 16, 25]
[1, 7, 10, 16, 26]
[1, 7, 10, 16, 28]
[1, 7, 10, 16, 29]
[1, 7, 10, 16, 30]
[1, 7, 10, 21, 25]
[1, 7, 10, 24, 25]
[1, 7, 10, 24, 26]
[1, 7, 10, 24, 28]
[1, 7, 10, 24, 30]
[1, 7, 10, 25, 26]
[1, 7, 10, 25, 28]
[1, 7, 10, 25, 30]
[1, 7, 10, 26, 28]
[1, 7, 10, 26, 30]
[1, 7, 10, 27, 30]
[1, 7, 11, 12, 13]
[1, 7, 11, 12, 14]
[1, 7, 11, 12, 15]
[1, 7, 11, 12, 16]
[1, 7, 11, 12, 29]
[1, 7, 11, 13, 14]
[1, 7, 11, 13, 15]
[1, 7, 11, 13, 16]
[1, 7, 11, 13, 29]
[1, 7, 11, 14, 15]
[1, 7, 11, 14, 16]
[1, 7, 11, 14, 29]
[1, 7, 11, 15, 16]
[1, 7, 11, 15, 29]
[1, 7, 11, 16, 29]
[1, 7, 12, 13, 14]
[1, 7, 12, 13, 15]
[1, 7, 12, 13, 16]
[1, 7, 12, 13, 29]
[1, 7, 12, 14, 15]
[1, 7, 12, 14, 16]
[1, 7, 12, 14, 29]
[1, 7, 12, 15, 16]
[1, 7, 12, 15, 29]
[1, 7, 12, 16, 29]
[1, 7, 13, 14, 15]
[1, 7, 13, 14, 16]
[1, 7, 13, 14, 29]
[1, 7, 13, 15, 16]
[1, 7, 13, 15, 29]
[1, 7, 13, 16, 29]
[1, 7, 14, 15, 16]
[1, 7, 14, 15, 29]
[1, 7, 14, 16, 29]
[1, 7, 15, 16, 29]
[1, 7, 16, 24, 25]
[1, 7, 16, 24, 26]
[1, 7, 16, 24, 28]
[1, 7, 16, 24, 30]
[1, 7, 16, 25, 26]
[1, 7, 16, 25, 28]
[1, 7, 16, 25, 30]
[1, 7, 16, 26, 28]
[1, 7, 16, 26, 30]
[17, 18, 20, 21, 22]
[17, 18, 20, 21, 23]
[17, 18, 20, 21, 25]
[17, 18, 20, 22, 23]
[17, 18, 20, 22, 25]
[17, 18, 20, 23, 25]
[17, 18, 21, 22, 23]
[17, 18, 21, 22, 25]
[17, 18, 21, 23, 25]
[17, 18, 22, 23, 25]
[17, 20, 21, 22, 23]
[17, 20, 21, 22, 25]
[17, 20, 21, 23, 25]
[17, 20, 22, 23, 25]
[17, 21, 22, 23, 25]
[1, 7, 24, 25, 26]
[1, 7, 24, 25, 28]
[1, 7, 24, 25, 30]
[1, 7, 24, 26, 28]
[1, 7, 24, 26, 30]
[1, 7, 25, 26, 28]
[1, 7, 25, 26, 30]
[18, 20, 21, 22, 23]
[18, 20, 21, 22, 25]
[18, 20, 21, 23, 25]
[18, 20, 22, 23, 25]
[18, 21, 22, 23, 25]
[18, 31, 40, 41, 44]
[19, 36, 55, 56, 57]
[20, 21, 22, 23, 25]
[3, 10, 11, 12, 13]
[3, 10, 11, 12, 14]
[3, 10, 11, 12, 15]
[3, 10, 11, 12, 16]
[3, 10, 11, 12, 29]
[3, 10, 11, 13, 14]
[3, 10, 11, 13, 15]
[3, 10, 11, 13, 16]
[3, 10, 11, 13, 29]
[3, 10, 11, 14, 15]
[3, 10, 11, 14, 16]
[3, 10, 11, 14, 29]
[3, 10, 11, 15, 16]
[3, 10, 11, 15, 29]
[3, 10, 11, 16, 29]
[3, 10, 12, 13, 14]
[3, 10, 12, 13, 15]
[3, 10, 12, 13, 16]
[3, 10, 12, 13, 29]
[3, 10, 12, 14, 15]
[3, 10, 12, 14, 16]
[3, 10, 12, 14, 29]
[3, 10, 12, 15, 16]
[3, 10, 12, 15, 29]
[3, 10, 12, 16, 29]
[3, 10, 13, 14, 15]
[3, 10, 13, 14, 16]
[3, 10, 13, 14, 29]
[3, 10, 13, 15, 16]
[3, 10, 13, 15, 29]
[3, 10, 13, 16, 29]
[3, 10, 14, 15, 16]
[3, 10, 14, 15, 29]
[3, 10, 14, 16, 29]
[3, 10, 15, 16, 29]
[3, 10, 16, 24, 25]
[3, 10, 16, 24, 26]
[3, 10, 16, 24, 28]
[3, 10, 16, 24, 30]
[3, 10, 16, 25, 26]
[3, 10, 16, 25, 28]
[3, 10, 16, 25, 30]
[3, 10, 16, 26, 28]
[3, 10, 16, 26, 30]
[3, 10, 24, 25, 26]
[3, 10, 24, 25, 28]
[3, 10, 24, 25, 30]
[3, 10, 24, 26, 28]
[3, 10, 24, 26, 30]
[3, 10, 25, 26, 28]
[3, 10, 25, 26, 30]
[3, 11, 12, 13, 14]
[3, 11, 12, 13, 15]
[3, 11, 12, 13, 16]
[3, 11, 12, 13, 29]
[3, 11, 12, 14, 15]
[3, 11, 12, 14, 16]
[3, 11, 12, 14, 29]
[3, 11, 12, 15, 16]
[3, 11, 12, 15, 29]
[3, 11, 12, 16, 29]
[3, 11, 13, 14, 15]
[3, 11, 13, 14, 16]
[3, 11, 13, 14, 29]
[3, 11, 13, 15, 16]
[3, 11, 13, 15, 29]
[3, 11, 13, 16, 29]
[3, 11, 14, 15, 16]
[3, 11, 14, 15, 29]
[3, 11, 14, 16, 29]
[3, 11, 15, 16, 29]
[3, 12, 13, 14, 15]
[3, 12, 13, 14, 16]
[3, 12, 13, 14, 29]
[3, 12, 13, 15, 16]
[3, 12, 13, 15, 29]
[3, 12, 13, 16, 29]
[3, 12, 14, 15, 16]
[3, 12, 14, 15, 29]
[3, 12, 14, 16, 29]
[3, 12, 15, 16, 29]
[3, 13, 14, 15, 16]
[3, 13, 14, 15, 29]
[3, 13, 14, 16, 29]
[3, 13, 15, 16, 29]
[3, 14, 15, 16, 29]
[3, 16, 24, 25, 26]
[3, 16, 24, 25, 28]
[3, 16, 24, 25, 30]
[3, 16, 24, 26, 28]
[3, 16, 24, 26, 30]
[3, 16, 25, 26, 28]
[3, 16, 25, 26, 30]
[3, 17, 18, 20, 21]
[3, 17, 18, 20, 22]
[3, 17, 18, 20, 23]
[3, 17, 18, 20, 25]
[3, 17, 18, 21, 22]
[3, 17, 18, 21, 23]
[3, 17, 18, 21, 25]
[3, 17, 18, 22, 23]
[3, 17, 18, 22, 25]
[3, 17, 18, 23, 25]
[3, 17, 20, 21, 22]
[3, 17, 20, 21, 23]
[3, 17, 20, 21, 25]
[3, 17, 20, 22, 23]
[3, 17, 20, 22, 25]
[3, 17, 20, 23, 25]
[3, 17, 21, 22, 23]
[3, 17, 21, 22, 25]
[3, 17, 21, 23, 25]
[3, 17, 22, 23, 25]
[3, 18, 20, 21, 22]
[3, 18, 20, 21, 23]
[3, 18, 20, 21, 25]
[3, 18, 20, 22, 23]
[3, 18, 20, 22, 25]
[3, 18, 20, 23, 25]
[3, 18, 21, 22, 23]
[3, 18, 21, 22, 25]
[3, 18, 21, 23, 25]
[3, 18, 22, 23, 25]
[3, 20, 21, 22, 23]
[3, 20, 21, 22, 25]
[3, 20, 21, 23, 25]
[3, 20, 22, 23, 25]
[3, 21, 22, 23, 25]
[3, 24, 25, 26, 28]
[3, 24, 25, 26, 30]
[3, 4, 17, 18, 20]
[3, 4, 17, 18, 21]
[3, 4, 17, 18, 22]
[3, 4, 17, 18, 23]
[3, 4, 17, 18, 25]
[3, 4, 17, 20, 21]
[3, 4, 17, 20, 22]
[3, 4, 17, 20, 23]
[3, 4, 17, 20, 25]
[3, 4, 17, 21, 22]
[3, 4, 17, 21, 23]
[3, 4, 17, 21, 25]
[3, 4, 17, 22, 23]
[3, 4, 17, 22, 25]
[3, 4, 17, 23, 25]
[3, 4, 18, 20, 21]
[3, 4, 18, 20, 22]
[3, 4, 18, 20, 23]
[3, 4, 18, 20, 25]
[3, 4, 18, 21, 22]
[3, 4, 18, 21, 23]
[3, 4, 18, 21, 25]
[3, 4, 18, 22, 23]
[3, 4, 18, 22, 25]
[3, 4, 18, 23, 25]
[3, 4, 20, 21, 22]
[3, 4, 20, 21, 23]
[3, 4, 20, 21, 25]
[3, 4, 20, 22, 23]
[3, 4, 20, 22, 25]
[3, 4, 20, 23, 25]
[3, 4, 21, 22, 23]
[3, 4, 21, 22, 25]
[3, 4, 21, 23, 25]
[3, 4, 22, 23, 25]
[3, 4, 5, 17, 18]
[3, 4, 5, 17, 20]
[3, 4, 5, 17, 21]
[3, 4, 5, 17, 22]
[3, 4, 5, 17, 23]
[3, 4, 5, 17, 25]
[3, 4, 5, 18, 20]
[3, 4, 5, 18, 21]
[3, 4, 5, 18, 22]
[3, 4, 5, 18, 23]
[3, 4, 5, 18, 25]
[3, 4, 5, 20, 21]
[3, 4, 5, 20, 22]
[3, 4, 5, 20, 23]
[3, 4, 5, 20, 25]
[3, 4, 5, 21, 22]
[3, 4, 5, 21, 23]
[3, 4, 5, 21, 25]
[3, 4, 5, 22, 23]
[3, 4, 5, 22, 25]
[3, 4, 5, 23, 25]
[3, 5, 17, 18, 20]
[3, 5, 17, 18, 21]
[3, 5, 17, 18, 22]
[3, 5, 17, 18, 23]
[3, 5, 17, 18, 25]
[3, 5, 17, 20, 21]
[3, 5, 17, 20, 22]
[3, 5, 17, 20, 23]
[3, 5, 17, 20, 25]
[3, 5, 17, 21, 22]
[3, 5, 17, 21, 23]
[3, 5, 17, 21, 25]
[3, 5, 17, 22, 23]
[3, 5, 17, 22, 25]
[3, 5, 17, 23, 25]
[3, 5, 18, 20, 21]
[3, 5, 18, 20, 22]
[3, 5, 18, 20, 23]
[3, 5, 18, 20, 25]
[3, 5, 18, 21, 22]
[3, 5, 18, 21, 23]
[3, 5, 18, 21, 25]
[3, 5, 18, 22, 23]
[3, 5, 18, 22, 25]
[3, 5, 18, 23, 25]
[3, 5, 20, 21, 22]
[3, 5, 20, 21, 23]
[3, 5, 20, 21, 25]
[3, 5, 20, 22, 23]
[3, 5, 20, 22, 25]
[3, 5, 20, 23, 25]
[3, 5, 21, 22, 23]
[3, 5, 21, 22, 25]
[3, 5, 21, 23, 25]
[3, 5, 22, 23, 25]
[3, 7, 10, 11, 12]
[3, 7, 10, 11, 13]
[3, 7, 10, 11, 14]
[3, 7, 10, 11, 15]
[3, 7, 10, 11, 16]
[3, 7, 10, 11, 29]
[3, 7, 10, 12, 13]
[3, 7, 10, 12, 14]
[3, 7, 10, 12, 15]
[3, 7, 10, 12, 16]
[3, 7, 10, 12, 29]
[3, 7, 10, 13, 14]
[3, 7, 10, 13, 15]
[3, 7, 10, 13, 16]
[3, 7, 10, 13, 29]
[3, 7, 10, 14, 15]
[3, 7, 10, 14, 16]
[3, 7, 10, 14, 29]
[3, 7, 10, 15, 16]
[3, 7, 10, 15, 29]
[3, 7, 10, 16, 24]
[3, 7, 10, 16, 25]
[3, 7, 10, 16, 26]
[3, 7, 10, 16, 28]
[3, 7, 10, 16, 29]
[3, 7, 10, 16, 30]
[3, 7, 10, 21, 25]
[3, 7, 10, 24, 25]
[3, 7, 10, 24, 26]
[3, 7, 10, 24, 28]
[3, 7, 10, 24, 30]
[3, 7, 10, 25, 26]
[3, 7, 10, 25, 28]
[3, 7, 10, 25, 30]
[3, 7, 10, 26, 28]
[3, 7, 10, 26, 30]
[3, 7, 11, 12, 13]
[3, 7, 11, 12, 14]
[3, 7, 11, 12, 15]
[3, 7, 11, 12, 16]
[3, 7, 11, 12, 29]
[3, 7, 11, 13, 14]
[3, 7, 11, 13, 15]
[3, 7, 11, 13, 16]
[3, 7, 11, 13, 29]
[3, 7, 11, 14, 15]
[3, 7, 11, 14, 16]
[3, 7, 11, 14, 29]
[3, 7, 11, 15, 16]
[3, 7, 11, 15, 29]
[3, 7, 11, 16, 29]
[3, 7, 12, 13, 14]
[3, 7, 12, 13, 15]
[3, 7, 12, 13, 16]
[3, 7, 12, 13, 29]
[3, 7, 12, 14, 15]
[3, 7, 12, 14, 16]
[3, 7, 12, 14, 29]
[3, 7, 12, 15, 16]
[3, 7, 12, 15, 29]
[3, 7, 12, 16, 29]
[3, 7, 13, 14, 15]
[3, 7, 13, 14, 16]
[3, 7, 13, 14, 29]
[3, 7, 13, 15, 16]
[3, 7, 13, 15, 29]
[3, 7, 13, 16, 29]
[3, 7, 14, 15, 16]
[3, 7, 14, 15, 29]
[3, 7, 14, 16, 29]
[3, 7, 15, 16, 29]
[3, 7, 16, 24, 25]
[3, 7, 16, 24, 26]
[3, 7, 16, 24, 28]
[3, 7, 16, 24, 30]
[3, 7, 16, 25, 26]
[3, 7, 16, 25, 28]
[3, 7, 16, 25, 30]
[3, 7, 16, 26, 28]
[3, 7, 16, 26, 30]
[3, 7, 24, 25, 26]
[3, 7, 24, 25, 28]
[3, 7, 24, 25, 30]
[3, 7, 24, 26, 28]
[3, 7, 24, 26, 30]
[3, 7, 25, 26, 28]
[3, 7, 25, 26, 30]
[4, 17, 18, 20, 21]
[4, 17, 18, 20, 22]
[4, 17, 18, 20, 23]
[4, 17, 18, 20, 25]
[4, 17, 18, 21, 22]
[4, 17, 18, 21, 23]
[4, 17, 18, 21, 25]
[4, 17, 18, 22, 23]
[4, 17, 18, 22, 25]
[4, 17, 18, 23, 25]
[4, 17, 20, 21, 22]
[4, 17, 20, 21, 23]
[4, 17, 20, 21, 25]
[4, 17, 20, 22, 23]
[4, 17, 20, 22, 25]
[4, 17, 20, 23, 25]
[4, 17, 21, 22, 23]
[4, 17, 21, 22, 25]
[4, 17, 21, 23, 25]
[4, 17, 22, 23, 25]
[4, 18, 20, 21, 22]
[4, 18, 20, 21, 23]
[4, 18, 20, 21, 25]
[4, 18, 20, 22, 23]
[4, 18, 20, 22, 25]
[4, 18, 20, 23, 25]
[4, 18, 21, 22, 23]
[4, 18, 21, 22, 25]
[4, 18, 21, 23, 25]
[4, 18, 22, 23, 25]
[4, 20, 21, 22, 23]
[4, 20, 21, 22, 25]
[4, 20, 21, 23, 25]
[4, 20, 22, 23, 25]
[4, 21, 22, 23, 25]
[4, 5, 17, 18, 20]
[4, 5, 17, 18, 21]
[4, 5, 17, 18, 22]
[4, 5, 17, 18, 23]
[4, 5, 17, 18, 25]
[4, 5, 17, 20, 21]
[4, 5, 17, 20, 22]
[4, 5, 17, 20, 23]
[4, 5, 17, 20, 25]
[4, 5, 17, 21, 22]
[4, 5, 17, 21, 23]
[4, 5, 17, 21, 25]
[4, 5, 17, 22, 23]
[4, 5, 17, 22, 25]
[4, 5, 17, 23, 25]
[4, 5, 18, 20, 21]
[4, 5, 18, 20, 22]
[4, 5, 18, 20, 23]
[4, 5, 18, 20, 25]
[4, 5, 18, 21, 22]
[4, 5, 18, 21, 23]
[4, 5, 18, 21, 25]
[4, 5, 18, 22, 23]
[4, 5, 18, 22, 25]
[4, 5, 18, 23, 25]
[4, 5, 20, 21, 22]
[4, 5, 20, 21, 23]
[4, 5, 20, 21, 25]
[4, 5, 20, 22, 23]
[4, 5, 20, 22, 25]
[4, 5, 20, 23, 25]
[4, 5, 21, 22, 23]
[4, 5, 21, 22, 25]
[4, 5, 21, 23, 25]
[4, 5, 22, 23, 25]
[46, 47, 50, 51, 52]
[46, 47, 50, 51, 53]
[46, 47, 50, 52, 53]
[46, 47, 51, 52, 53]
[46, 49, 50, 51, 52]
[46, 49, 50, 51, 53]
[46, 49, 50, 52, 53]
[46, 49, 51, 52, 53]
[46, 50, 51, 52, 53]
[47, 50, 51, 52, 53]
[49, 50, 51, 52, 53]
[5, 17, 18, 20, 21]
[5, 17, 18, 20, 22]
[5, 17, 18, 20, 23]
[5, 17, 18, 20, 25]
[5, 17, 18, 21, 22]
[5, 17, 18, 21, 23]
[5, 17, 18, 21, 25]
[5, 17, 18, 22, 23]
[5, 17, 18, 22, 25]
[5, 17, 18, 23, 25]
[5, 17, 20, 21, 22]
[5, 17, 20, 21, 23]
[5, 17, 20, 21, 25]
[5, 17, 20, 22, 23]
[5, 17, 20, 22, 25]
[5, 17, 20, 23, 25]
[5, 17, 21, 22, 23]
[5, 17, 21, 22, 25]
[5, 17, 21, 23, 25]
[5, 17, 22, 23, 25]
[5, 18, 20, 21, 22]
[5, 18, 20, 21, 23]
[5, 18, 20, 21, 25]
[5, 18, 20, 22, 23]
[5, 18, 20, 22, 25]
[5, 18, 20, 23, 25]
[5, 18, 21, 22, 23]
[5, 18, 21, 22, 25]
[5, 18, 21, 23, 25]
[5, 18, 22, 23, 25]
[5, 20, 21, 22, 23]
[5, 20, 21, 22, 25]
[5, 20, 21, 23, 25]
[5, 20, 22, 23, 25]
[5, 21, 22, 23, 25]
[7, 10, 11, 12, 13]
[7, 10, 11, 12, 14]
[7, 10, 11, 12, 15]
[7, 10, 11, 12, 16]
[7, 10, 11, 12, 29]
[7, 10, 11, 13, 14]
[7, 10, 11, 13, 15]
[7, 10, 11, 13, 16]
[7, 10, 11, 13, 29]
[7, 10, 11, 14, 15]
[7, 10, 11, 14, 16]
[7, 10, 11, 14, 29]
[7, 10, 11, 15, 16]
[7, 10, 11, 15, 29]
[7, 10, 11, 16, 29]
[7, 10, 12, 13, 14]
[7, 10, 12, 13, 15]
[7, 10, 12, 13, 16]
[7, 10, 12, 13, 29]
[7, 10, 12, 14, 15]
[7, 10, 12, 14, 16]
[7, 10, 12, 14, 29]
[7, 10, 12, 15, 16]
[7, 10, 12, 15, 29]
[7, 10, 12, 16, 29]
[7, 10, 13, 14, 15]
[7, 10, 13, 14, 16]
[7, 10, 13, 14, 29]
[7, 10, 13, 15, 16]
[7, 10, 13, 15, 29]
[7, 10, 13, 16, 29]
[7, 10, 14, 15, 16]
[7, 10, 14, 15, 29]
[7, 10, 14, 16, 29]
[7, 10, 15, 16, 29]
[7, 10, 16, 24, 25]
[7, 10, 16, 24, 26]
[7, 10, 16, 24, 28]
[7, 10, 16, 24, 30]
[7, 10, 16, 25, 26]
[7, 10, 16, 25, 28]
[7, 10, 16, 25, 30]
[7, 10, 16, 26, 28]
[7, 10, 16, 26, 30]
[7, 10, 24, 25, 26]
[7, 10, 24, 25, 28]
[7, 10, 24, 25, 30]
[7, 10, 24, 26, 28]
[7, 10, 24, 26, 30]
[7, 10, 25, 26, 28]
[7, 10, 25, 26, 30]
[7, 11, 12, 13, 14]
[7, 11, 12, 13, 15]
[7, 11, 12, 13, 16]
[7, 11, 12, 13, 29]
[7, 11, 12, 14, 15]
[7, 11, 12, 14, 16]
[7, 11, 12, 14, 29]
[7, 11, 12, 15, 16]
[7, 11, 12, 15, 29]
[7, 11, 12, 16, 29]
[7, 11, 13, 14, 15]
[7, 11, 13, 14, 16]
[7, 11, 13, 14, 29]
[7, 11, 13, 15, 16]
[7, 11, 13, 15, 29]
[7, 11, 13, 16, 29]
[7, 11, 14, 15, 16]
[7, 11, 14, 15, 29]
[7, 11, 14, 16, 29]
[7, 11, 15, 16, 29]
[7, 12, 13, 14, 15]
[7, 12, 13, 14, 16]
[7, 12, 13, 14, 29]
[7, 12, 13, 15, 16]
[7, 12, 13, 15, 29]
[7, 12, 13, 16, 29]
[7, 12, 14, 15, 16]
[7, 12, 14, 15, 29]
[7, 12, 14, 16, 29]
[7, 12, 15, 16, 29]
[7, 13, 14, 15, 16]
[7, 13, 14, 15, 29]
[7, 13, 14, 16, 29]
[7, 13, 15, 16, 29]
[7, 14, 15, 16, 29]
[7, 16, 24, 25, 26]
[7, 16, 24, 25, 28]
[7, 16, 24, 25, 30]
[7, 16, 24, 26, 28]
[7, 16, 24, 26, 30]
[7, 16, 25, 26, 28]
[7, 16, 25, 26, 30]
[7, 24, 25, 26, 28]
[7, 24, 25, 26, 30]
