[10, 12, 13, 23, 108]
[10, 17, 18, 20, 160]
[108, 109, 110, 111, 130]
[108, 110, 111, 112, 130]
[108, 110, 111, 112, 206]
[108, 110, 111, 130, 206]
[108, 110, 112, 130, 206]
[108, 111, 112, 130, 206]
[110, 111, 112, 129, 130]
[110, 111, 112, 129, 206]
[110, 111, 112, 129, 207]
[110, 111, 112, 130, 206]
[110, 111, 112, 130, 207]
[110, 111, 112, 206, 207]
[110, 111, 129, 130, 206]
[110, 111, 129, 130, 207]
[110, 111, 129, 206, 207]
[110, 111, 130, 206, 207]
[110, 112, 129, 130, 206]
[110, 112, 129, 130, 207]
[110, 112, 129, 206, 207]
[110, 112, 130, 206, 207]
[110, 129, 130, 206, 207]
[111, 112, 129, 130, 206]
[111, 112, 129, 130, 207]
[111, 112, 129, 206, 207]
[111, 112, 129, 206, 213]
[111, 112, 129, 207, 213]
[111, 112, 130, 206, 207]
[111, 112, 206, 207, 213]
[111, 129, 130, 206, 207]
[111, 129, 206, 207, 213]
[112, 121, 129, 206, 207]
[112, 121, 129, 206, 213]
[112, 121, 129, 207, 213]
[112, 121, 206, 207, 213]
[112, 129, 130, 206, 207]
[112, 129, 130, 206, 217]
[112, 129, 130, 207, 217]
[112, 129, 206, 207, 213]
[112, 129, 206, 207, 217]
[112, 129, 206, 213, 217]
[112, 129, 207, 213, 217]
[112, 130, 206, 207, 217]
[112, 206, 207, 213, 217]
[11, 69, 87, 88, 89]
[12, 108, 109, 110, 111]
[12, 108, 109, 110, 130]
[12, 108, 109, 111, 130]
[12, 108, 110, 111, 112]
[12, 108, 110, 111, 130]
[12, 108, 110, 112, 130]
[12, 108, 111, 112, 130]
[12, 109, 110, 111, 130]
[12, 110, 111, 112, 130]
[121, 129, 206, 207, 213]
[121, 149, 150, 212, 216]
[12, 13, 23, 108, 130]
[12, 23, 108, 109, 110]
[12, 23, 108, 109, 111]
[12, 23, 108, 109, 130]
[12, 23, 108, 110, 111]
[12, 23, 108, 110, 112]
[12, 23, 108, 110, 130]
[12, 23, 108, 111, 112]
[12, 23, 108, 111, 130]
[12, 23, 108, 112, 130]
[12, 23, 109, 110, 111]
[12, 23, 109, 110, 130]
[12, 23, 109, 111, 130]
[12, 23, 110, 111, 112]
[12, 23, 110, 111, 130]
[12, 23, 110, 112, 130]
[12, 23, 111, 112, 130]
[12, 23, 87, 110, 111]
[12, 23, 87, 110, 112]
[12, 23, 87, 110, 130]
[12, 23, 87, 111, 112]
[12, 23, 87, 111, 130]
[12, 23, 87, 112, 130]
[1, 2, 4, 5, 43]
[125, 128, 166, 167, 184]
[126, 139, 144, 169, 176]
[126, 139, 144, 169, 183]
[126, 139, 144, 169, 184]
[126, 139, 144, 169, 185]
[126, 139, 144, 176, 185]
[126, 139, 144, 180, 181]
[126, 139, 144, 180, 183]
[126, 139, 144, 180, 184]
[126, 139, 144, 180, 185]
[126, 139, 144, 181, 183]
[126, 139, 144, 181, 184]
[126, 139, 144, 181, 185]
[126, 139, 144, 183, 184]
[126, 139, 144, 183, 185]
[126, 139, 144, 184, 185]
[126, 139, 169, 176, 185]
[126, 139, 169, 183, 184]
[126, 139, 169, 183, 185]
[126, 139, 169, 184, 185]
[126, 139, 180, 181, 183]
[126, 139, 180, 181, 184]
[126, 139, 180, 181, 185]
[126, 139, 180, 183, 184]
[126, 139, 180, 183, 185]
[126, 139, 180, 184, 185]
[126, 139, 181, 183, 184]
[126, 139, 181, 183, 185]
[126, 139, 181, 184, 185]
[126, 139, 183, 184, 185]
[126, 144, 150, 184, 185]
[126, 144, 169, 176, 185]
[126, 144, 169, 183, 184]
[126, 144, 169, 183, 185]
[126, 144, 169, 184, 185]
[126, 144, 176, 185, 195]
[126, 144, 180, 181, 183]
[126, 144, 180, 181, 184]
[126, 144, 180, 181, 185]
[126, 144, 180, 181, 195]
[126, 144, 180, 183, 184]
[126, 144, 180, 183, 185]
[126, 144, 180, 183, 195]
[126, 144, 180, 184, 185]
[126, 144, 180, 184, 195]
[126, 144, 180, 185, 195]
[126, 144, 181, 183, 184]
[126, 144, 181, 183, 185]
[126, 144, 181, 183, 195]
[126, 144, 181, 184, 185]
[126, 144, 181, 184, 195]
[126, 144, 181, 185, 195]
[126, 144, 183, 184, 185]
[126, 144, 183, 184, 195]
[126, 144, 183, 185, 195]
[126, 144, 184, 185, 195]
[126, 169, 183, 184, 185]
[126, 180, 181, 183, 184]
[126, 180, 181, 183, 185]
[126, 180, 181, 183, 195]
[126, 180, 181, 184, 185]
[126, 180, 181, 184, 195]
[126, 180, 181, 185, 195]
[126, 180, 183, 184, 185]
[126, 180, 183, 184, 195]
[126, 180, 183, 185, 195]
[126, 180, 184, 185, 195]
[126, 181, 183, 184, 185]
[126, 181, 183, 184, 195]
[126, 181, 183, 185, 195]
[126, 181, 184, 185, 195]
[126, 183, 184, 185, 195]
[128, 141, 161, 166, 167]
[128, 144, 150, 156, 184]
[128, 144, 150, 156, 185]
[128, 144, 150, 156, 212]
[128, 144, 150, 184, 185]
[128, 144, 156, 161, 169]
[128, 144, 156, 169, 184]
[128, 144, 156, 169, 185]
[128, 144, 156, 184, 185]
[128, 144, 169, 184, 185]
[128, 150, 156, 165, 212]
[128, 150, 156, 178, 184]
[128, 150, 156, 178, 212]
[128, 150, 156, 184, 185]
[128, 156, 161, 166, 169]
[128, 156, 161, 166, 178]
[128, 156, 161, 169, 178]
[128, 156, 166, 169, 178]
[128, 156, 166, 169, 184]
[128, 156, 166, 178, 184]
[128, 156, 169, 178, 184]
[128, 156, 169, 184, 185]
[128, 161, 166, 167, 169]
[128, 161, 166, 167, 172]
[128, 161, 166, 167, 178]
[128, 161, 166, 169, 178]
[128, 161, 167, 169, 178]
[128, 166, 167, 169, 178]
[128, 166, 167, 169, 184]
[128, 166, 167, 178, 184]
[128, 166, 169, 178, 184]
[128, 167, 169, 178, 184]
[12, 87, 110, 111, 112]
[12, 87, 110, 111, 130]
[12, 87, 110, 112, 130]
[12, 87, 111, 112, 130]
[129, 130, 206, 207, 217]
[129, 206, 207, 213, 217]
[134, 135, 157, 202, 205]
[134, 135, 157, 202, 210]
[134, 135, 157, 205, 210]
[134, 135, 202, 205, 210]
[134, 157, 202, 205, 210]
[1, 3, 4, 43, 105]
[1, 3, 4, 5, 105]
[1, 3, 4, 5, 43]
[135, 139, 144, 176, 185]
[135, 139, 144, 184, 185]
[135, 139, 144, 184, 214]
[135, 139, 144, 185, 214]
[135, 139, 184, 185, 214]
[135, 144, 184, 185, 214]
[135, 157, 202, 205, 210]
[1, 3, 5, 43, 105]
[1, 3, 6, 9, 105]
[138, 147, 151, 161, 172]
[138, 151, 153, 154, 173]
[138, 151, 154, 168, 173]
[138, 151, 154, 168, 174]
[138, 151, 154, 173, 174]
[138, 151, 161, 172, 186]
[138, 151, 161, 172, 187]
[138, 151, 161, 186, 187]
[138, 151, 168, 172, 173]
[138, 151, 168, 172, 186]
[138, 151, 168, 172, 187]
[138, 151, 168, 173, 174]
[138, 151, 168, 173, 187]
[138, 151, 168, 174, 186]
[138, 151, 168, 174, 187]
[138, 151, 168, 174, 205]
[138, 151, 168, 186, 187]
[138, 151, 172, 173, 187]
[138, 151, 172, 186, 187]
[138, 151, 173, 174, 187]
[138, 151, 174, 186, 187]
[138, 154, 168, 173, 174]
[138, 161, 172, 186, 187]
[138, 168, 172, 173, 187]
[138, 168, 172, 186, 187]
[138, 168, 173, 174, 187]
[138, 168, 174, 186, 187]
[139, 144, 145, 152, 180]
[139, 144, 145, 152, 181]
[139, 144, 145, 152, 182]
[139, 144, 145, 152, 183]
[139, 144, 145, 152, 184]
[139, 144, 145, 152, 185]
[139, 144, 145, 156, 169]
[139, 144, 145, 156, 180]
[139, 144, 145, 156, 181]
[139, 144, 145, 156, 184]
[139, 144, 145, 156, 185]
[139, 144, 145, 169, 183]
[139, 144, 145, 169, 184]
[139, 144, 145, 169, 185]
[139, 144, 145, 180, 181]
[139, 144, 145, 180, 182]
[139, 144, 145, 180, 183]
[139, 144, 145, 180, 184]
[139, 144, 145, 180, 185]
[139, 144, 145, 180, 209]
[139, 144, 145, 180, 214]
[139, 144, 145, 181, 182]
[139, 144, 145, 181, 183]
[139, 144, 145, 181, 184]
[139, 144, 145, 181, 185]
[139, 144, 145, 181, 209]
[139, 144, 145, 181, 214]
[139, 144, 145, 182, 183]
[139, 144, 145, 182, 184]
[139, 144, 145, 182, 185]
[139, 144, 145, 182, 209]
[139, 144, 145, 183, 184]
[139, 144, 145, 183, 185]
[139, 144, 145, 183, 209]
[139, 144, 145, 183, 214]
[139, 144, 145, 184, 185]
[139, 144, 145, 184, 209]
[139, 144, 145, 184, 214]
[139, 144, 145, 185, 209]
[139, 144, 145, 185, 214]
[139, 144, 152, 180, 181]
[139, 144, 152, 180, 182]
[139, 144, 152, 180, 183]
[139, 144, 152, 180, 184]
[139, 144, 152, 180, 185]
[139, 144, 152, 181, 182]
[139, 144, 152, 181, 183]
[139, 144, 152, 181, 184]
[139, 144, 152, 181, 185]
[139, 144, 152, 182, 183]
[139, 144, 152, 182, 184]
[139, 144, 152, 182, 185]
[139, 144, 152, 183, 184]
[139, 144, 152, 183, 185]
[139, 144, 152, 184, 185]
[139, 144, 156, 169, 176]
[139, 144, 156, 169, 184]
[139, 144, 156, 169, 185]
[139, 144, 156, 176, 185]
[139, 144, 156, 180, 181]
[139, 144, 156, 180, 184]
[139, 144, 156, 180, 185]
[139, 144, 156, 181, 184]
[139, 144, 156, 181, 185]
[139, 144, 156, 184, 185]
[139, 144, 169, 176, 185]
[139, 144, 169, 183, 184]
[139, 144, 169, 183, 185]
[139, 144, 169, 184, 185]
[139, 144, 180, 181, 182]
[139, 144, 180, 181, 183]
[139, 144, 180, 181, 184]
[139, 144, 180, 181, 185]
[139, 144, 180, 181, 209]
[139, 144, 180, 181, 214]
[139, 144, 180, 182, 183]
[139, 144, 180, 182, 184]
[139, 144, 180, 182, 185]
[139, 144, 180, 182, 209]
[139, 144, 180, 183, 184]
[139, 144, 180, 183, 185]
[139, 144, 180, 183, 209]
[139, 144, 180, 183, 214]
[139, 144, 180, 184, 185]
[139, 144, 180, 184, 209]
[139, 144, 180, 184, 214]
[139, 144, 180, 185, 209]
[139, 144, 180, 185, 214]
[139, 144, 181, 182, 183]
[139, 144, 181, 182, 184]
[139, 144, 181, 182, 185]
[139, 144, 181, 182, 209]
[139, 144, 181, 183, 184]
[139, 144, 181, 183, 185]
[139, 144, 181, 183, 209]
[139, 144, 181, 183, 214]
[139, 144, 181, 184, 185]
[139, 144, 181, 184, 209]
[139, 144, 181, 184, 214]
[139, 144, 181, 185, 209]
[139, 144, 181, 185, 214]
[139, 144, 182, 183, 184]
[139, 144, 182, 183, 185]
[139, 144, 182, 183, 209]
[139, 144, 182, 184, 185]
[139, 144, 182, 184, 209]
[139, 144, 182, 185, 209]
[139, 144, 183, 184, 185]
[139, 144, 183, 184, 209]
[139, 144, 183, 184, 214]
[139, 144, 183, 185, 209]
[139, 144, 183, 185, 214]
[139, 144, 184, 185, 209]
[139, 144, 184, 185, 214]
[139, 145, 152, 180, 181]
[139, 145, 152, 180, 182]
[139, 145, 152, 180, 183]
[139, 145, 152, 180, 184]
[139, 145, 152, 180, 185]
[139, 145, 152, 181, 182]
[139, 145, 152, 181, 183]
[139, 145, 152, 181, 184]
[139, 145, 152, 181, 185]
[139, 145, 152, 182, 183]
[139, 145, 152, 182, 184]
[139, 145, 152, 182, 185]
[139, 145, 152, 183, 184]
[139, 145, 152, 183, 185]
[139, 145, 152, 184, 185]
[139, 145, 156, 169, 184]
[139, 145, 156, 169, 185]
[139, 145, 156, 180, 181]
[139, 145, 156, 180, 184]
[139, 145, 156, 180, 185]
[139, 145, 156, 181, 184]
[139, 145, 156, 181, 185]
[139, 145, 156, 184, 185]
[139, 145, 169, 183, 184]
[139, 145, 169, 183, 185]
[139, 145, 169, 184, 185]
[139, 145, 180, 181, 182]
[139, 145, 180, 181, 183]
[139, 145, 180, 181, 184]
[139, 145, 180, 181, 185]
[139, 145, 180, 181, 209]
[139, 145, 180, 181, 214]
[139, 145, 180, 182, 183]
[139, 145, 180, 182, 184]
[139, 145, 180, 182, 185]
[139, 145, 180, 182, 209]
[139, 145, 180, 183, 184]
[139, 145, 180, 183, 185]
[139, 145, 180, 183, 209]
[139, 145, 180, 183, 214]
[139, 145, 180, 184, 185]
[139, 145, 180, 184, 209]
[139, 145, 180, 184, 214]
[139, 145, 180, 185, 209]
[139, 145, 180, 185, 214]
[139, 145, 181, 182, 183]
[139, 145, 181, 182, 184]
[139, 145, 181, 182, 185]
[139, 145, 181, 182, 209]
[139, 145, 181, 183, 184]
[139, 145, 181, 183, 185]
[139, 145, 181, 183, 209]
[139, 145, 181, 183, 214]
[139, 145, 181, 184, 185]
[139, 145, 181, 184, 209]
[139, 145, 181, 184, 214]
[139, 145, 181, 185, 209]
[139, 145, 181, 185, 214]
[139, 145, 182, 183, 184]
[139, 145, 182, 183, 185]
[139, 145, 182, 183, 209]
[139, 145, 182, 184, 185]
[139, 145, 182, 184, 209]
[139, 145, 182, 185, 209]
[139, 145, 183, 184, 185]
[139, 145, 183, 184, 209]
[139, 145, 183, 184, 214]
[139, 145, 183, 185, 209]
[139, 145, 183, 185, 214]
[139, 145, 184, 185, 209]
[139, 145, 184, 185, 214]
[139, 152, 180, 181, 182]
[139, 152, 180, 181, 183]
[139, 152, 180, 181, 184]
[139, 152, 180, 181, 185]
[139, 152, 180, 182, 183]
[139, 152, 180, 182, 184]
[139, 152, 180, 182, 185]
[139, 152, 180, 183, 184]
[139, 152, 180, 183, 185]
[139, 152, 180, 184, 185]
[139, 152, 181, 182, 183]
[139, 152, 181, 182, 184]
[139, 152, 181, 182, 185]
[139, 152, 181, 183, 184]
[139, 152, 181, 183, 185]
[139, 152, 181, 184, 185]
[139, 152, 182, 183, 184]
[139, 152, 182, 183, 185]
[139, 152, 182, 184, 185]
[139, 152, 183, 184, 185]
[139, 156, 169, 176, 185]
[139, 156, 169, 184, 185]
[139, 156, 180, 181, 184]
[139, 156, 180, 181, 185]
[139, 156, 180, 184, 185]
[139, 156, 181, 184, 185]
[139, 169, 183, 184, 185]
[139, 180, 181, 182, 183]
[139, 180, 181, 182, 184]
[139, 180, 181, 182, 185]
[139, 180, 181, 182, 209]
[139, 180, 181, 183, 184]
[139, 180, 181, 183, 185]
[139, 180, 181, 183, 209]
[139, 180, 181, 183, 214]
[139, 180, 181, 184, 185]
[139, 180, 181, 184, 209]
[139, 180, 181, 184, 214]
[139, 180, 181, 185, 209]
[139, 180, 181, 185, 214]
[139, 180, 182, 183, 184]
[139, 180, 182, 183, 185]
[139, 180, 182, 183, 209]
[139, 180, 182, 184, 185]
[139, 180, 182, 184, 209]
[139, 180, 182, 185, 209]
[139, 180, 183, 184, 185]
[139, 180, 183, 184, 209]
[139, 180, 183, 184, 214]
[139, 180, 183, 185, 209]
[139, 180, 183, 185, 214]
[139, 180, 184, 185, 209]
[139, 180, 184, 185, 214]
[139, 181, 182, 183, 184]
[139, 181, 182, 183, 185]
[139, 181, 182, 183, 209]
[139, 181, 182, 184, 185]
[139, 181, 182, 184, 209]
[139, 181, 182, 185, 209]
[139, 181, 183, 184, 185]
[139, 181, 183, 184, 209]
[139, 181, 183, 184, 214]
[139, 181, 183, 185, 209]
[139, 181, 183, 185, 214]
[139, 181, 184, 185, 209]
[139, 181, 184, 185, 214]
[139, 182, 183, 184, 185]
[139, 182, 183, 184, 209]
[139, 182, 183, 185, 209]
[139, 182, 184, 185, 209]
[139, 183, 184, 185, 209]
[139, 183, 184, 185, 214]
[14, 22, 27, 106, 113]
[14, 22, 27, 59, 106]
[14, 22, 27, 59, 113]
[14, 22, 27, 59, 60]
[14, 22, 59, 106, 113]
[14, 27, 44, 59, 105]
[14, 27, 44, 59, 113]
[14, 27, 59, 105, 106]
[14, 27, 59, 106, 113]
[144, 145, 152, 180, 181]
[144, 145, 152, 180, 182]
[144, 145, 152, 180, 183]
[144, 145, 152, 180, 184]
[144, 145, 152, 180, 185]
[144, 145, 152, 181, 182]
[144, 145, 152, 181, 183]
[144, 145, 152, 181, 184]
[144, 145, 152, 181, 185]
[144, 145, 152, 182, 183]
[144, 145, 152, 182, 184]
[144, 145, 152, 182, 185]
[144, 145, 152, 183, 184]
[144, 145, 152, 183, 185]
[144, 145, 152, 184, 185]
[144, 145, 156, 169, 184]
[144, 145, 156, 169, 185]
[144, 145, 156, 180, 181]
[144, 145, 156, 180, 184]
[144, 145, 156, 180, 185]
[144, 145, 156, 181, 184]
[144, 145, 156, 181, 185]
[144, 145, 156, 184, 185]
[144, 145, 169, 183, 184]
[144, 145, 169, 183, 185]
[144, 145, 169, 184, 185]
[144, 145, 180, 181, 182]
[144, 145, 180, 181, 183]
[144, 145, 180, 181, 184]
[144, 145, 180, 181, 185]
[144, 145, 180, 181, 195]
[144, 145, 180, 181, 209]
[144, 145, 180, 181, 214]
[144, 145, 180, 182, 183]
[144, 145, 180, 182, 184]
[144, 145, 180, 182, 185]
[144, 145, 180, 182, 195]
[144, 145, 180, 182, 209]
[144, 145, 180, 183, 184]
[144, 145, 180, 183, 185]
[144, 145, 180, 183, 195]
[144, 145, 180, 183, 209]
[144, 145, 180, 183, 214]
[144, 145, 180, 184, 185]
[144, 145, 180, 184, 195]
[144, 145, 180, 184, 209]
[144, 145, 180, 184, 214]
[144, 145, 180, 185, 195]
[144, 145, 180, 185, 209]
[144, 145, 180, 185, 214]
[144, 145, 180, 195, 209]
[144, 145, 181, 182, 183]
[144, 145, 181, 182, 184]
[144, 145, 181, 182, 185]
[144, 145, 181, 182, 195]
[144, 145, 181, 182, 209]
[144, 145, 181, 183, 184]
[144, 145, 181, 183, 185]
[144, 145, 181, 183, 195]
[144, 145, 181, 183, 209]
[144, 145, 181, 183, 214]
[144, 145, 181, 184, 185]
[144, 145, 181, 184, 195]
[144, 145, 181, 184, 209]
[144, 145, 181, 184, 214]
[144, 145, 181, 185, 195]
[144, 145, 181, 185, 209]
[144, 145, 181, 185, 214]
[144, 145, 181, 195, 209]
[144, 145, 182, 183, 184]
[144, 145, 182, 183, 185]
[144, 145, 182, 183, 195]
[144, 145, 182, 183, 209]
[144, 145, 182, 184, 185]
[144, 145, 182, 184, 195]
[144, 145, 182, 184, 209]
[144, 145, 182, 185, 195]
[144, 145, 182, 185, 209]
[144, 145, 182, 195, 209]
[144, 145, 183, 184, 185]
[144, 145, 183, 184, 195]
[144, 145, 183, 184, 209]
[144, 145, 183, 184, 214]
[144, 145, 183, 185, 195]
[144, 145, 183, 185, 209]
[144, 145, 183, 185, 214]
[144, 145, 183, 195, 209]
[144, 145, 184, 185, 195]
[144, 145, 184, 185, 209]
[144, 145, 184, 185, 214]
[144, 145, 184, 195, 209]
[144, 145, 185, 195, 209]
[144, 150, 156, 184, 185]
[144, 150, 184, 185, 214]
[144, 152, 180, 181, 182]
[144, 152, 180, 181, 183]
[144, 152, 180, 181, 184]
[144, 152, 180, 181, 185]
[144, 152, 180, 182, 183]
[144, 152, 180, 182, 184]
[144, 152, 180, 182, 185]
[144, 152, 180, 183, 184]
[144, 152, 180, 183, 185]
[144, 152, 180, 184, 185]
[144, 152, 181, 182, 183]
[144, 152, 181, 182, 184]
[144, 152, 181, 182, 185]
[144, 152, 181, 183, 184]
[144, 152, 181, 183, 185]
[144, 152, 181, 184, 185]
[144, 152, 182, 183, 184]
[144, 152, 182, 183, 185]
[144, 152, 182, 184, 185]
[144, 152, 183, 184, 185]
[144, 156, 169, 176, 185]
[144, 156, 169, 184, 185]
[144, 156, 180, 181, 184]
[144, 156, 180, 181, 185]
[144, 156, 180, 184, 185]
[144, 156, 181, 184, 185]
[144, 169, 183, 184, 185]
[144, 180, 181, 182, 183]
[144, 180, 181, 182, 184]
[144, 180, 181, 182, 185]
[144, 180, 181, 182, 195]
[144, 180, 181, 182, 209]
[144, 180, 181, 183, 184]
[144, 180, 181, 183, 185]
[144, 180, 181, 183, 195]
[144, 180, 181, 183, 209]
[144, 180, 181, 183, 214]
[144, 180, 181, 184, 185]
[144, 180, 181, 184, 195]
[144, 180, 181, 184, 209]
[144, 180, 181, 184, 214]
[144, 180, 181, 185, 195]
[144, 180, 181, 185, 209]
[144, 180, 181, 185, 214]
[144, 180, 181, 195, 209]
[144, 180, 182, 183, 184]
[144, 180, 182, 183, 185]
[144, 180, 182, 183, 195]
[144, 180, 182, 183, 209]
[144, 180, 182, 184, 185]
[144, 180, 182, 184, 195]
[144, 180, 182, 184, 209]
[144, 180, 182, 185, 195]
[144, 180, 182, 185, 209]
[144, 180, 182, 195, 209]
[144, 180, 183, 184, 185]
[144, 180, 183, 184, 195]
[144, 180, 183, 184, 209]
[144, 180, 183, 184, 214]
[144, 180, 183, 185, 195]
[144, 180, 183, 185, 209]
[144, 180, 183, 185, 214]
[144, 180, 183, 195, 209]
[144, 180, 184, 185, 195]
[144, 180, 184, 185, 209]
[144, 180, 184, 185, 214]
[144, 180, 184, 195, 209]
[144, 180, 185, 195, 209]
[144, 181, 182, 183, 184]
[144, 181, 182, 183, 185]
[144, 181, 182, 183, 195]
[144, 181, 182, 183, 209]
[144, 181, 182, 184, 185]
[144, 181, 182, 184, 195]
[144, 181, 182, 184, 209]
[144, 181, 182, 185, 195]
[144, 181, 182, 185, 209]
[144, 181, 182, 195, 209]
[144, 181, 183, 184, 185]
[144, 181, 183, 184, 195]
[144, 181, 183, 184, 209]
[144, 181, 183, 184, 214]
[144, 181, 183, 185, 195]
[144, 181, 183, 185, 209]
[144, 181, 183, 185, 214]
[144, 181, 183, 195, 209]
[144, 181, 184, 185, 195]
[144, 181, 184, 185, 209]
[144, 181, 184, 185, 214]
[144, 181, 184, 195, 209]
[144, 181, 185, 195, 209]
[144, 182, 183, 184, 185]
[144, 182, 183, 184, 195]
[144, 182, 183, 184, 209]
[144, 182, 183, 185, 195]
[144, 182, 183, 185, 209]
[144, 182, 183, 195, 209]
[144, 182, 184, 185, 195]
[144, 182, 184, 185, 209]
[144, 182, 184, 195, 209]
[144, 182, 185, 195, 209]
[144, 183, 184, 185, 195]
[144, 183, 184, 185, 209]
[144, 183, 184, 185, 214]
[144, 183, 184, 195, 209]
[144, 183, 185, 195, 209]
[144, 184, 185, 195, 209]
[145, 152, 180, 181, 182]
[145, 152, 180, 181, 183]
[145, 152, 180, 181, 184]
[145, 152, 180, 181, 185]
[145, 152, 180, 182, 183]
[145, 152, 180, 182, 184]
[145, 152, 180, 182, 185]
[145, 152, 180, 183, 184]
[145, 152, 180, 183, 185]
[145, 152, 180, 184, 185]
[145, 152, 181, 182, 183]
[145, 152, 181, 182, 184]
[145, 152, 181, 182, 185]
[145, 152, 181, 183, 184]
[145, 152, 181, 183, 185]
[145, 152, 181, 184, 185]
[145, 152, 182, 183, 184]
[145, 152, 182, 183, 185]
[145, 152, 182, 184, 185]
[145, 152, 183, 184, 185]
[145, 156, 169, 184, 185]
[145, 156, 180, 181, 184]
[145, 156, 180, 181, 185]
[145, 156, 180, 184, 185]
[145, 156, 181, 184, 185]
[145, 169, 183, 184, 185]
[145, 180, 181, 182, 183]
[145, 180, 181, 182, 184]
[145, 180, 181, 182, 185]
[145, 180, 181, 182, 195]
[145, 180, 181, 182, 209]
[145, 180, 181, 183, 184]
[145, 180, 181, 183, 185]
[145, 180, 181, 183, 195]
[145, 180, 181, 183, 209]
[145, 180, 181, 183, 214]
[145, 180, 181, 184, 185]
[145, 180, 181, 184, 195]
[145, 180, 181, 184, 209]
[145, 180, 181, 184, 214]
[145, 180, 181, 185, 195]
[145, 180, 181, 185, 209]
[145, 180, 181, 185, 214]
[145, 180, 181, 195, 209]
[145, 180, 182, 183, 184]
[145, 180, 182, 183, 185]
[145, 180, 182, 183, 195]
[145, 180, 182, 183, 209]
[145, 180, 182, 184, 185]
[145, 180, 182, 184, 195]
[145, 180, 182, 184, 209]
[145, 180, 182, 185, 195]
[145, 180, 182, 185, 209]
[145, 180, 182, 195, 209]
[145, 180, 183, 184, 185]
[145, 180, 183, 184, 195]
[145, 180, 183, 184, 209]
[145, 180, 183, 184, 214]
[145, 180, 183, 185, 195]
[145, 180, 183, 185, 209]
[145, 180, 183, 185, 214]
[145, 180, 183, 195, 209]
[145, 180, 184, 185, 195]
[145, 180, 184, 185, 209]
[145, 180, 184, 185, 214]
[145, 180, 184, 195, 209]
[145, 180, 185, 195, 209]
[145, 181, 182, 183, 184]
[145, 181, 182, 183, 185]
[145, 181, 182, 183, 195]
[145, 181, 182, 183, 209]
[145, 181, 182, 184, 185]
[145, 181, 182, 184, 195]
[145, 181, 182, 184, 209]
[145, 181, 182, 185, 195]
[145, 181, 182, 185, 209]
[145, 181, 182, 195, 209]
[145, 181, 183, 184, 185]
[145, 181, 183, 184, 195]
[145, 181, 183, 184, 209]
[145, 181, 183, 184, 214]
[145, 181, 183, 185, 195]
[145, 181, 183, 185, 209]
[145, 181, 183, 185, 214]
[145, 181, 183, 195, 209]
[145, 181, 184, 185, 195]
[145, 181, 184, 185, 209]
[145, 181, 184, 185, 214]
[145, 181, 184, 195, 209]
[145, 181, 185, 195, 209]
[145, 182, 183, 184, 185]
[145, 182, 183, 184, 195]
[145, 182, 183, 184, 209]
[145, 182, 183, 185, 195]
[145, 182, 183, 185, 209]
[145, 182, 183, 195, 209]
[145, 182, 184, 185, 195]
[145, 182, 184, 185, 209]
[145, 182, 184, 195, 209]
[145, 182, 185, 195, 209]
[145, 183, 184, 185, 195]
[145, 183, 184, 185, 209]
[145, 183, 184, 185, 214]
[145, 183, 184, 195, 209]
[145, 183, 185, 195, 209]
[145, 184, 185, 195, 209]
[1, 4, 5, 43, 105]
[151, 154, 168, 173, 174]
[151, 154, 168, 173, 176]
[151, 154, 168, 174, 176]
[151, 154, 173, 174, 176]
[151, 161, 172, 186, 187]
[151, 168, 172, 173, 187]
[151, 168, 172, 175, 186]
[151, 168, 172, 175, 187]
[151, 168, 172, 186, 187]
[151, 168, 173, 174, 176]
[151, 168, 173, 174, 187]
[151, 168, 173, 174, 188]
[151, 168, 173, 176, 187]
[151, 168, 173, 176, 188]
[151, 168, 173, 187, 188]
[151, 168, 174, 176, 186]
[151, 168, 174, 176, 187]
[151, 168, 174, 176, 188]
[151, 168, 174, 176, 205]
[151, 168, 174, 186, 187]
[151, 168, 174, 186, 188]
[151, 168, 174, 187, 188]
[151, 168, 174, 188, 205]
[151, 168, 175, 176, 186]
[151, 168, 175, 176, 187]
[151, 168, 175, 186, 187]
[151, 168, 176, 186, 187]
[151, 168, 176, 186, 188]
[151, 168, 176, 187, 188]
[151, 168, 176, 188, 205]
[151, 168, 186, 187, 188]
[151, 172, 175, 186, 187]
[151, 173, 174, 176, 187]
[151, 173, 174, 176, 188]
[151, 173, 174, 187, 188]
[151, 173, 176, 187, 188]
[151, 174, 176, 186, 187]
[151, 174, 176, 186, 188]
[151, 174, 176, 187, 188]
[151, 174, 176, 188, 205]
[151, 174, 186, 187, 188]
[151, 175, 176, 186, 187]
[151, 176, 186, 187, 188]
[152, 180, 181, 182, 183]
[152, 180, 181, 182, 184]
[152, 180, 181, 182, 185]
[152, 180, 181, 183, 184]
[152, 180, 181, 183, 185]
[152, 180, 181, 184, 185]
[152, 180, 182, 183, 184]
[152, 180, 182, 183, 185]
[152, 180, 182, 184, 185]
[152, 180, 183, 184, 185]
[152, 181, 182, 183, 184]
[152, 181, 182, 183, 185]
[152, 181, 182, 184, 185]
[152, 181, 183, 184, 185]
[152, 182, 183, 184, 185]
[154, 168, 173, 174, 176]
[154, 168, 174, 176, 190]
[156, 161, 166, 169, 178]
[156, 161, 166, 178, 186]
[156, 166, 169, 178, 184]
[156, 166, 178, 184, 193]
[156, 166, 178, 186, 193]
[156, 180, 181, 184, 185]
[157, 202, 205, 208, 210]
[157, 203, 205, 208, 210]
[16, 100, 101, 102, 104]
[161, 166, 167, 169, 178]
[16, 32, 100, 101, 102]
[164, 168, 174, 176, 190]
[164, 168, 174, 176, 205]
[164, 168, 174, 190, 205]
[164, 168, 176, 190, 205]
[164, 174, 176, 190, 205]
[166, 167, 169, 178, 184]
[168, 172, 175, 186, 187]
[168, 173, 174, 176, 187]
[168, 173, 174, 176, 188]
[168, 173, 174, 187, 188]
[168, 173, 176, 187, 188]
[168, 174, 176, 186, 187]
[168, 174, 176, 186, 188]
[168, 174, 176, 187, 188]
[168, 174, 176, 187, 190]
[168, 174, 176, 187, 195]
[168, 174, 176, 188, 190]
[168, 174, 176, 188, 195]
[168, 174, 176, 188, 205]
[168, 174, 176, 190, 205]
[168, 174, 176, 195, 205]
[168, 174, 186, 187, 188]
[168, 174, 187, 188, 190]
[168, 174, 187, 188, 195]
[168, 174, 188, 190, 205]
[168, 174, 188, 195, 205]
[168, 175, 176, 186, 187]
[168, 176, 186, 187, 188]
[168, 176, 187, 188, 190]
[168, 176, 187, 188, 195]
[168, 176, 188, 190, 205]
[168, 176, 188, 195, 205]
[17, 24, 127, 148, 179]
[17, 24, 127, 179, 201]
[17, 31, 35, 107, 198]
[173, 174, 176, 187, 188]
[174, 176, 186, 187, 188]
[174, 176, 187, 188, 190]
[174, 176, 187, 188, 195]
[174, 176, 188, 190, 205]
[174, 176, 188, 195, 205]
[17, 50, 51, 148, 179]
[17, 50, 51, 54, 148]
[17, 50, 51, 54, 179]
[17, 50, 54, 148, 179]
[17, 51, 131, 148, 179]
[17, 51, 54, 131, 148]
[17, 51, 54, 131, 179]
[17, 51, 54, 148, 179]
[17, 54, 131, 148, 179]
[180, 181, 182, 183, 184]
[180, 181, 182, 183, 185]
[180, 181, 182, 183, 195]
[180, 181, 182, 183, 209]
[180, 181, 182, 184, 185]
[180, 181, 182, 184, 195]
[180, 181, 182, 184, 209]
[180, 181, 182, 185, 195]
[180, 181, 182, 185, 209]
[180, 181, 182, 195, 209]
[180, 181, 183, 184, 185]
[180, 181, 183, 184, 195]
[180, 181, 183, 184, 209]
[180, 181, 183, 184, 214]
[180, 181, 183, 185, 195]
[180, 181, 183, 185, 209]
[180, 181, 183, 185, 214]
[180, 181, 183, 195, 209]
[180, 181, 184, 185, 195]
[180, 181, 184, 185, 209]
[180, 181, 184, 185, 214]
[180, 181, 184, 195, 209]
[180, 181, 185, 195, 209]
[180, 182, 183, 184, 185]
[180, 182, 183, 184, 195]
[180, 182, 183, 184, 209]
[180, 182, 183, 185, 195]
[180, 182, 183, 185, 209]
[180, 182, 183, 195, 209]
[180, 182, 184, 185, 195]
[180, 182, 184, 185, 209]
[180, 182, 184, 195, 209]
[180, 182, 185, 195, 209]
[180, 183, 184, 185, 195]
[180, 183, 184, 185, 209]
[180, 183, 184, 185, 214]
[180, 183, 184, 195, 209]
[180, 183, 185, 195, 209]
[180, 184, 185, 195, 209]
[181, 182, 183, 184, 185]
[181, 182, 183, 184, 195]
[181, 182, 183, 184, 209]
[181, 182, 183, 185, 195]
[181, 182, 183, 185, 209]
[181, 182, 183, 195, 209]
[181, 182, 184, 185, 195]
[181, 182, 184, 185, 209]
[181, 182, 184, 195, 209]
[181, 182, 185, 195, 209]
[181, 183, 184, 185, 195]
[181, 183, 184, 185, 209]
[181, 183, 184, 185, 214]
[181, 183, 184, 195, 209]
[181, 183, 185, 195, 209]
[181, 184, 185, 195, 209]
[182, 183, 184, 185, 195]
[182, 183, 184, 185, 209]
[182, 183, 184, 195, 209]
[182, 183, 185, 195, 209]
[182, 184, 185, 195, 209]
[183, 184, 185, 195, 209]
[19, 32, 50, 160, 179]
[19, 50, 118, 120, 179]
[19, 50, 73, 118, 179]
[19, 70, 120, 127, 179]
[19, 70, 127, 163, 179]
[19, 70, 73, 127, 163]
[19, 70, 73, 127, 179]
[19, 70, 73, 163, 179]
[19, 73, 127, 163, 179]
[20, 73, 127, 163, 179]
[21, 36, 46, 50, 53]
[21, 36, 50, 51, 53]
[2, 14, 27, 44, 113]
[22, 27, 59, 106, 113]
[22, 57, 58, 59, 60]
[23, 108, 109, 110, 111]
[23, 108, 109, 110, 130]
[23, 108, 109, 111, 130]
[23, 108, 110, 111, 112]
[23, 108, 110, 111, 130]
[23, 108, 110, 111, 206]
[23, 108, 110, 112, 130]
[23, 108, 110, 112, 206]
[23, 108, 110, 130, 206]
[23, 108, 111, 112, 130]
[23, 108, 111, 112, 206]
[23, 108, 111, 130, 206]
[23, 108, 112, 130, 206]
[23, 109, 110, 111, 130]
[23, 110, 111, 112, 129]
[23, 110, 111, 112, 130]
[23, 110, 111, 112, 206]
[23, 110, 111, 129, 130]
[23, 110, 111, 129, 206]
[23, 110, 111, 130, 206]
[23, 110, 112, 129, 130]
[23, 110, 112, 129, 206]
[23, 110, 112, 130, 206]
[23, 110, 129, 130, 206]
[23, 111, 112, 129, 130]
[23, 111, 112, 129, 206]
[23, 111, 112, 130, 206]
[23, 111, 129, 130, 206]
[23, 112, 129, 130, 206]
[23, 87, 110, 111, 112]
[23, 87, 110, 111, 129]
[23, 87, 110, 111, 130]
[23, 87, 110, 111, 206]
[23, 87, 110, 112, 129]
[23, 87, 110, 112, 130]
[23, 87, 110, 112, 206]
[23, 87, 110, 129, 130]
[23, 87, 110, 129, 206]
[23, 87, 110, 130, 206]
[23, 87, 111, 112, 129]
[23, 87, 111, 112, 130]
[23, 87, 111, 112, 206]
[23, 87, 111, 129, 130]
[23, 87, 111, 129, 206]
[23, 87, 111, 130, 206]
[23, 87, 112, 129, 130]
[23, 87, 112, 129, 206]
[23, 87, 112, 130, 206]
[23, 87, 129, 130, 206]
[24, 127, 148, 163, 179]
[24, 70, 127, 148, 163]
[24, 70, 127, 148, 179]
[24, 70, 127, 163, 179]
[24, 70, 148, 163, 179]
[24, 70, 73, 127, 163]
[24, 70, 73, 127, 179]
[24, 70, 73, 163, 179]
[24, 73, 127, 163, 179]
[2, 50, 51, 54, 179]
[25, 27, 28, 34, 40]
[25, 27, 28, 34, 42]
[25, 27, 28, 40, 42]
[25, 27, 34, 40, 42]
[25, 27, 40, 42, 113]
[25, 28, 33, 34, 37]
[25, 28, 33, 34, 39]
[25, 28, 33, 34, 40]
[25, 28, 33, 34, 42]
[25, 28, 33, 35, 42]
[25, 28, 33, 39, 42]
[25, 28, 33, 40, 42]
[25, 28, 34, 39, 42]
[25, 28, 34, 40, 42]
[25, 33, 34, 39, 42]
[25, 33, 34, 40, 42]
[26, 114, 115, 116, 120]
[26, 114, 116, 120, 121]
[26, 36, 114, 115, 120]
[26, 54, 115, 116, 120]
[26, 54, 116, 120, 121]
[26, 61, 116, 120, 121]
[2, 7, 14, 27, 113]
[27, 28, 34, 40, 124]
[27, 28, 34, 40, 42]
[27, 28, 34, 42, 124]
[27, 28, 40, 42, 124]
[27, 34, 40, 42, 124]
[27, 40, 42, 113, 124]
[2, 7, 8, 14, 113]
[2, 7, 8, 14, 27]
[2, 7, 8, 27, 113]
[2, 8, 14, 27, 113]
[2, 8, 14, 43, 113]
[28, 33, 34, 39, 42]
[28, 33, 34, 40, 124]
[28, 33, 34, 40, 42]
[28, 33, 34, 42, 124]
[28, 33, 40, 42, 124]
[28, 34, 40, 42, 124]
[3, 14, 22, 106, 113]
[3, 14, 22, 27, 106]
[3, 14, 22, 27, 113]
[3, 14, 22, 27, 59]
[3, 14, 22, 27, 60]
[3, 14, 22, 59, 106]
[3, 14, 22, 59, 113]
[3, 14, 22, 59, 60]
[3, 14, 27, 105, 106]
[3, 14, 27, 106, 113]
[3, 14, 27, 44, 105]
[3, 14, 27, 44, 113]
[3, 14, 27, 44, 59]
[3, 14, 27, 59, 105]
[3, 14, 27, 59, 106]
[3, 14, 27, 59, 113]
[3, 14, 27, 59, 60]
[3, 14, 43, 59, 105]
[3, 14, 43, 59, 113]
[3, 14, 44, 59, 105]
[3, 14, 44, 59, 113]
[3, 14, 59, 105, 106]
[3, 14, 59, 106, 113]
[3, 14, 59, 60, 63]
[3, 17, 44, 59, 105]
[3, 22, 27, 106, 113]
[3, 22, 27, 59, 106]
[3, 22, 27, 59, 113]
[3, 22, 27, 59, 60]
[3, 22, 57, 59, 60]
[3, 22, 59, 106, 113]
[32, 50, 100, 101, 102]
[3, 27, 44, 59, 105]
[3, 27, 44, 59, 113]
[3, 27, 59, 105, 106]
[3, 27, 59, 106, 113]
[32, 97, 100, 101, 102]
[32, 97, 100, 102, 103]
[33, 34, 40, 42, 124]
[3, 4, 5, 43, 105]
[3, 4, 5, 44, 105]
[3, 5, 14, 43, 105]
[3, 5, 14, 44, 105]
[3, 57, 59, 60, 63]
[3, 7, 14, 106, 113]
[3, 7, 14, 22, 106]
[3, 7, 14, 22, 113]
[3, 7, 14, 22, 27]
[3, 7, 14, 22, 59]
[3, 7, 14, 27, 106]
[3, 7, 14, 27, 113]
[3, 7, 14, 27, 59]
[3, 7, 14, 59, 106]
[3, 7, 14, 59, 113]
[3, 7, 22, 106, 113]
[3, 7, 22, 27, 106]
[3, 7, 22, 27, 113]
[3, 7, 22, 27, 59]
[3, 7, 22, 59, 106]
[3, 7, 22, 59, 113]
[3, 7, 27, 106, 113]
[3, 7, 27, 59, 106]
[3, 7, 27, 59, 113]
[3, 7, 59, 106, 113]
[3, 7, 8, 14, 113]
[3, 7, 8, 14, 27]
[3, 7, 8, 27, 113]
[3, 8, 14, 27, 113]
[3, 8, 14, 43, 113]
[38, 74, 76, 80, 83]
[38, 74, 76, 80, 84]
[38, 74, 76, 80, 86]
[38, 74, 76, 83, 84]
[38, 74, 76, 83, 86]
[38, 74, 76, 84, 86]
[38, 74, 80, 83, 84]
[38, 74, 80, 83, 86]
[38, 74, 80, 84, 86]
[38, 74, 83, 84, 86]
[38, 76, 80, 83, 139]
[38, 76, 80, 83, 84]
[38, 76, 80, 83, 86]
[38, 76, 80, 84, 86]
[38, 76, 83, 84, 86]
[38, 80, 83, 84, 86]
[41, 128, 144, 150, 156]
[41, 128, 144, 150, 184]
[41, 128, 144, 150, 185]
[41, 128, 144, 156, 169]
[41, 128, 144, 156, 184]
[41, 128, 144, 156, 185]
[41, 128, 144, 169, 184]
[41, 128, 144, 169, 185]
[41, 128, 144, 184, 185]
[41, 128, 150, 156, 178]
[41, 128, 150, 156, 184]
[41, 128, 150, 156, 185]
[41, 128, 150, 178, 184]
[41, 128, 150, 184, 185]
[41, 128, 156, 166, 169]
[41, 128, 156, 166, 178]
[41, 128, 156, 166, 184]
[41, 128, 156, 169, 178]
[41, 128, 156, 169, 184]
[41, 128, 156, 169, 185]
[41, 128, 156, 178, 184]
[41, 128, 156, 184, 185]
[41, 128, 166, 167, 169]
[41, 128, 166, 167, 172]
[41, 128, 166, 167, 178]
[41, 128, 166, 167, 184]
[41, 128, 166, 169, 178]
[41, 128, 166, 169, 184]
[41, 128, 166, 178, 184]
[41, 128, 167, 169, 178]
[41, 128, 167, 169, 184]
[41, 128, 167, 178, 184]
[41, 128, 169, 178, 184]
[41, 128, 169, 184, 185]
[41, 144, 145, 156, 169]
[41, 144, 145, 156, 184]
[41, 144, 145, 156, 185]
[41, 144, 145, 169, 183]
[41, 144, 145, 169, 184]
[41, 144, 145, 169, 185]
[41, 144, 145, 183, 184]
[41, 144, 145, 183, 185]
[41, 144, 145, 183, 209]
[41, 144, 145, 183, 214]
[41, 144, 145, 184, 185]
[41, 144, 145, 184, 209]
[41, 144, 145, 184, 214]
[41, 144, 145, 185, 209]
[41, 144, 145, 185, 214]
[41, 144, 150, 156, 184]
[41, 144, 150, 156, 185]
[41, 144, 150, 184, 185]
[41, 144, 150, 184, 214]
[41, 144, 150, 185, 214]
[41, 144, 156, 169, 184]
[41, 144, 156, 169, 185]
[41, 144, 156, 184, 185]
[41, 144, 169, 183, 184]
[41, 144, 169, 183, 185]
[41, 144, 169, 184, 185]
[41, 144, 183, 184, 185]
[41, 144, 183, 184, 209]
[41, 144, 183, 184, 214]
[41, 144, 183, 185, 209]
[41, 144, 183, 185, 214]
[41, 144, 184, 185, 209]
[41, 144, 184, 185, 214]
[41, 145, 156, 169, 184]
[41, 145, 156, 169, 185]
[41, 145, 156, 184, 185]
[41, 145, 169, 183, 184]
[41, 145, 169, 183, 185]
[41, 145, 169, 184, 185]
[41, 145, 183, 184, 185]
[41, 145, 183, 184, 209]
[41, 145, 183, 184, 214]
[41, 145, 183, 185, 209]
[41, 145, 183, 185, 214]
[41, 145, 184, 185, 209]
[41, 145, 184, 185, 214]
[41, 150, 156, 178, 184]
[41, 150, 156, 184, 185]
[41, 150, 184, 185, 214]
[41, 156, 166, 169, 178]
[41, 156, 166, 169, 184]
[41, 156, 166, 178, 184]
[41, 156, 169, 178, 184]
[41, 156, 169, 184, 185]
[41, 166, 167, 169, 178]
[41, 166, 167, 169, 184]
[41, 166, 167, 172, 175]
[41, 166, 167, 178, 184]
[41, 166, 169, 178, 184]
[41, 167, 169, 178, 184]
[41, 169, 183, 184, 185]
[41, 183, 184, 185, 209]
[41, 183, 184, 185, 214]
[41, 52, 131, 169, 215]
[41, 52, 61, 131, 169]
[41, 52, 61, 131, 215]
[41, 52, 61, 169, 215]
[41, 52, 61, 70, 131]
[41, 52, 61, 70, 169]
[41, 52, 61, 70, 215]
[41, 52, 70, 131, 169]
[41, 52, 70, 131, 172]
[41, 52, 70, 131, 215]
[41, 52, 70, 169, 215]
[41, 55, 57, 58, 146]
[41, 55, 57, 58, 61]
[41, 55, 57, 61, 146]
[41, 55, 58, 61, 146]
[41, 55, 58, 61, 62]
[41, 55, 58, 62, 146]
[41, 55, 61, 62, 146]
[41, 55, 61, 62, 70]
[41, 55, 61, 70, 146]
[41, 55, 62, 70, 146]
[41, 57, 58, 61, 146]
[41, 58, 61, 62, 146]
[41, 61, 116, 120, 128]
[41, 61, 120, 128, 169]
[41, 61, 120, 169, 215]
[41, 61, 128, 167, 169]
[41, 61, 131, 169, 215]
[41, 61, 62, 116, 120]
[41, 61, 62, 116, 128]
[41, 61, 62, 120, 128]
[41, 61, 62, 120, 169]
[41, 61, 62, 120, 215]
[41, 61, 62, 128, 146]
[41, 61, 62, 128, 167]
[41, 61, 62, 128, 169]
[41, 61, 62, 131, 169]
[41, 61, 62, 131, 215]
[41, 61, 62, 167, 169]
[41, 61, 62, 169, 215]
[41, 61, 62, 70, 116]
[41, 61, 62, 70, 120]
[41, 61, 62, 70, 128]
[41, 61, 62, 70, 131]
[41, 61, 62, 70, 146]
[41, 61, 62, 70, 167]
[41, 61, 62, 70, 169]
[41, 61, 62, 70, 215]
[41, 61, 70, 116, 120]
[41, 61, 70, 116, 128]
[41, 61, 70, 120, 128]
[41, 61, 70, 120, 169]
[41, 61, 70, 120, 215]
[41, 61, 70, 128, 146]
[41, 61, 70, 128, 167]
[41, 61, 70, 128, 169]
[41, 61, 70, 131, 169]
[41, 61, 70, 131, 215]
[41, 61, 70, 167, 169]
[41, 61, 70, 169, 215]
[41, 62, 116, 120, 128]
[41, 62, 120, 128, 169]
[41, 62, 120, 169, 215]
[41, 62, 128, 167, 169]
[41, 62, 131, 169, 215]
[41, 62, 70, 116, 120]
[41, 62, 70, 116, 128]
[41, 62, 70, 120, 128]
[41, 62, 70, 120, 169]
[41, 62, 70, 120, 215]
[41, 62, 70, 128, 146]
[41, 62, 70, 128, 167]
[41, 62, 70, 128, 169]
[41, 62, 70, 131, 169]
[41, 62, 70, 131, 215]
[41, 62, 70, 145, 169]
[41, 62, 70, 167, 169]
[41, 62, 70, 169, 215]
[41, 65, 128, 144, 150]
[41, 65, 128, 144, 156]
[41, 65, 128, 144, 184]
[41, 65, 128, 144, 185]
[41, 65, 128, 150, 156]
[41, 65, 128, 150, 178]
[41, 65, 128, 150, 184]
[41, 65, 128, 150, 185]
[41, 65, 128, 156, 178]
[41, 65, 128, 156, 184]
[41, 65, 128, 156, 185]
[41, 65, 128, 178, 184]
[41, 65, 128, 184, 185]
[41, 65, 144, 145, 156]
[41, 65, 144, 145, 183]
[41, 65, 144, 145, 184]
[41, 65, 144, 145, 185]
[41, 65, 144, 145, 214]
[41, 65, 144, 150, 156]
[41, 65, 144, 150, 184]
[41, 65, 144, 150, 185]
[41, 65, 144, 150, 214]
[41, 65, 144, 156, 184]
[41, 65, 144, 156, 185]
[41, 65, 144, 183, 184]
[41, 65, 144, 183, 185]
[41, 65, 144, 183, 214]
[41, 65, 144, 184, 185]
[41, 65, 144, 184, 214]
[41, 65, 144, 185, 214]
[41, 65, 145, 156, 184]
[41, 65, 145, 156, 185]
[41, 65, 145, 183, 184]
[41, 65, 145, 183, 185]
[41, 65, 145, 183, 214]
[41, 65, 145, 184, 185]
[41, 65, 145, 184, 214]
[41, 65, 145, 185, 214]
[41, 65, 150, 156, 178]
[41, 65, 150, 156, 184]
[41, 65, 150, 156, 185]
[41, 65, 150, 178, 184]
[41, 65, 150, 184, 185]
[41, 65, 150, 184, 214]
[41, 65, 150, 185, 214]
[41, 65, 156, 178, 184]
[41, 65, 156, 184, 185]
[41, 65, 183, 184, 185]
[41, 65, 183, 184, 214]
[41, 65, 183, 185, 214]
[41, 65, 184, 185, 214]
[41, 70, 116, 120, 128]
[41, 70, 116, 128, 156]
[41, 70, 116, 128, 172]
[41, 70, 120, 128, 169]
[41, 70, 120, 169, 215]
[41, 70, 128, 144, 150]
[41, 70, 128, 144, 156]
[41, 70, 128, 144, 169]
[41, 70, 128, 146, 172]
[41, 70, 128, 150, 156]
[41, 70, 128, 156, 166]
[41, 70, 128, 156, 169]
[41, 70, 128, 166, 167]
[41, 70, 128, 166, 169]
[41, 70, 128, 166, 172]
[41, 70, 128, 167, 169]
[41, 70, 128, 167, 172]
[41, 70, 131, 169, 215]
[41, 70, 144, 145, 156]
[41, 70, 144, 145, 169]
[41, 70, 144, 150, 156]
[41, 70, 144, 156, 169]
[41, 70, 145, 156, 169]
[41, 70, 156, 166, 169]
[41, 70, 166, 167, 169]
[41, 70, 166, 167, 172]
[46, 47, 90, 92, 93]
[46, 47, 90, 92, 96]
[46, 47, 90, 93, 96]
[46, 47, 92, 115, 147]
[46, 47, 92, 93, 115]
[46, 47, 92, 93, 147]
[46, 47, 92, 93, 96]
[46, 47, 92, 96, 115]
[46, 47, 92, 96, 147]
[46, 47, 93, 115, 147]
[46, 47, 93, 96, 115]
[46, 47, 93, 96, 147]
[46, 47, 96, 115, 147]
[46, 90, 92, 93, 96]
[46, 92, 93, 115, 147]
[46, 92, 93, 96, 115]
[46, 92, 93, 96, 147]
[46, 92, 96, 115, 147]
[46, 93, 96, 115, 147]
[47, 115, 138, 147, 170]
[47, 115, 138, 163, 170]
[47, 115, 147, 170, 177]
[47, 115, 163, 170, 177]
[47, 138, 147, 170, 172]
[47, 138, 163, 170, 172]
[47, 54, 115, 116, 170]
[47, 54, 116, 121, 170]
[47, 90, 92, 93, 96]
[47, 90, 92, 94, 96]
[47, 92, 115, 138, 147]
[47, 92, 115, 138, 163]
[47, 92, 115, 138, 170]
[47, 92, 115, 147, 170]
[47, 92, 115, 147, 177]
[47, 92, 115, 163, 170]
[47, 92, 115, 163, 177]
[47, 92, 115, 170, 177]
[47, 92, 138, 147, 170]
[47, 92, 138, 147, 172]
[47, 92, 138, 163, 170]
[47, 92, 138, 163, 172]
[47, 92, 138, 170, 172]
[47, 92, 147, 170, 172]
[47, 92, 147, 170, 177]
[47, 92, 163, 170, 172]
[47, 92, 163, 170, 177]
[47, 92, 93, 115, 147]
[47, 92, 93, 115, 163]
[47, 92, 93, 115, 170]
[47, 92, 93, 115, 177]
[47, 92, 93, 147, 170]
[47, 92, 93, 147, 177]
[47, 92, 93, 163, 170]
[47, 92, 93, 163, 177]
[47, 92, 93, 170, 177]
[47, 92, 93, 96, 115]
[47, 92, 93, 96, 147]
[47, 92, 93, 96, 163]
[47, 92, 93, 96, 170]
[47, 92, 93, 96, 177]
[47, 92, 94, 96, 138]
[47, 92, 96, 115, 138]
[47, 92, 96, 115, 147]
[47, 92, 96, 115, 163]
[47, 92, 96, 115, 170]
[47, 92, 96, 115, 177]
[47, 92, 96, 138, 147]
[47, 92, 96, 138, 163]
[47, 92, 96, 138, 170]
[47, 92, 96, 138, 172]
[47, 92, 96, 147, 170]
[47, 92, 96, 147, 172]
[47, 92, 96, 147, 177]
[47, 92, 96, 163, 170]
[47, 92, 96, 163, 172]
[47, 92, 96, 163, 177]
[47, 92, 96, 170, 172]
[47, 92, 96, 170, 177]
[47, 93, 115, 147, 170]
[47, 93, 115, 147, 177]
[47, 93, 115, 163, 170]
[47, 93, 115, 163, 177]
[47, 93, 115, 170, 177]
[47, 93, 147, 170, 177]
[47, 93, 163, 170, 177]
[47, 93, 96, 115, 147]
[47, 93, 96, 115, 163]
[47, 93, 96, 115, 170]
[47, 93, 96, 115, 177]
[47, 93, 96, 147, 170]
[47, 93, 96, 147, 177]
[47, 93, 96, 163, 170]
[47, 93, 96, 163, 177]
[47, 93, 96, 170, 177]
[47, 94, 141, 166, 167]
[47, 96, 115, 116, 170]
[47, 96, 115, 138, 147]
[47, 96, 115, 138, 163]
[47, 96, 115, 138, 170]
[47, 96, 115, 147, 170]
[47, 96, 115, 147, 177]
[47, 96, 115, 163, 170]
[47, 96, 115, 163, 177]
[47, 96, 115, 170, 177]
[47, 96, 116, 170, 172]
[47, 96, 138, 147, 170]
[47, 96, 138, 147, 172]
[47, 96, 138, 163, 170]
[47, 96, 138, 163, 172]
[47, 96, 138, 170, 172]
[47, 96, 147, 170, 172]
[47, 96, 147, 170, 177]
[47, 96, 163, 170, 172]
[47, 96, 163, 170, 177]
[48, 55, 56, 58, 146]
[50, 51, 54, 148, 179]
[50, 51, 73, 118, 179]
[50, 54, 120, 170, 179]
[51, 52, 53, 70, 131]
[51, 52, 54, 131, 148]
[51, 52, 70, 131, 148]
[51, 52, 70, 73, 131]
[51, 53, 70, 125, 131]
[51, 53, 70, 131, 162]
[51, 54, 131, 148, 179]
[51, 70, 131, 148, 179]
[51, 70, 73, 131, 162]
[51, 70, 73, 131, 179]
[51, 73, 118, 131, 179]
[52, 53, 67, 131, 169]
[52, 53, 67, 70, 131]
[52, 53, 67, 70, 169]
[52, 53, 70, 131, 169]
[52, 61, 131, 169, 215]
[52, 61, 70, 131, 148]
[52, 61, 70, 131, 169]
[52, 61, 70, 131, 215]
[52, 61, 70, 169, 215]
[52, 67, 70, 131, 169]
[52, 67, 70, 73, 131]
[52, 67, 70, 73, 169]
[52, 67, 73, 131, 169]
[52, 70, 131, 169, 215]
[52, 70, 73, 131, 169]
[53, 67, 70, 131, 169]
[53, 70, 131, 162, 169]
[54, 115, 116, 120, 170]
[54, 116, 120, 121, 170]
[54, 120, 121, 170, 179]
[54, 64, 65, 71, 121]
[54, 65, 71, 121, 184]
[55, 56, 57, 58, 146]
[55, 56, 57, 58, 60]
[55, 56, 57, 58, 63]
[55, 56, 57, 58, 64]
[55, 56, 57, 60, 63]
[55, 56, 57, 60, 64]
[55, 56, 57, 63, 146]
[55, 56, 57, 63, 64]
[55, 56, 57, 64, 146]
[55, 56, 58, 60, 63]
[55, 56, 58, 60, 64]
[55, 56, 58, 63, 146]
[55, 56, 58, 63, 64]
[55, 56, 58, 64, 146]
[55, 56, 60, 63, 64]
[55, 56, 63, 64, 146]
[55, 57, 58, 59, 146]
[55, 57, 58, 59, 60]
[55, 57, 58, 59, 63]
[55, 57, 58, 60, 63]
[55, 57, 58, 60, 64]
[55, 57, 58, 61, 146]
[55, 57, 58, 61, 63]
[55, 57, 58, 63, 146]
[55, 57, 58, 63, 64]
[55, 57, 58, 64, 146]
[55, 57, 59, 60, 63]
[55, 57, 59, 63, 146]
[55, 57, 60, 63, 64]
[55, 57, 61, 63, 146]
[55, 57, 63, 64, 146]
[55, 58, 59, 60, 63]
[55, 58, 59, 63, 146]
[55, 58, 60, 63, 64]
[55, 58, 61, 62, 146]
[55, 58, 61, 62, 63]
[55, 58, 61, 63, 146]
[55, 58, 62, 63, 146]
[55, 58, 63, 64, 146]
[55, 59, 63, 70, 146]
[55, 61, 62, 63, 146]
[55, 61, 62, 63, 70]
[55, 61, 62, 70, 146]
[55, 61, 63, 70, 146]
[55, 62, 63, 70, 146]
[56, 57, 58, 60, 63]
[56, 57, 58, 60, 64]
[56, 57, 58, 63, 146]
[56, 57, 58, 63, 64]
[56, 57, 58, 64, 146]
[56, 57, 60, 63, 64]
[56, 57, 63, 64, 146]
[56, 58, 60, 63, 64]
[56, 58, 63, 64, 146]
[57, 58, 59, 60, 63]
[57, 58, 59, 63, 146]
[57, 58, 60, 63, 64]
[57, 58, 61, 63, 146]
[57, 58, 63, 64, 146]
[57, 74, 76, 80, 86]
[58, 61, 62, 63, 146]
[61, 116, 120, 121, 128]
[61, 116, 120, 121, 170]
[61, 62, 116, 120, 121]
[61, 62, 116, 120, 128]
[61, 62, 116, 120, 170]
[61, 62, 116, 121, 128]
[61, 62, 116, 121, 170]
[61, 62, 116, 128, 165]
[61, 62, 116, 165, 170]
[61, 62, 120, 121, 128]
[61, 62, 120, 121, 170]
[61, 62, 120, 128, 169]
[61, 62, 120, 169, 215]
[61, 62, 128, 165, 169]
[61, 62, 128, 167, 169]
[61, 62, 131, 169, 215]
[61, 62, 63, 70, 120]
[61, 62, 63, 70, 146]
[61, 62, 63, 70, 165]
[61, 62, 70, 116, 120]
[61, 62, 70, 116, 121]
[61, 62, 70, 116, 128]
[61, 62, 70, 116, 165]
[61, 62, 70, 116, 170]
[61, 62, 70, 120, 121]
[61, 62, 70, 120, 128]
[61, 62, 70, 120, 169]
[61, 62, 70, 120, 170]
[61, 62, 70, 120, 215]
[61, 62, 70, 121, 128]
[61, 62, 70, 121, 170]
[61, 62, 70, 128, 146]
[61, 62, 70, 128, 165]
[61, 62, 70, 128, 167]
[61, 62, 70, 128, 169]
[61, 62, 70, 131, 148]
[61, 62, 70, 131, 169]
[61, 62, 70, 131, 215]
[61, 62, 70, 165, 169]
[61, 62, 70, 165, 170]
[61, 62, 70, 167, 169]
[61, 62, 70, 169, 215]
[61, 70, 116, 120, 121]
[61, 70, 116, 120, 128]
[61, 70, 116, 120, 170]
[61, 70, 116, 121, 128]
[61, 70, 116, 121, 170]
[61, 70, 116, 128, 165]
[61, 70, 116, 165, 170]
[61, 70, 120, 121, 128]
[61, 70, 120, 121, 170]
[61, 70, 120, 128, 169]
[61, 70, 120, 169, 215]
[61, 70, 128, 165, 169]
[61, 70, 128, 167, 169]
[61, 70, 131, 169, 215]
[62, 116, 120, 121, 128]
[62, 116, 120, 121, 170]
[62, 70, 116, 120, 121]
[62, 70, 116, 120, 128]
[62, 70, 116, 120, 170]
[62, 70, 116, 121, 128]
[62, 70, 116, 121, 170]
[62, 70, 116, 128, 165]
[62, 70, 116, 165, 170]
[62, 70, 120, 121, 128]
[62, 70, 120, 121, 170]
[62, 70, 120, 128, 169]
[62, 70, 120, 169, 215]
[62, 70, 128, 165, 169]
[62, 70, 128, 167, 169]
[62, 70, 131, 169, 215]
[64, 121, 149, 150, 212]
[64, 121, 149, 150, 216]
[64, 121, 149, 212, 216]
[64, 121, 150, 212, 216]
[64, 149, 150, 212, 216]
[64, 65, 121, 149, 150]
[64, 65, 121, 149, 212]
[64, 65, 121, 150, 212]
[64, 65, 149, 150, 212]
[64, 65, 71, 121, 149]
[64, 65, 71, 121, 212]
[64, 65, 71, 149, 212]
[64, 71, 121, 149, 212]
[64, 71, 121, 149, 216]
[64, 71, 121, 212, 216]
[64, 71, 149, 212, 216]
[65, 121, 128, 150, 184]
[65, 121, 128, 150, 212]
[65, 121, 149, 150, 212]
[65, 126, 144, 150, 184]
[65, 126, 144, 150, 185]
[65, 126, 144, 183, 184]
[65, 126, 144, 183, 185]
[65, 126, 144, 184, 185]
[65, 126, 150, 184, 185]
[65, 126, 183, 184, 185]
[65, 128, 144, 150, 156]
[65, 128, 144, 150, 184]
[65, 128, 144, 150, 185]
[65, 128, 144, 150, 212]
[65, 128, 144, 156, 184]
[65, 128, 144, 156, 185]
[65, 128, 144, 156, 212]
[65, 128, 144, 184, 185]
[65, 128, 150, 156, 178]
[65, 128, 150, 156, 184]
[65, 128, 150, 156, 185]
[65, 128, 150, 156, 212]
[65, 128, 150, 178, 184]
[65, 128, 150, 178, 212]
[65, 128, 150, 184, 185]
[65, 128, 156, 178, 184]
[65, 128, 156, 178, 212]
[65, 128, 156, 184, 185]
[65, 144, 145, 156, 184]
[65, 144, 145, 156, 185]
[65, 144, 145, 182, 183]
[65, 144, 145, 182, 184]
[65, 144, 145, 182, 185]
[65, 144, 145, 183, 184]
[65, 144, 145, 183, 185]
[65, 144, 145, 183, 214]
[65, 144, 145, 184, 185]
[65, 144, 145, 184, 214]
[65, 144, 145, 185, 214]
[65, 144, 150, 156, 184]
[65, 144, 150, 156, 185]
[65, 144, 150, 156, 212]
[65, 144, 150, 184, 185]
[65, 144, 150, 184, 214]
[65, 144, 150, 185, 214]
[65, 144, 156, 184, 185]
[65, 144, 182, 183, 184]
[65, 144, 182, 183, 185]
[65, 144, 182, 184, 185]
[65, 144, 183, 184, 185]
[65, 144, 183, 184, 214]
[65, 144, 183, 185, 214]
[65, 144, 184, 185, 214]
[65, 145, 156, 184, 185]
[65, 145, 182, 183, 184]
[65, 145, 182, 183, 185]
[65, 145, 182, 184, 185]
[65, 145, 183, 184, 185]
[65, 145, 183, 184, 214]
[65, 145, 183, 185, 214]
[65, 145, 184, 185, 214]
[65, 150, 156, 178, 184]
[65, 150, 156, 178, 212]
[65, 150, 156, 184, 185]
[65, 150, 184, 185, 214]
[65, 182, 183, 184, 185]
[65, 183, 184, 185, 214]
[65, 71, 121, 149, 212]
[65, 71, 156, 178, 184]
[65, 71, 156, 178, 212]
[65, 71, 85, 126, 184]
[65, 85, 126, 144, 184]
[65, 85, 126, 144, 185]
[65, 85, 126, 184, 185]
[65, 85, 144, 184, 185]
[65, 98, 126, 144, 184]
[65, 98, 144, 145, 184]
[66, 134, 135, 157, 202]
[66, 134, 135, 157, 205]
[66, 134, 135, 157, 210]
[66, 134, 135, 202, 205]
[66, 134, 135, 202, 210]
[66, 134, 135, 205, 210]
[66, 134, 157, 202, 205]
[66, 134, 157, 202, 210]
[66, 134, 157, 205, 210]
[66, 134, 202, 205, 210]
[66, 135, 157, 202, 205]
[66, 135, 157, 202, 210]
[66, 135, 157, 205, 210]
[66, 135, 202, 205, 210]
[66, 157, 202, 205, 210]
[67, 70, 73, 131, 169]
[69, 72, 125, 166, 193]
[69, 72, 156, 166, 193]
[69, 72, 85, 125, 166]
[69, 72, 85, 88, 166]
[69, 72, 88, 166, 193]
[69, 72, 88, 89, 201]
[70, 108, 111, 112, 206]
[70, 111, 112, 206, 207]
[70, 111, 112, 206, 213]
[70, 111, 112, 207, 213]
[70, 111, 206, 207, 213]
[70, 112, 119, 120, 121]
[70, 112, 119, 121, 213]
[70, 112, 120, 121, 207]
[70, 112, 121, 206, 207]
[70, 112, 121, 206, 213]
[70, 112, 121, 207, 213]
[70, 112, 206, 207, 213]
[70, 116, 120, 121, 128]
[70, 116, 120, 121, 170]
[70, 116, 128, 156, 165]
[70, 119, 120, 121, 170]
[70, 120, 121, 170, 179]
[70, 121, 206, 207, 213]
[70, 125, 128, 166, 167]
[70, 127, 148, 163, 179]
[70, 128, 141, 166, 167]
[70, 128, 144, 150, 156]
[70, 128, 144, 156, 169]
[70, 128, 150, 156, 165]
[70, 128, 156, 165, 169]
[70, 128, 156, 166, 169]
[70, 128, 166, 167, 169]
[70, 128, 166, 167, 172]
[70, 144, 145, 156, 169]
[70, 144, 145, 156, 181]
[70, 144, 145, 181, 182]
[70, 163, 165, 170, 179]
[70, 73, 127, 163, 179]
[70, 73, 131, 162, 169]
[70, 73, 163, 165, 170]
[70, 73, 163, 165, 179]
[70, 73, 163, 170, 179]
[70, 73, 165, 170, 179]
[70, 83, 144, 145, 169]
[70, 83, 144, 145, 181]
[70, 83, 144, 145, 182]
[70, 83, 144, 181, 182]
[70, 83, 145, 181, 182]
[70, 87, 111, 112, 206]
[70, 87, 111, 112, 207]
[70, 87, 111, 112, 213]
[70, 87, 111, 206, 207]
[70, 87, 111, 206, 213]
[70, 87, 111, 207, 213]
[70, 87, 112, 206, 207]
[70, 87, 112, 206, 213]
[70, 87, 112, 207, 213]
[70, 87, 206, 207, 213]
[71, 121, 149, 212, 216]
[71, 141, 143, 166, 167]
[71, 156, 166, 178, 184]
[71, 166, 167, 178, 184]
[7, 14, 106, 113, 140]
[7, 14, 22, 106, 113]
[7, 14, 22, 27, 106]
[7, 14, 22, 27, 113]
[7, 14, 22, 27, 59]
[7, 14, 22, 59, 106]
[7, 14, 22, 59, 113]
[7, 14, 27, 106, 113]
[7, 14, 27, 59, 106]
[7, 14, 27, 59, 113]
[7, 14, 59, 106, 113]
[71, 72, 141, 143, 166]
[71, 72, 85, 141, 143]
[71, 72, 85, 141, 166]
[71, 72, 85, 143, 166]
[71, 72, 85, 143, 194]
[71, 85, 126, 166, 184]
[71, 85, 141, 143, 166]
[71, 85, 94, 141, 166]
[71, 94, 141, 166, 167]
[71, 94, 166, 167, 178]
[7, 22, 27, 106, 113]
[7, 22, 27, 113, 123]
[7, 22, 27, 59, 106]
[7, 22, 27, 59, 113]
[7, 22, 59, 106, 113]
[7, 27, 106, 113, 124]
[7, 27, 107, 113, 124]
[7, 27, 113, 123, 124]
[7, 27, 59, 106, 113]
[72, 85, 141, 143, 166]
[72, 85, 88, 141, 143]
[72, 85, 88, 141, 166]
[72, 85, 88, 143, 166]
[72, 85, 88, 143, 194]
[72, 88, 141, 143, 166]
[72, 88, 89, 194, 201]
[73, 126, 166, 169, 184]
[73, 163, 165, 170, 179]
[74, 75, 76, 77, 79]
[74, 75, 76, 77, 83]
[74, 75, 76, 77, 84]
[74, 75, 76, 77, 86]
[74, 75, 76, 79, 83]
[74, 75, 76, 83, 84]
[74, 75, 76, 83, 86]
[74, 75, 76, 84, 86]
[74, 75, 77, 79, 83]
[74, 75, 77, 83, 84]
[74, 75, 77, 83, 86]
[74, 75, 77, 84, 86]
[74, 75, 83, 84, 86]
[74, 76, 77, 79, 83]
[74, 76, 77, 83, 84]
[74, 76, 77, 83, 86]
[74, 76, 77, 84, 86]
[74, 76, 80, 83, 84]
[74, 76, 80, 83, 86]
[74, 76, 80, 84, 86]
[74, 76, 83, 84, 86]
[74, 77, 83, 84, 86]
[74, 78, 79, 81, 82]
[74, 80, 83, 84, 86]
[75, 76, 77, 79, 83]
[75, 76, 77, 83, 84]
[75, 76, 77, 83, 86]
[75, 76, 77, 84, 86]
[75, 76, 83, 84, 86]
[75, 77, 83, 84, 86]
[75, 77, 84, 86, 135]
[76, 122, 151, 153, 154]
[76, 151, 153, 154, 173]
[76, 77, 83, 84, 86]
[76, 80, 83, 139, 184]
[76, 80, 83, 84, 86]
[76, 80, 83, 86, 184]
[76, 82, 122, 151, 153]
[76, 82, 122, 151, 154]
[76, 82, 122, 153, 154]
[76, 82, 151, 153, 154]
[7, 8, 107, 113, 124]
[7, 8, 14, 27, 113]
[78, 151, 168, 169, 176]
[78, 151, 168, 173, 174]
[78, 151, 168, 173, 176]
[78, 151, 168, 173, 187]
[78, 151, 168, 173, 188]
[78, 151, 168, 174, 176]
[78, 151, 168, 174, 186]
[78, 151, 168, 174, 187]
[78, 151, 168, 174, 188]
[78, 151, 168, 176, 186]
[78, 151, 168, 176, 187]
[78, 151, 168, 176, 188]
[78, 151, 168, 186, 187]
[78, 151, 168, 186, 188]
[78, 151, 168, 187, 188]
[78, 151, 173, 174, 176]
[78, 151, 173, 174, 187]
[78, 151, 173, 174, 188]
[78, 151, 173, 176, 187]
[78, 151, 173, 176, 188]
[78, 151, 173, 187, 188]
[78, 151, 174, 176, 186]
[78, 151, 174, 176, 187]
[78, 151, 174, 176, 188]
[78, 151, 174, 186, 187]
[78, 151, 174, 186, 188]
[78, 151, 174, 187, 188]
[78, 151, 176, 186, 187]
[78, 151, 176, 186, 188]
[78, 151, 176, 187, 188]
[78, 151, 186, 187, 188]
[78, 168, 169, 176, 190]
[78, 168, 173, 174, 176]
[78, 168, 173, 174, 187]
[78, 168, 173, 174, 188]
[78, 168, 173, 176, 187]
[78, 168, 173, 176, 188]
[78, 168, 173, 187, 188]
[78, 168, 174, 176, 186]
[78, 168, 174, 176, 187]
[78, 168, 174, 176, 188]
[78, 168, 174, 176, 190]
[78, 168, 174, 176, 195]
[78, 168, 174, 186, 187]
[78, 168, 174, 186, 188]
[78, 168, 174, 187, 188]
[78, 168, 174, 187, 190]
[78, 168, 174, 187, 195]
[78, 168, 174, 188, 190]
[78, 168, 174, 188, 195]
[78, 168, 176, 186, 187]
[78, 168, 176, 186, 188]
[78, 168, 176, 187, 188]
[78, 168, 176, 187, 190]
[78, 168, 176, 187, 195]
[78, 168, 176, 188, 190]
[78, 168, 176, 188, 195]
[78, 168, 186, 187, 188]
[78, 168, 187, 188, 190]
[78, 168, 187, 188, 195]
[78, 173, 174, 176, 187]
[78, 173, 174, 176, 188]
[78, 173, 174, 187, 188]
[78, 173, 176, 187, 188]
[78, 174, 176, 186, 187]
[78, 174, 176, 186, 188]
[78, 174, 176, 187, 188]
[78, 174, 176, 187, 190]
[78, 174, 176, 187, 195]
[78, 174, 176, 188, 190]
[78, 174, 176, 188, 195]
[78, 174, 186, 187, 188]
[78, 174, 187, 188, 190]
[78, 174, 187, 188, 195]
[78, 176, 186, 187, 188]
[78, 176, 187, 188, 190]
[78, 176, 187, 188, 195]
[7, 8, 27, 107, 113]
[7, 8, 27, 107, 124]
[7, 8, 27, 113, 124]
[78, 79, 81, 151, 174]
[78, 79, 81, 82, 151]
[78, 81, 151, 168, 169]
[78, 81, 151, 168, 173]
[78, 81, 151, 168, 174]
[78, 81, 151, 168, 176]
[78, 81, 151, 168, 186]
[78, 81, 151, 168, 187]
[78, 81, 151, 168, 188]
[78, 81, 151, 169, 176]
[78, 81, 151, 173, 174]
[78, 81, 151, 173, 176]
[78, 81, 151, 173, 187]
[78, 81, 151, 173, 188]
[78, 81, 151, 174, 176]
[78, 81, 151, 174, 186]
[78, 81, 151, 174, 187]
[78, 81, 151, 174, 188]
[78, 81, 151, 176, 186]
[78, 81, 151, 176, 187]
[78, 81, 151, 176, 188]
[78, 81, 151, 186, 187]
[78, 81, 151, 186, 188]
[78, 81, 151, 187, 188]
[78, 81, 168, 169, 176]
[78, 81, 168, 173, 174]
[78, 81, 168, 173, 176]
[78, 81, 168, 173, 187]
[78, 81, 168, 173, 188]
[78, 81, 168, 174, 176]
[78, 81, 168, 174, 186]
[78, 81, 168, 174, 187]
[78, 81, 168, 174, 188]
[78, 81, 168, 174, 195]
[78, 81, 168, 176, 186]
[78, 81, 168, 176, 187]
[78, 81, 168, 176, 188]
[78, 81, 168, 176, 195]
[78, 81, 168, 186, 187]
[78, 81, 168, 186, 188]
[78, 81, 168, 187, 188]
[78, 81, 168, 187, 195]
[78, 81, 168, 188, 195]
[78, 81, 173, 174, 176]
[78, 81, 173, 174, 187]
[78, 81, 173, 174, 188]
[78, 81, 173, 176, 187]
[78, 81, 173, 176, 188]
[78, 81, 173, 187, 188]
[78, 81, 174, 176, 186]
[78, 81, 174, 176, 187]
[78, 81, 174, 176, 188]
[78, 81, 174, 176, 195]
[78, 81, 174, 186, 187]
[78, 81, 174, 186, 188]
[78, 81, 174, 187, 188]
[78, 81, 174, 187, 195]
[78, 81, 174, 188, 195]
[78, 81, 176, 186, 187]
[78, 81, 176, 186, 188]
[78, 81, 176, 187, 188]
[78, 81, 176, 187, 195]
[78, 81, 176, 188, 195]
[78, 81, 186, 187, 188]
[78, 81, 187, 188, 195]
[78, 81, 82, 151, 169]
[79, 81, 82, 134, 184]
[81, 134, 184, 187, 195]
[81, 151, 168, 169, 176]
[81, 151, 168, 173, 174]
[81, 151, 168, 173, 176]
[81, 151, 168, 173, 187]
[81, 151, 168, 173, 188]
[81, 151, 168, 174, 176]
[81, 151, 168, 174, 186]
[81, 151, 168, 174, 187]
[81, 151, 168, 174, 188]
[81, 151, 168, 174, 205]
[81, 151, 168, 176, 186]
[81, 151, 168, 176, 187]
[81, 151, 168, 176, 188]
[81, 151, 168, 176, 205]
[81, 151, 168, 186, 187]
[81, 151, 168, 186, 188]
[81, 151, 168, 187, 188]
[81, 151, 168, 188, 205]
[81, 151, 173, 174, 176]
[81, 151, 173, 174, 187]
[81, 151, 173, 174, 188]
[81, 151, 173, 176, 187]
[81, 151, 173, 176, 188]
[81, 151, 173, 187, 188]
[81, 151, 174, 176, 186]
[81, 151, 174, 176, 187]
[81, 151, 174, 176, 188]
[81, 151, 174, 176, 205]
[81, 151, 174, 186, 187]
[81, 151, 174, 186, 188]
[81, 151, 174, 187, 188]
[81, 151, 174, 188, 205]
[81, 151, 176, 186, 187]
[81, 151, 176, 186, 188]
[81, 151, 176, 187, 188]
[81, 151, 176, 188, 205]
[81, 151, 186, 187, 188]
[81, 168, 173, 174, 176]
[81, 168, 173, 174, 187]
[81, 168, 173, 174, 188]
[81, 168, 173, 176, 187]
[81, 168, 173, 176, 188]
[81, 168, 173, 187, 188]
[81, 168, 174, 176, 186]
[81, 168, 174, 176, 187]
[81, 168, 174, 176, 188]
[81, 168, 174, 176, 195]
[81, 168, 174, 176, 205]
[81, 168, 174, 186, 187]
[81, 168, 174, 186, 188]
[81, 168, 174, 187, 188]
[81, 168, 174, 187, 195]
[81, 168, 174, 188, 195]
[81, 168, 174, 188, 205]
[81, 168, 174, 195, 205]
[81, 168, 176, 186, 187]
[81, 168, 176, 186, 188]
[81, 168, 176, 187, 188]
[81, 168, 176, 187, 195]
[81, 168, 176, 188, 195]
[81, 168, 176, 188, 205]
[81, 168, 176, 195, 205]
[81, 168, 186, 187, 188]
[81, 168, 187, 188, 195]
[81, 168, 188, 195, 205]
[81, 173, 174, 176, 187]
[81, 173, 174, 176, 188]
[81, 173, 174, 187, 188]
[81, 173, 176, 187, 188]
[81, 174, 176, 186, 187]
[81, 174, 176, 186, 188]
[81, 174, 176, 187, 188]
[81, 174, 176, 187, 195]
[81, 174, 176, 188, 195]
[81, 174, 176, 188, 205]
[81, 174, 176, 195, 205]
[81, 174, 186, 187, 188]
[81, 174, 187, 188, 195]
[81, 174, 188, 195, 205]
[81, 176, 186, 187, 188]
[81, 176, 187, 188, 195]
[81, 176, 188, 195, 205]
[8, 17, 31, 35, 107]
[82, 122, 151, 153, 154]
[8, 27, 107, 113, 124]
[8, 27, 28, 107, 124]
[8, 27, 28, 42, 124]
[8, 27, 42, 113, 124]
[83, 139, 144, 145, 169]
[83, 139, 144, 145, 181]
[83, 139, 144, 145, 182]
[83, 139, 144, 145, 184]
[83, 139, 144, 145, 185]
[83, 139, 144, 169, 184]
[83, 139, 144, 169, 185]
[83, 139, 144, 181, 182]
[83, 139, 144, 181, 184]
[83, 139, 144, 181, 185]
[83, 139, 144, 182, 184]
[83, 139, 144, 182, 185]
[83, 139, 144, 184, 185]
[83, 139, 145, 169, 184]
[83, 139, 145, 169, 185]
[83, 139, 145, 181, 182]
[83, 139, 145, 181, 184]
[83, 139, 145, 181, 185]
[83, 139, 145, 182, 184]
[83, 139, 145, 182, 185]
[83, 139, 145, 184, 185]
[83, 139, 169, 184, 185]
[83, 139, 181, 182, 184]
[83, 139, 181, 182, 185]
[83, 139, 181, 184, 185]
[83, 139, 182, 184, 185]
[83, 144, 145, 169, 184]
[83, 144, 145, 169, 185]
[83, 144, 145, 181, 182]
[83, 144, 145, 181, 184]
[83, 144, 145, 181, 185]
[83, 144, 145, 182, 184]
[83, 144, 145, 182, 185]
[83, 144, 145, 184, 185]
[83, 144, 169, 184, 185]
[83, 144, 181, 182, 184]
[83, 144, 181, 182, 185]
[83, 144, 181, 184, 185]
[83, 144, 182, 184, 185]
[83, 145, 169, 184, 185]
[83, 145, 181, 182, 184]
[83, 145, 181, 182, 185]
[83, 145, 181, 184, 185]
[83, 145, 182, 184, 185]
[83, 181, 182, 184, 185]
[85, 125, 126, 166, 184]
[85, 125, 126, 184, 185]
[85, 126, 139, 144, 169]
[85, 126, 139, 144, 184]
[85, 126, 139, 144, 185]
[85, 126, 139, 169, 184]
[85, 126, 139, 169, 185]
[85, 126, 139, 184, 185]
[85, 126, 142, 166, 184]
[85, 126, 144, 169, 184]
[85, 126, 144, 169, 185]
[85, 126, 144, 184, 185]
[85, 126, 166, 169, 184]
[85, 126, 169, 184, 185]
[85, 135, 139, 144, 184]
[85, 135, 139, 144, 185]
[85, 135, 139, 184, 185]
[85, 135, 144, 184, 185]
[85, 139, 144, 169, 184]
[85, 139, 144, 169, 185]
[85, 139, 144, 184, 185]
[85, 139, 169, 184, 185]
[85, 141, 143, 164, 166]
[85, 144, 169, 184, 185]
[85, 88, 141, 143, 166]
[85, 88, 94, 141, 166]
[87, 110, 111, 112, 129]
[87, 110, 111, 112, 130]
[87, 110, 111, 112, 206]
[87, 110, 111, 112, 207]
[87, 110, 111, 129, 130]
[87, 110, 111, 129, 206]
[87, 110, 111, 129, 207]
[87, 110, 111, 130, 206]
[87, 110, 111, 130, 207]
[87, 110, 111, 206, 207]
[87, 110, 112, 129, 130]
[87, 110, 112, 129, 206]
[87, 110, 112, 129, 207]
[87, 110, 112, 130, 206]
[87, 110, 112, 130, 207]
[87, 110, 112, 206, 207]
[87, 110, 129, 130, 206]
[87, 110, 129, 130, 207]
[87, 110, 129, 206, 207]
[87, 110, 130, 206, 207]
[87, 111, 112, 129, 130]
[87, 111, 112, 129, 206]
[87, 111, 112, 129, 207]
[87, 111, 112, 129, 213]
[87, 111, 112, 130, 206]
[87, 111, 112, 130, 207]
[87, 111, 112, 206, 207]
[87, 111, 112, 206, 213]
[87, 111, 112, 207, 213]
[87, 111, 129, 130, 206]
[87, 111, 129, 130, 207]
[87, 111, 129, 206, 207]
[87, 111, 129, 206, 213]
[87, 111, 129, 207, 213]
[87, 111, 130, 206, 207]
[87, 111, 206, 207, 213]
[87, 112, 129, 130, 206]
[87, 112, 129, 130, 207]
[87, 112, 129, 206, 207]
[87, 112, 129, 206, 213]
[87, 112, 129, 207, 213]
[87, 112, 130, 206, 207]
[87, 112, 206, 207, 213]
[87, 129, 130, 206, 207]
[87, 129, 206, 207, 213]
[90, 92, 94, 95, 96]
[92, 115, 138, 147, 170]
[92, 115, 138, 163, 170]
[92, 115, 147, 170, 177]
[92, 115, 163, 170, 177]
[92, 138, 147, 170, 172]
[92, 138, 163, 170, 172]
[92, 93, 115, 147, 170]
[92, 93, 115, 147, 177]
[92, 93, 115, 163, 170]
[92, 93, 115, 163, 177]
[92, 93, 115, 170, 177]
[92, 93, 147, 170, 177]
[92, 93, 163, 170, 177]
[92, 93, 96, 115, 147]
[92, 93, 96, 115, 163]
[92, 93, 96, 115, 170]
[92, 93, 96, 115, 177]
[92, 93, 96, 147, 170]
[92, 93, 96, 147, 177]
[92, 93, 96, 163, 170]
[92, 93, 96, 163, 177]
[92, 93, 96, 170, 177]
[92, 94, 95, 96, 138]
[92, 95, 96, 138, 147]
[92, 96, 115, 138, 147]
[92, 96, 115, 138, 163]
[92, 96, 115, 138, 170]
[92, 96, 115, 147, 170]
[92, 96, 115, 147, 177]
[92, 96, 115, 163, 170]
[92, 96, 115, 163, 177]
[92, 96, 115, 170, 177]
[92, 96, 138, 147, 170]
[92, 96, 138, 147, 172]
[92, 96, 138, 163, 170]
[92, 96, 138, 163, 172]
[92, 96, 138, 170, 172]
[92, 96, 147, 170, 172]
[92, 96, 147, 170, 177]
[92, 96, 163, 170, 172]
[92, 96, 163, 170, 177]
[93, 115, 147, 170, 177]
[93, 115, 163, 170, 177]
[93, 96, 115, 147, 170]
[93, 96, 115, 147, 177]
[93, 96, 115, 163, 170]
[93, 96, 115, 163, 177]
[93, 96, 115, 170, 177]
[93, 96, 147, 170, 177]
[93, 96, 163, 170, 177]
[94, 141, 166, 167, 175]
[96, 115, 138, 147, 170]
[96, 115, 138, 163, 170]
[96, 115, 147, 170, 177]
[96, 115, 163, 170, 177]
[96, 138, 147, 170, 172]
[96, 138, 163, 170, 172]
[97, 100, 101, 102, 104]
[98, 126, 144, 169, 184]
[98, 144, 145, 169, 184]
