[8, 2, 4, 5, 1, 3]
[8, 2, 4, 5, 1, 6]
[8, 2, 4, 5, 7, 6]
[8, 9, 10, 11, 14, 13, 12, 15, 18]
[8, 9, 10, 11, 14, 13, 12, 3, 1]
[8, 9, 10, 11, 14, 13, 12, 3, 17, 15]
[8, 9, 10, 11, 14, 13, 12, 6, 1]
[8, 9, 10, 11, 14, 13, 12, 6, 7, 17]
[8, 9, 10, 11, 14, 13, 12, 6, 7, 18]
[8, 9, 10, 11, 14, 13, 4, 15, 17, 3]
[8, 9, 10, 11, 14, 13, 4, 15, 18]
[8, 9, 10, 11, 14, 13, 4, 5, 3, 1]
[8, 9, 10, 11, 14, 13, 4, 5, 3, 17]
[8, 9, 10, 11, 14, 13, 4, 5, 6, 1]
[8, 9, 10, 11, 14, 13, 4, 5, 6, 7, 17]
[8, 9, 10, 11, 14, 13, 4, 5, 6, 7, 18]
[8, 9, 10, 11, 14, 16, 12, 15, 17, 3]
[8, 9, 10, 11, 14, 16, 12, 15, 18]
[8, 9, 10, 11, 14, 16, 12, 7, 17]
[8, 9, 10, 11, 14, 16, 12, 7, 18]
[8, 9, 10, 11, 14, 16, 5, 17, 3]
[8, 9, 10, 11, 14, 16, 5, 17, 7]
[8, 9, 10, 11, 14, 16, 5, 18, 7]
