[11, 24, 25, 26, 28]
[11, 25, 26, 27, 28]
[11, 25, 26, 28, 69]
[11, 25, 26, 28, 70]
[11, 25, 26, 28, 71]
[11, 25, 26, 69, 70]
[11, 25, 26, 69, 71]
[11, 25, 26, 70, 71]
[11, 25, 28, 69, 70]
[11, 25, 28, 69, 71]
[11, 25, 28, 70, 71]
[11, 25, 69, 70, 71]
[11, 26, 28, 49, 69]
[11, 26, 28, 49, 70]
[11, 26, 28, 49, 72]
[11, 26, 28, 69, 70]
[11, 26, 28, 69, 71]
[11, 26, 28, 69, 72]
[11, 26, 28, 70, 71]
[11, 26, 28, 70, 72]
[11, 26, 28, 71, 72]
[11, 26, 49, 69, 70]
[11, 26, 49, 69, 72]
[11, 26, 49, 70, 72]
[11, 26, 69, 70, 71]
[11, 26, 69, 70, 72]
[11, 26, 69, 71, 72]
[11, 26, 70, 71, 72]
[11, 27, 50, 52, 56]
[11, 28, 49, 69, 70]
[11, 28, 49, 69, 72]
[11, 28, 49, 70, 72]
[11, 28, 69, 70, 71]
[11, 28, 69, 70, 72]
[11, 28, 69, 71, 72]
[11, 28, 70, 71, 72]
[11, 30, 35, 36, 37]
[11, 30, 35, 36, 38]
[11, 30, 35, 36, 39]
[11, 30, 35, 37, 38]
[11, 30, 35, 37, 39]
[11, 30, 35, 38, 39]
[11, 30, 36, 37, 38]
[11, 30, 36, 37, 39]
[11, 30, 36, 38, 39]
[11, 30, 37, 38, 39]
[11, 35, 36, 37, 38]
[11, 35, 36, 37, 39]
[11, 35, 36, 38, 39]
[11, 35, 37, 38, 39]
[11, 36, 37, 38, 39]
[11, 49, 56, 59, 65]
[11, 49, 69, 70, 72]
[11, 69, 70, 71, 72]
[17, 18, 19, 20, 21]
[17, 18, 19, 20, 22]
[17, 18, 19, 20, 23]
[17, 18, 19, 20, 24]
[17, 18, 19, 21, 22]
[17, 18, 19, 21, 23]
[17, 18, 19, 21, 24]
[17, 18, 19, 22, 23]
[17, 18, 19, 22, 24]
[17, 18, 19, 23, 24]
[17, 18, 20, 21, 22]
[17, 18, 20, 21, 23]
[17, 18, 20, 21, 24]
[17, 18, 20, 22, 23]
[17, 18, 20, 22, 24]
[17, 18, 20, 23, 24]
[17, 18, 21, 22, 23]
[17, 18, 21, 22, 24]
[17, 18, 21, 23, 24]
[17, 18, 22, 23, 24]
[17, 19, 20, 21, 22]
[17, 19, 20, 21, 23]
[17, 19, 20, 21, 24]
[17, 19, 20, 22, 23]
[17, 19, 20, 22, 24]
[17, 19, 20, 23, 24]
[17, 19, 21, 22, 23]
[17, 19, 21, 22, 24]
[17, 19, 21, 23, 24]
[17, 19, 22, 23, 24]
[17, 20, 21, 22, 23]
[17, 20, 21, 22, 24]
[17, 20, 21, 23, 24]
[17, 20, 22, 23, 24]
[17, 21, 22, 23, 24]
[18, 19, 20, 21, 22]
[18, 19, 20, 21, 23]
[18, 19, 20, 21, 24]
[18, 19, 20, 22, 23]
[18, 19, 20, 22, 24]
[18, 19, 20, 23, 24]
[18, 19, 21, 22, 23]
[18, 19, 21, 22, 24]
[18, 19, 21, 23, 24]
[18, 19, 22, 23, 24]
[18, 20, 21, 22, 23]
[18, 20, 21, 22, 24]
[18, 20, 21, 23, 24]
[18, 20, 22, 23, 24]
[18, 21, 22, 23, 24]
[19, 20, 21, 22, 23]
[19, 20, 21, 22, 24]
[19, 20, 21, 23, 24]
[19, 20, 22, 23, 24]
[19, 21, 22, 23, 24]
[20, 21, 22, 23, 24]
[25, 26, 28, 69, 70]
[25, 26, 28, 69, 71]
[25, 26, 28, 70, 71]
[25, 26, 42, 69, 70]
[25, 26, 42, 69, 71]
[25, 26, 42, 70, 71]
[25, 26, 69, 70, 71]
[25, 28, 69, 70, 71]
[25, 42, 69, 70, 71]
[26, 28, 49, 69, 70]
[26, 28, 49, 69, 72]
[26, 28, 49, 70, 72]
[26, 28, 69, 70, 71]
[26, 28, 69, 70, 72]
[26, 28, 69, 71, 72]
[26, 28, 70, 71, 72]
[26, 42, 69, 70, 71]
[26, 42, 69, 70, 72]
[26, 42, 69, 70, 76]
[26, 42, 69, 71, 72]
[26, 42, 69, 71, 76]
[26, 42, 69, 72, 76]
[26, 42, 70, 71, 72]
[26, 42, 70, 71, 76]
[26, 42, 70, 72, 76]
[26, 42, 71, 72, 76]
[26, 49, 69, 70, 72]
[26, 49, 69, 70, 76]
[26, 49, 69, 72, 76]
[26, 49, 70, 72, 76]
[26, 69, 70, 71, 72]
[26, 69, 70, 71, 76]
[26, 69, 70, 72, 76]
[26, 69, 71, 72, 76]
[26, 70, 71, 72, 76]
[27, 50, 52, 55, 56]
[28, 49, 69, 70, 72]
[28, 69, 70, 71, 72]
[30, 35, 36, 37, 38]
[30, 35, 36, 37, 39]
[30, 35, 36, 38, 39]
[30, 35, 37, 38, 39]
[30, 36, 37, 38, 39]
[35, 36, 37, 38, 39]
[42, 69, 70, 71, 72]
[42, 69, 70, 71, 76]
[42, 69, 70, 72, 76]
[42, 69, 71, 72, 76]
[42, 70, 71, 72, 76]
[49, 56, 58, 59, 60]
[49, 56, 58, 59, 62]
[49, 56, 58, 59, 63]
[49, 56, 58, 59, 64]
[49, 56, 58, 59, 65]
[49, 56, 58, 59, 66]
[49, 56, 58, 60, 62]
[49, 56, 58, 60, 63]
[49, 56, 58, 60, 64]
[49, 56, 58, 60, 65]
[49, 56, 58, 60, 66]
[49, 56, 58, 62, 63]
[49, 56, 58, 62, 64]
[49, 56, 58, 62, 65]
[49, 56, 58, 62, 66]
[49, 56, 58, 63, 64]
[49, 56, 58, 63, 65]
[49, 56, 58, 63, 66]
[49, 56, 58, 64, 65]
[49, 56, 58, 64, 66]
[49, 56, 58, 65, 66]
[49, 56, 59, 60, 62]
[49, 56, 59, 60, 63]
[49, 56, 59, 60, 64]
[49, 56, 59, 60, 65]
[49, 56, 59, 60, 66]
[49, 56, 59, 62, 63]
[49, 56, 59, 62, 64]
[49, 56, 59, 62, 65]
[49, 56, 59, 62, 66]
[49, 56, 59, 63, 64]
[49, 56, 59, 63, 65]
[49, 56, 59, 63, 66]
[49, 56, 59, 64, 65]
[49, 56, 59, 64, 66]
[49, 56, 59, 65, 66]
[49, 56, 60, 62, 63]
[49, 56, 60, 62, 64]
[49, 56, 60, 62, 65]
[49, 56, 60, 62, 66]
[49, 56, 60, 63, 64]
[49, 56, 60, 63, 65]
[49, 56, 60, 63, 66]
[49, 56, 60, 64, 65]
[49, 56, 60, 64, 66]
[49, 56, 60, 65, 66]
[49, 56, 62, 63, 64]
[49, 56, 62, 63, 65]
[49, 56, 62, 63, 66]
[49, 56, 62, 64, 65]
[49, 56, 62, 64, 66]
[49, 56, 62, 65, 66]
[49, 56, 63, 64, 65]
[49, 56, 63, 64, 66]
[49, 56, 63, 65, 66]
[49, 56, 64, 65, 66]
[49, 58, 59, 60, 62]
[49, 58, 59, 60, 63]
[49, 58, 59, 60, 64]
[49, 58, 59, 60, 65]
[49, 58, 59, 60, 66]
[49, 58, 59, 62, 63]
[49, 58, 59, 62, 64]
[49, 58, 59, 62, 65]
[49, 58, 59, 62, 66]
[49, 58, 59, 63, 64]
[49, 58, 59, 63, 65]
[49, 58, 59, 63, 66]
[49, 58, 59, 64, 65]
[49, 58, 59, 64, 66]
[49, 58, 59, 65, 66]
[49, 58, 60, 62, 63]
[49, 58, 60, 62, 64]
[49, 58, 60, 62, 65]
[49, 58, 60, 62, 66]
[49, 58, 60, 63, 64]
[49, 58, 60, 63, 65]
[49, 58, 60, 63, 66]
[49, 58, 60, 64, 65]
[49, 58, 60, 64, 66]
[49, 58, 60, 65, 66]
[49, 58, 62, 63, 64]
[49, 58, 62, 63, 65]
[49, 58, 62, 63, 66]
[49, 58, 62, 64, 65]
[49, 58, 62, 64, 66]
[49, 58, 62, 65, 66]
[49, 58, 63, 64, 65]
[49, 58, 63, 64, 66]
[49, 58, 63, 65, 66]
[49, 58, 64, 65, 66]
[49, 59, 60, 61, 62]
[49, 59, 60, 61, 63]
[49, 59, 60, 61, 64]
[49, 59, 60, 61, 65]
[49, 59, 60, 61, 66]
[49, 59, 60, 61, 67]
[49, 59, 60, 62, 63]
[49, 59, 60, 62, 64]
[49, 59, 60, 62, 65]
[49, 59, 60, 62, 66]
[49, 59, 60, 62, 67]
[49, 59, 60, 63, 64]
[49, 59, 60, 63, 65]
[49, 59, 60, 63, 66]
[49, 59, 60, 63, 67]
[49, 59, 60, 64, 65]
[49, 59, 60, 64, 66]
[49, 59, 60, 64, 67]
[49, 59, 60, 65, 66]
[49, 59, 60, 65, 67]
[49, 59, 60, 66, 67]
[49, 59, 61, 62, 63]
[49, 59, 61, 62, 64]
[49, 59, 61, 62, 65]
[49, 59, 61, 62, 66]
[49, 59, 61, 62, 67]
[49, 59, 61, 63, 64]
[49, 59, 61, 63, 65]
[49, 59, 61, 63, 66]
[49, 59, 61, 63, 67]
[49, 59, 61, 64, 65]
[49, 59, 61, 64, 66]
[49, 59, 61, 64, 67]
[49, 59, 61, 65, 66]
[49, 59, 61, 65, 67]
[49, 59, 61, 66, 67]
[49, 59, 62, 63, 64]
[49, 59, 62, 63, 65]
[49, 59, 62, 63, 66]
[49, 59, 62, 63, 67]
[49, 59, 62, 64, 65]
[49, 59, 62, 64, 66]
[49, 59, 62, 64, 67]
[49, 59, 62, 65, 66]
[49, 59, 62, 65, 67]
[49, 59, 62, 66, 67]
[49, 59, 63, 64, 65]
[49, 59, 63, 64, 66]
[49, 59, 63, 64, 67]
[49, 59, 63, 64, 77]
[49, 59, 63, 65, 66]
[49, 59, 63, 65, 67]
[49, 59, 63, 65, 77]
[49, 59, 63, 66, 67]
[49, 59, 63, 66, 77]
[49, 59, 63, 67, 77]
[49, 59, 64, 65, 66]
[49, 59, 64, 65, 67]
[49, 59, 64, 65, 77]
[49, 59, 64, 66, 67]
[49, 59, 64, 66, 77]
[49, 59, 64, 67, 77]
[49, 59, 65, 66, 67]
[49, 59, 65, 66, 77]
[49, 59, 65, 67, 77]
[49, 59, 66, 67, 77]
[49, 60, 61, 62, 63]
[49, 60, 61, 62, 64]
[49, 60, 61, 62, 65]
[49, 60, 61, 62, 66]
[49, 60, 61, 62, 67]
[49, 60, 61, 63, 64]
[49, 60, 61, 63, 65]
[49, 60, 61, 63, 66]
[49, 60, 61, 63, 67]
[49, 60, 61, 64, 65]
[49, 60, 61, 64, 66]
[49, 60, 61, 64, 67]
[49, 60, 61, 65, 66]
[49, 60, 61, 65, 67]
[49, 60, 61, 66, 67]
[49, 60, 62, 63, 64]
[49, 60, 62, 63, 65]
[49, 60, 62, 63, 66]
[49, 60, 62, 63, 67]
[49, 60, 62, 64, 65]
[49, 60, 62, 64, 66]
[49, 60, 62, 64, 67]
[49, 60, 62, 65, 66]
[49, 60, 62, 65, 67]
[49, 60, 62, 66, 67]
[49, 60, 63, 64, 65]
[49, 60, 63, 64, 66]
[49, 60, 63, 64, 67]
[49, 60, 63, 65, 66]
[49, 60, 63, 65, 67]
[49, 60, 63, 66, 67]
[49, 60, 64, 65, 66]
[49, 60, 64, 65, 67]
[49, 60, 64, 66, 67]
[49, 60, 65, 66, 67]
[49, 61, 62, 63, 64]
[49, 61, 62, 63, 65]
[49, 61, 62, 63, 66]
[49, 61, 62, 63, 67]
[49, 61, 62, 64, 65]
[49, 61, 62, 64, 66]
[49, 61, 62, 64, 67]
[49, 61, 62, 65, 66]
[49, 61, 62, 65, 67]
[49, 61, 62, 66, 67]
[49, 61, 63, 64, 65]
[49, 61, 63, 64, 66]
[49, 61, 63, 64, 67]
[49, 61, 63, 65, 66]
[49, 61, 63, 65, 67]
[49, 61, 63, 66, 67]
[49, 61, 64, 65, 66]
[49, 61, 64, 65, 67]
[49, 61, 64, 66, 67]
[49, 61, 65, 66, 67]
[49, 62, 63, 64, 65]
[49, 62, 63, 64, 66]
[49, 62, 63, 64, 67]
[49, 62, 63, 65, 66]
[49, 62, 63, 65, 67]
[49, 62, 63, 66, 67]
[49, 62, 64, 65, 66]
[49, 62, 64, 65, 67]
[49, 62, 64, 66, 67]
[49, 62, 65, 66, 67]
[49, 63, 64, 65, 66]
[49, 63, 64, 65, 67]
[49, 63, 64, 65, 77]
[49, 63, 64, 66, 67]
[49, 63, 64, 66, 77]
[49, 63, 64, 67, 77]
[49, 63, 65, 66, 67]
[49, 63, 65, 66, 77]
[49, 63, 65, 67, 77]
[49, 63, 66, 67, 77]
[49, 64, 65, 66, 67]
[49, 64, 65, 66, 77]
[49, 64, 65, 67, 77]
[49, 64, 66, 67, 77]
[49, 65, 66, 67, 77]
[49, 69, 70, 72, 76]
[56, 58, 59, 60, 62]
[56, 58, 59, 60, 63]
[56, 58, 59, 60, 64]
[56, 58, 59, 60, 65]
[56, 58, 59, 60, 66]
[56, 58, 59, 62, 63]
[56, 58, 59, 62, 64]
[56, 58, 59, 62, 65]
[56, 58, 59, 62, 66]
[56, 58, 59, 63, 64]
[56, 58, 59, 63, 65]
[56, 58, 59, 63, 66]
[56, 58, 59, 64, 65]
[56, 58, 59, 64, 66]
[56, 58, 59, 65, 66]
[56, 58, 60, 62, 63]
[56, 58, 60, 62, 64]
[56, 58, 60, 62, 65]
[56, 58, 60, 62, 66]
[56, 58, 60, 63, 64]
[56, 58, 60, 63, 65]
[56, 58, 60, 63, 66]
[56, 58, 60, 64, 65]
[56, 58, 60, 64, 66]
[56, 58, 60, 65, 66]
[56, 58, 62, 63, 64]
[56, 58, 62, 63, 65]
[56, 58, 62, 63, 66]
[56, 58, 62, 64, 65]
[56, 58, 62, 64, 66]
[56, 58, 62, 65, 66]
[56, 58, 63, 64, 65]
[56, 58, 63, 64, 66]
[56, 58, 63, 65, 66]
[56, 58, 64, 65, 66]
[56, 59, 60, 62, 63]
[56, 59, 60, 62, 64]
[56, 59, 60, 62, 65]
[56, 59, 60, 62, 66]
[56, 59, 60, 63, 64]
[56, 59, 60, 63, 65]
[56, 59, 60, 63, 66]
[56, 59, 60, 64, 65]
[56, 59, 60, 64, 66]
[56, 59, 60, 65, 66]
[56, 59, 62, 63, 64]
[56, 59, 62, 63, 65]
[56, 59, 62, 63, 66]
[56, 59, 62, 64, 65]
[56, 59, 62, 64, 66]
[56, 59, 62, 65, 66]
[56, 59, 63, 64, 65]
[56, 59, 63, 64, 66]
[56, 59, 63, 65, 66]
[56, 59, 64, 65, 66]
[56, 60, 62, 63, 64]
[56, 60, 62, 63, 65]
[56, 60, 62, 63, 66]
[56, 60, 62, 64, 65]
[56, 60, 62, 64, 66]
[56, 60, 62, 65, 66]
[56, 60, 63, 64, 65]
[56, 60, 63, 64, 66]
[56, 60, 63, 65, 66]
[56, 60, 64, 65, 66]
[56, 62, 63, 64, 65]
[56, 62, 63, 64, 66]
[56, 62, 63, 65, 66]
[56, 62, 64, 65, 66]
[56, 63, 64, 65, 66]
[58, 59, 60, 62, 63]
[58, 59, 60, 62, 64]
[58, 59, 60, 62, 65]
[58, 59, 60, 62, 66]
[58, 59, 60, 63, 64]
[58, 59, 60, 63, 65]
[58, 59, 60, 63, 66]
[58, 59, 60, 64, 65]
[58, 59, 60, 64, 66]
[58, 59, 60, 65, 66]
[58, 59, 62, 63, 64]
[58, 59, 62, 63, 65]
[58, 59, 62, 63, 66]
[58, 59, 62, 64, 65]
[58, 59, 62, 64, 66]
[58, 59, 62, 65, 66]
[58, 59, 63, 64, 65]
[58, 59, 63, 64, 66]
[58, 59, 63, 65, 66]
[58, 59, 64, 65, 66]
[58, 60, 62, 63, 64]
[58, 60, 62, 63, 65]
[58, 60, 62, 63, 66]
[58, 60, 62, 64, 65]
[58, 60, 62, 64, 66]
[58, 60, 62, 65, 66]
[58, 60, 63, 64, 65]
[58, 60, 63, 64, 66]
[58, 60, 63, 65, 66]
[58, 60, 64, 65, 66]
[58, 62, 63, 64, 65]
[58, 62, 63, 64, 66]
[58, 62, 63, 65, 66]
[58, 62, 64, 65, 66]
[58, 63, 64, 65, 66]
[59, 60, 61, 62, 63]
[59, 60, 61, 62, 64]
[59, 60, 61, 62, 65]
[59, 60, 61, 62, 66]
[59, 60, 61, 62, 67]
[59, 60, 61, 63, 64]
[59, 60, 61, 63, 65]
[59, 60, 61, 63, 66]
[59, 60, 61, 63, 67]
[59, 60, 61, 64, 65]
[59, 60, 61, 64, 66]
[59, 60, 61, 64, 67]
[59, 60, 61, 65, 66]
[59, 60, 61, 65, 67]
[59, 60, 61, 66, 67]
[59, 60, 62, 63, 64]
[59, 60, 62, 63, 65]
[59, 60, 62, 63, 66]
[59, 60, 62, 63, 67]
[59, 60, 62, 64, 65]
[59, 60, 62, 64, 66]
[59, 60, 62, 64, 67]
[59, 60, 62, 65, 66]
[59, 60, 62, 65, 67]
[59, 60, 62, 66, 67]
[59, 60, 63, 64, 65]
[59, 60, 63, 64, 66]
[59, 60, 63, 64, 67]
[59, 60, 63, 65, 66]
[59, 60, 63, 65, 67]
[59, 60, 63, 66, 67]
[59, 60, 64, 65, 66]
[59, 60, 64, 65, 67]
[59, 60, 64, 66, 67]
[59, 60, 65, 66, 67]
[59, 61, 62, 63, 64]
[59, 61, 62, 63, 65]
[59, 61, 62, 63, 66]
[59, 61, 62, 63, 67]
[59, 61, 62, 64, 65]
[59, 61, 62, 64, 66]
[59, 61, 62, 64, 67]
[59, 61, 62, 65, 66]
[59, 61, 62, 65, 67]
[59, 61, 62, 66, 67]
[59, 61, 63, 64, 65]
[59, 61, 63, 64, 66]
[59, 61, 63, 64, 67]
[59, 61, 63, 65, 66]
[59, 61, 63, 65, 67]
[59, 61, 63, 66, 67]
[59, 61, 64, 65, 66]
[59, 61, 64, 65, 67]
[59, 61, 64, 66, 67]
[59, 61, 65, 66, 67]
[59, 62, 63, 64, 65]
[59, 62, 63, 64, 66]
[59, 62, 63, 64, 67]
[59, 62, 63, 65, 66]
[59, 62, 63, 65, 67]
[59, 62, 63, 66, 67]
[59, 62, 64, 65, 66]
[59, 62, 64, 65, 67]
[59, 62, 64, 66, 67]
[59, 62, 65, 66, 67]
[59, 63, 64, 65, 66]
[59, 63, 64, 65, 67]
[59, 63, 64, 65, 77]
[59, 63, 64, 66, 67]
[59, 63, 64, 66, 77]
[59, 63, 64, 67, 77]
[59, 63, 65, 66, 67]
[59, 63, 65, 66, 77]
[59, 63, 65, 67, 77]
[59, 63, 66, 67, 77]
[59, 64, 65, 66, 67]
[59, 64, 65, 66, 77]
[59, 64, 65, 67, 77]
[59, 64, 66, 67, 77]
[59, 65, 66, 67, 77]
[60, 61, 62, 63, 64]
[60, 61, 62, 63, 65]
[60, 61, 62, 63, 66]
[60, 61, 62, 63, 67]
[60, 61, 62, 64, 65]
[60, 61, 62, 64, 66]
[60, 61, 62, 64, 67]
[60, 61, 62, 65, 66]
[60, 61, 62, 65, 67]
[60, 61, 62, 66, 67]
[60, 61, 63, 64, 65]
[60, 61, 63, 64, 66]
[60, 61, 63, 64, 67]
[60, 61, 63, 65, 66]
[60, 61, 63, 65, 67]
[60, 61, 63, 66, 67]
[60, 61, 64, 65, 66]
[60, 61, 64, 65, 67]
[60, 61, 64, 66, 67]
[60, 61, 65, 66, 67]
[60, 62, 63, 64, 65]
[60, 62, 63, 64, 66]
[60, 62, 63, 64, 67]
[60, 62, 63, 65, 66]
[60, 62, 63, 65, 67]
[60, 62, 63, 66, 67]
[60, 62, 64, 65, 66]
[60, 62, 64, 65, 67]
[60, 62, 64, 66, 67]
[60, 62, 65, 66, 67]
[60, 63, 64, 65, 66]
[60, 63, 64, 65, 67]
[60, 63, 64, 66, 67]
[60, 63, 65, 66, 67]
[60, 64, 65, 66, 67]
[61, 62, 63, 64, 65]
[61, 62, 63, 64, 66]
[61, 62, 63, 64, 67]
[61, 62, 63, 65, 66]
[61, 62, 63, 65, 67]
[61, 62, 63, 66, 67]
[61, 62, 64, 65, 66]
[61, 62, 64, 65, 67]
[61, 62, 64, 66, 67]
[61, 62, 65, 66, 67]
[61, 63, 64, 65, 66]
[61, 63, 64, 65, 67]
[61, 63, 64, 66, 67]
[61, 63, 65, 66, 67]
[61, 64, 65, 66, 67]
[62, 63, 64, 65, 66]
[62, 63, 64, 65, 67]
[62, 63, 64, 66, 67]
[62, 63, 65, 66, 67]
[62, 64, 65, 66, 67]
[63, 64, 65, 66, 67]
[63, 64, 65, 66, 77]
[63, 64, 65, 67, 77]
[63, 64, 66, 67, 77]
[63, 65, 66, 67, 77]
[64, 65, 66, 67, 77]
[69, 70, 71, 72, 76]
