[10, 11, 12, 13, 15]
[10, 12, 13, 14, 15]
[1, 2, 3, 10, 11]
[1, 3, 10, 11, 13]
[2, 10, 11, 12, 15]
[2, 10, 12, 14, 15]
[2, 11, 12, 15, 16]
[2, 3, 10, 11, 12]
[2, 3, 10, 11, 15]
[2, 3, 10, 12, 14]
[2, 3, 10, 12, 15]
[2, 3, 10, 14, 15]
[2, 3, 11, 12, 15]
[2, 3, 11, 12, 16]
[2, 3, 11, 15, 16]
[2, 3, 12, 14, 15]
[2, 3, 12, 15, 16]
[2, 3, 9, 10, 11]
[2, 3, 9, 10, 14]
[2, 3, 9, 10, 15]
[2, 3, 9, 11, 15]
[2, 3, 9, 11, 16]
[2, 3, 9, 14, 15]
[2, 3, 9, 15, 16]
[2, 9, 10, 11, 15]
[2, 9, 10, 14, 15]
[2, 9, 11, 15, 16]
[3, 10, 11, 12, 13]
[3, 10, 11, 12, 15]
[3, 10, 11, 13, 15]
[3, 10, 12, 13, 14]
[3, 10, 12, 13, 15]
[3, 10, 12, 14, 15]
[3, 10, 13, 14, 15]
[3, 11, 12, 13, 15]
[3, 11, 12, 15, 16]
[3, 12, 13, 14, 15]
[3, 5, 10, 11, 12]
[3, 5, 10, 11, 13]
[3, 5, 10, 12, 13]
[3, 5, 10, 12, 14]
[3, 5, 10, 13, 14]
[3, 5, 11, 12, 13]
[3, 5, 12, 13, 14]
[3, 5, 6, 10, 12]
[3, 5, 9, 10, 11]
[3, 5, 9, 10, 13]
[3, 5, 9, 10, 14]
[3, 5, 9, 11, 13]
[3, 5, 9, 13, 14]
[3, 6, 10, 12, 15]
[3, 9, 10, 11, 13]
[3, 9, 10, 11, 15]
[3, 9, 10, 13, 14]
[3, 9, 10, 13, 15]
[3, 9, 10, 14, 15]
[3, 9, 11, 13, 15]
[3, 9, 11, 15, 16]
[3, 9, 13, 14, 15]
[5, 10, 11, 12, 13]
[5, 10, 12, 13, 14]
[5, 9, 10, 11, 13]
[5, 9, 10, 13, 14]
[9, 10, 11, 13, 15]
[9, 10, 13, 14, 15]
