[13, 18, 12]
[13, 18, 4]
[13, 4, 1]
[13, 4, 35]
[13, 7, 9, 16, 1, 11, 12]
[13, 7, 9, 16, 28]
[25, 5, 24, 18, 19]
[25, 5, 8, 18, 19]
[25, 5, 8, 32, 11]
[25, 5, 8, 32, 19]
[29, 10, 20, 2, 5, 28]
[29, 10, 20, 2, 5, 4]
[29, 10, 28, 2, 7]
[29, 10, 28, 9, 7]
[29, 10, 32, 11, 5, 2, 30]
[29, 10, 32, 11, 5, 35]
[29, 10, 32, 11, 7, 2, 30]
[29, 10, 32, 11, 7, 9, 30]
[29, 10, 32, 11, 7, 9, 35, 36]
[29, 10, 32, 4, 5, 2]
[29, 10, 32, 4, 5, 35]
[29, 31, 32, 7, 2, 30]
[29, 31, 32, 7, 9, 35, 36]
[29, 37, 11, 35, 36, 7]
[30, 32, 19, 2, 10, 5]
[30, 32, 19, 2, 10, 7]
[30, 32, 19, 2, 31, 7]
[3, 1, 10, 16, 7, 8, 9, 11, 12]
[3, 1, 10, 2, 5, 14, 4, 15]
[3, 1, 10, 2, 5, 14, 8, 11, 12]
[3, 1, 10, 2, 5, 6, 4, 15]
[3, 1, 10, 2, 7, 8, 11, 12]
[3, 11, 21, 32, 2]
[3, 11, 8, 10, 32, 2, 5]
[3, 11, 8, 10, 32, 2, 7]
[3, 11, 8, 10, 32, 35, 5]
[31, 33, 2, 19]
[31, 6, 2, 19]
[31, 7, 32, 19, 35, 36]
[3, 19, 16, 12, 8, 10, 7]
[3, 19, 2, 17, 20, 18, 4]
[3, 19, 2, 17, 20, 21]
[3, 19, 2, 21, 20, 22]
[3, 19, 2, 21, 20, 6]
[3, 19, 2, 21, 32]
[3, 19, 23, 5, 22, 10]
[3, 19, 23, 5, 22, 18]
[3, 19, 2, 5, 14, 22, 10, 20, 15]
[3, 19, 2, 5, 14, 22, 10, 8, 12]
[3, 19, 2, 5, 14, 22, 18, 20]
[3, 19, 2, 5, 14, 22, 18, 8, 12]
[3, 19, 2, 5, 14, 22, 33, 12]
[3, 19, 2, 5, 14, 22, 33, 20, 15]
[3, 19, 2, 5, 14, 24, 18]
[3, 19, 2, 5, 14, 4, 20, 15, 10]
[3, 19, 2, 5, 14, 4, 20, 15, 33]
[3, 19, 2, 5, 14, 4, 20, 18]
[3, 19, 2, 5, 32, 10, 4]
[3, 19, 2, 5, 32, 10, 8]
[3, 19, 2, 5, 6, 10, 4, 20, 15]
[3, 19, 26, 20, 14, 22]
[3, 19, 2, 7, 24]
[3, 19, 2, 7, 8, 10, 12]
[3, 19, 2, 7, 8, 10, 32]
[3, 19, 35, 10, 16, 8, 36, 7]
[3, 19, 35, 10, 32, 4, 5]
[3, 19, 35, 10, 32, 8, 36, 7]
[3, 19, 35, 10, 32, 8, 5]
[3, 27, 14, 22, 26]
[3, 27, 14, 22, 33, 2, 5]
[3, 28, 10, 2, 5, 14, 22, 20]
[3, 28, 10, 2, 5, 14, 22, 8]
[3, 28, 10, 2, 7, 8]
[3, 28, 26, 20, 14, 22]
[3, 34, 35, 36, 11, 7, 37]
[3, 34, 35, 36, 11, 7, 9]
[3, 37, 14, 11]
[38, 40, 9, 11, 43]
[38, 40, 9, 39, 41, 42]
[38, 40, 9, 39, 43]
[38, 7, 12, 16, 13, 9, 11]
[38, 7, 12, 16, 8, 10, 11, 9]
[38, 7, 12, 16, 8, 10, 19]
[38, 7, 36, 19, 35, 31]
[38, 7, 36, 19, 35, 8, 16, 10]
[38, 7, 36, 9, 35, 11, 10, 29]
[38, 7, 36, 9, 35, 11, 10, 8, 16]
[38, 7, 36, 9, 35, 11, 43, 16, 13]
[38, 7, 36, 9, 35, 11, 43, 16, 8]
[38, 7, 36, 9, 35, 11, 43, 34]
[38, 7, 36, 9, 35, 31, 29]
[38, 7, 36, 9, 35, 31, 34, 43]
[38, 7, 36, 9, 39, 43, 31]
[38, 7, 36, 9, 41, 42, 39, 29, 31]
[3, 9, 7, 8, 10, 11, 35, 36, 16]
[3, 9, 7, 8, 10, 11, 35, 36, 32]
[3, 9, 7, 8, 10, 28, 16]
[41, 32, 7, 9, 42, 29, 31, 30]
[41, 32, 7, 9, 42, 29, 31, 36]
[42, 20, 29]
