[5, 6, 22, 10, 11, 14, 1, 8, 9]
[5, 6, 22, 10, 11, 14, 26, 24, 25]
[5, 6, 22, 10, 11, 14, 26, 8, 9]
[5, 6, 22, 10, 7, 24]
[5, 6, 22, 10, 7, 8, 1, 9]
[5, 6, 22, 14, 23, 11, 26, 24, 25]
[5, 6, 22, 14, 23, 11, 26, 8, 9]
[5, 6, 22, 2, 11, 1, 8, 9]
[5, 6, 22, 2, 11, 24, 25]
[5, 6, 22, 2, 17, 16, 18]
[5, 6, 22, 2, 17, 19]
[5, 6, 22, 2, 17, 24, 25]
[5, 6, 22, 23, 29, 26]
[5, 6, 22, 26, 28, 29]
[5, 6, 22, 26, 28, 9, 11]
[5, 6, 22, 2, 7, 16]
[5, 6, 22, 2, 7, 24]
[5, 6, 22, 2, 7, 9, 19]
[5, 6, 22, 2, 7, 9, 8, 1]
[5, 6, 24, 17, 25, 2, 3]
[5, 6, 24, 20, 11, 15, 10, 25, 26, 27, 14]
[5, 6, 24, 20, 11, 15, 23, 21, 12, 27, 26]
[5, 6, 24, 20, 11, 15, 23, 21, 12, 3]
[5, 6, 24, 20, 11, 15, 23, 21, 14, 26, 27]
[5, 6, 24, 20, 11, 15, 23, 25, 27, 26, 14]
[5, 6, 24, 20, 11, 15, 23, 25, 3]
[5, 6, 24, 20, 11, 2, 3, 12, 21]
[5, 6, 24, 20, 11, 2, 3, 25]
[5, 6, 24, 20, 7, 10]
[5, 6, 24, 20, 7, 2, 3]
[5, 6, 27, 26, 11, 20, 25, 14, 15, 13, 23]
[5, 6, 27, 26, 11, 20, 8, 15, 10, 14]
[5, 6, 27, 26, 11, 20, 8, 15, 13, 21, 23, 12]
[5, 6, 27, 26, 11, 20, 8, 15, 13, 21, 23, 14]
[5, 6, 27, 26, 11, 20, 8, 9, 10, 14]
[5, 6, 27, 26, 11, 20, 8, 9, 13, 21, 23, 12]
[5, 6, 27, 26, 11, 20, 8, 9, 13, 21, 23, 14]
[5, 6, 27, 26, 11, 28, 9]
[5, 6, 27, 26, 29, 21, 23]
[5, 6, 27, 26, 29, 28]
[5, 6, 4, 10, 25, 11, 26, 20, 14, 15]
[5, 6, 4, 10, 8, 15, 11, 14, 1]
[5, 6, 4, 10, 8, 15, 11, 14, 26, 20]
[5, 6, 4, 10, 8, 9, 11, 14, 1]
[5, 6, 4, 10, 8, 9, 11, 14, 26, 20]
[5, 6, 4, 10, 8, 9, 7, 1]
[5, 6, 4, 10, 8, 9, 7, 20]
[5, 6, 4, 14, 11, 13, 25, 26, 20, 23, 15]
[5, 6, 4, 14, 11, 13, 8, 15, 1]
[5, 6, 4, 14, 11, 13, 8, 15, 20, 26, 21, 23]
[5, 6, 4, 14, 11, 13, 8, 9, 1]
[5, 6, 4, 14, 11, 13, 8, 9, 20, 26, 21, 23]
[5, 6, 4, 15, 11, 13, 26, 12, 8, 20, 21, 23]
[5, 6, 4, 15, 11, 13, 3, 25, 20, 23]
[5, 6, 4, 15, 11, 13, 3, 8, 12, 1]
[5, 6, 4, 15, 11, 13, 3, 8, 12, 20, 21, 23]
[5, 6, 4, 2, 16, 17, 18]
[5, 6, 4, 2, 16, 7]
[5, 6, 4, 23, 11, 13, 9, 8, 12, 20, 21, 26]
[5, 6, 4, 23, 11, 13, 9, 8, 12, 20, 21, 3]
[5, 6, 4, 2, 3, 17, 19]
[5, 6, 4, 2, 3, 17, 25]
[5, 6, 4, 2, 3, 25, 11, 20, 13]
[5, 6, 4, 2, 3, 9, 19, 7]
[5, 6, 4, 2, 3, 9, 8, 13, 11, 12, 1]
[5, 6, 4, 2, 3, 9, 8, 13, 11, 12, 20, 21]
[5, 6, 4, 2, 3, 9, 8, 13, 7, 1]
[5, 6, 4, 2, 3, 9, 8, 13, 7, 20]
