[10, 2, 4, 1, 7]
[10, 2, 4, 17]
[16, 2, 14, 5]
[16, 2, 4, 6, 20]
[16, 2, 4, 6, 5]
[16, 25, 4, 6, 20]
[16, 25, 4, 6, 5]
[21, 15, 20, 25, 26, 27]
[21, 15, 20, 8, 2]
[21, 15, 3, 2]
[21, 15, 3, 25, 26]
[21, 15, 5, 2]
[21, 15, 5, 25]
[21, 17, 2, 3]
[21, 17, 2, 5]
[21, 17, 25, 26, 20]
[21, 17, 25, 26, 3]
[21, 17, 25, 5]
[21, 17, 2, 8, 20]
[22, 25, 4, 18, 7]
[22, 25, 4, 6]
[22, 2, 6, 4]
[22, 2, 6, 8, 24]
[22, 2, 7, 24, 18]
[22, 2, 7, 24, 8]
[22, 2, 7, 4, 18]
[28, 25]
[9, 1, 11, 12, 14, 13]
[9, 1, 11, 12, 4, 13]
[9, 1, 11, 12, 4, 7]
[9, 1, 11, 12, 8, 14]
[9, 1, 11, 12, 8, 7]
[9, 1, 11, 6, 4, 13]
[9, 1, 11, 6, 8]
[9, 1, 12, 3, 13, 14]
[9, 1, 12, 3, 13, 4]
[9, 1, 2, 14, 13, 3]
[9, 1, 2, 14, 13, 5]
[9, 1, 2, 4, 6, 13, 3]
[9, 1, 2, 4, 6, 13, 5]
[9, 1, 2, 4, 7]
[9, 1, 2, 8, 14]
[9, 1, 2, 8, 6]
[9, 1, 2, 8, 7]
[9, 14, 11, 15, 12, 13]
[9, 14, 11, 15, 12, 8]
[9, 14, 12, 3, 13, 15]
[9, 14, 12, 3, 13, 19, 17]
[9, 14, 12, 3, 18, 15]
[9, 14, 12, 3, 18, 17]
[9, 14, 12, 8, 17]
[9, 14, 2, 15, 3, 13]
[9, 14, 2, 15, 3, 18]
[9, 14, 2, 15, 5, 13]
[9, 14, 2, 15, 8]
[9, 14, 2, 17, 3, 18]
[9, 14, 2, 17, 3, 19, 13]
[9, 14, 2, 17, 5, 19, 13]
[9, 14, 2, 17, 8]
[9, 23, 19, 12, 17, 3, 13]
[9, 23, 19, 12, 7]
[9, 23, 19, 2, 6, 13, 17, 3]
[9, 23, 19, 2, 6, 13, 17, 5]
[9, 23, 24, 2, 18, 15, 20]
[9, 23, 24, 2, 18, 15, 3]
[9, 23, 24, 2, 18, 7]
[9, 23, 24, 2, 6, 15, 3]
[9, 23, 24, 2, 6, 15, 5]
[9, 23, 24, 2, 6, 19, 3]
[9, 23, 24, 2, 6, 19, 5]
[9, 23, 24, 2, 7, 19]
[9, 23, 4, 15, 13, 12, 11, 27]
[9, 23, 4, 15, 13, 12, 3]
[9, 23, 4, 15, 13, 6, 27, 11]
[9, 23, 4, 15, 2, 18, 20]
[9, 23, 4, 15, 2, 18, 3]
[9, 23, 4, 15, 25, 20, 27, 11, 12]
[9, 23, 4, 15, 25, 20, 27, 11, 6]
[9, 23, 4, 15, 25, 20, 27, 18, 12]
[9, 23, 4, 15, 25, 20, 27, 26, 18]
[9, 23, 4, 15, 25, 3, 18, 12]
[9, 23, 4, 15, 25, 3, 18, 26]
[9, 23, 4, 15, 25, 3, 6]
[9, 23, 4, 15, 25, 5, 6]
[9, 23, 4, 15, 2, 6, 13, 3]
[9, 23, 4, 15, 2, 6, 13, 5]
[9, 23, 4, 15, 2, 6, 20]
[9, 23, 4, 17, 20, 18, 2]
[9, 23, 4, 17, 20, 18, 25, 12]
[9, 23, 4, 17, 20, 18, 25, 26]
[9, 23, 4, 17, 20, 6, 2]
[9, 23, 4, 17, 20, 6, 25]
[9, 23, 4, 17, 3, 13, 12]
[9, 23, 4, 17, 3, 13, 2, 6]
[9, 23, 4, 17, 3, 18, 2]
[9, 23, 4, 17, 3, 18, 25, 12]
[9, 23, 4, 17, 3, 18, 25, 26]
[9, 23, 4, 17, 3, 6, 25]
[9, 23, 4, 17, 5, 6, 2, 13]
[9, 23, 4, 17, 5, 6, 25]
[9, 23, 4, 7, 12, 27, 25, 11]
[9, 23, 4, 7, 12, 27, 25, 18]
[9, 23, 4, 7, 2, 18]
[9, 23, 8, 20, 12, 11, 15]
[9, 23, 8, 20, 12, 17]
[9, 23, 8, 20, 6, 11, 24, 15]
[9, 23, 8, 20, 6, 2, 17]
[9, 23, 8, 20, 6, 2, 24, 15]
[9, 23, 8, 7, 12, 11]
[9, 23, 8, 7, 24, 11]
[9, 23, 8, 7, 24, 2]
