[10010, 10]
[10010, 11]
[10010, 12]
[10010, 13]
[10010, 15]
[1001, 1]
[10011, 11]
[10011, 12]
[10011, 13]
[10011, 15]
[1001, 2]
[10012, 12]
[10012, 13]
[10013, 12]
[10013, 13]
[1001, 4]
[10014, 15]
[1002, 1]
[1002, 2]
[1002, 3]
[1003, 1]
[1003, 2]
[1003, 3]
[1003, 4]
[1003, 6]
[1004, 1]
[1004, 3]
[1004, 4]
[1005, 1]
[1005, 2]
[1005, 3]
[1005, 4]
[1005, 6]
[1005, 7]
[1005, 9]
[1006, 1]
[1006, 2]
[1006, 3]
[1006, 4]
[1006, 6]
[1006, 7]
[1006, 8]
[1007, 1]
[1007, 10]
[1007, 11]
[1007, 12]
[1007, 13]
[1007, 15]
[1007, 16]
[1007, 2]
[1007, 3]
[1007, 4]
[1007, 6]
[1007, 7]
[1007, 8]
[1007, 9]
[1008, 1]
[1008, 10]
[1008, 11]
[1008, 12]
[1008, 13]
[1008, 16]
[1008, 3]
[1008, 8]
[1008, 9]
[1009, 10]
[1009, 13]
[1009, 15]
[1009, 2]
[1009, 3]
[1009, 4]
[1009, 7]
[1009, 9]
[14, 10010]
[14, 10011]
[14, 10012]
[14, 10013]
[14, 10014]
[14, 1006]
[14, 1008]
[14, 1009]
[17, 10014]
[17, 1008]
[18, 10014]
[18, 1008]
[5, 1003]
[5, 1004]
[5, 1005]
[5, 1009]
