[101, 103, 105, 113]
[102, 133, 100]
[102, 74, 105]
[103, 113, 105, 122]
[103, 128, 122, 123]
[104, 145]
[105, 42, 71, 74]
[106, 116, 100]
[107, 136]
[108, 124, 122]
[109, 100, 120, 122, 133]
[110, 140]
[110, 64]
[111, 112]
[113, 112, 114, 115]
[113, 112, 120, 122, 124, 125]
[113, 112, 120, 122, 168]
[113, 112, 132, 115, 188]
[113, 112, 132, 122, 124]
[113, 112, 132, 122, 168]
[113, 112, 171, 115]
[113, 112, 171, 172]
[113, 112, 187, 168]
[113, 112, 64]
[113, 133, 122, 120, 124, 125]
[113, 133, 122, 120, 134]
[113, 133, 122, 120, 168]
[113, 133, 122, 132, 124]
[113, 133, 122, 132, 134]
[113, 133, 122, 132, 168]
[113, 134, 171]
[113, 169, 171, 172, 175]
[11, 32, 26]
[114, 146, 115]
[115, 112, 177, 171]
[115, 112, 190, 188, 132]
[115, 127, 132]
[115, 136]
[115, 183, 177]
[115, 57]
[116, 129, 121]
[116, 136]
[116, 138]
[118, 122, 117, 126, 124, 127]
[118, 122, 129, 120, 125, 127, 124, 121, 123]
[118, 122, 129, 120, 125, 127, 124, 121, 130]
[118, 122, 129, 120, 125, 127, 124, 126, 123]
[118, 122, 129, 120, 125, 127, 124, 126, 130]
[118, 122, 129, 120, 125, 127, 124, 126, 133]
[118, 122, 129, 120, 125, 127, 128, 126, 123]
[118, 122, 129, 120, 125, 127, 128, 126, 130]
[118, 122, 129, 120, 125, 127, 128, 126, 133]
[118, 122, 129, 120, 134, 121, 123]
[118, 122, 129, 120, 134, 121, 130]
[118, 122, 129, 120, 134, 128, 126, 123]
[118, 122, 129, 120, 134, 128, 126, 130]
[118, 122, 129, 120, 134, 128, 126, 133]
[118, 122, 129, 144, 121, 124, 125]
[118, 122, 132, 121, 124, 127, 117]
[118, 122, 132, 121, 124, 127, 123]
[118, 122, 132, 121, 124, 127, 130]
[118, 122, 132, 121, 134, 123]
[118, 122, 132, 121, 134, 130]
[118, 122, 132, 133, 124, 127]
[118, 122, 132, 133, 134]
[118, 136, 128]
[118, 146, 129, 125, 128, 123, 126]
[118, 146, 129, 125, 144]
[120, 122, 100, 134, 133]
[120, 122, 129, 112, 130, 124, 125]
[120, 140, 112]
[120, 140, 121, 123]
[120, 140, 141]
[120, 163]
[120, 166, 141]
[121, 131, 132, 122, 124, 127, 117]
[121, 131, 132, 122, 124, 127, 123]
[121, 140, 132, 123]
[121, 140, 142]
[121, 140, 144]
[121, 145, 140]
[12, 17, 16, 23]
[12, 17, 20]
[122, 112, 130, 132, 124]
[122, 131, 126, 124, 127, 117]
[122, 131, 126, 124, 127, 123]
[122, 161, 156]
[122, 168, 132, 117]
[122, 168, 144]
[123, 140, 146]
[123, 160]
[123, 50, 126]
[12, 36, 16]
[124, 149]
[126, 143, 134]
[126, 143, 146]
[126, 143, 50]
[126, 167]
[126, 50, 117]
[126, 50, 133]
[13, 18]
[132, 135]
[132, 140, 112, 190]
[132, 168, 190, 112]
[132, 188, 117]
[132, 188, 189]
[132, 188, 222]
[132, 188, 230]
[132, 228, 190]
[132, 228, 230]
[132, 246]
[13, 35, 16]
[134, 208]
[13, 49]
[137, 138, 144]
[137, 138, 145]
[137, 166]
[138, 146, 142]
[138, 146, 144]
[138, 146, 145]
[139, 140, 141, 142]
[139, 140, 145]
[140, 112, 187, 190]
[140, 144, 141]
[140, 144, 146]
[140, 146, 142]
[140, 146, 145]
[146, 142, 143]
[146, 142, 147]
[146, 144, 143]
[146, 144, 147]
[146, 165]
[146, 66]
[147, 117]
[147, 161, 192]
[147, 161, 218, 215]
[147, 222]
[147, 225, 235]
[148, 117, 164, 178]
[148, 117, 164, 182]
[148, 117, 169, 182]
[148, 117, 188]
[148, 161, 154, 152, 160, 155, 151, 149, 150]
[148, 161, 154, 152, 160, 155, 151, 149, 157]
[148, 161, 154, 152, 160, 155, 158, 153, 156, 150, 149]
[148, 161, 154, 152, 160, 155, 158, 153, 156, 150, 159]
[148, 161, 154, 152, 160, 155, 158, 153, 156, 162, 159]
[148, 161, 154, 152, 160, 155, 158, 157, 149]
[148, 161, 154, 152, 160, 155, 158, 157, 162, 159]
[148, 161, 154, 152, 160, 164, 153, 156, 158, 150, 149]
[148, 161, 154, 152, 160, 164, 153, 156, 158, 150, 159]
[148, 161, 154, 152, 160, 164, 153, 156, 158, 162, 159]
[148, 161, 154, 152, 165, 149, 155, 151, 157]
[148, 161, 154, 152, 165, 149, 155, 158, 153, 156]
[148, 161, 154, 152, 165, 149, 155, 158, 157]
[148, 161, 154, 152, 165, 149, 164, 153, 156, 158]
[148, 161, 154, 152, 165, 162, 158, 153, 156, 155]
[148, 161, 154, 152, 165, 162, 158, 153, 156, 164]
[148, 161, 154, 152, 165, 162, 158, 157, 155]
[148, 161, 154, 169, 157]
[148, 161, 154, 169, 183, 175]
[148, 161, 154, 183, 165, 151]
[148, 161, 154, 183, 165, 156, 164]
[148, 161, 173, 174, 157, 165]
[148, 161, 173, 174, 157, 169]
[148, 161, 173, 174, 181, 183, 165]
[148, 161, 173, 174, 181, 183, 175, 169]
[148, 161, 173, 174, 181, 183, 175, 178]
[148, 161, 174, 164, 183, 181, 165]
[148, 161, 174, 164, 183, 181, 178]
[148, 161, 181, 156, 162, 153, 158, 160, 155]
[148, 161, 181, 156, 162, 153, 158, 160, 164]
[148, 161, 181, 156, 162, 153, 158, 165, 155]
[148, 161, 181, 156, 162, 153, 158, 165, 164]
[148, 161, 181, 156, 183, 164, 165]
[148, 161, 188]
[148, 170, 173, 174, 169, 157]
[148, 170, 173, 174, 169, 177, 179, 181, 171, 175]
[148, 170, 173, 174, 169, 177, 179, 181, 183, 175]
[148, 170, 173, 174, 169, 177, 179, 181, 183, 182]
[148, 170, 173, 174, 178, 175, 177, 179, 181, 183]
[148, 171, 165, 149]
[148, 171, 165, 173, 177, 181, 174]
[148, 171, 169, 117]
[148, 177, 153, 156, 165, 154]
[148, 177, 153, 156, 165, 181]
[148, 177, 183, 165, 154, 151]
[148, 177, 183, 165, 154, 156]
[148, 177, 183, 165, 181, 156]
[148, 177, 183, 165, 181, 173, 174]
[148, 177, 183, 179, 154, 156]
[148, 177, 183, 179, 154, 169, 175]
[148, 177, 183, 179, 156, 181]
[148, 182, 164, 183, 181, 174]
[148, 219, 183, 156, 165]
[148, 219, 183, 175]
[149, 166, 164]
[149, 172, 167]
[149, 172, 171]
[151, 204]
[152, 161, 66]
[156, 224]
[157, 199]
[161, 163, 215]
[161, 192, 163]
[161, 192, 212]
[161, 214, 215, 188]
[161, 214, 215, 218]
[16, 19, 17]
[163, 193, 176]
[163, 193, 192, 194, 191]
[163, 193, 192, 202]
[163, 193, 198, 202, 199]
[163, 193, 244, 194]
[163, 206, 202, 199, 198]
[163, 206, 202, 215]
[163, 215, 191]
[163, 215, 244]
[163, 247, 194, 192]
[163, 247, 194, 244]
[16, 33, 35, 36]
[166, 141, 142]
[166, 164, 174]
[166, 188, 190]
[166, 207]
[166, 255]
[167, 112, 168, 187, 190]
[167, 112, 172]
[169, 117, 50, 171]
[169, 173, 172, 177, 50, 171, 175]
[169, 173, 174, 177, 175, 171, 179, 50]
[169, 173, 174, 177, 175, 171, 184, 181]
[169, 173, 174, 177, 175, 176, 179, 170, 181, 183]
[169, 173, 174, 177, 175, 176, 179, 50]
[169, 173, 174, 177, 175, 176, 184, 181, 183]
[169, 173, 174, 177, 182, 170, 176, 179, 181, 183]
[169, 173, 174, 185, 179, 181]
[169, 180, 176, 181, 183, 170, 179]
[169, 180, 176, 181, 183, 184]
[170, 181, 178, 176, 179, 183, 173, 177, 174, 175]
[170, 181, 178, 176, 179, 183, 180]
[170, 181, 67]
[171, 112, 177, 172]
[171, 165, 173, 174, 177, 50]
[171, 212]
[171, 214, 117]
[171, 214, 218]
[171, 224, 174]
[171, 224, 214]
[171, 224, 228, 223]
[171, 233, 117]
[171, 233, 172]
[171, 233, 223]
[171, 233, 238]
[17, 18, 19, 20]
[172, 203]
[172, 215]
[174, 164, 184, 178, 181, 183]
[174, 173, 178, 175, 176, 177, 184, 181, 183]
[174, 173, 178, 175, 176, 177, 50, 179]
[174, 173, 178, 185, 179, 181]
[175, 219, 176, 183]
[175, 219, 206]
[179, 232, 251]
[179, 232, 255]
[179, 251, 253, 254]
[180, 178, 184, 176, 181, 183]
[180, 206]
[181, 187]
[181, 198, 200, 202, 207, 199]
[181, 207, 165]
[181, 67, 208]
[182, 206]
[186, 187]
[192, 212, 213]
[192, 213, 202]
[192, 217, 191]
[192, 252, 247]
[192, 259]
[193, 154]
[193, 201, 202, 198, 199]
[193, 214]
[193, 312]
[194, 200, 219, 204, 207]
[194, 200, 244]
[194, 247, 204]
[195, 196, 219, 197, 198, 199, 200, 207, 202, 205, 204]
[195, 196, 219, 197, 198, 199, 200, 207, 202, 205, 206]
[195, 196, 219, 197, 198, 199, 200, 207, 231, 204]
[195, 196, 219, 197, 198, 199, 200, 207, 231, 206]
[195, 196, 219, 197, 198, 199, 236, 231]
[195, 196, 219, 197, 198, 241, 207, 231]
[195, 196, 219, 197, 229, 231, 236, 199]
[195, 196, 219, 197, 229, 231, 241]
[195, 196, 219, 215, 202, 206]
[195, 196, 237, 198, 199, 206, 202]
[195, 196, 237, 198, 199, 206, 231]
[195, 196, 237, 198, 199, 236, 231]
[195, 196, 237, 198, 241, 231]
[195, 196, 237, 229, 231, 236, 199]
[195, 196, 237, 229, 231, 241]
[195, 198, 238, 199, 197, 219, 202, 206, 207]
[195, 198, 238, 199, 197, 219, 231, 206, 207]
[195, 198, 238, 199, 197, 219, 231, 236]
[195, 198, 238, 199, 237, 206, 202]
[195, 198, 238, 199, 237, 206, 231]
[195, 198, 238, 199, 237, 236, 231]
[195, 198, 248, 197]
[195, 198, 248, 237]
[195, 206, 210, 219]
[195, 210, 218, 219, 229]
[195, 215, 218, 219]
[195, 216, 197]
[195, 216, 257, 258, 259, 260, 264, 265, 261, 262]
[195, 218, 229, 199, 219]
[195, 219, 238, 197, 229, 199, 236, 231]
[195, 235, 197, 231, 207, 238, 199]
[195, 235, 197, 231, 207, 241]
[195, 235, 197, 231, 229, 238, 199]
[195, 235, 197, 231, 229, 241]
[195, 235, 226, 231, 207, 238]
[195, 235, 226, 231, 207, 241]
[195, 235, 226, 231, 229, 237, 238]
[195, 235, 226, 231, 229, 237, 241]
[195, 235, 229, 199, 237, 238, 231]
[195, 235, 257, 263, 260, 258, 259, 264, 265, 266, 261, 262]
[195, 235, 257, 263, 260, 258, 259, 264, 265, 292]
[195, 235, 257, 263, 260, 287, 292]
[195, 235, 257, 263, 291, 265, 261]
[195, 235, 257, 263, 291, 265, 292]
[195, 235, 257, 263, 291, 287, 292]
[195, 235, 299, 260, 258, 259, 264, 265, 261, 262]
[195, 235, 299, 260, 258, 259, 264, 265, 292]
[195, 235, 299, 260, 287, 292]
[195, 235, 299, 291, 265, 261]
[195, 235, 299, 291, 265, 292]
[195, 235, 299, 291, 287, 292]
[195, 236, 238, 229, 199, 237, 231]
[195, 267, 258, 259, 260, 264, 265, 257, 263, 266, 261, 262]
[195, 267, 258, 259, 260, 264, 265, 257, 263, 292]
[195, 267, 258, 259, 260, 264, 265, 299, 261, 262]
[195, 267, 258, 259, 260, 264, 265, 299, 292]
[195, 277, 248]
[195, 277, 260]
[195, 277, 278]
[195, 278, 264]
[195, 283, 299, 260, 258, 265, 262]
[195, 283, 299, 260, 258, 265, 292]
[195, 283, 299, 260, 287, 292]
[195, 283, 299, 291, 292, 265]
[195, 283, 299, 291, 292, 287]
[195, 323, 291]
[196, 197, 198, 219, 201, 207, 199, 200, 202, 204]
[196, 197, 198, 219, 201, 207, 199, 200, 202, 206]
[196, 197, 198, 219, 201, 207, 241]
[196, 197, 198, 219, 227, 231, 199, 204]
[196, 197, 198, 219, 227, 231, 199, 236]
[196, 197, 198, 219, 232, 202, 207]
[196, 197, 198, 219, 232, 231, 236, 227]
[196, 197, 198, 219, 232, 231, 241, 207]
[196, 197, 198, 219, 232, 231, 241, 227]
[196, 197, 198, 239, 205, 207, 206, 199]
[196, 197, 198, 239, 231, 206, 207, 199]
[196, 197, 198, 239, 231, 207, 232, 241]
[196, 197, 198, 239, 231, 227, 199, 236]
[196, 197, 198, 239, 231, 227, 232, 236]
[196, 197, 198, 239, 231, 227, 232, 241]
[196, 197, 229, 201, 219, 199]
[196, 197, 229, 201, 219, 241]
[196, 197, 229, 227, 231, 199, 236, 219]
[196, 197, 229, 227, 231, 199, 236, 239]
[196, 197, 229, 227, 231, 232, 236, 219]
[196, 197, 229, 227, 231, 232, 236, 239]
[196, 197, 229, 227, 231, 232, 241, 219]
[196, 197, 229, 227, 231, 232, 241, 239]
[196, 209, 202, 205]
[196, 209, 227]
[196, 237, 198, 202, 232]
[196, 237, 198, 231, 239, 206, 199]
[196, 237, 198, 231, 239, 227, 199, 236]
[196, 237, 198, 231, 239, 227, 232, 236]
[196, 237, 198, 231, 239, 227, 232, 241]
[196, 237, 229, 227, 231, 239, 199, 236]
[196, 237, 229, 227, 231, 239, 232, 236]
[196, 237, 229, 227, 231, 239, 232, 241]
[197, 198, 238, 207, 232, 219, 202]
[197, 198, 238, 207, 232, 219, 231]
[197, 198, 238, 207, 232, 239, 231]
[197, 198, 238, 207, 239, 199, 206, 231]
[197, 198, 240, 219, 199, 201, 200, 202, 206]
[197, 198, 240, 219, 199, 202, 238, 206]
[197, 198, 240, 219, 199, 231, 200, 206]
[197, 198, 240, 219, 199, 231, 238, 206]
[197, 198, 240, 219, 199, 231, 238, 227, 236]
[197, 198, 240, 219, 232, 202, 238]
[197, 198, 240, 219, 232, 227, 231, 236, 238]
[197, 198, 240, 219, 232, 227, 231, 241]
[197, 198, 240, 219, 241, 201]
[197, 198, 240, 239, 231, 206, 238, 199]
[197, 198, 240, 239, 231, 227, 199, 236, 238]
[197, 198, 240, 239, 231, 227, 232, 236, 238]
[197, 198, 240, 239, 231, 227, 232, 241]
[197, 216, 240]
[197, 229, 240, 201, 199, 219]
[197, 229, 240, 201, 199, 235]
[197, 229, 240, 201, 241, 219]
[197, 229, 240, 201, 241, 235]
[197, 229, 240, 227, 231, 199, 238, 235, 239]
[197, 229, 240, 227, 231, 199, 238, 236, 219]
[197, 229, 240, 227, 231, 199, 238, 236, 239]
[197, 229, 240, 227, 231, 232, 238, 219, 236]
[197, 229, 240, 227, 231, 232, 238, 233, 239, 235]
[197, 229, 240, 227, 231, 232, 238, 233, 239, 236]
[197, 229, 240, 227, 231, 232, 241, 219]
[197, 229, 240, 227, 231, 232, 241, 235, 239]
[197, 233, 231, 200, 207]
[197, 233, 231, 200, 240]
[197, 233, 231, 207, 232, 235, 238, 239]
[197, 233, 248]
[197, 235, 207, 201, 199]
[197, 235, 207, 201, 241]
[197, 235, 207, 231, 239, 199, 238]
[197, 235, 207, 231, 239, 232, 241]
[19, 74, 38, 42]
[19, 74, 77, 42]
[19, 74, 77, 75, 76]
[198, 222, 219]
[198, 237, 240, 202, 238, 206, 199]
[198, 237, 240, 202, 238, 232]
[198, 237, 240, 231, 239, 206, 238, 199]
[198, 237, 240, 231, 239, 227, 199, 236, 238]
[198, 237, 240, 231, 239, 227, 232, 236, 238]
[198, 237, 240, 231, 239, 227, 232, 241]
[199, 228, 227, 204]
[199, 228, 227, 229]
[199, 237, 238, 240, 229, 227, 239, 236, 231]
[199, 237, 238, 240, 235, 239, 227, 229, 231]
[199, 255]
[200, 244, 240, 231]
[202, 211, 209, 213]
[202, 211, 215]
[202, 213, 219]
[204, 230, 219]
[204, 230, 228]
[206, 214, 207]
[206, 214, 210]
[206, 214, 215]
[207, 165, 219]
[207, 226, 231, 232, 235, 239, 233, 238]
[207, 226, 231, 232, 235, 239, 241]
[208, 210, 211, 209, 242, 243, 212, 213]
[208, 210, 211, 67]
[208, 210, 218, 214]
[208, 215, 211]
[208, 215, 218, 214]
[208, 227, 209, 211]
[209, 247, 210]
[209, 250, 252, 247]
[210, 219, 213, 230]
[210, 219, 230, 229]
[210, 230, 213, 242]
[2, 108]
[211, 183]
[212, 244, 231]
[212, 244, 242]
[21, 22, 7]
[214, 117, 188]
[214, 215, 125]
[214, 215, 217, 218]
[2, 1, 50]
[215, 191, 217]
[215, 220]
[215, 244, 217]
[2, 1, 6]
[216, 257, 258, 261, 265, 259, 281, 264]
[216, 257, 258, 261, 265, 288, 262]
[216, 257, 258, 261, 265, 288, 281]
[217, 221, 218]
[218, 245]
[219, 251, 232]
[220, 221]
[221, 223]
[221, 242, 230]
[221, 249]
[221, 270, 230]
[221, 270, 235]
[221, 270, 268]
[222, 244, 255]
[224, 223, 240, 237]
[224, 230, 228]
[225, 229, 228, 226, 227]
[225, 229, 228, 226, 230]
[225, 229, 239, 230, 226]
[225, 229, 239, 237, 227, 233, 238, 226, 235]
[225, 229, 239, 237, 227, 233, 238, 240, 235]
[225, 229, 239, 237, 227, 233, 238, 240, 236]
[225, 229, 239, 237, 227, 241, 235, 226]
[225, 229, 239, 237, 227, 241, 235, 240]
[225, 229, 239, 237, 234, 240, 238, 235]
[225, 229, 239, 237, 234, 240, 238, 236]
[226, 117, 233]
[226, 229, 232, 227, 231, 235, 237, 239, 233, 238]
[226, 229, 232, 227, 231, 235, 237, 239, 241]
[227, 229, 232, 237, 231, 239, 240, 233, 238, 235]
[227, 229, 232, 237, 231, 239, 240, 233, 238, 236]
[227, 229, 232, 237, 231, 239, 240, 241, 235]
[228, 272, 321, 319]
[228, 272, 331, 230]
[228, 343]
[229, 237, 234, 231, 232, 238, 240, 239, 235]
[229, 237, 234, 231, 232, 238, 240, 239, 236]
[229, 237, 250]
[230, 242, 245]
[230, 260]
[230, 270, 188]
[230, 272, 188]
[230, 272, 336]
[230, 331, 334]
[230, 336, 335]
[230, 361, 362, 335]
[230, 361, 362, 360, 334]
[230, 361, 362, 360, 353]
[231, 244, 235, 240]
[232, 245, 255]
[233, 237, 223, 240]
[233, 237, 248]
[233, 247, 235]
[233, 247, 248]
[235, 173]
[235, 244, 247]
[235, 244, 264]
[235, 247, 287]
[235, 288, 265, 257, 258, 262, 266, 261, 263]
[235, 288, 265, 257, 258, 262, 314]
[235, 288, 265, 257, 258, 292, 263]
[235, 288, 265, 257, 258, 292, 314]
[235, 288, 265, 257, 291, 263, 261]
[235, 288, 265, 257, 291, 263, 292]
[235, 288, 265, 257, 296, 266, 261]
[235, 288, 265, 257, 296, 291, 261]
[235, 288, 265, 257, 296, 291, 314, 292]
[235, 288, 265, 294, 266, 261, 258]
[235, 288, 265, 294, 266, 261, 296]
[235, 288, 265, 299, 262, 258, 261]
[235, 288, 265, 299, 262, 258, 314]
[235, 288, 265, 299, 294, 258, 261]
[235, 288, 265, 299, 294, 258, 314, 292]
[235, 288, 265, 299, 294, 291, 296, 261]
[235, 288, 265, 299, 294, 291, 296, 314, 292]
[235, 288, 287, 291, 292, 263, 257]
[235, 288, 287, 291, 292, 296, 314, 257]
[235, 288, 287, 291, 292, 296, 314, 299, 294]
[235, 294, 259, 265, 258, 260, 266, 261]
[235, 294, 259, 265, 258, 260, 299, 261]
[235, 294, 259, 265, 258, 260, 299, 292]
[235, 294, 259, 265, 258, 314, 299, 292]
[235, 294, 259, 265, 296, 266, 261]
[235, 294, 259, 265, 296, 299, 261]
[235, 294, 259, 265, 296, 299, 314, 292]
[235, 294, 260, 287, 299, 292]
[235, 294, 270, 261]
[235, 294, 270, 292]
[235, 296, 259, 257, 314, 265, 292]
[235, 296, 264, 259, 265, 257, 266, 261]
[235, 296, 264, 259, 265, 257, 292]
[235, 296, 264, 259, 265, 299, 261]
[235, 296, 264, 259, 265, 299, 292]
[235, 313]
[235, 314, 259, 258, 265, 257, 262]
[235, 314, 259, 258, 265, 257, 292]
[235, 314, 259, 258, 265, 299, 262]
[2, 39, 40]
[242, 190]
[24, 25]
[243, 187]
[243, 223]
[243, 249]
[244, 248, 247]
[244, 252, 247]
[245, 187]
[245, 250, 252]
[246, 240]
[24, 73, 47]
[24, 73, 71]
[249, 252, 256]
[249, 252, 257, 250]
[249, 302, 294]
[25, 32, 30]
[255, 265]
[257, 261, 263, 291, 288, 297, 300]
[257, 261, 263, 300, 264, 262]
[257, 261, 263, 300, 288, 262]
[257, 261, 296, 264, 259, 265, 281]
[257, 261, 296, 264, 300]
[257, 261, 296, 288, 291, 265, 281]
[257, 261, 296, 288, 291, 300, 297]
[257, 262, 258, 282, 260, 264, 267]
[257, 262, 258, 282, 288, 314]
[257, 262, 295, 259, 264, 260]
[257, 262, 295, 259, 314]
[257, 262, 295, 282, 264, 260]
[257, 262, 295, 282, 288, 314]
[257, 262, 300, 282, 264]
[257, 262, 300, 282, 288]
[257, 266, 261, 259, 296, 297]
[257, 266, 261, 259, 297, 267, 260, 263]
[257, 266, 261, 288, 297, 263]
[257, 266, 261, 288, 297, 296]
[257, 292, 259, 264, 265, 258, 281]
[257, 292, 259, 264, 265, 296, 281]
[257, 292, 259, 264, 295, 260]
[257, 292, 259, 264, 295, 296, 281]
[257, 292, 259, 297, 260, 267, 263]
[257, 292, 259, 297, 260, 295]
[257, 292, 259, 297, 296, 314, 295]
[257, 292, 259, 314, 281, 258, 265]
[257, 292, 259, 314, 281, 296, 265]
[257, 292, 259, 314, 281, 296, 295]
[257, 292, 263, 288, 291, 297, 300, 287]
[257, 292, 263, 297, 260, 287]
[257, 292, 263, 300, 264]
[257, 292, 265, 288, 281, 314, 258]
[257, 292, 265, 288, 281, 314, 296, 291]
[257, 292, 265, 312, 296]
[257, 292, 282, 260, 295, 297, 287]
[257, 292, 282, 264, 258, 267, 260]
[257, 292, 282, 264, 258, 281]
[257, 292, 282, 264, 295, 260]
[257, 292, 282, 264, 296, 281, 295]
[257, 292, 282, 264, 296, 300]
[257, 292, 282, 267, 297, 260]
[257, 292, 282, 288, 258, 281, 314]
[257, 292, 282, 288, 291, 296, 287, 295, 314, 281]
[257, 292, 282, 288, 291, 296, 287, 295, 314, 297]
[257, 292, 282, 288, 291, 296, 287, 300, 297]
[257, 292, 312, 296, 297]
[258, 265, 266, 294, 261, 267, 259, 260]
[258, 265, 299, 261, 259, 281, 264]
[258, 265, 299, 261, 259, 281, 294]
[258, 265, 299, 261, 259, 294, 267, 260]
[258, 265, 299, 261, 288, 294, 281, 298]
[258, 265, 299, 261, 298, 264, 267]
[258, 265, 299, 261, 298, 264, 281]
[258, 265, 299, 261, 298, 267, 294]
[258, 265, 299, 262, 314, 283, 288]
[258, 265, 299, 292, 264, 259, 281]
[258, 265, 299, 292, 264, 298, 267]
[258, 265, 299, 292, 264, 298, 281]
[258, 265, 299, 292, 294, 259, 267, 260]
[258, 265, 299, 292, 294, 259, 281, 314]
[258, 265, 299, 292, 294, 260, 283]
[258, 265, 299, 292, 294, 298, 267]
[258, 265, 299, 292, 294, 298, 288, 281, 314, 283]
[258, 268, 288, 261]
[258, 268, 288, 292]
[258, 282, 299, 262, 264, 267, 260]
[258, 282, 299, 262, 283, 260]
[258, 282, 299, 262, 283, 288, 314, 284]
[258, 282, 299, 292, 264, 260, 267]
[258, 282, 299, 292, 264, 298, 267]
[258, 282, 299, 292, 264, 298, 281]
[258, 282, 299, 292, 294, 260, 267]
[258, 282, 299, 292, 294, 260, 283]
[258, 282, 299, 292, 294, 298, 267]
[258, 282, 299, 292, 294, 298, 288, 281, 314, 283, 284]
[259, 265, 188, 264]
[259, 265, 293, 262, 260, 261, 266]
[259, 265, 293, 262, 260, 261, 299]
[259, 265, 293, 262, 314, 299]
[259, 265, 293, 294, 260, 266, 261]
[259, 265, 293, 294, 260, 299, 261]
[259, 265, 293, 294, 260, 299, 292]
[259, 265, 296, 264, 299, 281, 261]
[259, 265, 296, 264, 299, 281, 292]
[259, 265, 296, 293, 294, 266, 261]
[259, 265, 296, 293, 294, 299, 281, 261]
[259, 265, 296, 293, 294, 299, 281, 314, 292]
[259, 285, 293, 292, 294, 295, 281, 296, 299]
[259, 295, 299, 264, 262, 260]
[259, 295, 299, 264, 292, 260]
[259, 295, 299, 264, 292, 296, 281]
[259, 295, 299, 293, 262, 260]
[259, 295, 299, 293, 262, 314]
[259, 295, 299, 293, 292, 294, 281, 296, 314]
[259, 297, 294, 267, 260, 266, 261]
[259, 297, 294, 267, 260, 299, 261]
[259, 297, 294, 267, 260, 299, 292]
[259, 297, 294, 293, 260, 266, 261]
[259, 297, 294, 293, 260, 299, 261]
[259, 297, 294, 293, 260, 299, 285, 292, 295]
[259, 297, 294, 293, 296, 266, 261]
[259, 297, 294, 293, 296, 299, 261]
[259, 297, 294, 293, 296, 299, 292, 295, 285]
[259, 297, 294, 293, 296, 299, 292, 295, 314]
[260, 282, 299, 262, 293, 283, 295]
[260, 282, 299, 262, 295, 264]
[260, 282, 299, 292, 264, 295]
[260, 282, 299, 292, 294, 297, 267]
[260, 282, 299, 292, 294, 297, 293, 283, 295, 285, 287]
[260, 283, 293, 299, 265, 262]
[260, 283, 293, 299, 265, 292, 294]
[261, 264, 298, 299, 296, 265, 281]
[261, 264, 298, 299, 296, 300]
[261, 264, 299, 300, 262]
[261, 267, 297, 298, 299, 294]
[261, 270, 268]
[261, 288, 293, 262, 265, 266]
[261, 288, 293, 262, 265, 299]
[261, 288, 293, 262, 300, 299]
[261, 288, 293, 294, 296, 266, 265]
[261, 288, 293, 294, 296, 266, 297]
[261, 288, 293, 294, 296, 291, 298, 299, 265, 281]
[261, 288, 293, 294, 296, 291, 298, 299, 300, 297]
[261, 290]
[261, 315]
[262, 264, 299, 300, 282]
[262, 264, 299, 301, 265]
[262, 264, 299, 301, 282, 295]
[262, 288, 293, 299, 265, 283, 301]
[262, 288, 293, 299, 265, 283, 314]
[262, 288, 293, 299, 282, 284, 295, 283, 301]
[262, 288, 293, 299, 282, 284, 295, 283, 314]
[262, 288, 293, 299, 282, 284, 300]
[263, 272, 264]
[263, 272, 297, 291]
[263, 272, 297, 307]
[263, 272, 305, 307]
[263, 305, 288]
[263, 307, 292, 265]
[263, 307, 292, 297]
[264, 272, 188]
[264, 298, 188, 265]
[264, 298, 188, 300]
[264, 298, 292, 299, 296, 300, 282]
[264, 298, 292, 299, 296, 301, 281, 265]
[264, 298, 292, 299, 296, 301, 281, 282, 295]
[264, 308, 188, 265]
[264, 308, 188, 309]
[264, 309, 278]
[265, 188, 283, 298]
[265, 274]
[265, 292, 299, 294, 298, 288, 291, 293, 296, 281, 283, 301]
[265, 292, 299, 294, 298, 288, 291, 293, 296, 281, 283, 314]
[265, 292, 299, 312, 296]
[265, 292, 307, 312]
[265, 308, 312, 307]
[265, 321]
[265, 326, 327]
[267, 297, 298, 292, 282, 299, 294]
[268, 270, 269, 271]
[268, 270, 292]
[270, 188, 271]
[270, 277]
[2, 70, 39]
[2, 70, 72]
[272, 285, 297, 291, 294]
[272, 290]
[272, 291, 294, 297, 314]
[272, 297, 312, 307]
[272, 305, 312, 306, 307]
[272, 306, 321]
[272, 306, 324]
[272, 307, 319]
[272, 318, 346, 371]
[272, 318, 377, 379, 328, 376]
[272, 318, 377, 379, 341]
[272, 327, 333, 331]
[272, 327, 333, 338]
[272, 327, 369, 371]
[272, 328, 339]
[272, 328, 348]
[272, 331, 341]
[272, 333, 340]
[272, 333, 373]
[272, 336, 338]
[272, 341, 345, 339, 340]
[272, 341, 345, 355, 354]
[272, 359, 345, 340, 339]
[272, 359, 345, 340, 348, 365]
[272, 359, 345, 356, 339, 346]
[272, 359, 345, 356, 358, 347, 348, 346, 357]
[272, 359, 345, 356, 358, 347, 348, 354, 355, 351, 357]
[272, 359, 345, 356, 358, 347, 348, 354, 355, 351, 365]
[272, 359, 345, 385, 346]
[272, 359, 369, 356, 346]
[272, 359, 369, 356, 354]
[272, 359, 376, 369]
[272, 359, 376, 379]
[272, 371, 346, 348]
[272, 371, 346, 369]
[27, 28, 30, 29]
[27, 28, 44, 29]
[27, 28, 44, 41]
[273, 278, 275, 274]
[273, 278, 275, 286]
[273, 278, 315, 286]
[274, 309, 278]
[275, 301]
[275, 308]
[276, 277, 278, 286]
[277, 308]
[278, 303]
[279, 295]
[279, 300]
[279, 308, 280, 317]
[280, 293, 284, 294, 281]
[280, 293, 284, 294, 297]
[280, 321]
[281, 282, 288, 291, 292, 293, 294, 295, 296, 298, 299, 283, 284, 287, 301, 285]
[281, 282, 288, 291, 292, 293, 294, 295, 296, 298, 299, 283, 284, 287, 314]
[282, 284, 287, 288, 291, 292, 293, 294, 296, 298, 299, 295, 297, 283, 285]
[282, 284, 287, 288, 291, 292, 293, 294, 296, 298, 299, 295, 297, 283, 314]
[282, 284, 287, 288, 291, 292, 293, 294, 296, 298, 299, 300, 297, 285]
[283, 188, 298, 284, 287]
[283, 324, 292]
[284, 188, 298, 300, 287]
[28, 42, 41, 44]
[284, 305, 288, 293]
[28, 47]
[28, 52, 41]
[285, 309, 293]
[286, 188]
[287, 304, 288]
[288, 303]
[288, 304, 305]
[289, 290]
[289, 301]
[292, 312, 297, 296, 299]
[292, 312, 297, 307]
[293, 309, 305]
[293, 309, 314]
[294, 302, 295]
[298, 318]
[302, 303, 311]
[302, 336]
[302, 370]
[304, 305, 307, 312, 306, 308, 309]
[304, 305, 307, 312, 325]
[305, 310, 312, 307, 306]
[305, 310, 312, 307, 325]
[306, 320, 321]
[306, 324, 309]
[307, 319, 325]
[307, 323, 312]
[308, 318]
[3, 12, 5, 16, 9]
[3, 12, 8, 16, 9]
[3, 12, 8, 4]
[31, 32, 50]
[315, 316, 317]
[315, 316, 318]
[315, 325, 317]
[317, 325, 319]
[318, 341, 329, 377, 379, 382]
[318, 353, 371]
[318, 378, 346, 371]
[318, 378, 384, 328, 376, 377, 380, 381, 329, 379, 382]
[318, 378, 384, 328, 376, 377, 380, 381, 383]
[318, 378, 384, 371]
[318, 378, 384, 389]
[318, 378, 386, 328, 376, 379]
[318, 378, 386, 346]
[318, 378, 386, 389]
[319, 320, 321, 322]
[324, 325]
[326, 330, 331, 327]
[326, 330, 331, 334]
[326, 330, 372, 373]
[326, 354]
[327, 330, 333, 331, 332]
[327, 330, 333, 338]
[327, 337, 338]
[327, 366, 371]
[327, 368]
[329, 340, 341]
[329, 340, 359]
[329, 359, 376, 379, 380]
[329, 366]
[330, 333, 332, 334, 331]
[330, 333, 332, 334, 361]
[330, 333, 332, 373]
[330, 333, 338, 334]
[330, 333, 363, 361]
[330, 333, 372, 373]
[330, 349]
[331, 341, 350]
[331, 350, 333]
[332, 336]
[332, 356, 357, 358, 351]
[332, 356, 361]
[333, 335, 338]
[333, 335, 361]
[333, 340, 334]
[333, 340, 350]
[333, 340, 372]
[333, 344]
[33, 34, 35, 36]
[33, 37]
[335, 336, 338]
[335, 337, 338]
[335, 342]
[335, 356, 361]
[335, 361, 367]
[335, 367, 336]
[335, 367, 400, 386]
[335, 389, 374, 375, 399]
[335, 389, 374, 386]
[335, 389, 400, 375, 399]
[335, 389, 400, 387, 386]
[335, 389, 400, 387, 404]
[335, 389, 400, 399, 404]
[335, 395, 386, 387]
[33, 63]
[33, 69]
[337, 355, 359]
[339, 340, 341, 342, 349]
[339, 340, 341, 342, 350, 343]
[339, 340, 341, 367, 349]
[339, 344, 341, 343]
[339, 344, 341, 367]
[340, 353, 359]
[340, 353, 367]
[340, 372, 341]
[341, 355, 344]
[341, 368, 344]
[341, 368, 349]
[3, 42]
[344, 351, 355]
[344, 402]
[345, 359, 352, 357, 348, 355, 356, 358, 351]
[345, 359, 352, 357, 348, 364]
[345, 359, 364, 354, 347, 348, 357]
[345, 359, 374]
[345, 386, 374]
[345, 386, 385, 346]
[345, 386, 385, 400]
[345, 386, 387, 400]
[345, 388, 374]
[345, 391, 385, 394]
[345, 394, 385, 346]
[347, 366, 356]
[348, 361, 356]
[348, 368]
[353, 359, 356]
[353, 359, 362, 363]
[353, 361, 356]
[353, 361, 363, 360, 362]
[353, 361, 363, 367]
[353, 368]
[354, 359, 363, 358]
[359, 374, 379, 380]
[366, 367]
[367, 386, 378]
[367, 388]
[367, 392]
[367, 406, 407]
[367, 408, 396]
[367, 408, 400]
[367, 408, 407]
[371, 388]
[371, 393, 378]
[371, 393, 402]
[371, 403, 402]
[371, 403, 407]
[372, 376]
[372, 400, 373]
[373, 374]
[374, 379, 380, 375]
[374, 379, 380, 381]
[374, 379, 386]
[374, 389, 399, 403]
[374, 389, 399, 408]
[375, 377, 379, 380]
[375, 400, 389, 385]
[378, 387, 386, 389]
[378, 393, 386, 389]
[385, 389, 400, 386]
[386, 393, 395]
[387, 410, 400, 404, 389]
[389, 390]
[389, 392]
[389, 399, 393]
[389, 399, 404, 400, 408]
[389, 399, 404, 407, 403]
[389, 399, 404, 407, 408]
[389, 409, 400]
[393, 402, 399]
[39, 37, 40, 38]
[39, 37, 42, 38]
[39, 37, 42, 41, 43]
[39, 37, 48]
[39, 37, 65]
[39, 45, 42, 38]
[39, 45, 42, 41, 43]
[39, 58, 42]
[39, 64, 65]
[39, 70, 47]
[397, 398]
[397, 400, 399]
[397, 405]
[399, 402, 403]
[400, 401, 408]
[401, 406]
[402, 405]
[403, 406, 407]
[404, 405]
[405, 406]
[43, 42, 41, 44, 37]
[43, 42, 41, 44, 45]
[43, 42, 41, 54]
[43, 42, 88, 105]
[43, 42, 93, 105]
[44, 36]
[44, 41, 32]
[44, 41, 42, 71, 37]
[44, 41, 42, 77]
[44, 41, 92]
[44, 69]
[44, 73, 71, 42]
[44, 73, 71, 87]
[44, 75, 77, 78]
[44, 78, 87]
[46, 50, 47]
[46, 54]
[4, 90]
[51, 100, 133]
[51, 112, 125]
[51, 125, 133, 127]
[51, 125, 144]
[51, 127, 117]
[51, 141, 142]
[51, 141, 144]
[51, 154, 164, 165, 183]
[51, 164, 178, 117]
[51, 164, 178, 183]
[51, 183, 173, 165]
[51, 183, 173, 176, 178]
[51, 187, 168, 112, 190]
[51, 187, 168, 117]
[51, 190, 188, 112]
[51, 191]
[51, 205]
[51, 223, 240]
[51, 35, 36]
[51, 36, 66]
[51, 38, 40, 37]
[51, 38, 42, 100, 37]
[51, 38, 42, 74, 45]
[51, 38, 42, 74, 72]
[51, 40, 52]
[51, 41, 32]
[51, 41, 42, 37, 71]
[51, 41, 42, 45]
[51, 41, 52]
[51, 41, 57]
[51, 42, 67, 74]
[51, 42, 71, 72, 74]
[51, 49, 48, 37]
[51, 50, 1]
[51, 50, 136]
[51, 50, 142, 143]
[51, 50, 165, 173]
[51, 50, 168, 117]
[51, 50, 168, 133]
[51, 50, 168, 144, 143]
[51, 50, 173, 176, 178]
[51, 50, 178, 117]
[51, 50, 188, 117]
[51, 50, 32]
[51, 50, 37, 48]
[51, 50, 47]
[51, 50, 74]
[51, 64, 112]
[51, 64, 65]
[51, 65, 37]
[51, 66, 100]
[51, 66, 168]
[51, 66, 74, 67]
[51, 66, 74, 72]
[5, 16, 9, 11, 12]
[5, 16, 9, 19]
[51, 7, 48, 37]
[53, 54, 55]
[54, 42, 74]
[54, 55, 41]
[54, 55, 64]
[54, 55, 74]
[55, 75, 47]
[55, 75, 63]
[55, 75, 74]
[5, 6, 1]
[56, 112, 113, 125]
[56, 125, 144]
[56, 58, 113]
[56, 58, 144]
[56, 58, 42]
[56, 58, 57]
[56, 58, 78]
[5, 6, 7]
[56, 74, 42]
[56, 74, 81, 75, 78]
[5, 6, 9, 11, 12]
[58, 124, 144]
[58, 132, 113, 124]
[58, 132, 190]
[58, 171, 172, 113]
[58, 171, 172, 50]
[58, 50, 144]
[59, 60, 61, 62, 63]
[59, 76]
[60, 42, 62]
[60, 65]
[60, 78]
[6, 14, 9, 11, 12]
[61, 70, 63]
[62, 37, 42]
[68, 66, 67]
[68, 80]
[69, 64]
[69, 80, 81]
[70, 106]
[70, 47, 73]
[70, 57]
[70, 71, 72, 73]
[70, 71, 72, 74]
[70, 71, 87, 73]
[70, 71, 87, 74]
[70, 71, 87, 88]
[70, 78, 47]
[70, 78, 74, 72]
[70, 78, 74, 87]
[73, 115]
[73, 122, 72]
[73, 128, 122]
[73, 42, 72, 71]
[75, 47, 50]
[75, 47, 78]
[75, 74, 50]
[75, 74, 76, 81, 77, 78]
[75, 95, 94]
[76, 74, 67, 77]
[76, 85]
[77, 74, 42, 67]
[78, 38, 72, 74]
[78, 49]
[78, 81, 74, 87]
[79, 80]
[80, 48, 81]
[8, 11, 10, 13, 14, 16, 23, 12]
[8, 11, 10, 13, 14, 16, 9, 12]
[8, 11, 10, 13, 14, 16, 9, 15]
[81, 119]
[8, 11, 48]
[81, 82, 83]
[81, 87, 83]
[81, 87, 88]
[84, 100, 85]
[84, 100, 95]
[84, 140, 112]
[84, 140, 142]
[84, 140, 144]
[84, 140, 85]
[84, 40, 85]
[84, 71, 85]
[84, 71, 87]
[84, 87, 95]
[84, 95, 112]
[85, 140, 141]
[85, 160, 161, 153, 158, 150]
[85, 160, 161, 153, 158, 162]
[85, 167]
[86, 87, 74]
[86, 87, 89, 103]
[86, 87, 89, 88]
[86, 91, 103]
[86, 91, 88]
[87, 110, 103, 94, 95]
[87, 116]
[87, 117, 118]
[87, 133, 118]
[87, 95, 88]
[88, 105, 71, 42]
[88, 105, 91, 95]
[88, 142, 121]
[88, 144, 121]
[90, 103, 100, 111, 108, 109]
[90, 103, 100, 93, 102, 106]
[90, 103, 100, 93, 102, 91, 101]
[90, 103, 100, 93, 102, 91, 108]
[90, 103, 100, 93, 102, 91, 96]
[90, 103, 100, 93, 97, 109, 101]
[90, 103, 100, 93, 97, 109, 104, 106]
[90, 103, 100, 93, 97, 109, 104, 96]
[90, 103, 100, 93, 97, 109, 108]
[90, 103, 100, 93, 97, 91, 101]
[90, 103, 100, 93, 97, 91, 108]
[90, 103, 100, 93, 97, 91, 96, 104]
[90, 103, 99, 97, 104, 93, 106, 109]
[90, 103, 99, 97, 104, 93, 96, 109]
[90, 103, 99, 97, 104, 93, 96, 91]
[91, 122, 100, 103, 95, 104, 105]
[91, 122, 100, 103, 95, 108]
[91, 125, 122, 118]
[9, 19, 16, 14]
[91, 93, 103, 94, 102, 100, 95, 105, 101, 110]
[91, 93, 103, 94, 102, 100, 95, 105, 96]
[91, 93, 103, 94, 102, 100, 95, 108]
[91, 93, 103, 94, 97, 100, 95, 105, 101, 110]
[91, 93, 103, 94, 97, 100, 95, 105, 104, 110]
[91, 93, 103, 94, 97, 100, 95, 105, 104, 96]
[91, 93, 103, 94, 97, 100, 95, 108]
[91, 93, 103, 94, 97, 99, 105, 104, 110]
[91, 93, 103, 94, 97, 99, 105, 104, 96]
[91, 93, 118]
[91, 98]
[9, 26, 10, 11, 12, 13]
[93, 103, 102, 100, 106, 105, 110, 95]
[93, 103, 102, 107, 106, 110]
[93, 103, 102, 107, 94, 108]
[93, 103, 102, 107, 94, 110]
[93, 103, 102, 107, 94, 96]
[93, 103, 109, 107, 108, 94]
[93, 103, 109, 107, 99, 104, 106, 110]
[93, 103, 109, 107, 99, 104, 94, 110]
[93, 103, 109, 107, 99, 104, 94, 96]
[93, 103, 109, 97, 100, 95, 105, 101, 94, 110]
[93, 103, 109, 97, 100, 95, 105, 104, 106, 110]
[93, 103, 109, 97, 100, 95, 105, 104, 94, 110]
[93, 103, 109, 97, 100, 95, 105, 104, 94, 96]
[93, 103, 109, 97, 100, 95, 108, 94]
[93, 103, 109, 97, 99, 104, 105, 106, 110]
[93, 103, 109, 97, 99, 104, 105, 94, 110]
[93, 103, 109, 97, 99, 104, 105, 94, 96]
[93, 131, 110]
[93, 42, 105, 100]
[9, 39]
[94, 112, 95]
[94, 146]
[95, 100, 103, 122, 109, 104, 105]
[95, 100, 103, 122, 109, 108]
[95, 100, 38, 109]
[95, 112, 114, 115]
[95, 112, 122]
[95, 147, 105]
[96, 126]
[97, 71, 105]
[99, 103, 123]
