[100, 10016]
[100, 100228]
[100100, 38]
[100101, 38]
[10010, 219]
[100102, 38]
[100103, 164]
[100103, 215]
[100103, 38]
[100103, 88]
[100104, 38]
[100105, 38]
[100106, 38]
[100107, 39]
[10010, 79]
[100108, 39]
[100109, 39]
[100110, 112]
[100110, 219]
[100110, 242]
[100110, 243]
[100110, 39]
[1001, 109]
[100111, 39]
[10011, 233]
[100112, 39]
[100113, 39]
[100114, 39]
[100115, 39]
[100116, 39]
[1001, 171]
[100117, 39]
[100118, 39]
[10011, 90]
[100119, 39]
[100120, 39]
[10012, 113]
[100121, 39]
[10012, 185]
[10012, 233]
[100122, 39]
[10012, 242]
[100123, 39]
[100124, 39]
[100125, 39]
[10012, 62]
[10012, 70]
[100128, 47]
[10012, 87]
[10012, 90]
[100129, 48]
[100130, 48]
[100131, 48]
[100132, 48]
[100133, 48]
[100134, 48]
[100135, 48]
[100136, 48]
[100137, 106]
[100137, 48]
[100138, 48]
[10013, 90]
[100139, 233]
[100139, 48]
[100140, 48]
[100141, 48]
[100142, 48]
[100143, 243]
[100143, 48]
[10014, 4]
[100144, 48]
[100145, 101]
[100145, 203]
[100145, 50]
[10015, 109]
[10015, 112]
[10015, 117]
[10015, 119]
[10015, 126]
[10015, 153]
[10015, 164]
[10015, 205]
[10015, 215]
[10015, 233]
[10015, 252]
[100153, 187]
[100153, 239]
[10015, 38]
[10015, 4]
[10015, 62]
[10015, 70]
[10015, 73]
[100159, 63]
[100160, 112]
[100160, 180]
[100160, 185]
[100160, 198]
[100160, 63]
[100160, 87]
[10016, 113]
[10016, 126]
[10016, 135]
[10016, 144]
[10016, 153]
[100161, 64]
[10016, 187]
[100161, 87]
[10016, 194]
[10016, 213]
[10016, 22]
[10016, 220]
[10016, 242]
[10016, 243]
[10016, 246]
[100162, 64]
[100163, 64]
[10016, 38]
[10016, 39]
[10016, 4]
[100164, 75]
[100165, 119]
[100167, 70]
[10016, 80]
[10016, 87]
[100170, 112]
[100170, 73]
[100170, 75]
[100171, 73]
[100172, 73]
[100173, 73]
[10017, 4]
[100174, 79]
[100176, 112]
[100176, 75]
[100177, 119]
[100177, 75]
[100178, 75]
[100179, 75]
[10018, 10]
[10018, 102]
[10018, 103]
[10018, 104]
[10018, 106]
[10018, 109]
[10018, 110]
[100181, 106]
[10018, 111]
[10018, 112]
[10018, 113]
[10018, 114]
[100181, 158]
[10018, 116]
[10018, 117]
[10018, 118]
[10018, 119]
[10018, 12]
[10018, 120]
[100181, 202]
[100181, 239]
[10018, 126]
[10018, 127]
[10018, 128]
[10018, 13]
[10018, 131]
[10018, 133]
[10018, 135]
[10018, 137]
[10018, 14]
[10018, 140]
[10018, 141]
[10018, 144]
[10018, 146]
[10018, 147]
[10018, 15]
[10018, 152]
[10018, 153]
[10018, 156]
[10018, 157]
[10018, 158]
[10018, 159]
[10018, 161]
[10018, 164]
[10018, 165]
[10018, 166]
[10018, 168]
[10018, 17]
[10018, 171]
[10018, 172]
[10018, 174]
[10018, 175]
[10018, 178]
[100181, 78]
[10018, 179]
[10018, 180]
[10018, 181]
[10018, 182]
[10018, 185]
[10018, 187]
[10018, 188]
[10018, 19]
[10018, 194]
[10018, 195]
[10018, 196]
[10018, 197]
[10018, 198]
[10018, 199]
[10018, 20]
[10018, 200]
[10018, 202]
[10018, 205]
[10018, 206]
[10018, 207]
[10018, 209]
[10018, 210]
[10018, 211]
[10018, 213]
[10018, 214]
[10018, 215]
[10018, 218]
[10018, 219]
[10018, 22]
[10018, 220]
[10018, 224]
[10018, 225]
[10018, 229]
[10018, 23]
[10018, 230]
[10018, 231]
[10018, 233]
[10018, 235]
[10018, 236]
[10018, 237]
[10018, 238]
[10018, 239]
[10018, 242]
[10018, 243]
[10018, 246]
[10018, 25]
[10018, 252]
[10018, 253]
[10018, 254]
[10018, 26]
[100182, 78]
[10018, 28]
[10018, 29]
[10018, 30]
[10018, 31]
[10018, 32]
[10018, 33]
[10018, 34]
[100183, 78]
[10018, 38]
[10018, 39]
[10018, 4]
[10018, 43]
[10018, 47]
[100184, 78]
[10018, 48]
[10018, 49]
[10018, 5]
[10018, 51]
[100185, 219]
[10018, 56]
[100185, 79]
[10018, 59]
[10018, 62]
[10018, 63]
[10018, 64]
[10018, 65]
[10018, 67]
[100186, 79]
[10018, 68]
[10018, 70]
[100187, 219]
[10018, 73]
[10018, 75]
[10018, 76]
[100187, 79]
[10018, 78]
[10018, 79]
[10018, 8]
[10018, 80]
[10018, 85]
[10018, 87]
[100188, 79]
[10018, 88]
[10018, 89]
[10018, 9]
[10018, 90]
[10018, 92]
[10018, 94]
[10018, 96]
[100189, 80]
[10018, 99]
[100190, 80]
[100191, 220]
[100191, 80]
[10019, 188]
[100192, 80]
[100193, 80]
[100194, 80]
[10019, 5]
[100195, 219]
[100195, 80]
[100199, 85]
[100200, 233]
[10020, 206]
[100204, 159]
[100204, 87]
[100205, 87]
[100206, 87]
[100207, 87]
[10020, 80]
[100208, 87]
[100209, 87]
[100210, 87]
[10021, 10]
[10021, 102]
[10021, 146]
[10021, 153]
[10021, 174]
[10021, 178]
[10021, 182]
[100211, 87]
[10021, 197]
[10021, 206]
[10021, 23]
[10021, 230]
[10021, 243]
[100212, 87]
[100213, 88]
[10021, 47]
[100214, 88]
[100215, 88]
[10021, 68]
[100216, 88]
[1002, 171]
[100217, 88]
[10021, 87]
[100218, 88]
[100219, 88]
[100220, 88]
[10022, 133]
[10022, 181]
[100221, 90]
[100222, 90]
[10022, 30]
[100223, 168]
[100223, 94]
[100227, 128]
[10022, 80]
[10022, 9]
[100229, 104]
[100229, 112]
[100229, 185]
[100230, 104]
[100230, 198]
[100231, 105]
[100232, 106]
[100233, 106]
[100234, 106]
[100234, 137]
[100234, 144]
[100234, 196]
[100234, 207]
[100235, 106]
[100235, 144]
[100235, 171]
[100236, 106]
[100236, 119]
[100237, 106]
[100238, 106]
[100239, 106]
[100239, 119]
[100239, 171]
[100239, 196]
[100239, 242]
[100240, 106]
[100240, 144]
[100240, 158]
[100241, 106]
[100241, 158]
[100242, 106]
[100243, 106]
[100244, 106]
[100245, 106]
[100246, 106]
[100247, 106]
[100248, 106]
[100249, 106]
[100250, 106]
[100251, 106]
[100251, 171]
[100251, 242]
[100252, 106]
[100253, 106]
[100254, 106]
[100255, 106]
[100256, 106]
[100257, 106]
[100257, 171]
[100258, 106]
[100259, 106]
[100260, 106]
[10026, 10]
[100261, 106]
[100262, 106]
[10026, 242]
[100263, 106]
[100264, 106]
[100265, 106]
[100266, 106]
[100267, 106]
[100268, 106]
[100269, 106]
[100270, 106]
[100270, 158]
[10027, 10]
[100271, 106]
[100272, 106]
[100273, 106]
[100274, 106]
[100275, 106]
[100276, 106]
[100276, 158]
[100277, 106]
[100278, 106]
[100279, 106]
[100280, 106]
[100281, 106]
[10028, 126]
[100282, 106]
[100282, 171]
[10028, 233]
[100283, 106]
[100284, 106]
[100284, 158]
[100285, 106]
[100285, 171]
[100286, 106]
[10028, 62]
[100287, 106]
[100288, 106]
[100289, 159]
[100290, 137]
[10029, 126]
[10029, 233]
[100296, 137]
[100297, 137]
[10029, 87]
[10030, 233]
[10031, 12]
[10031, 159]
[10031, 197]
[10031, 22]
[100317, 109]
[10031, 80]
[10031, 87]
[10032, 12]
[100324, 109]
[100325, 110]
[100325, 242]
[100326, 111]
[100327, 112]
[100328, 112]
[100329, 113]
[100330, 113]
[10033, 103]
[100331, 113]
[10033, 133]
[10033, 137]
[10033, 14]
[10033, 174]
[10033, 178]
[10033, 196]
[100332, 113]
[10033, 225]
[10033, 242]
[10033, 243]
[100333, 113]
[10033, 33]
[100334, 113]
[10033, 48]
[100335, 113]
[100336, 113]
[100337, 113]
[100337, 220]
[100338, 113]
[100339, 113]
[100340, 114]
[10034, 113]
[10034, 14]
[10034, 199]
[100342, 119]
[10034, 220]
[10034, 242]
[10034, 243]
[10034, 30]
[100343, 119]
[10034, 39]
[100344, 119]
[100345, 119]
[10034, 59]
[100346, 119]
[100347, 119]
[10034, 80]
[100348, 119]
[100348, 224]
[10034, 87]
[100349, 119]
[100350, 119]
[100351, 119]
[100351, 239]
[10035, 14]
[100352, 119]
[100353, 119]
[100354, 120]
[100356, 124]
[100360, 127]
[100360, 202]
[10036, 104]
[100361, 127]
[10036, 113]
[100361, 136]
[100361, 154]
[10036, 118]
[100361, 202]
[100361, 218]
[10036, 15]
[10036, 156]
[10036, 180]
[10036, 185]
[10036, 198]
[100362, 127]
[10036, 22]
[10036, 220]
[100362, 202]
[100362, 218]
[10036, 243]
[10036, 30]
[100363, 127]
[100363, 202]
[10036, 39]
[100364, 128]
[100365, 128]
[100365, 195]
[100366, 220]
[10036, 64]
[100367, 131]
[100367, 180]
[100368, 131]
[10036, 87]
[100370, 135]
[100371, 136]
[100371, 154]
[100371, 253]
[100371, 254]
[10037, 15]
[100372, 136]
[100374, 137]
[100375, 137]
[100376, 137]
[100377, 139]
[100380, 139]
[10038, 104]
[10038, 113]
[10038, 15]
[10038, 28]
[10038, 59]
[100386, 139]
[100388, 140]
[10038, 87]
[100389, 141]
[100390, 143]
[100390, 192]
[10039, 104]
[10039, 113]
[100391, 144]
[10039, 15]
[10039, 199]
[100392, 145]
[100393, 145]
[100394, 146]
[100395, 146]
[100396, 146]
[100397, 146]
[100398, 146]
[100399, 146]
[100400, 147]
[10040, 104]
[10040, 112]
[100401, 147]
[10040, 15]
[10040, 185]
[10040, 198]
[10040, 199]
[100402, 147]
[100403, 147]
[100404, 147]
[100405, 148]
[100405, 180]
[100405, 193]
[100405, 198]
[100405, 240]
[100407, 153]
[100408, 153]
[100409, 153]
[100410, 153]
[100411, 153]
[100412, 154]
[100413, 254]
[100414, 202]
[100414, 218]
[100415, 154]
[100417, 154]
[100420, 155]
[100420, 225]
[100422, 155]
[100422, 225]
[100423, 156]
[1004, 233]
[100424, 156]
[100425, 156]
[100426, 156]
[100427, 157]
[100428, 158]
[100429, 158]
[100430, 158]
[100431, 158]
[100432, 158]
[100433, 158]
[100434, 158]
[100435, 158]
[100436, 158]
[100437, 158]
[100438, 158]
[100439, 158]
[100440, 158]
[10044, 106]
[10044, 112]
[100441, 158]
[10044, 137]
[10044, 196]
[100442, 158]
[10044, 242]
[100443, 158]
[100444, 158]
[100445, 158]
[100446, 159]
[100447, 159]
[1004, 48]
[100448, 159]
[100449, 159]
[100450, 161]
[10045, 106]
[100451, 163]
[10045, 158]
[10045, 19]
[10045, 242]
[100453, 163]
[100454, 164]
[100455, 164]
[100456, 164]
[100457, 164]
[100458, 164]
[100459, 164]
[100460, 164]
[10046, 106]
[100461, 164]
[10046, 19]
[100462, 164]
[100463, 164]
[100464, 165]
[100466, 169]
[100467, 171]
[100468, 171]
[100469, 171]
[100470, 171]
[100471, 171]
[10047, 19]
[100472, 171]
[10047, 242]
[100473, 171]
[100474, 171]
[100475, 171]
[100476, 171]
[100477, 171]
[100478, 171]
[100479, 172]
[100480, 175]
[10048, 106]
[100481, 175]
[10048, 19]
[100482, 178]
[100482, 243]
[100483, 178]
[100484, 178]
[100485, 178]
[100486, 178]
[100487, 178]
[100488, 178]
[100489, 178]
[100490, 178]
[100491, 178]
[10049, 19]
[100492, 178]
[100493, 178]
[100494, 178]
[100495, 178]
[100496, 178]
[100497, 178]
[100498, 180]
[100499, 180]
[100500, 180]
[10050, 106]
[100501, 181]
[100501, 206]
[10050, 19]
[100502, 184]
[100503, 186]
[100505, 186]
[10051, 106]
[10051, 19]
[100512, 186]
[100512, 233]
[100516, 186]
[100518, 186]
[100521, 186]
[100521, 233]
[10052, 180]
[100525, 186]
[100526, 186]
[100528, 186]
[100530, 189]
[10053, 112]
[10053, 118]
[10053, 131]
[10053, 243]
[100533, 194]
[100534, 195]
[10053, 48]
[100535, 195]
[100536, 197]
[100537, 200]
[10053, 79]
[100538, 202]
[10053, 87]
[100539, 202]
[100539, 254]
[100540, 202]
[100541, 206]
[10054, 22]
[100542, 206]
[100543, 206]
[100544, 207]
[100545, 215]
[100546, 216]
[100547, 219]
[100548, 219]
[100549, 219]
[100550, 219]
[100551, 220]
[10055, 22]
[100552, 220]
[100554, 224]
[100555, 224]
[100556, 224]
[100557, 224]
[100558, 224]
[100559, 224]
[100560, 224]
[100561, 224]
[100562, 224]
[100563, 224]
[100564, 225]
[100565, 225]
[100566, 225]
[100567, 225]
[100568, 225]
[100569, 225]
[100570, 225]
[100571, 226]
[10057, 164]
[100573, 229]
[100575, 233]
[100576, 233]
[100577, 233]
[100578, 233]
[100579, 236]
[100580, 239]
[10058, 106]
[100581, 239]
[100582, 239]
[10058, 26]
[100583, 239]
[100584, 239]
[100585, 239]
[100586, 239]
[100587, 239]
[100589, 242]
[100590, 242]
[10059, 106]
[100591, 242]
[10059, 158]
[100592, 243]
[10059, 26]
[100593, 243]
[100594, 243]
[100595, 243]
[100596, 243]
[100597, 243]
[100598, 243]
[100599, 243]
[100600, 243]
[100601, 243]
[100602, 243]
[10060, 26]
[100604, 246]
[100609, 253]
[100610, 253]
[10061, 106]
[100611, 254]
[10061, 158]
[100612, 254]
[10061, 26]
[100613, 254]
[100614, 254]
[10065, 28]
[10066, 185]
[10066, 233]
[10066, 28]
[10067, 156]
[10067, 202]
[10067, 254]
[10067, 29]
[10068, 156]
[10068, 202]
[10068, 29]
[10069, 30]
[10070, 243]
[10070, 30]
[10070, 48]
[10071, 30]
[1007, 171]
[10072, 30]
[10073, 30]
[10074, 30]
[10075, 137]
[10075, 196]
[10075, 33]
[10075, 51]
[10076, 185]
[10076, 233]
[10076, 34]
[10076, 90]
[10077, 159]
[10077, 185]
[10077, 233]
[10077, 34]
[10077, 62]
[10077, 87]
[10077, 90]
[10081, 119]
[1008, 118]
[10081, 202]
[10081, 224]
[10081, 239]
[10084, 225]
[1008, 48]
[10085, 38]
[10086, 38]
[10087, 38]
[10088, 38]
[10089, 38]
[10090, 38]
[1009, 118]
[10091, 38]
[1009, 233]
[10092, 38]
[10093, 38]
[10094, 38]
[1009, 48]
[10095, 38]
[10096, 38]
[10097, 38]
[10098, 38]
[10099, 38]
[105, 100161]
[107, 100289]
[107, 100290]
[107, 100291]
[107, 100292]
[107, 100293]
[107, 100294]
[107, 100295]
[107, 100296]
[107, 100297]
[107, 100298]
[107, 100299]
[107, 100300]
[107, 100301]
[107, 100302]
[107, 100303]
[107, 100304]
[107, 100305]
[107, 100306]
[107, 100307]
[107, 100308]
[107, 100309]
[107, 100310]
[107, 100311]
[107, 100312]
[107, 100313]
[107, 10033]
[107, 10075]
[108, 1001]
[108, 10015]
[108, 1002]
[108, 100200]
[108, 10028]
[108, 10030]
[108, 100314]
[108, 100315]
[108, 100316]
[108, 100317]
[108, 100318]
[108, 100319]
[108, 100320]
[108, 100321]
[108, 100322]
[108, 100323]
[108, 1005]
[108, 1006]
[108, 1007]
[108, 1009]
[1, 1001]
[1, 1002]
[1, 1003]
[1, 1004]
[1, 1005]
[1, 1006]
[1, 1007]
[1, 1008]
[1, 1009]
[11, 10028]
[11, 10029]
[11, 10030]
[115, 100341]
[115, 10069]
[115, 10070]
[121, 10011]
[121, 100355]
[121, 10066]
[122, 10015]
[123, 100139]
[123, 10053]
[124, 100357]
[124, 10084]
[125, 100358]
[125, 100359]
[125, 10053]
[129, 10015]
[130, 100191]
[130, 10036]
[130, 100366]
[132, 10016]
[132, 10036]
[132, 100369]
[134, 10011]
[134, 10013]
[134, 10077]
[136, 100373]
[138, 100288]
[139, 10015]
[139, 10016]
[139, 100378]
[139, 100379]
[139, 100381]
[139, 100382]
[139, 100383]
[139, 100384]
[139, 100385]
[139, 100387]
[142, 10016]
[143, 10015]
[143, 10016]
[143, 10086]
[145, 10016]
[145, 10081]
[148, 100229]
[148, 100406]
[148, 10053]
[148, 10076]
[149, 10016]
[150, 100136]
[150, 10033]
[150, 10053]
[150, 1008]
[150, 1009]
[151, 10011]
[151, 10066]
[154, 10022]
[154, 100413]
[154, 100414]
[154, 100416]
[154, 100418]
[154, 100419]
[154, 10081]
[155, 100287]
[155, 100421]
[155, 10049]
[160, 10016]
[16, 10029]
[16, 10030]
[16, 10041]
[16, 10042]
[16, 10043]
[162, 10021]
[163, 100103]
[163, 10015]
[163, 10016]
[163, 100381]
[163, 100452]
[167, 10070]
[169, 100187]
[169, 100465]
[170, 1001]
[170, 10015]
[170, 1007]
[173, 10015]
[176, 10021]
[176, 10027]
[176, 10036]
[177, 10021]
[177, 10062]
[177, 10063]
[18, 10015]
[18, 10044]
[183, 1001]
[183, 10015]
[183, 10044]
[184, 10016]
[184, 100234]
[186, 100136]
[186, 100185]
[186, 100202]
[186, 10028]
[186, 10030]
[186, 100504]
[186, 100506]
[186, 100507]
[186, 100508]
[186, 100509]
[186, 100510]
[186, 100511]
[186, 100513]
[186, 100514]
[186, 100515]
[186, 100517]
[186, 100519]
[186, 100520]
[186, 100522]
[186, 100523]
[186, 100524]
[186, 100527]
[186, 100529]
[186, 10053]
[186, 10066]
[189, 10034]
[190, 10022]
[191, 10015]
[192, 10016]
[192, 100531]
[192, 100532]
[192, 10086]
[193, 10011]
[193, 100229]
[193, 100230]
[193, 10038]
[193, 10040]
[193, 10066]
[201, 10015]
[201, 100165]
[201, 100177]
[201, 10081]
[204, 10070]
[208, 10016]
[2, 10010]
[21, 10052]
[21, 10053]
[212, 10016]
[216, 10031]
[216, 10033]
[217, 100465]
[217, 10053]
[221, 10015]
[221, 10016]
[221, 10028]
[221, 10029]
[221, 100324]
[222, 10033]
[222, 100553]
[223, 1001]
[223, 10015]
[223, 100471]
[223, 10053]
[227, 10016]
[227, 100214]
[228, 100572]
[232, 10015]
[232, 10016]
[232, 100574]
[234, 10029]
[234, 1004]
[234, 1005]
[234, 10053]
[240, 100110]
[240, 10012]
[240, 100160]
[240, 100229]
[240, 10040]
[240, 10052]
[240, 10053]
[240, 100588]
[240, 10076]
[240, 10077]
[24, 10016]
[24, 10056]
[24, 10057]
[241, 1001]
[241, 10015]
[241, 1002]
[241, 10044]
[241, 1007]
[244, 10021]
[245, 1004]
[245, 10053]
[245, 100603]
[245, 10077]
[247, 10034]
[247, 100605]
[248, 10021]
[249, 100143]
[249, 10033]
[249, 100606]
[250, 10016]
[250, 100607]
[250, 100608]
[251, 10015]
[27, 10021]
[27, 10027]
[27, 10062]
[27, 10063]
[27, 10064]
[3, 10011]
[3, 10012]
[3, 10013]
[35, 10016]
[35, 10078]
[35, 10079]
[36, 10016]
[36, 10080]
[36, 10081]
[37, 10082]
[37, 10083]
[37, 10084]
[40, 10021]
[41, 100126]
[41, 10022]
[42, 10031]
[42, 10032]
[44, 100127]
[44, 10016]
[44, 10025]
[45, 10021]
[46, 10015]
[46, 10016]
[52, 100146]
[52, 10021]
[53, 100147]
[53, 10015]
[53, 10016]
[54, 10016]
[54, 10025]
[55, 100148]
[55, 100149]
[55, 100150]
[55, 100151]
[55, 100152]
[55, 100153]
[55, 10016]
[55, 10025]
[55, 10081]
[57, 10021]
[58, 100154]
[58, 100155]
[58, 100156]
[58, 100157]
[58, 100158]
[58, 10016]
[60, 10021]
[6, 10016]
[6, 10020]
[6, 10021]
[61, 10021]
[61, 10031]
[61, 10032]
[66, 10015]
[66, 10016]
[66, 100164]
[66, 100165]
[69, 100166]
[69, 10021]
[69, 10062]
[7, 10022]
[7, 10023]
[7, 10024]
[7, 10025]
[71, 10021]
[72, 10016]
[72, 100168]
[72, 100169]
[72, 10021]
[74, 100174]
[74, 100175]
[74, 10053]
[77, 100180]
[81, 10016]
[81, 100196]
[81, 10033]
[82, 10016]
[82, 100197]
[82, 10033]
[83, 10016]
[84, 10016]
[84, 100198]
[86, 100200]
[86, 100201]
[86, 100202]
[86, 100203]
[86, 10028]
[86, 10029]
[86, 10053]
[91, 100161]
[91, 100162]
[93, 10016]
[95, 10021]
[95, 100224]
[97, 10016]
[97, 100199]
[97, 100225]
[97, 100226]
[97, 100227]
[97, 10086]
[98, 10022]
